#
# A fatal error has been detected by the Java Runtime Environment:
#
#  SIGSEGV (0xb) at pc=0x00007f54fc64029a, pid=24233, tid=27297
#
# JRE version: OpenJDK Runtime Environment 18.9 (11.0.13+8) (build 11.0.13+8)
# Java VM: OpenJDK 64-Bit Server VM 18.9 (11.0.13+8, mixed mode, sharing, tiered, compressed oops, g1 gc, linux-amd64)
# Problematic frame:
# V  [libjvm.so+0xbea29a]  Method::build_interpreter_method_data(methodHandle const&, Thread*)+0x7a
#
# Core dump will be written. Default location: Core dumps may be processed with "/usr/lib/systemd/systemd-coredump %P %u %g %s %t %c %h" (or dumping to /home/joel/Programacion/Java_ItAcademy/It_Academy_Mod_8_16/Mod16_JocDaus/Mod16.01Nivel1_JocDeDaus.MySQL/core.24233)
#
# If you would like to submit a bug report, please visit:
#   https://bugzilla.redhat.com/enter_bug.cgi?product=Fedora&component=java-11-openjdk&version=34
#

---------------  S U M M A R Y ------------

Command Line: -Dcom.sun.management.jmxremote -Dcom.sun.management.jmxremote.port=44059 -Dcom.sun.management.jmxremote.authenticate=false -Dcom.sun.management.jmxremote.ssl=false -Djava.rmi.server.hostname=localhost -Dspring.jmx.enabled=true -Dspring.application.admin.enabled=true -Djava.security.egd=file:/dev/./urandom -XX:TieredStopAtLevel=1 -Dspring.boot.project.name=Mod16.01Nivel1_JocDeDaus.MySQL -Dfile.encoding=UTF-8 com.ascii274.practicas.Application

Host: Intel(R) Core(TM) i5-6400 CPU @ 2.70GHz, 4 cores, 3G, Fedora release 34 (Thirty Four)
Time: Thu Nov  4 13:36:26 2021 CET elapsed time: 1938.116385 seconds (0d 0h 32m 18s)

---------------  T H R E A D  ---------------

Current thread (0x00007f546c013000):  JavaThread "http-nio-8080-exec-2" daemon [_thread_in_vm, id=27297, stack(0x00007f54525f2000,0x00007f54526f3000)]

Stack: [0x00007f54525f2000,0x00007f54526f3000],  sp=0x00000000c73c4680,  free space=18014261793863497k
Native frames: (J=compiled Java code, A=aot compiled Java code, j=interpreted, Vv=VM code, C=native code)
V  [libjvm.so+0xbea29a]  Method::build_interpreter_method_data(methodHandle const&, Thread*)+0x7a

Java frames: (J=compiled Java code, j=interpreted, Vv=VM code)

[error occurred during error reporting (printing Java stack), id 0xb, SIGSEGV (0xb) at pc=0x00007f54fc63fa14]


siginfo: si_signo: 11 (SIGSEGV), si_code: 1 (SEGV_MAPERR), si_addr: 0x0000000000000098

Register to memory mapping:

RAX=0x0 is NULL
RBX=0x00007f546c013000 is a thread
RCX=0x0000000000000007 is an unknown value
RDX=0x00007f546c013000 is a thread
RSP=
[error occurred during error reporting (printing register info), id 0xb, SIGSEGV (0xb) at pc=0x00007f54fc2c56a2]

Registers:
RAX=0x0000000000000000, RBX=0x00007f546c013000, RCX=0x0000000000000007, RDX=0x00007f546c013000
RSP=0x00000000c73c4680, RBP=0x00000000c73c46a0, RSI=0x00000000c73c46f0, RDI=0x00007f54f4016030
R8 =0x00007f54dc85eb10, R9 =0x00007f54dc85eb00, R10=0x00007f54fac91000, R11=0x0000000800000000
R12=0x00000000c73c46f0, R13=0x00007f54fcd31250, R14=0x00007f54f4016030, R15=0x0000000000000000
RIP=0x00007f54fc64029a, EFLAGS=0x0000000000010246, CSGSFS=0x002b000000000033, ERR=0x0000000000000004
  TRAPNO=0x000000000000000e

Top of Stack: (sp=0x00000000c73c4680)
0x00000000c73c4680:   00007f546c013000 0000000000000001
0x00000000c73c4690:   00000000c73c46c0 00000000c73c46f0
0x00000000c73c46a0:   00000000c73c4760 00007f54fc30f7c2
0x00000000c73c46b0:   000000000000048f 00007f546c013000 

Instructions: (pc=0x00007f54fc64029a)
0x00007f54fc64019a:   66 0f 1f 44 00 00 31 d2 48 85 c9 0f 84 a1 fe ff
0x00007f54fc6401aa:   ff 8b 89 08 01 00 00 ba 00 00 00 10 31 c0 f6 c1
0x00007f54fc6401ba:   04 0f 84 85 fe ff ff e9 86 fe ff ff 66 2e 0f 1f
0x00007f54fc6401ca:   84 00 00 00 00 00 31 d2 48 85 c9 0f 84 1e fe ff
0x00007f54fc6401da:   ff 8b 89 04 01 00 00 ba 00 00 00 10 31 c0 f6 c1
0x00007f54fc6401ea:   04 0f 84 02 fe ff ff e9 03 fe ff ff 66 2e 0f 1f
0x00007f54fc6401fa:   84 00 00 00 00 00 8b 89 04 01 00 00 f6 c1 04 0f
0x00007f54fc64020a:   85 93 fd ff ff c1 e8 03 e9 5a ff ff ff 90 0f 1f
0x00007f54fc64021a:   84 00 00 00 00 00 f3 0f 1e fa 55 48 89 e5 41 56
0x00007f54fc64022a:   41 55 4c 8d 2d 1d 10 6f 00 41 54 53 41 80 7d 00
0x00007f54fc64023a:   00 74 13 5b 41 5c 41 5d 41 5e 5d c3 66 2e 0f 1f
0x00007f54fc64024a:   84 00 00 00 00 00 48 8d 05 d9 c4 70 00 49 89 fc
0x00007f54fc64025a:   48 89 f3 4c 8b 30 4c 89 f7 e8 28 0e 03 00 49 8b
0x00007f54fc64026a:   04 24 48 83 78 10 00 74 15 5b 4c 89 f7 41 5c 41
0x00007f54fc64027a:   5d 41 5e 5d e9 ad 11 03 00 0f 1f 44 00 00 48 8b
0x00007f54fc64028a:   40 08 48 89 da 4c 89 e6 48 8b 40 08 48 8b 40 18
0x00007f54fc64029a:   48 8b b8 98 00 00 00 e8 1a 18 01 00 48 83 7b 08
0x00007f54fc6402aa:   00 75 13 49 8b 14 24 48 89 42 10 eb bc 66 0f 1f
0x00007f54fc6402ba:   84 00 00 00 00 00 e8 8b 89 a8 ff 41 c6 45 00 01
0x00007f54fc6402ca:   eb a7 0f 1f 40 00 f3 0f 1e fa 48 83 c7 18 31 c0
0x00007f54fc6402da:   f0 48 0f b1 37 48 85 c0 0f 94 c0 c3 66 2e 0f 1f
0x00007f54fc6402ea:   84 00 00 00 00 00 f3 0f 1e fa b8 08 00 00 00 c3
0x00007f54fc6402fa:   66 0f 1f 44 00 00 f3 0f 1e fa 55 48 89 e5 41 54
0x00007f54fc64030a:   53 4c 8d 65 c0 48 89 fb 48 83 ec 30 64 48 8b 04
0x00007f54fc64031a:   25 28 00 00 00 48 89 45 e8 48 8b 47 08 4c 89 e7
0x00007f54fc64032a:   0f b7 50 2c 48 8b 40 08 48 8b 74 d0 40 e8 04 5c
0x00007f54fc64033a:   1e 00 31 c0 4c 89 e7 c7 45 e0 00 00 00 00 66 89
0x00007f54fc64034a:   45 dc 48 8d 05 ed 7b 5e 00 48 89 45 c0 c7 45 d8
0x00007f54fc64035a:   63 00 00 00 e8 6d 62 1e 00 31 c0 48 8b 53 08 f6
0x00007f54fc64036a:   43 20 08 0f 94 c0 03 45 e0 66 89 42 34 48 8b 45
0x00007f54fc64037a:   e8 64 48 2b 04 25 28 00 00 00 75 09 48 83 c4 30
0x00007f54fc64038a:   5b 41 5c 5d c3 e8 bc 8f 69 ff 66 66 2e 0f 1f 84 


Stack slot to memory mapping:
stack at sp + 0 slots: 0x00007f546c013000 is a thread
stack at sp + 1 slots: 0x0000000000000001 is an unknown value
stack at sp + 2 slots: 
[error occurred during error reporting (inspecting top of stack), id 0xb, SIGSEGV (0xb) at pc=0x00007f54fc2c56a2]


---------------  P R O C E S S  ---------------

Threads class SMR info:
_java_thread_list=0x00007f546c007920, length=38, elements={
0x00007f54f40c2000, 0x00007f54f40c4000, 0x00007f54f40c9800, 0x00007f54f40cb800,
0x00007f54f40cd800, 0x00007f54f40cf800, 0x00007f54f40ee800, 0x00007f54f448c800,
0x00007f54f4494800, 0x00007f54f44af000, 0x00007f5484010800, 0x00007f548c001800,
0x00007f547400d800, 0x00007f54a4001000, 0x00007f54646c5000, 0x00007f5465085800,
0x00007f54f4019000, 0x00007f5490001800, 0x00007f548c00b000, 0x00007f548c00c000,
0x00007f5490005800, 0x00007f548c00d000, 0x00007f5490004800, 0x00007f548c00e000,
0x00007f548c00e800, 0x00007f548c00f800, 0x00007f5470019000, 0x00007f547001a000,
0x00007f5470025000, 0x00007f5470017000, 0x00007f54700e0000, 0x00007f54700e6000,
0x00007f5470027000, 0x00007f5490018000, 0x00007f5490019000, 0x00007f548c010800,
0x00007f546c012800, 0x00007f546c013000
}

Java Threads: ( => current thread )
  0x00007f54f40c2000 JavaThread "Reference Handler" daemon [_thread_blocked, id=24246, stack(0x00007f54cd5fd000,0x00007f54cd6fe000)]
  0x00007f54f40c4000 JavaThread "Finalizer" daemon [_thread_blocked, id=24247, stack(0x00007f54cd4fc000,0x00007f54cd5fd000)]
  0x00007f54f40c9800 JavaThread "Signal Dispatcher" daemon [_thread_blocked, id=24248, stack(0x00007f54cd3fb000,0x00007f54cd4fc000)]
  0x00007f54f40cb800 JavaThread "Service Thread" daemon [_thread_blocked, id=24249, stack(0x00007f54cd2fa000,0x00007f54cd3fb000)]
  0x00007f54f40cd800 JavaThread "C1 CompilerThread0" daemon [_thread_blocked, id=24250, stack(0x00007f54cd1f9000,0x00007f54cd2fa000)]
  0x00007f54f40cf800 JavaThread "Sweeper thread" daemon [_thread_blocked, id=24251, stack(0x00007f54cd0f8000,0x00007f54cd1f9000)]
  0x00007f54f40ee800 JavaThread "Common-Cleaner" daemon [_thread_blocked, id=24252, stack(0x00007f54ccff7000,0x00007f54cd0f8000)]
  0x00007f54f448c800 JavaThread "RMI TCP Accept-0" daemon [_thread_in_native, id=24253, stack(0x00007f54ccc49000,0x00007f54ccd4a000)]
  0x00007f54f4494800 JavaThread "RMI TCP Accept-44059" daemon [_thread_in_native, id=24254, stack(0x00007f54ccb48000,0x00007f54ccc49000)]
  0x00007f54f44af000 JavaThread "RMI TCP Accept-0" daemon [_thread_in_native, id=24256, stack(0x00007f54cc946000,0x00007f54cca47000)]
  0x00007f5484010800 JavaThread "RMI Scheduler(0)" daemon [_thread_blocked, id=24258, stack(0x00007f54cc743000,0x00007f54cc844000)]
  0x00007f548c001800 JavaThread "RMI TCP Connection(37)-127.0.0.1" daemon [_thread_in_native, id=24261, stack(0x00007f54cc642000,0x00007f54cc743000)]
  0x00007f547400d800 JavaThread "JMX server connection timeout 18" daemon [_thread_blocked, id=24262, stack(0x00007f54cc541000,0x00007f54cc642000)]
  0x00007f54a4001000 JavaThread "Attach Listener" daemon [_thread_blocked, id=24271, stack(0x00007f54aa7cf000,0x00007f54aa8d0000)]
  0x00007f54646c5000 JavaThread "mysql-cj-abandoned-connection-cleanup" daemon [_thread_blocked, id=24278, stack(0x00007f54a93c7000,0x00007f54a94c8000)]
  0x00007f5465085800 JavaThread "Live Reload Server" daemon [_thread_in_native, id=24284, stack(0x00007f54537fe000,0x00007f54538ff000)]
  0x00007f54f4019000 JavaThread "DestroyJavaVM" [_thread_blocked, id=24239, stack(0x00007f54fb5d7000,0x00007f54fb6d8000)]
  0x00007f5490001800 JavaThread "RMI TCP Connection(38)-127.0.0.1" daemon [_thread_in_native, id=26344, stack(0x00007f54a96ca000,0x00007f54a97cb000)]
  0x00007f548c00b000 JavaThread "RMI TCP Connection(35)-127.0.0.1" daemon [_thread_in_native, id=26345, stack(0x00007f54532f9000,0x00007f54533fa000)]
  0x00007f548c00c000 JavaThread "RMI TCP Connection(36)-127.0.0.1" daemon [_thread_in_native, id=26346, stack(0x00007f54cca47000,0x00007f54ccb48000)]
  0x00007f5490005800 JavaThread "RMI TCP Connection(39)-127.0.0.1" daemon [_thread_in_native, id=26527, stack(0x00007f54cc31d000,0x00007f54cc41e000)]
  0x00007f548c00d000 JavaThread "RMI TCP Connection(55)-127.0.0.1" daemon [_thread_in_native, id=26640, stack(0x00007f54530f7000,0x00007f54531f8000)]
  0x00007f5490004800 JavaThread "RMI TCP Connection(54)-127.0.0.1" daemon [_thread_in_native, id=26964, stack(0x00007f54535fc000,0x00007f54536fd000)]
  0x00007f548c00e000 JavaThread "RMI TCP Connection(53)-127.0.0.1" daemon [_thread_in_native, id=26965, stack(0x00007f54a8ca6000,0x00007f54a8da7000)]
  0x00007f548c00e800 JavaThread "RMI TCP Connection(52)-127.0.0.1" daemon [_thread_in_native, id=26966, stack(0x00007f54534fb000,0x00007f54535fc000)]
  0x00007f548c00f800 JavaThread "RMI TCP Connection(57)-127.0.0.1" daemon [_thread_in_native, id=27160, stack(0x00007f54538ff000,0x00007f5453a00000)]
  0x00007f5470019000 JavaThread "Catalina-utility-1" [_thread_blocked, id=27269, stack(0x00007f54529f4000,0x00007f5452af5000)]
  0x00007f547001a000 JavaThread "Catalina-utility-2" [_thread_blocked, id=27270, stack(0x00007f54531f8000,0x00007f54532f9000)]
  0x00007f5470025000 JavaThread "container-0" [_thread_blocked, id=27271, stack(0x00007f54a95c9000,0x00007f54a96ca000)]
  0x00007f5470017000 JavaThread "HikariPool-10 housekeeper" daemon [_thread_blocked, id=27272, stack(0x00007f5452ef5000,0x00007f5452ff6000)]
  0x00007f54700e0000 JavaThread "File Watcher" daemon [_thread_blocked, id=27275, stack(0x00007f5452ff6000,0x00007f54530f7000)]
  0x00007f54700e6000 JavaThread "http-nio-8080-Poller" daemon [_thread_in_native, id=27276, stack(0x00007f54a94c8000,0x00007f54a95c9000)]
  0x00007f5470027000 JavaThread "http-nio-8080-Acceptor" daemon [_thread_in_native, id=27277, stack(0x00007f54a8ba5000,0x00007f54a8ca6000)]
  0x00007f5490018000 JavaThread "RMI TCP Connection(58)-127.0.0.1" daemon [_thread_in_native, id=27278, stack(0x00007f54536fd000,0x00007f54537fe000)]
  0x00007f5490019000 JavaThread "RMI TCP Connection(59)-127.0.0.1" daemon [_thread_in_native, id=27279, stack(0x00007f54a80a4000,0x00007f54a81a5000)]
  0x00007f548c010800 JavaThread "RMI TCP Connection(60)-127.0.0.1" daemon [_thread_in_native, id=27280, stack(0x00007f54cc21c000,0x00007f54cc31d000)]
  0x00007f546c012800 JavaThread "http-nio-8080-exec-1" daemon [_thread_blocked, id=27292, stack(0x00007f54533fa000,0x00007f54534fb000)]
=>0x00007f546c013000 JavaThread "http-nio-8080-exec-2" daemon [_thread_in_vm, id=27297, stack(0x00007f54525f2000,0x00007f54526f3000)]

Other Threads:
  0x00007f54f40bf000 VMThread "VM Thread" [stack: 0x00007f54cd700000,0x00007f54cd800000] [id=24245]
  0x00007f54f44b1800 WatcherThread [stack: 0x00007f54cc846000,0x00007f54cc946000] [id=24257]
  0x00007f54f4030800 GCTaskThread "GC Thread#0" [stack: 0x00007f54fa9be000,0x00007f54faabe000] [id=24240]
  0x00007f54c4001000 GCTaskThread "GC Thread#1" [stack: 0x00007f54cc441000,0x00007f54cc541000] [id=24263]
  0x00007f54c4004800 GCTaskThread "GC Thread#2" [stack: 0x00007f54aa6cf000,0x00007f54aa7cf000] [id=24268]
  0x00007f54c4005800 GCTaskThread "GC Thread#3" [stack: 0x00007f54aa5cd000,0x00007f54aa6cd000] [id=24269]
  0x00007f54f404b800 ConcurrentGCThread "G1 Main Marker" [stack: 0x00007f54f80ab000,0x00007f54f81ab000] [id=24241]
  0x00007f54f404d000 ConcurrentGCThread "G1 Conc#0" [stack: 0x00007f54dc756000,0x00007f54dc856000] [id=24242]
  0x00007f54f4091000 ConcurrentGCThread "G1 Refine#0" [stack: 0x00007f54dc250000,0x00007f54dc350000] [id=24243]
  0x00007f54f4092800 ConcurrentGCThread "G1 Young RemSet Sampling" [stack: 0x00007f54dc14e000,0x00007f54dc24e000] [id=24244]

Threads with active compile tasks:

VM state:not at safepoint (normal execution)

VM Mutex/Monitor currently owned by a thread:  ([mutex/lock_event])
[0x00007f54f4016030] MethodData_lock - owner thread: 0x00007f546c013000

Heap address: 0x00000000c3800000, size: 968 MB, Compressed Oops mode: 32-bit
Narrow klass base: 0x0000000800000000, Narrow klass shift: 3
Compressed class space size: 1073741824 Address: 0x0000000840000000

Heap:
 garbage-first heap   total 78848K, used 43157K [0x00000000c3800000, 0x0000000100000000)
  region size 1024K, 20 young (20480K), 4 survivors (4096K)
 Metaspace       used 61939K, capacity 64351K, committed 64688K, reserved 1103872K
  class space    used 8352K, capacity 9386K, committed 9472K, reserved 1048576K
Heap Regions: E=young(eden), S=young(survivor), O=old, HS=humongous(starts), HC=humongous(continues), CS=collection set, F=free, A=archive, TAMS=top-at-mark-start (previous, next)
|   0|0x00000000c3800000, 0x00000000c3900000, 0x00000000c3900000|100%|HS|  |TAMS 0x00000000c3800000, 0x00000000c3800000| Untracked 
|   1|0x00000000c3900000, 0x00000000c39fff20, 0x00000000c3a00000| 99%| O|  |TAMS 0x00000000c3900000, 0x00000000c3900000| Untracked 
|   2|0x00000000c3a00000, 0x00000000c3affff8, 0x00000000c3b00000| 99%| O|  |TAMS 0x00000000c3a00000, 0x00000000c3a00000| Untracked 
|   3|0x00000000c3b00000, 0x00000000c3c00000, 0x00000000c3c00000|100%| O|  |TAMS 0x00000000c3b00000, 0x00000000c3b00000| Untracked 
|   4|0x00000000c3c00000, 0x00000000c3cffff0, 0x00000000c3d00000| 99%| O|  |TAMS 0x00000000c3c00000, 0x00000000c3c00000| Untracked 
|   5|0x00000000c3d00000, 0x00000000c3dfffe8, 0x00000000c3e00000| 99%| O|  |TAMS 0x00000000c3d00000, 0x00000000c3d00000| Untracked 
|   6|0x00000000c3e00000, 0x00000000c3effb68, 0x00000000c3f00000| 99%| O|  |TAMS 0x00000000c3e00000, 0x00000000c3e00000| Untracked 
|   7|0x00000000c3f00000, 0x00000000c3ffffc0, 0x00000000c4000000| 99%| O|  |TAMS 0x00000000c3f00000, 0x00000000c3f00000| Untracked 
|   8|0x00000000c4000000, 0x00000000c40ffff0, 0x00000000c4100000| 99%| O|  |TAMS 0x00000000c4000000, 0x00000000c4000000| Untracked 
|   9|0x00000000c4100000, 0x00000000c41ffff8, 0x00000000c4200000| 99%| O|  |TAMS 0x00000000c4100000, 0x00000000c4100000| Untracked 
|  10|0x00000000c4200000, 0x00000000c42fffe8, 0x00000000c4300000| 99%| O|  |TAMS 0x00000000c4200000, 0x00000000c4200000| Untracked 
|  11|0x00000000c4300000, 0x00000000c43fff80, 0x00000000c4400000| 99%| O|  |TAMS 0x00000000c4300000, 0x00000000c4300000| Untracked 
|  12|0x00000000c4400000, 0x00000000c4500000, 0x00000000c4500000|100%| O|  |TAMS 0x00000000c4400000, 0x00000000c4400000| Untracked 
|  13|0x00000000c4500000, 0x00000000c45ffff8, 0x00000000c4600000| 99%| O|  |TAMS 0x00000000c4500000, 0x00000000c4500000| Untracked 
|  14|0x00000000c4600000, 0x00000000c46fffb8, 0x00000000c4700000| 99%| O|  |TAMS 0x00000000c4600000, 0x00000000c4600000| Untracked 
|  15|0x00000000c4700000, 0x00000000c47fffe0, 0x00000000c4800000| 99%| O|  |TAMS 0x00000000c4700000, 0x00000000c4700000| Untracked 
|  16|0x00000000c4800000, 0x00000000c48fffe0, 0x00000000c4900000| 99%| O|  |TAMS 0x00000000c4800000, 0x00000000c4800000| Untracked 
|  17|0x00000000c4900000, 0x00000000c4a00000, 0x00000000c4a00000|100%| O|  |TAMS 0x00000000c4900000, 0x00000000c4900000| Untracked 
|  18|0x00000000c4a00000, 0x00000000c4b00000, 0x00000000c4b00000|100%| O|  |TAMS 0x00000000c4a00000, 0x00000000c4a00000| Untracked 
|  19|0x00000000c4b00000, 0x00000000c4bfff28, 0x00000000c4c00000| 99%| O|  |TAMS 0x00000000c4b00000, 0x00000000c4b00000| Untracked 
|  20|0x00000000c4c00000, 0x00000000c4d00000, 0x00000000c4d00000|100%| O|  |TAMS 0x00000000c4c00000, 0x00000000c4c00000| Untracked 
|  21|0x00000000c4d00000, 0x00000000c4dad278, 0x00000000c4e00000| 67%| O|  |TAMS 0x00000000c4d00000, 0x00000000c4d00000| Untracked 
|  22|0x00000000c4e00000, 0x00000000c4e00000, 0x00000000c4f00000|  0%| F|  |TAMS 0x00000000c4e00000, 0x00000000c4e00000| Untracked 
|  23|0x00000000c4f00000, 0x00000000c4f38ee8, 0x00000000c5000000| 22%| O|  |TAMS 0x00000000c4f00000, 0x00000000c4f00000| Untracked 
|  24|0x00000000c5000000, 0x00000000c508db48, 0x00000000c5100000| 55%| O|  |TAMS 0x00000000c5000000, 0x00000000c5000000| Untracked 
|  25|0x00000000c5100000, 0x00000000c5100000, 0x00000000c5200000|  0%| F|  |TAMS 0x00000000c5100000, 0x00000000c5100000| Untracked 
|  26|0x00000000c5200000, 0x00000000c5200000, 0x00000000c5300000|  0%| F|  |TAMS 0x00000000c5200000, 0x00000000c5200000| Untracked 
|  27|0x00000000c5300000, 0x00000000c5300000, 0x00000000c5400000|  0%| F|  |TAMS 0x00000000c5300000, 0x00000000c5300000| Untracked 
|  28|0x00000000c5400000, 0x00000000c5400000, 0x00000000c5500000|  0%| F|  |TAMS 0x00000000c5400000, 0x00000000c5400000| Untracked 
|  29|0x00000000c5500000, 0x00000000c5500000, 0x00000000c5600000|  0%| F|  |TAMS 0x00000000c5500000, 0x00000000c5500000| Untracked 
|  30|0x00000000c5600000, 0x00000000c5600000, 0x00000000c5700000|  0%| F|  |TAMS 0x00000000c5600000, 0x00000000c5600000| Untracked 
|  31|0x00000000c5700000, 0x00000000c5700000, 0x00000000c5800000|  0%| F|  |TAMS 0x00000000c5700000, 0x00000000c5700000| Untracked 
|  32|0x00000000c5800000, 0x00000000c5800000, 0x00000000c5900000|  0%| F|  |TAMS 0x00000000c5800000, 0x00000000c5800000| Untracked 
|  33|0x00000000c5900000, 0x00000000c5900000, 0x00000000c5a00000|  0%| F|  |TAMS 0x00000000c5900000, 0x00000000c5900000| Untracked 
|  34|0x00000000c5a00000, 0x00000000c5b00000, 0x00000000c5b00000|100%| S|CS|TAMS 0x00000000c5a00000, 0x00000000c5a00000| Complete 
|  35|0x00000000c5b00000, 0x00000000c5c00000, 0x00000000c5c00000|100%| S|CS|TAMS 0x00000000c5b00000, 0x00000000c5b00000| Complete 
|  36|0x00000000c5c00000, 0x00000000c5c00000, 0x00000000c5d00000|  0%| F|  |TAMS 0x00000000c5c00000, 0x00000000c5c00000| Untracked 
|  37|0x00000000c5d00000, 0x00000000c5d00000, 0x00000000c5e00000|  0%| F|  |TAMS 0x00000000c5d00000, 0x00000000c5d00000| Untracked 
|  38|0x00000000c5e00000, 0x00000000c5e00000, 0x00000000c5f00000|  0%| F|  |TAMS 0x00000000c5e00000, 0x00000000c5e00000| Untracked 
|  39|0x00000000c5f00000, 0x00000000c6000000, 0x00000000c6000000|100%| S|CS|TAMS 0x00000000c5f00000, 0x00000000c5f00000| Complete 
|  40|0x00000000c6000000, 0x00000000c6100000, 0x00000000c6100000|100%| S|CS|TAMS 0x00000000c6000000, 0x00000000c6000000| Complete 
|  41|0x00000000c6100000, 0x00000000c6100000, 0x00000000c6200000|  0%| F|  |TAMS 0x00000000c6100000, 0x00000000c6100000| Untracked 
|  42|0x00000000c6200000, 0x00000000c6200000, 0x00000000c6300000|  0%| F|  |TAMS 0x00000000c6200000, 0x00000000c6200000| Untracked 
|  43|0x00000000c6300000, 0x00000000c6300000, 0x00000000c6400000|  0%| F|  |TAMS 0x00000000c6300000, 0x00000000c6300000| Untracked 
|  44|0x00000000c6400000, 0x00000000c6400000, 0x00000000c6500000|  0%| F|  |TAMS 0x00000000c6400000, 0x00000000c6400000| Untracked 
|  45|0x00000000c6500000, 0x00000000c6500000, 0x00000000c6600000|  0%| F|  |TAMS 0x00000000c6500000, 0x00000000c6500000| Untracked 
|  46|0x00000000c6600000, 0x00000000c6600000, 0x00000000c6700000|  0%| F|  |TAMS 0x00000000c6600000, 0x00000000c6600000| Untracked 
|  47|0x00000000c6700000, 0x00000000c6700000, 0x00000000c6800000|  0%| F|  |TAMS 0x00000000c6700000, 0x00000000c6700000| Untracked 
|  48|0x00000000c6800000, 0x00000000c6800000, 0x00000000c6900000|  0%| F|  |TAMS 0x00000000c6800000, 0x00000000c6800000| Untracked 
|  49|0x00000000c6900000, 0x00000000c6900000, 0x00000000c6a00000|  0%| F|  |TAMS 0x00000000c6900000, 0x00000000c6900000| Untracked 
|  50|0x00000000c6a00000, 0x00000000c6a00000, 0x00000000c6b00000|  0%| F|  |TAMS 0x00000000c6a00000, 0x00000000c6a00000| Untracked 
|  51|0x00000000c6b00000, 0x00000000c6b00000, 0x00000000c6c00000|  0%| F|  |TAMS 0x00000000c6b00000, 0x00000000c6b00000| Untracked 
|  52|0x00000000c6c00000, 0x00000000c6c00000, 0x00000000c6d00000|  0%| F|  |TAMS 0x00000000c6c00000, 0x00000000c6c00000| Untracked 
|  53|0x00000000c6d00000, 0x00000000c6d00000, 0x00000000c6e00000|  0%| F|  |TAMS 0x00000000c6d00000, 0x00000000c6d00000| Untracked 
|  54|0x00000000c6e00000, 0x00000000c6e00000, 0x00000000c6f00000|  0%| F|  |TAMS 0x00000000c6e00000, 0x00000000c6e00000| Untracked 
|  55|0x00000000c6f00000, 0x00000000c6f00000, 0x00000000c7000000|  0%| F|  |TAMS 0x00000000c6f00000, 0x00000000c6f00000| Untracked 
|  56|0x00000000c7000000, 0x00000000c7000000, 0x00000000c7100000|  0%| F|  |TAMS 0x00000000c7000000, 0x00000000c7000000| Untracked 
|  57|0x00000000c7100000, 0x00000000c7100000, 0x00000000c7200000|  0%| F|  |TAMS 0x00000000c7100000, 0x00000000c7100000| Untracked 
|  58|0x00000000c7200000, 0x00000000c7200000, 0x00000000c7300000|  0%| F|  |TAMS 0x00000000c7200000, 0x00000000c7200000| Untracked 
|  59|0x00000000c7300000, 0x00000000c73c6b58, 0x00000000c7400000| 77%| E|  |TAMS 0x00000000c7300000, 0x00000000c7300000| Complete 
|  60|0x00000000c7400000, 0x00000000c7500000, 0x00000000c7500000|100%| E|CS|TAMS 0x00000000c7400000, 0x00000000c7400000| Complete 
|  61|0x00000000c7500000, 0x00000000c7600000, 0x00000000c7600000|100%| E|CS|TAMS 0x00000000c7500000, 0x00000000c7500000| Complete 
|  62|0x00000000c7600000, 0x00000000c7700000, 0x00000000c7700000|100%| E|CS|TAMS 0x00000000c7600000, 0x00000000c7600000| Complete 
|  63|0x00000000c7700000, 0x00000000c7800000, 0x00000000c7800000|100%| E|CS|TAMS 0x00000000c7700000, 0x00000000c7700000| Complete 
|  64|0x00000000c7800000, 0x00000000c7900000, 0x00000000c7900000|100%| E|CS|TAMS 0x00000000c7800000, 0x00000000c7800000| Complete 
|  65|0x00000000c7900000, 0x00000000c7a00000, 0x00000000c7a00000|100%| E|CS|TAMS 0x00000000c7900000, 0x00000000c7900000| Complete 
|  66|0x00000000c7a00000, 0x00000000c7b00000, 0x00000000c7b00000|100%| E|CS|TAMS 0x00000000c7a00000, 0x00000000c7a00000| Complete 
|  67|0x00000000c7b00000, 0x00000000c7c00000, 0x00000000c7c00000|100%| E|CS|TAMS 0x00000000c7b00000, 0x00000000c7b00000| Complete 
|  68|0x00000000c7c00000, 0x00000000c7d00000, 0x00000000c7d00000|100%| E|CS|TAMS 0x00000000c7c00000, 0x00000000c7c00000| Complete 
|  69|0x00000000c7d00000, 0x00000000c7e00000, 0x00000000c7e00000|100%| E|CS|TAMS 0x00000000c7d00000, 0x00000000c7d00000| Complete 
|  70|0x00000000c7e00000, 0x00000000c7f00000, 0x00000000c7f00000|100%| E|CS|TAMS 0x00000000c7e00000, 0x00000000c7e00000| Complete 
|  71|0x00000000c7f00000, 0x00000000c8000000, 0x00000000c8000000|100%| E|CS|TAMS 0x00000000c7f00000, 0x00000000c7f00000| Complete 
|  72|0x00000000c8000000, 0x00000000c8100000, 0x00000000c8100000|100%| E|CS|TAMS 0x00000000c8000000, 0x00000000c8000000| Complete 
|  73|0x00000000c8100000, 0x00000000c8200000, 0x00000000c8200000|100%| E|CS|TAMS 0x00000000c8100000, 0x00000000c8100000| Complete 
|  74|0x00000000c8200000, 0x00000000c8300000, 0x00000000c8300000|100%| E|CS|TAMS 0x00000000c8200000, 0x00000000c8200000| Complete 
| 966|0x00000000ffe00000, 0x00000000ffe47000, 0x00000000fff00000| 27%|OA|  |TAMS 0x00000000ffe47000, 0x00000000ffe00000| Untracked 
| 967|0x00000000fff00000, 0x00000000fff6b000, 0x0000000100000000| 41%|CA|  |TAMS 0x00000000fff6b000, 0x00000000fff00000| Untracked 

Card table byte_map: [0x00007f54fa1f0000,0x00007f54fa3d4000] _byte_map_base: 0x00007f54f9bd4000

Marking Bits (Prev, Next): (CMBitMap*) 0x00007f54f4046b70, (CMBitMap*) 0x00007f54f4046b38
 Prev Bits: [0x00007f54f81cc000, 0x00007f54f90ec000)
 Next Bits: [0x00007f54f90ec000, 0x00007f54fa00c000)

Polling page: 0x00007f54fb59b000

Metaspace:

Usage:
  Non-class:     53,68 MB capacity,    52,33 MB ( 97%) used,     1,11 MB (  2%) free+waste,   237,88 KB ( <1%) overhead. 
      Class:      9,17 MB capacity,     8,16 MB ( 89%) used,   916,37 KB ( 10%) free+waste,   117,56 KB (  1%) overhead. 
       Both:     62,84 MB capacity,    60,49 MB ( 96%) used,     2,01 MB (  3%) free+waste,   355,44 KB ( <1%) overhead. 

Virtual space:
  Non-class space:       54,00 MB reserved,      53,92 MB (>99%) committed 
      Class space:        1,00 GB reserved,       9,25 MB ( <1%) committed 
             Both:        1,05 GB reserved,      63,17 MB (  6%) committed 

Chunk freelists:
   Non-Class:  43,00 KB
       Class:  22,00 KB
        Both:  65,00 KB

MaxMetaspaceSize: unlimited
CompressedClassSpaceSize: 1,00 GB
Initial GC threshold: 20,80 MB
Current GC threshold: 104,25 MB
CDS: on

CodeHeap 'non-profiled nmethods': size=238948Kb used=15388Kb max_used=15388Kb free=223559Kb
 bounds [0x00007f54dcefd000, 0x00007f54dde0d000, 0x00007f54eb856000]
CodeHeap 'non-nmethods': size=6812Kb used=1322Kb max_used=1322Kb free=5489Kb
 bounds [0x00007f54dc856000, 0x00007f54dcac6000, 0x00007f54dcefd000]
 total_blobs=9807 nmethods=9172 adapters=562
 compilation: enabled
              stopped_count=0, restarted_count=0
 full_count=0

Compilation events (20 events):
Event: 1938,072 Thread 0x00007f54f40cd800 nmethod 9162 0x00007f54dde00590 code [0x00007f54dde00740, 0x00007f54dde00860]
Event: 1938,072 Thread 0x00007f54f40cd800 9163   !   1       com.mysql.cj.jdbc.ConnectionImpl::getDatabase (29 bytes)
Event: 1938,072 Thread 0x00007f54f40cd800 nmethod 9163 0x00007f54dde00910 code [0x00007f54dde00ae0, 0x00007f54dde00e00]
Event: 1938,072 Thread 0x00007f54f40cd800 9160       1       org.hibernate.resource.jdbc.internal.AbstractLogicalConnectionImplementor::getStatus (5 bytes)
Event: 1938,072 Thread 0x00007f54f40cd800 nmethod 9160 0x00007f54dde00f90 code [0x00007f54dde01140, 0x00007f54dde01210]
Event: 1938,072 Thread 0x00007f54f40cd800 9164       1       org.hibernate.persister.entity.AbstractEntityPersister::getIdentifierType (11 bytes)
Event: 1938,073 Thread 0x00007f54f40cd800 nmethod 9164 0x00007f54dde01290 code [0x00007f54dde01440, 0x00007f54dde01530]
Event: 1938,073 Thread 0x00007f54f40cd800 9166       1       jdk.internal.reflect.UnsafeFieldAccessorImpl::ensureObj (23 bytes)
Event: 1938,073 Thread 0x00007f54f40cd800 nmethod 9166 0x00007f54dde01610 code [0x00007f54dde01800, 0x00007f54dde01a90]
Event: 1938,073 Thread 0x00007f54f40cd800 9165       1       org.hibernate.internal.AbstractSharedSessionContract::getInterceptor (5 bytes)
Event: 1938,073 Thread 0x00007f54f40cd800 nmethod 9165 0x00007f54dde01c90 code [0x00007f54dde01e40, 0x00007f54dde01f10]
Event: 1938,073 Thread 0x00007f54f40cd800 9167       1       java.lang.reflect.Field::set (30 bytes)
Event: 1938,074 Thread 0x00007f54f40cd800 nmethod 9167 0x00007f54dde01f90 code [0x00007f54dde02160, 0x00007f54dde02370]
Event: 1938,074 Thread 0x00007f54f40cd800 9168       1       com.fasterxml.jackson.databind.type.TypeBase::getBindings (5 bytes)
Event: 1938,074 Thread 0x00007f54f40cd800 nmethod 9168 0x00007f54dde02490 code [0x00007f54dde02640, 0x00007f54dde02710]
Event: 1938,074 Thread 0x00007f54f40cd800 9169       1       com.fasterxml.jackson.databind.JavaType::getReferencedType (2 bytes)
Event: 1938,074 Thread 0x00007f54f40cd800 nmethod 9169 0x00007f54dde02790 code [0x00007f54dde02940, 0x00007f54dde02a10]
Event: 1938,074 Thread 0x00007f54f40cd800 9170       1       org.springframework.util.LinkedCaseInsensitiveMap::getLocale (5 bytes)
Event: 1938,075 Thread 0x00007f54f40cd800 nmethod 9170 0x00007f54dde02a90 code [0x00007f54dde02c40, 0x00007f54dde02d10]
Event: 1938,075 Thread 0x00007f54f40cd800 9171       1       org.springframework.util.MimeType::<init> (107 bytes)

GC Heap History (20 events):
Event: 1590,551 GC heap before
{Heap before GC invocations=36 (full 6):
 garbage-first heap   total 78848K, used 60162K [0x00000000c3800000, 0x0000000100000000)
  region size 1024K, 36 young (36864K), 3 survivors (3072K)
 Metaspace       used 60955K, capacity 63100K, committed 63536K, reserved 1103872K
  class space    used 8257K, capacity 9189K, committed 9344K, reserved 1048576K
}
Event: 1590,589 GC heap after
{Heap after GC invocations=37 (full 6):
 garbage-first heap   total 78848K, used 27867K [0x00000000c3800000, 0x0000000100000000)
  region size 1024K, 2 young (2048K), 2 survivors (2048K)
 Metaspace       used 60955K, capacity 63100K, committed 63536K, reserved 1103872K
  class space    used 8257K, capacity 9189K, committed 9344K, reserved 1048576K
}
Event: 1720,015 GC heap before
{Heap before GC invocations=37 (full 6):
 garbage-first heap   total 78848K, used 32987K [0x00000000c3800000, 0x0000000100000000)
  region size 1024K, 8 young (8192K), 2 survivors (2048K)
 Metaspace       used 60964K, capacity 63116K, committed 63536K, reserved 1103872K
  class space    used 8259K, capacity 9193K, committed 9344K, reserved 1048576K
}
Event: 1720,925 GC heap after
{Heap after GC invocations=38 (full 7):
 garbage-first heap   total 78848K, used 23512K [0x00000000c3800000, 0x0000000100000000)
  region size 1024K, 0 young (0K), 0 survivors (0K)
 Metaspace       used 60958K, capacity 63104K, committed 63536K, reserved 1103872K
  class space    used 8258K, capacity 9190K, committed 9344K, reserved 1048576K
}
Event: 1721,530 GC heap before
{Heap before GC invocations=38 (full 7):
 garbage-first heap   total 78848K, used 61400K [0x00000000c3800000, 0x0000000100000000)
  region size 1024K, 37 young (37888K), 0 survivors (0K)
 Metaspace       used 61068K, capacity 63310K, committed 63536K, reserved 1103872K
  class space    used 8277K, capacity 9223K, committed 9344K, reserved 1048576K
}
Event: 1721,539 GC heap after
{Heap after GC invocations=39 (full 7):
 garbage-first heap   total 78848K, used 26147K [0x00000000c3800000, 0x0000000100000000)
  region size 1024K, 3 young (3072K), 3 survivors (3072K)
 Metaspace       used 61068K, capacity 63310K, committed 63536K, reserved 1103872K
  class space    used 8277K, capacity 9223K, committed 9344K, reserved 1048576K
}
Event: 1722,302 GC heap before
{Heap before GC invocations=39 (full 7):
 garbage-first heap   total 78848K, used 61987K [0x00000000c3800000, 0x0000000100000000)
  region size 1024K, 38 young (38912K), 3 survivors (3072K)
 Metaspace       used 61379K, capacity 63667K, committed 63792K, reserved 1103872K
  class space    used 8308K, capacity 9292K, committed 9344K, reserved 1048576K
}
Event: 1722,412 GC heap after
{Heap after GC invocations=40 (full 7):
 garbage-first heap   total 78848K, used 27842K [0x00000000c3800000, 0x0000000100000000)
  region size 1024K, 5 young (5120K), 5 survivors (5120K)
 Metaspace       used 61379K, capacity 63667K, committed 63792K, reserved 1103872K
  class space    used 8308K, capacity 9292K, committed 9344K, reserved 1048576K
}
Event: 1794,266 GC heap before
{Heap before GC invocations=40 (full 7):
 garbage-first heap   total 78848K, used 44226K [0x00000000c3800000, 0x0000000100000000)
  region size 1024K, 22 young (22528K), 5 survivors (5120K)
 Metaspace       used 61446K, capacity 63785K, committed 64048K, reserved 1103872K
  class space    used 8317K, capacity 9306K, committed 9344K, reserved 1048576K
}
Event: 1794,684 GC heap after
{Heap after GC invocations=41 (full 8):
 garbage-first heap   total 78848K, used 23793K [0x00000000c3800000, 0x0000000100000000)
  region size 1024K, 0 young (0K), 0 survivors (0K)
 Metaspace       used 61439K, capacity 63773K, committed 64048K, reserved 1103872K
  class space    used 8316K, capacity 9303K, committed 9344K, reserved 1048576K
}
Event: 1795,016 GC heap before
{Heap before GC invocations=41 (full 8):
 garbage-first heap   total 78848K, used 59633K [0x00000000c3800000, 0x0000000100000000)
  region size 1024K, 36 young (36864K), 0 survivors (0K)
 Metaspace       used 61480K, capacity 63865K, committed 64048K, reserved 1103872K
  class space    used 8321K, capacity 9310K, committed 9344K, reserved 1048576K
}
Event: 1795,023 GC heap after
{Heap after GC invocations=42 (full 8):
 garbage-first heap   total 78848K, used 26566K [0x00000000c3800000, 0x0000000100000000)
  region size 1024K, 3 young (3072K), 3 survivors (3072K)
 Metaspace       used 61480K, capacity 63865K, committed 64048K, reserved 1103872K
  class space    used 8321K, capacity 9310K, committed 9344K, reserved 1048576K
}
Event: 1795,481 GC heap before
{Heap before GC invocations=42 (full 8):
 garbage-first heap   total 78848K, used 61382K [0x00000000c3800000, 0x0000000100000000)
  region size 1024K, 37 young (37888K), 3 survivors (3072K)
 Metaspace       used 61671K, capacity 64033K, committed 64176K, reserved 1103872K
  class space    used 8333K, capacity 9345K, committed 9472K, reserved 1048576K
}
Event: 1795,488 GC heap after
{Heap after GC invocations=43 (full 8):
 garbage-first heap   total 78848K, used 27889K [0x00000000c3800000, 0x0000000100000000)
  region size 1024K, 4 young (4096K), 4 survivors (4096K)
 Metaspace       used 61671K, capacity 64033K, committed 64176K, reserved 1103872K
  class space    used 8333K, capacity 9345K, committed 9472K, reserved 1048576K
}
Event: 1922,571 GC heap before
{Heap before GC invocations=43 (full 8):
 garbage-first heap   total 78848K, used 45297K [0x00000000c3800000, 0x0000000100000000)
  region size 1024K, 22 young (22528K), 4 survivors (4096K)
 Metaspace       used 61675K, capacity 64039K, committed 64176K, reserved 1103872K
  class space    used 8333K, capacity 9347K, committed 9472K, reserved 1048576K
}
Event: 1923,193 GC heap after
{Heap after GC invocations=44 (full 9):
 garbage-first heap   total 78848K, used 23701K [0x00000000c3800000, 0x0000000100000000)
  region size 1024K, 0 young (0K), 0 survivors (0K)
 Metaspace       used 61668K, capacity 64027K, committed 64176K, reserved 1103872K
  class space    used 8332K, capacity 9344K, committed 9472K, reserved 1048576K
}
Event: 1923,832 GC heap before
{Heap before GC invocations=44 (full 9):
 garbage-first heap   total 78848K, used 59541K [0x00000000c3800000, 0x0000000100000000)
  region size 1024K, 36 young (36864K), 0 survivors (0K)
 Metaspace       used 61703K, capacity 64113K, committed 64432K, reserved 1103872K
  class space    used 8337K, capacity 9350K, committed 9472K, reserved 1048576K
}
Event: 1923,838 GC heap after
{Heap after GC invocations=45 (full 9):
 garbage-first heap   total 78848K, used 26461K [0x00000000c3800000, 0x0000000100000000)
  region size 1024K, 3 young (3072K), 3 survivors (3072K)
 Metaspace       used 61703K, capacity 64113K, committed 64432K, reserved 1103872K
  class space    used 8337K, capacity 9350K, committed 9472K, reserved 1048576K
}
Event: 1924,621 GC heap before
{Heap before GC invocations=45 (full 9):
 garbage-first heap   total 78848K, used 61277K [0x00000000c3800000, 0x0000000100000000)
  region size 1024K, 37 young (37888K), 3 survivors (3072K)
 Metaspace       used 61902K, capacity 64281K, committed 64432K, reserved 1103872K
  class space    used 8349K, capacity 9385K, committed 9472K, reserved 1048576K
}
Event: 1924,626 GC heap after
{Heap after GC invocations=46 (full 9):
 garbage-first heap   total 78848K, used 27797K [0x00000000c3800000, 0x0000000100000000)
  region size 1024K, 4 young (4096K), 4 survivors (4096K)
 Metaspace       used 61902K, capacity 64281K, committed 64432K, reserved 1103872K
  class space    used 8349K, capacity 9385K, committed 9472K, reserved 1048576K
}

Deoptimization events (6 events):
Event: 3,204 Thread 0x00007f5470007800 DEOPT PACKING pc=0x00007f54dd21eb94 sp=0x00007f54cc3197c0
Event: 3,204 Thread 0x00007f5470007800 DEOPT UNPACKING pc=0x00007f54dc8a064a sp=0x00007f54cc318d48 mode 0
Event: 7,139 Thread 0x00007f5470007800 DEOPT PACKING pc=0x00007f54dd228425 sp=0x00007f54cc319aa0
Event: 7,140 Thread 0x00007f5470007800 DEOPT UNPACKING pc=0x00007f54dc8a064a sp=0x00007f54cc318fc8 mode 3
Event: 7,140 Thread 0x00007f5470007800 DEOPT PACKING pc=0x00007f54dd22446e sp=0x00007f54cc319a60
Event: 7,140 Thread 0x00007f5470007800 DEOPT UNPACKING pc=0x00007f54dc8a064a sp=0x00007f54cc318fc8 mode 3

Classes redefined (0 events):
No events

Internal exceptions (20 events):
Event: 1794,989 Thread 0x00007f54b8004800 Exception <a 'java/io/FileNotFoundException'{0x00000000c611ef18}> (0x00000000c611ef18) thrown at [src/hotspot/share/prims/jni.cpp, line 616]
Event: 1795,008 Thread 0x00007f54b8004800 Exception <a 'java/io/FileNotFoundException'{0x00000000c60bb070}> (0x00000000c60bb070) thrown at [src/hotspot/share/prims/jni.cpp, line 616]
Event: 1795,416 Thread 0x00007f54b8004800 Exception <a 'java/lang/ClassNotFoundException'{0x00000000c6c8f6f0}: java/lang/ObjectCustomizer> (0x00000000c6c8f6f0) thrown at [src/hotspot/share/classfile/systemDictionary.cpp, line 231]
Event: 1795,418 Thread 0x00007f54b8004800 Exception <a 'java/lang/ClassNotFoundException'{0x00000000c6ca2f18}: com/ascii274/practicas/models/JugadorCustomizer> (0x00000000c6ca2f18) thrown at [src/hotspot/share/classfile/systemDictionary.cpp, line 231]
Event: 1795,451 Thread 0x00007f54b8004800 Exception <a 'java/lang/ClassNotFoundException'{0x00000000c68cc920}: java/lang/ObjectCustomizer> (0x00000000c68cc920) thrown at [src/hotspot/share/classfile/systemDictionary.cpp, line 231]
Event: 1795,452 Thread 0x00007f54b8004800 Exception <a 'java/lang/ClassNotFoundException'{0x00000000c68e0148}: com/ascii274/practicas/models/PartidaCustomizer> (0x00000000c68e0148) thrown at [src/hotspot/share/classfile/systemDictionary.cpp, line 231]
Event: 1922,396 Thread 0x00007f5458040000 Exception <a 'java/lang/InterruptedException'{0x00000000c72c68c0}: sleep interrupted> (0x00000000c72c68c0) thrown at [src/hotspot/share/prims/jvm.cpp, line 3125]
Event: 1923,303 Thread 0x00007f544c016000 Exception <a 'java/io/FileNotFoundException'{0x00000000c812e4d8}> (0x00000000c812e4d8) thrown at [src/hotspot/share/prims/jni.cpp, line 616]
Event: 1923,721 Thread 0x00007f544c016000 Exception <a 'java/lang/NoClassDefFoundError'{0x00000000c6505238}: org/flywaydb/core/Flyway> (0x00000000c6505238) thrown at [src/hotspot/share/oops/constantPool.cpp, line 775]
Event: 1923,721 Thread 0x00007f544c016000 Exception <a 'java/lang/NoClassDefFoundError'{0x00000000c6505560}: liquibase/integration/spring/SpringLiquibase> (0x00000000c6505560) thrown at [src/hotspot/share/oops/constantPool.cpp, line 775]
Event: 1923,726 Thread 0x00007f544c016000 Exception <a 'java/lang/NoClassDefFoundError'{0x00000000c655c8a8}: org/jooq/DSLContext> (0x00000000c655c8a8) thrown at [src/hotspot/share/oops/constantPool.cpp, line 775]
Event: 1923,726 Thread 0x00007f544c016000 Exception <a 'java/lang/NoClassDefFoundError'{0x00000000c6567520}: org/springframework/batch/core/repository/JobRepository> (0x00000000c6567520) thrown at [src/hotspot/share/oops/constantPool.cpp, line 775]
Event: 1923,726 Thread 0x00007f544c016000 Exception <a 'java/lang/NoClassDefFoundError'{0x00000000c6567858}: org/quartz/Scheduler> (0x00000000c6567858) thrown at [src/hotspot/share/oops/constantPool.cpp, line 775]
Event: 1923,726 Thread 0x00007f544c016000 Exception <a 'java/lang/NoClassDefFoundError'{0x00000000c6567b90}: org/springframework/session/jdbc/JdbcIndexedSessionRepository> (0x00000000c6567b90) thrown at [src/hotspot/share/oops/constantPool.cpp, line 775]
Event: 1923,790 Thread 0x00007f544c016000 Exception <a 'java/io/FileNotFoundException'{0x00000000c611d1c0}> (0x00000000c611d1c0) thrown at [src/hotspot/share/prims/jni.cpp, line 616]
Event: 1923,821 Thread 0x00007f544c016000 Exception <a 'java/io/FileNotFoundException'{0x00000000c60bb1c8}> (0x00000000c60bb1c8) thrown at [src/hotspot/share/prims/jni.cpp, line 616]
Event: 1924,571 Thread 0x00007f544c016000 Exception <a 'java/lang/ClassNotFoundException'{0x00000000c6c8f500}: java/lang/ObjectCustomizer> (0x00000000c6c8f500) thrown at [src/hotspot/share/classfile/systemDictionary.cpp, line 231]
Event: 1924,572 Thread 0x00007f544c016000 Exception <a 'java/lang/ClassNotFoundException'{0x00000000c6ca2d28}: com/ascii274/practicas/models/JugadorCustomizer> (0x00000000c6ca2d28) thrown at [src/hotspot/share/classfile/systemDictionary.cpp, line 231]
Event: 1924,592 Thread 0x00007f544c016000 Exception <a 'java/lang/ClassNotFoundException'{0x00000000c68cc240}: java/lang/ObjectCustomizer> (0x00000000c68cc240) thrown at [src/hotspot/share/classfile/systemDictionary.cpp, line 231]
Event: 1924,593 Thread 0x00007f544c016000 Exception <a 'java/lang/ClassNotFoundException'{0x00000000c68dfa68}: com/ascii274/practicas/models/PartidaCustomizer> (0x00000000c68dfa68) thrown at [src/hotspot/share/classfile/systemDictionary.cpp, line 231]

Events (20 events):
Event: 1938,015 Executing VM operation: RevokeBias
Event: 1938,016 Executing VM operation: RevokeBias done
Event: 1938,024 Executing VM operation: RevokeBias
Event: 1938,024 Executing VM operation: RevokeBias done
Event: 1938,033 Executing VM operation: RevokeBias
Event: 1938,033 Executing VM operation: RevokeBias done
Event: 1938,033 Executing VM operation: RevokeBias
Event: 1938,034 Executing VM operation: RevokeBias done
Event: 1938,034 Executing VM operation: RevokeBias
Event: 1938,034 Executing VM operation: RevokeBias done
Event: 1938,034 Executing VM operation: RevokeBias
Event: 1938,034 Executing VM operation: RevokeBias done
Event: 1938,034 Executing VM operation: RevokeBias
Event: 1938,034 Executing VM operation: RevokeBias done
Event: 1938,034 Executing VM operation: RevokeBias
Event: 1938,034 Executing VM operation: RevokeBias done
Event: 1938,044 Executing VM operation: RevokeBias
Event: 1938,044 Executing VM operation: RevokeBias done
Event: 1938,071 Executing VM operation: RevokeBias
Event: 1938,071 Executing VM operation: RevokeBias done


Dynamic libraries:
c3800000-c8300000 rw-p 00000000 00:00 0 
c8300000-ffe00000 ---p 00000000 00:00 0 
ffe00000-ffe47000 rw-p 0110c000 08:03 3020898                            /usr/lib/jvm/java-11-openjdk-11.0.13.0.8-1.fc34.x86_64/lib/server/classes.jsa
ffe47000-fff00000 rw-p 00000000 00:00 0 
fff00000-fff6b000 rw-p 010a1000 08:03 3020898                            /usr/lib/jvm/java-11-openjdk-11.0.13.0.8-1.fc34.x86_64/lib/server/classes.jsa
fff6b000-100000000 rw-p 00000000 00:00 0 
800000000-800002000 rwxp 00001000 08:03 3020898                          /usr/lib/jvm/java-11-openjdk-11.0.13.0.8-1.fc34.x86_64/lib/server/classes.jsa
800002000-8003b5000 rw-p 00003000 08:03 3020898                          /usr/lib/jvm/java-11-openjdk-11.0.13.0.8-1.fc34.x86_64/lib/server/classes.jsa
8003b5000-800a92000 r--p 003b6000 08:03 3020898                          /usr/lib/jvm/java-11-openjdk-11.0.13.0.8-1.fc34.x86_64/lib/server/classes.jsa
800a92000-800a93000 rw-p 00a93000 08:03 3020898                          /usr/lib/jvm/java-11-openjdk-11.0.13.0.8-1.fc34.x86_64/lib/server/classes.jsa
800a93000-8010a0000 r--p 00a94000 08:03 3020898                          /usr/lib/jvm/java-11-openjdk-11.0.13.0.8-1.fc34.x86_64/lib/server/classes.jsa
840000000-840940000 rw-p 00000000 00:00 0 
840940000-880000000 ---p 00000000 00:00 0 
556668189000-55666818a000 r--p 00000000 08:03 796722                     /usr/lib/jvm/java-11-openjdk-11.0.13.0.8-1.fc34.x86_64/bin/java
55666818a000-55666818b000 r-xp 00001000 08:03 796722                     /usr/lib/jvm/java-11-openjdk-11.0.13.0.8-1.fc34.x86_64/bin/java
55666818b000-55666818c000 r--p 00002000 08:03 796722                     /usr/lib/jvm/java-11-openjdk-11.0.13.0.8-1.fc34.x86_64/bin/java
55666818c000-55666818d000 r--p 00002000 08:03 796722                     /usr/lib/jvm/java-11-openjdk-11.0.13.0.8-1.fc34.x86_64/bin/java
55666818d000-55666818e000 rw-p 00003000 08:03 796722                     /usr/lib/jvm/java-11-openjdk-11.0.13.0.8-1.fc34.x86_64/bin/java
556669bee000-556669c0f000 rw-p 00000000 00:00 0                          [heap]
7f544c000000-7f544c083000 rw-p 00000000 00:00 0 
7f544c083000-7f5450000000 ---p 00000000 00:00 0 
7f5451b0e000-7f54525f2000 rw-p 00000000 00:00 0 
7f54525f2000-7f54525f6000 ---p 00000000 00:00 0 
7f54525f6000-7f54526f3000 rw-p 00000000 00:00 0 
7f54526f3000-7f54526f7000 ---p 00000000 00:00 0 
7f54526f7000-7f54529f4000 rw-p 00000000 00:00 0 
7f54529f4000-7f54529f8000 ---p 00000000 00:00 0 
7f54529f8000-7f5452cf5000 rw-p 00000000 00:00 0 
7f5452cf5000-7f5452ef5000 rw-p 00000000 00:00 0 
7f5452ef5000-7f5452ef9000 ---p 00000000 00:00 0 
7f5452ef9000-7f5452ff6000 rw-p 00000000 00:00 0 
7f5452ff6000-7f5452ffa000 ---p 00000000 00:00 0 
7f5452ffa000-7f54530f7000 rw-p 00000000 00:00 0 
7f54530f7000-7f54530fb000 ---p 00000000 00:00 0 
7f54530fb000-7f54531f8000 rw-p 00000000 00:00 0 
7f54531f8000-7f54531fc000 ---p 00000000 00:00 0 
7f54531fc000-7f54532f9000 rw-p 00000000 00:00 0 
7f54532f9000-7f54532fd000 ---p 00000000 00:00 0 
7f54532fd000-7f54533fa000 rw-p 00000000 00:00 0 
7f54533fa000-7f54533fe000 ---p 00000000 00:00 0 
7f54533fe000-7f54534fb000 rw-p 00000000 00:00 0 
7f54534fb000-7f54534ff000 ---p 00000000 00:00 0 
7f54534ff000-7f54535fc000 rw-p 00000000 00:00 0 
7f54535fc000-7f5453600000 ---p 00000000 00:00 0 
7f5453600000-7f54536fd000 rw-p 00000000 00:00 0 
7f54536fd000-7f5453701000 ---p 00000000 00:00 0 
7f5453701000-7f54537fe000 rw-p 00000000 00:00 0 
7f54537fe000-7f5453802000 ---p 00000000 00:00 0 
7f5453802000-7f54538ff000 rw-p 00000000 00:00 0 
7f54538ff000-7f5453903000 ---p 00000000 00:00 0 
7f5453903000-7f5453c00000 rw-p 00000000 00:00 0 
7f5453c00000-7f5453e00000 rw-p 00000000 00:00 0 
7f5453e00000-7f5454000000 rw-p 00000000 00:00 0 
7f5454000000-7f54540d9000 rw-p 00000000 00:00 0 
7f54540d9000-7f5458000000 ---p 00000000 00:00 0 
7f5458000000-7f54580a6000 rw-p 00000000 00:00 0 
7f54580a6000-7f545c000000 ---p 00000000 00:00 0 
7f545c000000-7f545c086000 rw-p 00000000 00:00 0 
7f545c086000-7f5460000000 ---p 00000000 00:00 0 
7f5460000000-7f5460052000 rw-p 00000000 00:00 0 
7f5460052000-7f5464000000 ---p 00000000 00:00 0 
7f5464000000-7f54650a1000 rw-p 00000000 00:00 0 
7f54650a1000-7f5468000000 ---p 00000000 00:00 0 
7f5468000000-7f546824f000 rw-p 00000000 00:00 0 
7f546824f000-7f546c000000 ---p 00000000 00:00 0 
7f546c000000-7f546c08d000 rw-p 00000000 00:00 0 
7f546c08d000-7f5470000000 ---p 00000000 00:00 0 
7f5470000000-7f5470270000 rw-p 00000000 00:00 0 
7f5470270000-7f5474000000 ---p 00000000 00:00 0 
7f5474000000-7f5474027000 rw-p 00000000 00:00 0 
7f5474027000-7f5478000000 ---p 00000000 00:00 0 
7f5478000000-7f5478021000 rw-p 00000000 00:00 0 
7f5478021000-7f547c000000 ---p 00000000 00:00 0 
7f547c000000-7f547c021000 rw-p 00000000 00:00 0 
7f547c021000-7f5480000000 ---p 00000000 00:00 0 
7f5480000000-7f5480021000 rw-p 00000000 00:00 0 
7f5480021000-7f5484000000 ---p 00000000 00:00 0 
7f5484000000-7f548402c000 rw-p 00000000 00:00 0 
7f548402c000-7f5488000000 ---p 00000000 00:00 0 
7f5488000000-7f5488021000 rw-p 00000000 00:00 0 
7f5488021000-7f548c000000 ---p 00000000 00:00 0 
7f548c000000-7f548c0de000 rw-p 00000000 00:00 0 
7f548c0de000-7f5490000000 ---p 00000000 00:00 0 
7f5490000000-7f549008d000 rw-p 00000000 00:00 0 
7f549008d000-7f5494000000 ---p 00000000 00:00 0 
7f5494000000-7f5494021000 rw-p 00000000 00:00 0 
7f5494021000-7f5498000000 ---p 00000000 00:00 0 
7f5498000000-7f5498021000 rw-p 00000000 00:00 0 
7f5498021000-7f549c000000 ---p 00000000 00:00 0 
7f549c000000-7f549c021000 rw-p 00000000 00:00 0 
7f549c021000-7f54a0000000 ---p 00000000 00:00 0 
7f54a0000000-7f54a0627000 rw-p 00000000 00:00 0 
7f54a0627000-7f54a4000000 ---p 00000000 00:00 0 
7f54a4000000-7f54a4021000 rw-p 00000000 00:00 0 
7f54a4021000-7f54a8000000 ---p 00000000 00:00 0 
7f54a80a4000-7f54a80a8000 ---p 00000000 00:00 0 
7f54a80a8000-7f54a83a5000 rw-p 00000000 00:00 0 
7f54a83a5000-7f54a85a5000 rw-p 00000000 00:00 0 
7f54a85a5000-7f54a87a5000 rw-p 00000000 00:00 0 
7f54a87a5000-7f54a89a5000 rw-p 00000000 00:00 0 
7f54a89a5000-7f54a8ba5000 rw-p 00000000 00:00 0 
7f54a8ba5000-7f54a8ba9000 ---p 00000000 00:00 0 
7f54a8ba9000-7f54a8ca6000 rw-p 00000000 00:00 0 
7f54a8ca6000-7f54a8caa000 ---p 00000000 00:00 0 
7f54a8caa000-7f54a8fa7000 rw-p 00000000 00:00 0 
7f54a8fa7000-7f54a91a7000 rw-p 00000000 00:00 0 
7f54a91a7000-7f54a91a9000 r--p 00000000 08:03 275395                     /usr/lib/jvm/java-11-openjdk-11.0.13.0.8-1.fc34.x86_64/lib/libsunec.so
7f54a91a9000-7f54a91bf000 r-xp 00002000 08:03 275395                     /usr/lib/jvm/java-11-openjdk-11.0.13.0.8-1.fc34.x86_64/lib/libsunec.so
7f54a91bf000-7f54a91c3000 r--p 00018000 08:03 275395                     /usr/lib/jvm/java-11-openjdk-11.0.13.0.8-1.fc34.x86_64/lib/libsunec.so
7f54a91c3000-7f54a91c4000 ---p 0001c000 08:03 275395                     /usr/lib/jvm/java-11-openjdk-11.0.13.0.8-1.fc34.x86_64/lib/libsunec.so
7f54a91c4000-7f54a91c5000 r--p 0001c000 08:03 275395                     /usr/lib/jvm/java-11-openjdk-11.0.13.0.8-1.fc34.x86_64/lib/libsunec.so
7f54a91c5000-7f54a91c7000 rw-p 0001d000 08:03 275395                     /usr/lib/jvm/java-11-openjdk-11.0.13.0.8-1.fc34.x86_64/lib/libsunec.so
7f54a91c7000-7f54a93c7000 rw-p 00000000 00:00 0 
7f54a93c7000-7f54a93cb000 ---p 00000000 00:00 0 
7f54a93cb000-7f54a94c8000 rw-p 00000000 00:00 0 
7f54a94c8000-7f54a94cc000 ---p 00000000 00:00 0 
7f54a94cc000-7f54a95c9000 rw-p 00000000 00:00 0 
7f54a95c9000-7f54a95cd000 ---p 00000000 00:00 0 
7f54a95cd000-7f54a96ca000 rw-p 00000000 00:00 0 
7f54a96ca000-7f54a96ce000 ---p 00000000 00:00 0 
7f54a96ce000-7f54a99cb000 rw-p 00000000 00:00 0 
7f54a99cb000-7f54a9bcb000 rw-p 00000000 00:00 0 
7f54a9bcb000-7f54a9dcb000 rw-p 00000000 00:00 0 
7f54a9dcb000-7f54a9fcb000 rw-p 00000000 00:00 0 
7f54a9fcb000-7f54aa1b7000 rw-p 00000000 00:00 0 
7f54aa1b7000-7f54aa1cb000 ---p 00000000 00:00 0 
7f54aa1cb000-7f54aa3cb000 rw-p 00000000 00:00 0 
7f54aa3cb000-7f54aa5cb000 rw-p 00000000 00:00 0 
7f54aa5cb000-7f54aa5cc000 ---p 00000000 00:00 0 
7f54aa5cc000-7f54aa6cd000 rw-p 00000000 00:00 0 
7f54aa6cd000-7f54aa6ce000 ---p 00000000 00:00 0 
7f54aa6ce000-7f54aa7cf000 rw-p 00000000 00:00 0 
7f54aa7cf000-7f54aa7d3000 ---p 00000000 00:00 0 
7f54aa7d3000-7f54aaad0000 rw-p 00000000 00:00 0 
7f54aaad0000-7f54b8000000 r--p 00000000 08:03 131327                     /usr/lib/locale/locale-archive
7f54b8000000-7f54b8021000 rw-p 00000000 00:00 0 
7f54b8021000-7f54bc000000 ---p 00000000 00:00 0 
7f54bc000000-7f54bc021000 rw-p 00000000 00:00 0 
7f54bc021000-7f54c0000000 ---p 00000000 00:00 0 
7f54c0000000-7f54c0021000 rw-p 00000000 00:00 0 
7f54c0021000-7f54c4000000 ---p 00000000 00:00 0 
7f54c4000000-7f54c4cc2000 rw-p 00000000 00:00 0 
7f54c4cc2000-7f54c8000000 ---p 00000000 00:00 0 
7f54c8000000-7f54c8021000 rw-p 00000000 00:00 0 
7f54c8021000-7f54cc000000 ---p 00000000 00:00 0 
7f54cc01c000-7f54cc21c000 rw-p 00000000 00:00 0 
7f54cc21c000-7f54cc220000 ---p 00000000 00:00 0 
7f54cc220000-7f54cc31d000 rw-p 00000000 00:00 0 
7f54cc31d000-7f54cc321000 ---p 00000000 00:00 0 
7f54cc321000-7f54cc41e000 rw-p 00000000 00:00 0 
7f54cc41e000-7f54cc43f000 r--p 00000000 08:03 2099396                    /usr/share/locale/es/LC_MESSAGES/libc.mo
7f54cc43f000-7f54cc440000 ---p 00000000 00:00 0 
7f54cc440000-7f54cc541000 rw-p 00000000 00:00 0 
7f54cc541000-7f54cc545000 ---p 00000000 00:00 0 
7f54cc545000-7f54cc642000 rw-p 00000000 00:00 0 
7f54cc642000-7f54cc646000 ---p 00000000 00:00 0 
7f54cc646000-7f54cc743000 rw-p 00000000 00:00 0 
7f54cc743000-7f54cc747000 ---p 00000000 00:00 0 
7f54cc747000-7f54cc844000 rw-p 00000000 00:00 0 
7f54cc844000-7f54cc845000 ---p 00000000 00:00 0 
7f54cc845000-7f54cc946000 rw-p 00000000 00:00 0 
7f54cc946000-7f54cc94a000 ---p 00000000 00:00 0 
7f54cc94a000-7f54cca47000 rw-p 00000000 00:00 0 
7f54cca47000-7f54cca4b000 ---p 00000000 00:00 0 
7f54cca4b000-7f54ccb48000 rw-p 00000000 00:00 0 
7f54ccb48000-7f54ccb4c000 ---p 00000000 00:00 0 
7f54ccb4c000-7f54ccc49000 rw-p 00000000 00:00 0 
7f54ccc49000-7f54ccc4d000 ---p 00000000 00:00 0 
7f54ccc4d000-7f54ccd4a000 rw-p 00000000 00:00 0 
7f54ccd4a000-7f54ccd4c000 r--p 00000000 08:03 144778                     /usr/lib64/libpcre2-8.so.0.10.1
7f54ccd4c000-7f54ccdb7000 r-xp 00002000 08:03 144778                     /usr/lib64/libpcre2-8.so.0.10.1
7f54ccdb7000-7f54ccdde000 r--p 0006d000 08:03 144778                     /usr/lib64/libpcre2-8.so.0.10.1
7f54ccdde000-7f54ccddf000 ---p 00094000 08:03 144778                     /usr/lib64/libpcre2-8.so.0.10.1
7f54ccddf000-7f54ccde0000 r--p 00094000 08:03 144778                     /usr/lib64/libpcre2-8.so.0.10.1
7f54ccde0000-7f54ccde1000 rw-p 00095000 08:03 144778                     /usr/lib64/libpcre2-8.so.0.10.1
7f54ccde1000-7f54ccde7000 r--p 00000000 08:03 144893                     /usr/lib64/libselinux.so.1
7f54ccde7000-7f54cce01000 r-xp 00006000 08:03 144893                     /usr/lib64/libselinux.so.1
7f54cce01000-7f54cce08000 r--p 00020000 08:03 144893                     /usr/lib64/libselinux.so.1
7f54cce08000-7f54cce09000 ---p 00027000 08:03 144893                     /usr/lib64/libselinux.so.1
7f54cce09000-7f54cce0a000 r--p 00027000 08:03 144893                     /usr/lib64/libselinux.so.1
7f54cce0a000-7f54cce0b000 rw-p 00028000 08:03 144893                     /usr/lib64/libselinux.so.1
7f54cce0b000-7f54cce0d000 rw-p 00000000 00:00 0 
7f54cce0d000-7f54cce11000 r--p 00000000 08:03 141933                     /usr/lib64/libnss_myhostname.so.2
7f54cce11000-7f54cce20000 r-xp 00004000 08:03 141933                     /usr/lib64/libnss_myhostname.so.2
7f54cce20000-7f54cce29000 r--p 00013000 08:03 141933                     /usr/lib64/libnss_myhostname.so.2
7f54cce29000-7f54cce2a000 ---p 0001c000 08:03 141933                     /usr/lib64/libnss_myhostname.so.2
7f54cce2a000-7f54cce2e000 r--p 0001c000 08:03 141933                     /usr/lib64/libnss_myhostname.so.2
7f54cce2e000-7f54cce2f000 rw-p 00020000 08:03 141933                     /usr/lib64/libnss_myhostname.so.2
7f54cce2f000-7f54cce32000 r--p 00000000 08:03 144713                     /usr/lib64/libnss_files-2.33.so
7f54cce32000-7f54cce39000 r-xp 00003000 08:03 144713                     /usr/lib64/libnss_files-2.33.so
7f54cce39000-7f54cce3b000 r--p 0000a000 08:03 144713                     /usr/lib64/libnss_files-2.33.so
7f54cce3b000-7f54cce3c000 r--p 0000b000 08:03 144713                     /usr/lib64/libnss_files-2.33.so
7f54cce3c000-7f54cce43000 rw-p 00000000 00:00 0 
7f54cce43000-7f54cce4f000 r--p 00000000 08:03 146487                     /usr/lib64/libnspr4.so
7f54cce4f000-7f54cce74000 r-xp 0000c000 08:03 146487                     /usr/lib64/libnspr4.so
7f54cce74000-7f54cce81000 r--p 00031000 08:03 146487                     /usr/lib64/libnspr4.so
7f54cce81000-7f54cce82000 r--p 0003d000 08:03 146487                     /usr/lib64/libnspr4.so
7f54cce82000-7f54cce84000 rw-p 0003e000 08:03 146487                     /usr/lib64/libnspr4.so
7f54cce84000-7f54cce86000 rw-p 00000000 00:00 0 
7f54cce86000-7f54cce93000 r--p 00000000 08:03 146489                     /usr/lib64/libnssutil3.so
7f54cce93000-7f54ccea5000 r-xp 0000d000 08:03 146489                     /usr/lib64/libnssutil3.so
7f54ccea5000-7f54cceb1000 r--p 0001f000 08:03 146489                     /usr/lib64/libnssutil3.so
7f54cceb1000-7f54cceb8000 r--p 0002a000 08:03 146489                     /usr/lib64/libnssutil3.so
7f54cceb8000-7f54cceb9000 rw-p 00031000 08:03 146489                     /usr/lib64/libnssutil3.so
7f54cceb9000-7f54cced2000 r--p 00000000 08:03 148491                     /usr/lib64/libnss3.so
7f54cced2000-7f54ccfb3000 r-xp 00019000 08:03 148491                     /usr/lib64/libnss3.so
7f54ccfb3000-7f54ccfed000 r--p 000fa000 08:03 148491                     /usr/lib64/libnss3.so
7f54ccfed000-7f54ccfee000 ---p 00134000 08:03 148491                     /usr/lib64/libnss3.so
7f54ccfee000-7f54ccff3000 r--p 00134000 08:03 148491                     /usr/lib64/libnss3.so
7f54ccff3000-7f54ccff6000 rw-p 00139000 08:03 148491                     /usr/lib64/libnss3.so
7f54ccff6000-7f54ccff7000 rw-p 00000000 00:00 0 
7f54ccff7000-7f54ccffb000 ---p 00000000 00:00 0 
7f54ccffb000-7f54cd0f8000 rw-p 00000000 00:00 0 
7f54cd0f8000-7f54cd0fc000 ---p 00000000 00:00 0 
7f54cd0fc000-7f54cd1f9000 rw-p 00000000 00:00 0 
7f54cd1f9000-7f54cd1fd000 ---p 00000000 00:00 0 
7f54cd1fd000-7f54cd2fa000 rw-p 00000000 00:00 0 
7f54cd2fa000-7f54cd2fe000 ---p 00000000 00:00 0 
7f54cd2fe000-7f54cd3fb000 rw-p 00000000 00:00 0 
7f54cd3fb000-7f54cd3ff000 ---p 00000000 00:00 0 
7f54cd3ff000-7f54cd4fc000 rw-p 00000000 00:00 0 
7f54cd4fc000-7f54cd500000 ---p 00000000 00:00 0 
7f54cd500000-7f54cd5fd000 rw-p 00000000 00:00 0 
7f54cd5fd000-7f54cd601000 ---p 00000000 00:00 0 
7f54cd601000-7f54cd6fe000 rw-p 00000000 00:00 0 
7f54cd6fe000-7f54cd6ff000 ---p 00000000 00:00 0 
7f54cd6ff000-7f54d0000000 rw-p 00000000 00:00 0 
7f54d0000000-7f54d0021000 rw-p 00000000 00:00 0 
7f54d0021000-7f54d4000000 ---p 00000000 00:00 0 
7f54d4000000-7f54d4021000 rw-p 00000000 00:00 0 
7f54d4021000-7f54d8000000 ---p 00000000 00:00 0 
7f54d8000000-7f54d8058000 rw-p 00000000 00:00 0 
7f54d8058000-7f54dc000000 ---p 00000000 00:00 0 
7f54dc01f000-7f54dc020000 r--p 00000000 08:03 138358                     /usr/lib64/libplds4.so
7f54dc020000-7f54dc021000 r-xp 00001000 08:03 138358                     /usr/lib64/libplds4.so
7f54dc021000-7f54dc022000 r--p 00002000 08:03 138358                     /usr/lib64/libplds4.so
7f54dc022000-7f54dc023000 r--p 00002000 08:03 138358                     /usr/lib64/libplds4.so
7f54dc023000-7f54dc024000 rw-p 00003000 08:03 138358                     /usr/lib64/libplds4.so
7f54dc02a000-7f54dc031000 r--s 00000000 08:03 659224                     /usr/lib64/gconv/gconv-modules.cache
7f54dc031000-7f54dc032000 r--p 00000000 08:03 275122                     /usr/lib/jvm/java-11-openjdk-11.0.13.0.8-1.fc34.x86_64/lib/libextnet.so
7f54dc032000-7f54dc033000 r-xp 00001000 08:03 275122                     /usr/lib/jvm/java-11-openjdk-11.0.13.0.8-1.fc34.x86_64/lib/libextnet.so
7f54dc033000-7f54dc034000 r--p 00002000 08:03 275122                     /usr/lib/jvm/java-11-openjdk-11.0.13.0.8-1.fc34.x86_64/lib/libextnet.so
7f54dc034000-7f54dc035000 r--p 00002000 08:03 275122                     /usr/lib/jvm/java-11-openjdk-11.0.13.0.8-1.fc34.x86_64/lib/libextnet.so
7f54dc035000-7f54dc036000 rw-p 00000000 00:00 0 
7f54dc036000-7f54dc038000 r--p 00000000 08:03 275387                     /usr/lib/jvm/java-11-openjdk-11.0.13.0.8-1.fc34.x86_64/lib/libmanagement_ext.so
7f54dc038000-7f54dc03b000 r-xp 00002000 08:03 275387                     /usr/lib/jvm/java-11-openjdk-11.0.13.0.8-1.fc34.x86_64/lib/libmanagement_ext.so
7f54dc03b000-7f54dc03c000 r--p 00005000 08:03 275387                     /usr/lib/jvm/java-11-openjdk-11.0.13.0.8-1.fc34.x86_64/lib/libmanagement_ext.so
7f54dc03c000-7f54dc03d000 ---p 00006000 08:03 275387                     /usr/lib/jvm/java-11-openjdk-11.0.13.0.8-1.fc34.x86_64/lib/libmanagement_ext.so
7f54dc03d000-7f54dc03e000 r--p 00006000 08:03 275387                     /usr/lib/jvm/java-11-openjdk-11.0.13.0.8-1.fc34.x86_64/lib/libmanagement_ext.so
7f54dc03e000-7f54dc14c000 rw-p 00000000 00:00 0 
7f54dc14c000-7f54dc14d000 ---p 00000000 00:00 0 
7f54dc14d000-7f54dc24e000 rw-p 00000000 00:00 0 
7f54dc24e000-7f54dc24f000 ---p 00000000 00:00 0 
7f54dc24f000-7f54dc754000 rw-p 00000000 00:00 0 
7f54dc754000-7f54dc755000 ---p 00000000 00:00 0 
7f54dc755000-7f54dc856000 rw-p 00000000 00:00 0 
7f54dc856000-7f54dcac6000 rwxp 00000000 00:00 0 
7f54dcac6000-7f54dcefd000 ---p 00000000 00:00 0 
7f54dcefd000-7f54dde0d000 rwxp 00000000 00:00 0 
7f54dde0d000-7f54eb856000 ---p 00000000 00:00 0 
7f54eb856000-7f54f4000000 r--s 00000000 08:03 275400                     /usr/lib/jvm/java-11-openjdk-11.0.13.0.8-1.fc34.x86_64/lib/modules
7f54f4000000-7f54f466d000 rw-p 00000000 00:00 0 
7f54f466d000-7f54f8000000 ---p 00000000 00:00 0 
7f54f8004000-7f54f8006000 r--p 00000000 08:03 146488                     /usr/lib64/libplc4.so
7f54f8006000-7f54f8008000 r-xp 00002000 08:03 146488                     /usr/lib64/libplc4.so
7f54f8008000-7f54f8009000 r--p 00004000 08:03 146488                     /usr/lib64/libplc4.so
7f54f8009000-7f54f800a000 r--p 00004000 08:03 146488                     /usr/lib64/libplc4.so
7f54f800a000-7f54f800b000 rw-p 00005000 08:03 146488                     /usr/lib64/libplc4.so
7f54f800b000-7f54f800c000 r--p 00000000 08:03 275396                     /usr/lib/jvm/java-11-openjdk-11.0.13.0.8-1.fc34.x86_64/lib/libsystemconf.so
7f54f800c000-7f54f800d000 r-xp 00001000 08:03 275396                     /usr/lib/jvm/java-11-openjdk-11.0.13.0.8-1.fc34.x86_64/lib/libsystemconf.so
7f54f800d000-7f54f800e000 r--p 00002000 08:03 275396                     /usr/lib/jvm/java-11-openjdk-11.0.13.0.8-1.fc34.x86_64/lib/libsystemconf.so
7f54f800e000-7f54f800f000 r--p 00002000 08:03 275396                     /usr/lib/jvm/java-11-openjdk-11.0.13.0.8-1.fc34.x86_64/lib/libsystemconf.so
7f54f800f000-7f54f8010000 rw-p 00000000 00:00 0 
7f54f8010000-7f54f8014000 r--p 00000000 08:03 275389                     /usr/lib/jvm/java-11-openjdk-11.0.13.0.8-1.fc34.x86_64/lib/libnet.so
7f54f8014000-7f54f8025000 r-xp 00004000 08:03 275389                     /usr/lib/jvm/java-11-openjdk-11.0.13.0.8-1.fc34.x86_64/lib/libnet.so
7f54f8025000-7f54f8029000 r--p 00015000 08:03 275389                     /usr/lib/jvm/java-11-openjdk-11.0.13.0.8-1.fc34.x86_64/lib/libnet.so
7f54f8029000-7f54f802a000 r--p 00018000 08:03 275389                     /usr/lib/jvm/java-11-openjdk-11.0.13.0.8-1.fc34.x86_64/lib/libnet.so
7f54f802a000-7f54f802b000 rw-p 00019000 08:03 275389                     /usr/lib/jvm/java-11-openjdk-11.0.13.0.8-1.fc34.x86_64/lib/libnet.so
7f54f802b000-7f54f8032000 r--p 00000000 08:03 275390                     /usr/lib/jvm/java-11-openjdk-11.0.13.0.8-1.fc34.x86_64/lib/libnio.so
7f54f8032000-7f54f803a000 r-xp 00007000 08:03 275390                     /usr/lib/jvm/java-11-openjdk-11.0.13.0.8-1.fc34.x86_64/lib/libnio.so
7f54f803a000-7f54f803d000 r--p 0000f000 08:03 275390                     /usr/lib/jvm/java-11-openjdk-11.0.13.0.8-1.fc34.x86_64/lib/libnio.so
7f54f803d000-7f54f803e000 r--p 00011000 08:03 275390                     /usr/lib/jvm/java-11-openjdk-11.0.13.0.8-1.fc34.x86_64/lib/libnio.so
7f54f803e000-7f54f803f000 rw-p 00012000 08:03 275390                     /usr/lib/jvm/java-11-openjdk-11.0.13.0.8-1.fc34.x86_64/lib/libnio.so
7f54f803f000-7f54f80a9000 rw-p 00000000 00:00 0 
7f54f80a9000-7f54f80aa000 ---p 00000000 00:00 0 
7f54f80aa000-7f54f82f8000 rw-p 00000000 00:00 0 
7f54f82f8000-7f54f90e4000 ---p 00000000 00:00 0 
7f54f90e4000-7f54f9218000 rw-p 00000000 00:00 0 
7f54f9218000-7f54fa004000 ---p 00000000 00:00 0 
7f54fa004000-7f54fa032000 rw-p 00000000 00:00 0 
7f54fa032000-7f54fa1ef000 ---p 00000000 00:00 0 
7f54fa1ef000-7f54fa216000 rw-p 00000000 00:00 0 
7f54fa216000-7f54fa3d3000 ---p 00000000 00:00 0 
7f54fa3d3000-7f54fa3fa000 rw-p 00000000 00:00 0 
7f54fa3fa000-7f54fa5b7000 ---p 00000000 00:00 0 
7f54fa5b7000-7f54fa9bc000 rw-p 00000000 00:00 0 
7f54fa9bc000-7f54fa9bd000 ---p 00000000 00:00 0 
7f54fa9bd000-7f54faadd000 rw-p 00000000 00:00 0 
7f54faadd000-7f54fac91000 ---p 00000000 00:00 0 
7f54fac91000-7f54fac96000 rw-p 00000000 00:00 0 
7f54fac96000-7f54fac9f000 ---p 00000000 00:00 0 
7f54fac9f000-7f54fb573000 r--s 00000000 08:03 6947098                    /var/lib/sss/mc/passwd
7f54fb573000-7f54fb575000 r--p 00000000 08:03 142853                     /usr/lib64/libnss_sss.so.2
7f54fb575000-7f54fb57c000 r-xp 00002000 08:03 142853                     /usr/lib64/libnss_sss.so.2
7f54fb57c000-7f54fb57e000 r--p 00009000 08:03 142853                     /usr/lib64/libnss_sss.so.2
7f54fb57e000-7f54fb57f000 r--p 0000a000 08:03 142853                     /usr/lib64/libnss_sss.so.2
7f54fb57f000-7f54fb580000 rw-p 0000b000 08:03 142853                     /usr/lib64/libnss_sss.so.2
7f54fb582000-7f54fb585000 r--p 00000000 08:03 275385                     /usr/lib/jvm/java-11-openjdk-11.0.13.0.8-1.fc34.x86_64/lib/libmanagement.so
7f54fb585000-7f54fb586000 r-xp 00003000 08:03 275385                     /usr/lib/jvm/java-11-openjdk-11.0.13.0.8-1.fc34.x86_64/lib/libmanagement.so
7f54fb586000-7f54fb587000 r--p 00004000 08:03 275385                     /usr/lib/jvm/java-11-openjdk-11.0.13.0.8-1.fc34.x86_64/lib/libmanagement.so
7f54fb587000-7f54fb588000 r--p 00004000 08:03 275385                     /usr/lib/jvm/java-11-openjdk-11.0.13.0.8-1.fc34.x86_64/lib/libmanagement.so
7f54fb588000-7f54fb589000 rw-p 00000000 00:00 0 
7f54fb589000-7f54fb58b000 r--p 00000000 08:03 275399                     /usr/lib/jvm/java-11-openjdk-11.0.13.0.8-1.fc34.x86_64/lib/libzip.so
7f54fb58b000-7f54fb58f000 r-xp 00002000 08:03 275399                     /usr/lib/jvm/java-11-openjdk-11.0.13.0.8-1.fc34.x86_64/lib/libzip.so
7f54fb58f000-7f54fb591000 r--p 00006000 08:03 275399                     /usr/lib/jvm/java-11-openjdk-11.0.13.0.8-1.fc34.x86_64/lib/libzip.so
7f54fb591000-7f54fb592000 r--p 00007000 08:03 275399                     /usr/lib/jvm/java-11-openjdk-11.0.13.0.8-1.fc34.x86_64/lib/libzip.so
7f54fb592000-7f54fb593000 rw-p 00000000 00:00 0 
7f54fb593000-7f54fb59b000 rw-s 00000000 00:23 416                        /tmp/hsperfdata_joel/24233
7f54fb59b000-7f54fb59c000 ---p 00000000 00:00 0 
7f54fb59c000-7f54fb59d000 r--p 00000000 00:00 0 
7f54fb59d000-7f54fb5ab000 r--p 00000000 08:03 275378                     /usr/lib/jvm/java-11-openjdk-11.0.13.0.8-1.fc34.x86_64/lib/libjava.so
7f54fb5ab000-7f54fb5c2000 r-xp 0000e000 08:03 275378                     /usr/lib/jvm/java-11-openjdk-11.0.13.0.8-1.fc34.x86_64/lib/libjava.so
7f54fb5c2000-7f54fb5c8000 r--p 00025000 08:03 275378                     /usr/lib/jvm/java-11-openjdk-11.0.13.0.8-1.fc34.x86_64/lib/libjava.so
7f54fb5c8000-7f54fb5c9000 ---p 0002b000 08:03 275378                     /usr/lib/jvm/java-11-openjdk-11.0.13.0.8-1.fc34.x86_64/lib/libjava.so
7f54fb5c9000-7f54fb5ca000 r--p 0002b000 08:03 275378                     /usr/lib/jvm/java-11-openjdk-11.0.13.0.8-1.fc34.x86_64/lib/libjava.so
7f54fb5ca000-7f54fb5cb000 rw-p 0002c000 08:03 275378                     /usr/lib/jvm/java-11-openjdk-11.0.13.0.8-1.fc34.x86_64/lib/libjava.so
7f54fb5cb000-7f54fb5cc000 rw-p 00000000 00:00 0 
7f54fb5cc000-7f54fb5cf000 r--p 00000000 08:03 146073                     /usr/lib64/librt-2.33.so
7f54fb5cf000-7f54fb5d3000 r-xp 00003000 08:03 146073                     /usr/lib64/librt-2.33.so
7f54fb5d3000-7f54fb5d5000 r--p 00007000 08:03 146073                     /usr/lib64/librt-2.33.so
7f54fb5d5000-7f54fb5d6000 r--p 00008000 08:03 146073                     /usr/lib64/librt-2.33.so
7f54fb5d6000-7f54fb5d7000 rw-p 00009000 08:03 146073                     /usr/lib64/librt-2.33.so
7f54fb5d7000-7f54fb5db000 ---p 00000000 00:00 0 
7f54fb5db000-7f54fb6d8000 rw-p 00000000 00:00 0 
7f54fb6d8000-7f54fb6db000 r--p 00000000 08:03 131227                     /usr/lib64/libgcc_s-11-20210728.so.1
7f54fb6db000-7f54fb6ed000 r-xp 00003000 08:03 131227                     /usr/lib64/libgcc_s-11-20210728.so.1
7f54fb6ed000-7f54fb6f0000 r--p 00015000 08:03 131227                     /usr/lib64/libgcc_s-11-20210728.so.1
7f54fb6f0000-7f54fb6f1000 ---p 00018000 08:03 131227                     /usr/lib64/libgcc_s-11-20210728.so.1
7f54fb6f1000-7f54fb6f2000 r--p 00018000 08:03 131227                     /usr/lib64/libgcc_s-11-20210728.so.1
7f54fb6f2000-7f54fb6f3000 rw-p 00019000 08:03 131227                     /usr/lib64/libgcc_s-11-20210728.so.1
7f54fb6f3000-7f54fb702000 r--p 00000000 08:03 146069                     /usr/lib64/libm-2.33.so
7f54fb702000-7f54fb79c000 r-xp 0000f000 08:03 146069                     /usr/lib64/libm-2.33.so
7f54fb79c000-7f54fb834000 r--p 000a9000 08:03 146069                     /usr/lib64/libm-2.33.so
7f54fb834000-7f54fb835000 ---p 00141000 08:03 146069                     /usr/lib64/libm-2.33.so
7f54fb835000-7f54fb836000 r--p 00141000 08:03 146069                     /usr/lib64/libm-2.33.so
7f54fb836000-7f54fb837000 rw-p 00142000 08:03 146069                     /usr/lib64/libm-2.33.so
7f54fb837000-7f54fb8d0000 r--p 00000000 08:03 132004                     /usr/lib64/libstdc++.so.6.0.29
7f54fb8d0000-7f54fb9d2000 r-xp 00099000 08:03 132004                     /usr/lib64/libstdc++.so.6.0.29
7f54fb9d2000-7f54fba45000 r--p 0019b000 08:03 132004                     /usr/lib64/libstdc++.so.6.0.29
7f54fba45000-7f54fba50000 r--p 0020d000 08:03 132004                     /usr/lib64/libstdc++.so.6.0.29
7f54fba50000-7f54fba53000 rw-p 00218000 08:03 132004                     /usr/lib64/libstdc++.so.6.0.29
7f54fba53000-7f54fba56000 rw-p 00000000 00:00 0 
7f54fba56000-7f54fbcd9000 r--p 00000000 08:03 3020897                    /usr/lib/jvm/java-11-openjdk-11.0.13.0.8-1.fc34.x86_64/lib/server/libjvm.so
7f54fbcd9000-7f54fc9ca000 r-xp 00283000 08:03 3020897                    /usr/lib/jvm/java-11-openjdk-11.0.13.0.8-1.fc34.x86_64/lib/server/libjvm.so
7f54fc9ca000-7f54fcc24000 r--p 00f74000 08:03 3020897                    /usr/lib/jvm/java-11-openjdk-11.0.13.0.8-1.fc34.x86_64/lib/server/libjvm.so
7f54fcc24000-7f54fcc25000 ---p 011ce000 08:03 3020897                    /usr/lib/jvm/java-11-openjdk-11.0.13.0.8-1.fc34.x86_64/lib/server/libjvm.so
7f54fcc25000-7f54fcce9000 r--p 011ce000 08:03 3020897                    /usr/lib/jvm/java-11-openjdk-11.0.13.0.8-1.fc34.x86_64/lib/server/libjvm.so
7f54fcce9000-7f54fcd24000 rw-p 01292000 08:03 3020897                    /usr/lib/jvm/java-11-openjdk-11.0.13.0.8-1.fc34.x86_64/lib/server/libjvm.so
7f54fcd24000-7f54fcd7d000 rw-p 00000000 00:00 0 
7f54fcd7d000-7f54fcd84000 r--p 00000000 08:03 146071                     /usr/lib64/libpthread-2.33.so
7f54fcd84000-7f54fcd93000 r-xp 00007000 08:03 146071                     /usr/lib64/libpthread-2.33.so
7f54fcd93000-7f54fcd97000 r--p 00016000 08:03 146071                     /usr/lib64/libpthread-2.33.so
7f54fcd97000-7f54fcd98000 ---p 0001a000 08:03 146071                     /usr/lib64/libpthread-2.33.so
7f54fcd98000-7f54fcd99000 r--p 0001a000 08:03 146071                     /usr/lib64/libpthread-2.33.so
7f54fcd99000-7f54fcd9a000 rw-p 0001b000 08:03 146071                     /usr/lib64/libpthread-2.33.so
7f54fcd9a000-7f54fcd9e000 rw-p 00000000 00:00 0 
7f54fcd9e000-7f54fcda0000 r--p 00000000 08:03 146068                     /usr/lib64/libdl-2.33.so
7f54fcda0000-7f54fcda2000 r-xp 00002000 08:03 146068                     /usr/lib64/libdl-2.33.so
7f54fcda2000-7f54fcda3000 r--p 00004000 08:03 146068                     /usr/lib64/libdl-2.33.so
7f54fcda3000-7f54fcda4000 r--p 00004000 08:03 146068                     /usr/lib64/libdl-2.33.so
7f54fcda4000-7f54fcda5000 rw-p 00000000 00:00 0 
7f54fcda5000-7f54fcda8000 r--p 00000000 08:03 145166                     /usr/lib64/libz.so.1.2.11
7f54fcda8000-7f54fcdb6000 r-xp 00003000 08:03 145166                     /usr/lib64/libz.so.1.2.11
7f54fcdb6000-7f54fcdbc000 r--p 00011000 08:03 145166                     /usr/lib64/libz.so.1.2.11
7f54fcdbc000-7f54fcdbd000 ---p 00017000 08:03 145166                     /usr/lib64/libz.so.1.2.11
7f54fcdbd000-7f54fcdbe000 r--p 00017000 08:03 145166                     /usr/lib64/libz.so.1.2.11
7f54fcdbe000-7f54fcdbf000 rw-p 00000000 00:00 0 
7f54fcdbf000-7f54fcde5000 r--p 00000000 08:03 144102                     /usr/lib64/libc-2.33.so
7f54fcde5000-7f54fcf32000 r-xp 00026000 08:03 144102                     /usr/lib64/libc-2.33.so
7f54fcf32000-7f54fcf7e000 r--p 00173000 08:03 144102                     /usr/lib64/libc-2.33.so
7f54fcf7e000-7f54fcf7f000 ---p 001bf000 08:03 144102                     /usr/lib64/libc-2.33.so
7f54fcf7f000-7f54fcf82000 r--p 001bf000 08:03 144102                     /usr/lib64/libc-2.33.so
7f54fcf82000-7f54fcf85000 rw-p 001c2000 08:03 144102                     /usr/lib64/libc-2.33.so
7f54fcf85000-7f54fcf8e000 rw-p 00000000 00:00 0 
7f54fcf8f000-7f54fcf91000 r--p 00000000 08:03 275381                     /usr/lib/jvm/java-11-openjdk-11.0.13.0.8-1.fc34.x86_64/lib/libjimage.so
7f54fcf91000-7f54fcf94000 r-xp 00002000 08:03 275381                     /usr/lib/jvm/java-11-openjdk-11.0.13.0.8-1.fc34.x86_64/lib/libjimage.so
7f54fcf94000-7f54fcf95000 r--p 00005000 08:03 275381                     /usr/lib/jvm/java-11-openjdk-11.0.13.0.8-1.fc34.x86_64/lib/libjimage.so
7f54fcf95000-7f54fcf96000 ---p 00006000 08:03 275381                     /usr/lib/jvm/java-11-openjdk-11.0.13.0.8-1.fc34.x86_64/lib/libjimage.so
7f54fcf96000-7f54fcf97000 r--p 00006000 08:03 275381                     /usr/lib/jvm/java-11-openjdk-11.0.13.0.8-1.fc34.x86_64/lib/libjimage.so
7f54fcf97000-7f54fcf98000 rw-p 00007000 08:03 275381                     /usr/lib/jvm/java-11-openjdk-11.0.13.0.8-1.fc34.x86_64/lib/libjimage.so
7f54fcf98000-7f54fcf9d000 r--p 00000000 08:03 275398                     /usr/lib/jvm/java-11-openjdk-11.0.13.0.8-1.fc34.x86_64/lib/libverify.so
7f54fcf9d000-7f54fcfa4000 r-xp 00005000 08:03 275398                     /usr/lib/jvm/java-11-openjdk-11.0.13.0.8-1.fc34.x86_64/lib/libverify.so
7f54fcfa4000-7f54fcfa6000 r--p 0000c000 08:03 275398                     /usr/lib/jvm/java-11-openjdk-11.0.13.0.8-1.fc34.x86_64/lib/libverify.so
7f54fcfa6000-7f54fcfa8000 r--p 0000d000 08:03 275398                     /usr/lib/jvm/java-11-openjdk-11.0.13.0.8-1.fc34.x86_64/lib/libverify.so
7f54fcfa8000-7f54fcfa9000 rw-p 00000000 00:00 0 
7f54fcfa9000-7f54fcfac000 r--p 00000000 08:03 796731                     /usr/lib/jvm/java-11-openjdk-11.0.13.0.8-1.fc34.x86_64/lib/jli/libjli.so
7f54fcfac000-7f54fcfb6000 r-xp 00003000 08:03 796731                     /usr/lib/jvm/java-11-openjdk-11.0.13.0.8-1.fc34.x86_64/lib/jli/libjli.so
7f54fcfb6000-7f54fcfb9000 r--p 0000d000 08:03 796731                     /usr/lib/jvm/java-11-openjdk-11.0.13.0.8-1.fc34.x86_64/lib/jli/libjli.so
7f54fcfb9000-7f54fcfba000 ---p 00010000 08:03 796731                     /usr/lib/jvm/java-11-openjdk-11.0.13.0.8-1.fc34.x86_64/lib/jli/libjli.so
7f54fcfba000-7f54fcfbb000 r--p 00010000 08:03 796731                     /usr/lib/jvm/java-11-openjdk-11.0.13.0.8-1.fc34.x86_64/lib/jli/libjli.so
7f54fcfbb000-7f54fcfbc000 rw-p 00011000 08:03 796731                     /usr/lib/jvm/java-11-openjdk-11.0.13.0.8-1.fc34.x86_64/lib/jli/libjli.so
7f54fcfbc000-7f54fcfbe000 rw-p 00000000 00:00 0 
7f54fcfbe000-7f54fcfbf000 r--p 00000000 08:03 146066                     /usr/lib64/ld-2.33.so
7f54fcfbf000-7f54fcfe4000 r-xp 00001000 08:03 146066                     /usr/lib64/ld-2.33.so
7f54fcfe4000-7f54fcfee000 r--p 00026000 08:03 146066                     /usr/lib64/ld-2.33.so
7f54fcfee000-7f54fcff0000 r--p 0002f000 08:03 146066                     /usr/lib64/ld-2.33.so
7f54fcff0000-7f54fcff2000 rw-p 00031000 08:03 146066                     /usr/lib64/ld-2.33.so
7ffcae8dd000-7ffcae900000 rw-p 00000000 00:00 0                          [stack]
7ffcae9e8000-7ffcae9ec000 r--p 00000000 00:00 0                          [vvar]
7ffcae9ec000-7ffcae9ee000 r-xp 00000000 00:00 0                          [vdso]
ffffffffff600000-ffffffffff601000 r-xp 00000000 00:00 0                  [vsyscall]


VM Arguments:
jvm_args: -Dcom.sun.management.jmxremote -Dcom.sun.management.jmxremote.port=44059 -Dcom.sun.management.jmxremote.authenticate=false -Dcom.sun.management.jmxremote.ssl=false -Djava.rmi.server.hostname=localhost -Dspring.jmx.enabled=true -Dspring.application.admin.enabled=true -Djava.security.egd=file:/dev/./urandom -XX:TieredStopAtLevel=1 -Dspring.boot.project.name=Mod16.01Nivel1_JocDeDaus.MySQL -Dfile.encoding=UTF-8 
java_command: com.ascii274.practicas.Application
java_class_path (initial): /home/joel/Programacion/Java_ItAcademy/It_Academy_Mod_8_16/Mod16_JocDaus/Mod16.01Nivel1_JocDeDaus.MySQL/target/classes:/home/joel/.m2/repository/org/springframework/boot/spring-boot-starter-web/2.5.6/spring-boot-starter-web-2.5.6.jar:/home/joel/.m2/repository/org/springframework/boot/spring-boot-starter-json/2.5.6/spring-boot-starter-json-2.5.6.jar:/home/joel/.m2/repository/com/fasterxml/jackson/core/jackson-databind/2.12.5/jackson-databind-2.12.5.jar:/home/joel/.m2/repository/com/fasterxml/jackson/core/jackson-annotations/2.12.5/jackson-annotations-2.12.5.jar:/home/joel/.m2/repository/com/fasterxml/jackson/core/jackson-core/2.12.5/jackson-core-2.12.5.jar:/home/joel/.m2/repository/com/fasterxml/jackson/datatype/jackson-datatype-jdk8/2.12.5/jackson-datatype-jdk8-2.12.5.jar:/home/joel/.m2/repository/com/fasterxml/jackson/datatype/jackson-datatype-jsr310/2.12.5/jackson-datatype-jsr310-2.12.5.jar:/home/joel/.m2/repository/com/fasterxml/jackson/module/jackson-module-parameter-names/2.12.5/jackson-module-parameter-names-2.12.5.jar:/home/joel/.m2/repository/org/springframework/boot/spring-boot-starter-tomcat/2.5.6/spring-boot-starter-tomcat-2.5.6.jar:/home/joel/.m2/repository/org/apache/tomcat/embed/tomcat-embed-core/9.0.54/tomcat-embed-core-9.0.54.jar:/home/joel/.m2/repository/org/apache/tomcat/embed/tomcat-embed-el/9.0.54/tomcat-embed-el-9.0.54.jar:/home/joel/.m2/repository/org/apache/tomcat/embed/tomcat-embed-websocket/9.0.54/tomcat-embed-websocket-9.0.54.jar:/home/joel/.m2/repository/org/springframework/spring-web/5.3.12/spring-web-5.3.12.jar:/home/joel/.m2/repository/org/springframework/spring-beans/5.3.12/spring-beans-5.3.12.jar:/home/joel/.m2/repository/org/springframework/spring-webmvc/5.3.12/spring-webmvc-5.3.12.jar:/home/joel/.m2/repository/org/springframework/spring-aop/5.3.12/spring-aop-5.3.12.jar:/home/joel/.m2/repository/org/springframework/spring-context/5.3.12/spring-context-5.3.12.jar:/home/joel/.m2/repository/org/springframewo
Launcher Type: SUN_STANDARD

[Global flags]
     intx CICompilerCount                          = 3                                         {product} {ergonomic}
     uint ConcGCThreads                            = 1                                         {product} {ergonomic}
     uint G1ConcRefinementThreads                  = 4                                         {product} {ergonomic}
   size_t G1HeapRegionSize                         = 1048576                                   {product} {ergonomic}
    uintx GCDrainStackTargetSize                   = 64                                        {product} {ergonomic}
   size_t InitialHeapSize                          = 65011712                                  {product} {ergonomic}
     bool ManagementServer                         = true                                      {product} {command line}
   size_t MarkStackSize                            = 4194304                                   {product} {ergonomic}
   size_t MaxHeapSize                              = 1015021568                                {product} {ergonomic}
   size_t MaxNewSize                               = 608174080                                 {product} {ergonomic}
   size_t MinHeapDeltaBytes                        = 1048576                                   {product} {ergonomic}
    uintx NonNMethodCodeHeapSize                   = 6973028                                {pd product} {ergonomic}
    uintx NonProfiledCodeHeapSize                  = 244685212                              {pd product} {ergonomic}
    uintx ProfiledCodeHeapSize                     = 0                                      {pd product} {ergonomic}
    uintx ReservedCodeCacheSize                    = 251658240                              {pd product} {ergonomic}
     bool SegmentedCodeCache                       = true                                      {product} {ergonomic}
     intx TieredStopAtLevel                        = 1                                         {product} {command line}
     bool UseCompressedClassPointers               = true                                 {lp64_product} {ergonomic}
     bool UseCompressedOops                        = true                                 {lp64_product} {ergonomic}
     bool UseG1GC                                  = true                                      {product} {ergonomic}

Logging:
Log output configuration:
 #0: stdout all=warning uptime,level,tags
 #1: stderr all=off uptime,level,tags

Environment Variables:
PATH=/home/joel/.sdkman/candidates/gradle/current/bin:/home/joel/.local/bin:/home/joel/bin:/usr/local/bin:/usr/bin:/bin:/usr/local/sbin:/usr/sbin:/home/joel/.composer/vendor/bin:/var/lib/snapd/snap/bin
SHELL=/bin/bash
DISPLAY=:0
LANG=es_ES.UTF-8

Signal Handlers:
SIGSEGV: [libjvm.so+0xefe790], sa_mask[0]=11111111011111111101111111111110, sa_flags=SA_RESTART|SA_SIGINFO
SIGBUS: [libjvm.so+0xefe790], sa_mask[0]=11111111011111111101111111111110, sa_flags=SA_RESTART|SA_SIGINFO
SIGFPE: [libjvm.so+0xefe790], sa_mask[0]=11111111011111111101111111111110, sa_flags=SA_RESTART|SA_SIGINFO
SIGPIPE: [libjvm.so+0xc5e290], sa_mask[0]=11111111011111111101111111111110, sa_flags=SA_RESTART|SA_SIGINFO
SIGXFSZ: [libjvm.so+0xc5e290], sa_mask[0]=11111111011111111101111111111110, sa_flags=SA_RESTART|SA_SIGINFO
SIGILL: [libjvm.so+0xefe790], sa_mask[0]=11111111011111111101111111111110, sa_flags=SA_RESTART|SA_SIGINFO
SIGUSR2: [libjvm.so+0xc5e110], sa_mask[0]=00100000000000000000000000000000, sa_flags=SA_RESTART|SA_SIGINFO
SIGHUP: [libjvm.so+0xc5e6f0], sa_mask[0]=11111111011111111101111111111110, sa_flags=SA_RESTART|SA_SIGINFO
SIGINT: [libjvm.so+0xc5e6f0], sa_mask[0]=11111111011111111101111111111110, sa_flags=SA_RESTART|SA_SIGINFO
SIGTERM: [libjvm.so+0xc5e6f0], sa_mask[0]=11111111011111111101111111111110, sa_flags=SA_RESTART|SA_SIGINFO
SIGQUIT: [libjvm.so+0xc5e6f0], sa_mask[0]=11111111011111111101111111111110, sa_flags=SA_RESTART|SA_SIGINFO


---------------  S Y S T E M  ---------------

OS:Fedora release 34 (Thirty Four)
uname:Linux 5.14.14-200.fc34.x86_64 #1 SMP Wed Oct 20 16:15:12 UTC 2021 x86_64
OS uptime: 0 days 4:32 hours
libc:glibc 2.33 NPTL 2.33 
rlimit (soft/hard): STACK 8192k/infinity , CORE infinity/infinity , NPROC 15309/15309 , NOFILE 524288/524288 , AS infinity/infinity , CPU infinity/infinity , DATA infinity/infinity , FSIZE infinity/infinity , MEMLOCK 64k/64k
load average:1,15 0,91 0,81

/proc/meminfo:
MemTotal:        3958036 kB
MemFree:          111488 kB
MemAvailable:     240328 kB
Buffers:            4748 kB
Cached:           309888 kB
SwapCached:       300084 kB
Active:           659852 kB
Inactive:        1477548 kB
Active(anon):     486544 kB
Inactive(anon):  1355384 kB
Active(file):     173308 kB
Inactive(file):   122164 kB
Unevictable:        5816 kB
Mlocked:            5816 kB
SwapTotal:       9817080 kB
SwapFree:        4908696 kB
Dirty:               704 kB
Writeback:             0 kB
AnonPages:       1821532 kB
Mapped:           224524 kB
Shmem:             14244 kB
KReclaimable:      78384 kB
Slab:             245704 kB
SReclaimable:      78384 kB
SUnreclaim:       167320 kB
KernelStack:       29712 kB
PageTables:        80716 kB
NFS_Unstable:          0 kB
Bounce:                0 kB
WritebackTmp:          0 kB
CommitLimit:    11796096 kB
Committed_AS:   19727172 kB
VmallocTotal:   34359738367 kB
VmallocUsed:       83644 kB
VmallocChunk:          0 kB
Percpu:             4304 kB
HardwareCorrupted:     0 kB
AnonHugePages:         0 kB
ShmemHugePages:        0 kB
ShmemPmdMapped:        0 kB
FileHugePages:         0 kB
FilePmdMapped:         0 kB
CmaTotal:              0 kB
CmaFree:               0 kB
HugePages_Total:       0
HugePages_Free:        0
HugePages_Rsvd:        0
HugePages_Surp:        0
Hugepagesize:       2048 kB
Hugetlb:               0 kB
DirectMap4k:      564412 kB
DirectMap2M:     3579904 kB
DirectMap1G:     1048576 kB

/sys/kernel/mm/transparent_hugepage/enabled:
always [madvise] never
/sys/kernel/mm/transparent_hugepage/defrag (defrag/compaction efforts parameter):
always defer defer+madvise [madvise] never

Process Memory:
Virtual Size: 4928412K (peak: 12393352K)
Resident Set Size: 198080K (peak: 237928K) (anon: 186096K, file: 11968K, shmem: 16K)
Swapped out: 36124K
C-Heap outstanding allocations: 32377K

/proc/sys/kernel/threads-max (system-wide limit on the number of threads):
30618
/proc/sys/vm/max_map_count (maximum number of memory map areas a process may have):
65530
/proc/sys/kernel/pid_max (system-wide limit on number of process identifiers):
4194304

Steal ticks since vm start: 0
Steal ticks percentage since vm start:  0,000

CPU:total 4 (initial active 4) (4 cores per cpu, 1 threads per core) family 6 model 94 stepping 3 microcode 0xea, cmov, cx8, fxsr, mmx, sse, sse2, sse3, ssse3, sse4.1, sse4.2, popcnt, avx, avx2, aes, clmul, erms, 3dnowpref, lzcnt, tsc, tscinvbit, bmi1, bmi2, adx, fma
CPU Model and flags from /proc/cpuinfo:
model name	: Intel(R) Core(TM) i5-6400 CPU @ 2.70GHz
flags		: fpu vme de pse tsc msr pae mce cx8 apic sep mtrr pge mca cmov pat pse36 clflush dts acpi mmx fxsr sse sse2 ss ht tm pbe syscall nx pdpe1gb rdtscp lm constant_tsc art arch_perfmon pebs bts rep_good nopl xtopology nonstop_tsc cpuid aperfmperf pni pclmulqdq dtes64 monitor ds_cpl vmx est tm2 ssse3 sdbg fma cx16 xtpr pdcm pcid sse4_1 sse4_2 x2apic movbe popcnt tsc_deadline_timer aes xsave avx f16c rdrand lahf_lm abm 3dnowprefetch cpuid_fault epb invpcid_single pti ssbd ibrs ibpb stibp tpr_shadow vnmi flexpriority ept vpid ept_ad fsgsbase tsc_adjust bmi1 avx2 smep bmi2 erms invpcid mpx rdseed adx smap clflushopt intel_pt xsaveopt xsavec xgetbv1 xsaves dtherm ida arat pln pts hwp hwp_notify hwp_act_window hwp_epp md_clear flush_l1d
Online cpus:
0-3
Offline cpus:

BIOS frequency limitation:
<Not Available>
Frequency switch latency (ns):
0
Available cpu frequencies:
<Not Available>
Current governor:
powersave
Core performance/turbo boost:
<Not Available>

Memory: 4k page, physical 3958036k(111488k free), swap 9817080k(4908928k free)

vm_info: OpenJDK 64-Bit Server VM (11.0.13+8) for linux-amd64 JRE (11.0.13+8), built on Oct 13 2021 00:00:00 by "mockbuild" with gcc 11.2.1 20210728 (Red Hat 11.2.1-1)

END.
