#
# A fatal error has been detected by the Java Runtime Environment:
#
#  SIGSEGV (0xb) at pc=0x00007efc64828d5f, pid=71608, tid=73731
#
# JRE version: OpenJDK Runtime Environment (16.0.1+9) (build 16.0.1+9-24)
# Java VM: OpenJDK 64-Bit Server VM (16.0.1+9-24, mixed mode, tiered, compressed oops, compressed class ptrs, g1 gc, linux-amd64)
# Problematic frame:
# V  [libjvm.so+0x5ebd5f]  Deoptimization::update_method_data_from_interpreter(MethodData*, int, int)+0x5f
#
# Core dump will be written. Default location: Core dumps may be processed with "/usr/lib/systemd/systemd-coredump %P %u %g %s %t %c %h" (or dumping to /home/joel/Programacion/Java_ItAcademy/It_Academy_Mod_8_en_Adelante/Mod14_SpringRestApi/Mod14Nivel1Fase2_WhiteCollar_MySQL/core.71608)
#
# If you would like to submit a bug report, please visit:
#   https://bugreport.java.com/bugreport/crash.jsp
#

---------------  S U M M A R Y ------------

Command Line: -Dcom.sun.management.jmxremote -Dcom.sun.management.jmxremote.port=41805 -Dcom.sun.management.jmxremote.authenticate=false -Dcom.sun.management.jmxremote.ssl=false -Djava.rmi.server.hostname=localhost -Dspring.jmx.enabled=true -Dspring.application.admin.enabled=true -Djava.security.egd=file:/dev/./urandom -XX:TieredStopAtLevel=1 -Dspring.boot.project.name=Mod14Nivel1Fase2_WhiteCollar_MySQL -Dfile.encoding=UTF-8 -XX:+ShowCodeDetailsInExceptionMessages com.ascii274.practica.Mod14Nivel1Fase2MysqlApplication

Host: Intel(R) Core(TM) i5-6400 CPU @ 2.70GHz, 4 cores, 3G, Fedora release 34 (Thirty Four)
Time: Tue Oct 26 23:15:05 2021 CEST elapsed time: 1450.030347 seconds (0d 0h 24m 10s)

---------------  T H R E A D  ---------------

Current thread (0x00007efbe4021ae0):  JavaThread "restartedMain" [_thread_in_vm, id=73731, stack(0x00007efc146fb000,0x00007efc147fc000)]

Stack: [0x00007efc146fb000,0x00007efc147fc000],  sp=0x00007efc147f9c50,  free space=1019k
Native frames: (J=compiled Java code, A=aot compiled Java code, j=interpreted, Vv=VM code, C=native code)
V  [libjvm.so+0x5ebd5f]  Deoptimization::update_method_data_from_interpreter(MethodData*, int, int)+0x5f
V  [libjvm.so+0x7ed294]  InterpreterRuntime::note_trap(JavaThread*, int, Thread*)+0xf4
V  [libjvm.so+0x7ed4b0]  InterpreterRuntime::create_exception(JavaThread*, char*, char*)+0x1c0

Java frames: (J=compiled Java code, j=interpreted, Vv=VM code)

[error occurred during error reporting (printing Java stack), id 0xb, SIGSEGV (0xb) at pc=0x00007efc64da04c4]


siginfo: si_signo: 11 (SIGSEGV), si_code: 1 (SEGV_MAPERR), si_addr: 0xffffffff00000131

Register to memory mapping:

RAX=0x00007efc65446853: <offset 0x0000000001209853> in /opt/eclipse/plugins/org.eclipse.justj.openjdk.hotspot.jre.full.linux.x86_64_16.0.1.v20210528-1205/jre/lib/server/libjvm.so at 0x00007efc6423d000
RBX=0x00007efc003e7210 points into unknown readable memory: 0x0000000000000000 | 00 00 00 00 00 00 00 00
RCX=0x0000000000000007 is an unknown value
RDX=0x0000000000000001 is an unknown value
RSP=0x00007efc147f9c50 is pointing into the stack for thread: 0x00007efbe4021ae0
RBP=0x00007efc147f9ca0 is pointing into the stack for thread: 0x00007efbe4021ae0
RSI=0x0000000064a2a231 is an unknown value
RDI=0x00007efc653fc530: <offset 0x00000000011bf530> in /opt/eclipse/plugins/org.eclipse.justj.openjdk.hotspot.jre.full.linux.x86_64_16.0.1.v20210528-1205/jre/lib/server/libjvm.so at 0x00007efc6423d000
R8 =0x00007efc4d008b10 is at code_begin+-112 in 
[CodeBlob (0x00007efc4d008b10)]
Framesize: 0
BufferBlob (0x00007efc4d008b10) used for Interpreter
R9 =0x00007efc4d000000 points into unknown readable memory: 0x0000000000000006 | 06 00 00 00 00 00 00 00
R10=0x00007efc601b1000 points into unknown readable memory: 0x0100050403020100 | 00 01 02 03 04 05 00 01
R11=0x00007efc4e325340 is at entry_point+32 in (nmethod*)0x00007efc4e325190
R12=0x0000000064a2a231 is an unknown value
R13=0x00007efbe4023a80 points into unknown readable memory: 0x00007efc00000002 | 02 00 00 00 fc 7e 00 00
R14=0xffffffff00000068 is an unknown value
R15=0x0000000000000001 is an unknown value


Registers:
RAX=0x00007efc65446853, RBX=0x00007efc003e7210, RCX=0x0000000000000007, RDX=0x0000000000000001
RSP=0x00007efc147f9c50, RBP=0x00007efc147f9ca0, RSI=0x0000000064a2a231, RDI=0x00007efc653fc530
R8 =0x00007efc4d008b10, R9 =0x00007efc4d000000, R10=0x00007efc601b1000, R11=0x00007efc4e325340
R12=0x0000000064a2a231, R13=0x00007efbe4023a80, R14=0xffffffff00000068, R15=0x0000000000000001
RIP=0x00007efc64828d5f, EFLAGS=0x0000000000010246, CSGSFS=0x002b000000000033, ERR=0x0000000000000005
  TRAPNO=0x000000000000000e

Top of Stack: (sp=0x00007efc147f9c50)
0x00007efc147f9c50:   00007efc4d008b10 00000000000003d8
0x00007efc147f9c60:   00007efc003e75f8 00007efc003e7220
0x00007efc147f9c70:   00007efc38a8ac18 00007efbe4043130
0x00007efc147f9c80:   0000000064a2a231 0000000000000001 

Instructions: (pc=0x00007efc64828d5f)
0x00007efc64828c5f:   6e c3 00 48 83 3b 00 0f 84 76 fe ff ff 4c 89 45
0x00007efc64828c6f:   c0 e8 2b 9a 5f 00 44 8b 55 c8 48 8b 3b 48 8d 35
0x00007efc64828c7f:   fb b5 8a 00 49 89 c5 31 c0 44 89 d2 e8 d0 63 84
0x00007efc64828c8f:   00 4c 89 ef e8 08 9c 5f 00 4c 8b 45 c0 e9 41 fe
0x00007efc64828c9f:   ff ff 0f 1f 80 00 00 00 00 bb 04 00 00 00 e9 31
0x00007efc64828caf:   fd ff ff 66 0f 1f 44 00 00 bb 01 00 00 00 e9 21
0x00007efc64828cbf:   fd ff ff 66 0f 1f 44 00 00 bb 03 00 00 00 e9 43
0x00007efc64828ccf:   fe ff ff 66 0f 1f 44 00 00 bb 02 00 00 00 e9 01
0x00007efc64828cdf:   fd ff ff 66 0f 1f 44 00 00 bb 06 00 00 00 e9 23
0x00007efc64828cef:   fe ff ff 45 31 ff e9 e8 fd ff ff 66 0f 1f 44 00
0x00007efc64828cff:   00 55 48 89 e5 41 57 41 89 d7 41 56 49 89 fe 41
0x00007efc64828d0f:   55 41 54 41 89 f4 53 48 83 ec 28 66 48 8d 3d 0e
0x00007efc64828d1f:   38 bd 00 66 66 48 e8 16 e7 c4 ff 48 8b 00 4c 8b
0x00007efc64828d2f:   a8 78 02 00 00 49 8b 45 18 49 8b 5d 10 48 89 45
0x00007efc64828d3f:   c8 49 8b 45 20 48 89 45 c0 49 8b 45 28 48 89 45
0x00007efc64828d4f:   b8 48 8d 05 fc da c1 00 80 38 00 75 1c 49 63 d7
0x00007efc64828d5f:   41 0f b6 84 16 c8 00 00 00 3c ff 0f 85 f8 00 00
0x00007efc64828d6f:   00 41 83 86 c0 00 00 00 01 41 8d 47 ff 44 89 f9
0x00007efc64828d7f:   83 f8 07 76 7c 41 83 ff 0f 0f 84 52 02 00 00 41
0x00007efc64828d8f:   83 ff 13 0f 84 90 01 00 00 41 83 ff 14 0f 84 66
0x00007efc64828d9f:   02 00 00 41 83 ff 15 0f 84 74 02 00 00 41 83 ff
0x00007efc64828daf:   17 0f 84 7a 02 00 00 41 83 ff 18 0f 84 58 02 00
0x00007efc64828dbf:   00 48 83 3b 00 74 14 48 8b 75 b8 4c 89 ef e8 de
0x00007efc64828dcf:   68 dc ff 48 89 df e8 76 5a dc ff 48 8b 45 c0 66
0x00007efc64828ddf:   48 0f 6e c3 0f 16 45 c8 49 89 45 20 41 0f 11 45
0x00007efc64828def:   10 48 83 c4 28 5b 41 5c 41 5d 41 5e 41 5f 5d c3
0x00007efc64828dff:   90 41 8d 47 ed 44 89 e6 4c 89 f7 89 45 b0 e8 2e
0x00007efc64828e0f:   53 58 00 48 89 c2 48 85 c0 74 66 48 8b 7a 08 8b
0x00007efc64828e1f:   4f 04 89 ce 81 e6 ff ff ff 7f 81 fe ff ff ff 7f
0x00007efc64828e2f:   74 8f 41 39 f7 74 8a 89 c8 25 00 00 00 80 45 8d
0x00007efc64828e3f:   04 07 05 ff ff ff 7f 85 f6 44 0f 45 c0 44 39 c1
0x00007efc64828e4f:   0f 84 6b ff ff ff 41 09 c8 44 89 47 04 e9 5f ff 


Stack slot to memory mapping:
stack at sp + 0 slots: 0x00007efc4d008b10 is at code_begin+-112 in 
[CodeBlob (0x00007efc4d008b10)]
Framesize: 0
BufferBlob (0x00007efc4d008b10) used for Interpreter
stack at sp + 1 slots: 0x00000000000003d8 is an unknown value
stack at sp + 2 slots: 0x00007efc003e75f8 points into unknown readable memory: 0x0000000000000265 | 65 02 00 00 00 00 00 00
stack at sp + 3 slots: 0x00007efc003e7220 points into unknown readable memory: 0x697270732e67726f | 6f 72 67 2e 73 70 72 69
stack at sp + 4 slots: {method} {0x00007efc38a8ac18} 'clearCache' '()V' in 'org/springframework/core/type/classreading/CachingMetadataReaderFactory'
stack at sp + 5 slots: 0x00007efbe4043130 points into unknown readable memory: 0x0000001e00000006 | 06 00 00 00 1e 00 00 00
stack at sp + 6 slots: 0x0000000064a2a231 is an unknown value
stack at sp + 7 slots: 0x0000000000000001 is an unknown value


---------------  P R O C E S S  ---------------

Threads class SMR info:
_java_thread_list=0x00007efbe4044830, length=21, elements={
0x00007efc5c12fa20, 0x00007efc5c1314f0, 0x00007efc5c15eb60, 0x00007efc5c1600b0,
0x00007efc5c1615f0, 0x00007efc5c162be0, 0x00007efc5c164140, 0x00007efc5c21ea10,
0x00007efc5c262730, 0x00007efc10000fd0, 0x00007efc5c629840, 0x00007efc5c630bb0,
0x00007efc5c651f60, 0x00007efbe400e960, 0x00007efbb8613990, 0x00007efbb8f85560,
0x00007efc5c024c40, 0x00007efc10005910, 0x00007efbe40140d0, 0x00007efbe40203a0,
0x00007efbe4021ae0
}

Java Threads: ( => current thread )
  0x00007efc5c12fa20 JavaThread "Reference Handler" daemon [_thread_blocked, id=71620, stack(0x00007efc3b2ff000,0x00007efc3b400000)]
  0x00007efc5c1314f0 JavaThread "Finalizer" daemon [_thread_blocked, id=71621, stack(0x00007efc3b1fe000,0x00007efc3b2ff000)]
  0x00007efc5c15eb60 JavaThread "Signal Dispatcher" daemon [_thread_blocked, id=71622, stack(0x00007efc3b0fd000,0x00007efc3b1fe000)]
  0x00007efc5c1600b0 JavaThread "Service Thread" daemon [_thread_blocked, id=71623, stack(0x00007efc3affc000,0x00007efc3b0fd000)]
  0x00007efc5c1615f0 JavaThread "Monitor Deflation Thread" daemon [_thread_blocked, id=71624, stack(0x00007efc3aefb000,0x00007efc3affc000)]
  0x00007efc5c162be0 JavaThread "C1 CompilerThread0" daemon [_thread_blocked, id=71625, stack(0x00007efc3adfa000,0x00007efc3aefb000)]
  0x00007efc5c164140 JavaThread "Sweeper thread" daemon [_thread_blocked, id=71626, stack(0x00007efc3acf9000,0x00007efc3adfa000)]
  0x00007efc5c21ea10 JavaThread "Common-Cleaner" daemon [_thread_blocked, id=71627, stack(0x00007efc3abf8000,0x00007efc3acf9000)]
  0x00007efc5c262730 JavaThread "Notification Thread" daemon [_thread_blocked, id=71628, stack(0x00007efc3aaf7000,0x00007efc3abf8000)]
  0x00007efc10000fd0 JavaThread "Attach Listener" daemon [_thread_blocked, id=71629, stack(0x00007efc3a9f6000,0x00007efc3aaf7000)]
  0x00007efc5c629840 JavaThread "RMI TCP Accept-0" daemon [_thread_in_native, id=71631, stack(0x00007efc39eff000,0x00007efc3a000000)]
  0x00007efc5c630bb0 JavaThread "RMI TCP Accept-41805" daemon [_thread_in_native, id=71632, stack(0x00007efc39dfe000,0x00007efc39eff000)]
  0x00007efc5c651f60 JavaThread "RMI TCP Accept-0" daemon [_thread_in_native, id=71633, stack(0x00007efc39cfd000,0x00007efc39dfe000)]
  0x00007efbe400e960 JavaThread "RMI Scheduler(0)" daemon [_thread_blocked, id=71637, stack(0x00007efc399f9000,0x00007efc39afa000)]
  0x00007efbb8613990 JavaThread "mysql-cj-abandoned-connection-cleanup" daemon [_thread_blocked, id=71652, stack(0x00007efc167cd000,0x00007efc168ce000)]
  0x00007efbb8f85560 JavaThread "Live Reload Server" daemon [_thread_in_native, id=71664, stack(0x00007efc148fd000,0x00007efc149fe000)]
  0x00007efc5c024c40 JavaThread "DestroyJavaVM" [_thread_blocked, id=71613, stack(0x00007efc63ff8000,0x00007efc640f9000)]
  0x00007efc10005910 JavaThread "Thread-31" [_thread_blocked, id=73671, stack(0x00007efc143f8000,0x00007efc144f9000)]
  0x00007efbe40140d0 JavaThread "File Watcher" daemon [_thread_blocked, id=73701, stack(0x00007efc398f8000,0x00007efc399f9000)]
  0x00007efbe40203a0 JavaThread "File Watcher" daemon [_thread_blocked, id=73724, stack(0x00007efc169cf000,0x00007efc16ad0000)]
=>0x00007efbe4021ae0 JavaThread "restartedMain" [_thread_in_vm, id=73731, stack(0x00007efc146fb000,0x00007efc147fc000)]

Other Threads:
  0x00007efc5c110cb0 VMThread "VM Thread" [stack: 0x00007efc3bc20000,0x00007efc3bd20000] [id=71619]
  0x00007efc5c116170 WatcherThread [stack: 0x00007efc39bfd000,0x00007efc39cfd000] [id=71634]
  0x00007efc5c053bb0 GCTaskThread "GC Thread#0" [stack: 0x00007efc4a63e000,0x00007efc4a73e000] [id=71614]
  0x00007efc30004630 GCTaskThread "GC Thread#1" [stack: 0x00007efc397f8000,0x00007efc398f8000] [id=71639]
  0x00007efc30006dc0 GCTaskThread "GC Thread#2" [stack: 0x00007efc396f6000,0x00007efc397f6000] [id=71640]
  0x00007efc30005ac0 GCTaskThread "GC Thread#3" [stack: 0x00007efc395f4000,0x00007efc396f4000] [id=71641]
  0x00007efc5c05cc00 ConcurrentGCThread "G1 Main Marker" [stack: 0x00007efc4a53c000,0x00007efc4a63c000] [id=71615]
  0x00007efc5c05dc90 ConcurrentGCThread "G1 Conc#0" [stack: 0x00007efc4a43a000,0x00007efc4a53a000] [id=71616]
  0x00007efc5c0999b0 ConcurrentGCThread "G1 Refine#0" [stack: 0x00007efc3bf00000,0x00007efc3c000000] [id=71617]
  0x00007efc34000e90 ConcurrentGCThread "G1 Refine#1" [stack: 0x00007efc394f2000,0x00007efc395f2000] [id=71642]
  0x00007efc5c09a9d0 ConcurrentGCThread "G1 Service" [stack: 0x00007efc3bdfe000,0x00007efc3befe000] [id=71618]

Threads with active compile tasks:

VM state: not at safepoint (normal execution)

VM Mutex/Monitor currently owned by a thread: None

Heap address: 0x00000000c3800000, size: 968 MB, Compressed Oops mode: 32-bit

CDS disabled.
Compressed class space mapped at: 0x0000000100000000-0x0000000140000000, reserved size: 1073741824
Narrow klass base: 0x0000000000000000, Narrow klass shift: 3, Narrow klass range: 0x140000000

GC Precious Log:
 CPUs: 4 total, 4 available
 Memory: 3865M
 Large Page Support: Disabled
 NUMA Support: Disabled
 Compressed Oops: Enabled (32-bit)
 Heap Region Size: 1M
 Heap Min Capacity: 8M
 Heap Initial Capacity: 62M
 Heap Max Capacity: 968M
 Pre-touch: Disabled
 Parallel Workers: 4
 Concurrent Workers: 1
 Concurrent Refinement Workers: 4
 Periodic GC: Disabled

Heap:
 garbage-first heap   total 78848K, used 27224K [0x00000000c3800000, 0x0000000100000000)
  region size 1024K, 5 young (5120K), 0 survivors (0K)
 Metaspace       used 69750K, committed 70400K, reserved 1114112K
  class space    used 9174K, committed 9472K, reserved 1048576K

Heap Regions: E=young(eden), S=young(survivor), O=old, HS=humongous(starts), HC=humongous(continues), CS=collection set, F=free, OA=open archive, CA=closed archive, TAMS=top-at-mark-start (previous, next)
|   0|0x00000000c3800000, 0x00000000c3900000, 0x00000000c3900000|100%|HS|  |TAMS 0x00000000c3900000, 0x00000000c3800000| Untracked 
|   1|0x00000000c3900000, 0x00000000c39fffe0, 0x00000000c3a00000| 99%| O|  |TAMS 0x00000000c3900000, 0x00000000c3900000| Untracked 
|   2|0x00000000c3a00000, 0x00000000c3afffd8, 0x00000000c3b00000| 99%| O|  |TAMS 0x00000000c3a00000, 0x00000000c3a00000| Untracked 
|   3|0x00000000c3b00000, 0x00000000c3bff038, 0x00000000c3c00000| 99%| O|  |TAMS 0x00000000c3b00000, 0x00000000c3b00000| Untracked 
|   4|0x00000000c3c00000, 0x00000000c3d00000, 0x00000000c3d00000|100%| O|  |TAMS 0x00000000c3c00000, 0x00000000c3c00000| Untracked 
|   5|0x00000000c3d00000, 0x00000000c3de2840, 0x00000000c3e00000| 88%| O|  |TAMS 0x00000000c3d00000, 0x00000000c3d00000| Untracked 
|   6|0x00000000c3e00000, 0x00000000c3f00000, 0x00000000c3f00000|100%| O|  |TAMS 0x00000000c3e00000, 0x00000000c3e00000| Untracked 
|   7|0x00000000c3f00000, 0x00000000c3ffffd8, 0x00000000c4000000| 99%| O|  |TAMS 0x00000000c3f00000, 0x00000000c3f00000| Untracked 
|   8|0x00000000c4000000, 0x00000000c40ffe48, 0x00000000c4100000| 99%| O|  |TAMS 0x00000000c4000000, 0x00000000c4000000| Untracked 
|   9|0x00000000c4100000, 0x00000000c41ffff0, 0x00000000c4200000| 99%| O|  |TAMS 0x00000000c4100000, 0x00000000c4100000| Untracked 
|  10|0x00000000c4200000, 0x00000000c42fff30, 0x00000000c4300000| 99%| O|  |TAMS 0x00000000c4200000, 0x00000000c4200000| Untracked 
|  11|0x00000000c4300000, 0x00000000c4400000, 0x00000000c4400000|100%| O|  |TAMS 0x00000000c4300000, 0x00000000c4300000| Untracked 
|  12|0x00000000c4400000, 0x00000000c44ffff0, 0x00000000c4500000| 99%| O|  |TAMS 0x00000000c4400000, 0x00000000c4400000| Untracked 
|  13|0x00000000c4500000, 0x00000000c45f6f08, 0x00000000c4600000| 96%| O|  |TAMS 0x00000000c4500000, 0x00000000c4500000| Untracked 
|  14|0x00000000c4600000, 0x00000000c4700000, 0x00000000c4700000|100%| O|  |TAMS 0x00000000c4600000, 0x00000000c4600000| Untracked 
|  15|0x00000000c4700000, 0x00000000c47fffc8, 0x00000000c4800000| 99%| O|  |TAMS 0x00000000c4700000, 0x00000000c4700000| Untracked 
|  16|0x00000000c4800000, 0x00000000c48ffff8, 0x00000000c4900000| 99%| O|  |TAMS 0x00000000c4800000, 0x00000000c4800000| Untracked 
|  17|0x00000000c4900000, 0x00000000c49ffff0, 0x00000000c4a00000| 99%| O|  |TAMS 0x00000000c4900000, 0x00000000c4900000| Untracked 
|  18|0x00000000c4a00000, 0x00000000c4afffd8, 0x00000000c4b00000| 99%| O|  |TAMS 0x00000000c4a00000, 0x00000000c4a00000| Untracked 
|  19|0x00000000c4b00000, 0x00000000c4bfffe8, 0x00000000c4c00000| 99%| O|  |TAMS 0x00000000c4b00000, 0x00000000c4b00000| Untracked 
|  20|0x00000000c4c00000, 0x00000000c4cfffd8, 0x00000000c4d00000| 99%| O|  |TAMS 0x00000000c4c00000, 0x00000000c4c00000| Untracked 
|  21|0x00000000c4d00000, 0x00000000c4dc68b0, 0x00000000c4e00000| 77%| O|  |TAMS 0x00000000c4d00000, 0x00000000c4d00000| Untracked 
|  22|0x00000000c4e00000, 0x00000000c4ef7488, 0x00000000c4f00000| 96%| O|  |TAMS 0x00000000c4e00000, 0x00000000c4e00000| Untracked 
|  23|0x00000000c4f00000, 0x00000000c4f00000, 0x00000000c5000000|  0%| F|  |TAMS 0x00000000c4f00000, 0x00000000c4f00000| Untracked 
|  24|0x00000000c5000000, 0x00000000c5000000, 0x00000000c5100000|  0%| F|  |TAMS 0x00000000c5000000, 0x00000000c5000000| Untracked 
|  25|0x00000000c5100000, 0x00000000c5100000, 0x00000000c5200000|  0%| F|  |TAMS 0x00000000c5100000, 0x00000000c5100000| Untracked 
|  26|0x00000000c5200000, 0x00000000c5200000, 0x00000000c5300000|  0%| F|  |TAMS 0x00000000c5200000, 0x00000000c5200000| Untracked 
|  27|0x00000000c5300000, 0x00000000c5300000, 0x00000000c5400000|  0%| F|  |TAMS 0x00000000c5300000, 0x00000000c5300000| Untracked 
|  28|0x00000000c5400000, 0x00000000c5400000, 0x00000000c5500000|  0%| F|  |TAMS 0x00000000c5400000, 0x00000000c5400000| Untracked 
|  29|0x00000000c5500000, 0x00000000c5500000, 0x00000000c5600000|  0%| F|  |TAMS 0x00000000c5500000, 0x00000000c5500000| Untracked 
|  30|0x00000000c5600000, 0x00000000c5600000, 0x00000000c5700000|  0%| F|  |TAMS 0x00000000c5600000, 0x00000000c5600000| Untracked 
|  31|0x00000000c5700000, 0x00000000c5700000, 0x00000000c5800000|  0%| F|  |TAMS 0x00000000c5700000, 0x00000000c5700000| Untracked 
|  32|0x00000000c5800000, 0x00000000c5800000, 0x00000000c5900000|  0%| F|  |TAMS 0x00000000c5800000, 0x00000000c5800000| Untracked 
|  33|0x00000000c5900000, 0x00000000c5900000, 0x00000000c5a00000|  0%| F|  |TAMS 0x00000000c5900000, 0x00000000c5900000| Untracked 
|  34|0x00000000c5a00000, 0x00000000c5a00000, 0x00000000c5b00000|  0%| F|  |TAMS 0x00000000c5a00000, 0x00000000c5a00000| Untracked 
|  35|0x00000000c5b00000, 0x00000000c5b00000, 0x00000000c5c00000|  0%| F|  |TAMS 0x00000000c5b00000, 0x00000000c5b00000| Untracked 
|  36|0x00000000c5c00000, 0x00000000c5c00000, 0x00000000c5d00000|  0%| F|  |TAMS 0x00000000c5c00000, 0x00000000c5c00000| Untracked 
|  37|0x00000000c5d00000, 0x00000000c5d00000, 0x00000000c5e00000|  0%| F|  |TAMS 0x00000000c5d00000, 0x00000000c5d00000| Untracked 
|  38|0x00000000c5e00000, 0x00000000c5e00000, 0x00000000c5f00000|  0%| F|  |TAMS 0x00000000c5e00000, 0x00000000c5e00000| Untracked 
|  39|0x00000000c5f00000, 0x00000000c5f00000, 0x00000000c6000000|  0%| F|  |TAMS 0x00000000c5f00000, 0x00000000c5f00000| Untracked 
|  40|0x00000000c6000000, 0x00000000c6000000, 0x00000000c6100000|  0%| F|  |TAMS 0x00000000c6000000, 0x00000000c6000000| Untracked 
|  41|0x00000000c6100000, 0x00000000c6100000, 0x00000000c6200000|  0%| F|  |TAMS 0x00000000c6100000, 0x00000000c6100000| Untracked 
|  42|0x00000000c6200000, 0x00000000c6200000, 0x00000000c6300000|  0%| F|  |TAMS 0x00000000c6200000, 0x00000000c6200000| Untracked 
|  43|0x00000000c6300000, 0x00000000c6300000, 0x00000000c6400000|  0%| F|  |TAMS 0x00000000c6300000, 0x00000000c6300000| Untracked 
|  44|0x00000000c6400000, 0x00000000c6400000, 0x00000000c6500000|  0%| F|  |TAMS 0x00000000c6400000, 0x00000000c6400000| Untracked 
|  45|0x00000000c6500000, 0x00000000c6500000, 0x00000000c6600000|  0%| F|  |TAMS 0x00000000c6500000, 0x00000000c6500000| Untracked 
|  46|0x00000000c6600000, 0x00000000c6600000, 0x00000000c6700000|  0%| F|  |TAMS 0x00000000c6600000, 0x00000000c6600000| Untracked 
|  47|0x00000000c6700000, 0x00000000c6700000, 0x00000000c6800000|  0%| F|  |TAMS 0x00000000c6700000, 0x00000000c6700000| Untracked 
|  48|0x00000000c6800000, 0x00000000c6800000, 0x00000000c6900000|  0%| F|  |TAMS 0x00000000c6800000, 0x00000000c6800000| Untracked 
|  49|0x00000000c6900000, 0x00000000c6900000, 0x00000000c6a00000|  0%| F|  |TAMS 0x00000000c6900000, 0x00000000c6900000| Untracked 
|  50|0x00000000c6a00000, 0x00000000c6a00000, 0x00000000c6b00000|  0%| F|  |TAMS 0x00000000c6a00000, 0x00000000c6a00000| Untracked 
|  51|0x00000000c6b00000, 0x00000000c6b00000, 0x00000000c6c00000|  0%| F|  |TAMS 0x00000000c6b00000, 0x00000000c6b00000| Untracked 
|  52|0x00000000c6c00000, 0x00000000c6c00000, 0x00000000c6d00000|  0%| F|  |TAMS 0x00000000c6c00000, 0x00000000c6c00000| Untracked 
|  53|0x00000000c6d00000, 0x00000000c6d00000, 0x00000000c6e00000|  0%| F|  |TAMS 0x00000000c6d00000, 0x00000000c6d00000| Untracked 
|  54|0x00000000c6e00000, 0x00000000c6e00000, 0x00000000c6f00000|  0%| F|  |TAMS 0x00000000c6e00000, 0x00000000c6e00000| Untracked 
|  55|0x00000000c6f00000, 0x00000000c6f00000, 0x00000000c7000000|  0%| F|  |TAMS 0x00000000c6f00000, 0x00000000c6f00000| Untracked 
|  56|0x00000000c7000000, 0x00000000c7000000, 0x00000000c7100000|  0%| F|  |TAMS 0x00000000c7000000, 0x00000000c7000000| Untracked 
|  57|0x00000000c7100000, 0x00000000c7100000, 0x00000000c7200000|  0%| F|  |TAMS 0x00000000c7100000, 0x00000000c7100000| Untracked 
|  58|0x00000000c7200000, 0x00000000c7200000, 0x00000000c7300000|  0%| F|  |TAMS 0x00000000c7200000, 0x00000000c7200000| Untracked 
|  59|0x00000000c7300000, 0x00000000c7300000, 0x00000000c7400000|  0%| F|  |TAMS 0x00000000c7300000, 0x00000000c7300000| Untracked 
|  60|0x00000000c7400000, 0x00000000c7400000, 0x00000000c7500000|  0%| F|  |TAMS 0x00000000c7400000, 0x00000000c7400000| Untracked 
|  61|0x00000000c7500000, 0x00000000c7500000, 0x00000000c7600000|  0%| F|  |TAMS 0x00000000c7500000, 0x00000000c7500000| Untracked 
|  62|0x00000000c7600000, 0x00000000c7600000, 0x00000000c7700000|  0%| F|  |TAMS 0x00000000c7600000, 0x00000000c7600000| Untracked 
|  63|0x00000000c7700000, 0x00000000c7700000, 0x00000000c7800000|  0%| F|  |TAMS 0x00000000c7700000, 0x00000000c7700000| Untracked 
|  64|0x00000000c7800000, 0x00000000c7800000, 0x00000000c7900000|  0%| F|  |TAMS 0x00000000c7800000, 0x00000000c7800000| Untracked 
|  65|0x00000000c7900000, 0x00000000c7900000, 0x00000000c7a00000|  0%| F|  |TAMS 0x00000000c7900000, 0x00000000c7900000| Untracked 
|  66|0x00000000c7a00000, 0x00000000c7a00000, 0x00000000c7b00000|  0%| F|  |TAMS 0x00000000c7a00000, 0x00000000c7a00000| Untracked 
|  67|0x00000000c7b00000, 0x00000000c7b00000, 0x00000000c7c00000|  0%| F|  |TAMS 0x00000000c7b00000, 0x00000000c7b00000| Untracked 
|  68|0x00000000c7c00000, 0x00000000c7c00000, 0x00000000c7d00000|  0%| F|  |TAMS 0x00000000c7c00000, 0x00000000c7c00000| Untracked 
|  69|0x00000000c7d00000, 0x00000000c7d00000, 0x00000000c7e00000|  0%| F|  |TAMS 0x00000000c7d00000, 0x00000000c7d00000| Untracked 
|  70|0x00000000c7e00000, 0x00000000c7e00000, 0x00000000c7f00000|  0%| F|  |TAMS 0x00000000c7e00000, 0x00000000c7e00000| Untracked 
|  71|0x00000000c7f00000, 0x00000000c7f00000, 0x00000000c8000000|  0%| F|  |TAMS 0x00000000c7f00000, 0x00000000c7f00000| Untracked 
|  72|0x00000000c8000000, 0x00000000c809c370, 0x00000000c8100000| 61%| E|  |TAMS 0x00000000c8000000, 0x00000000c8000000| Complete 
|  73|0x00000000c8100000, 0x00000000c8200000, 0x00000000c8200000|100%| E|CS|TAMS 0x00000000c8100000, 0x00000000c8100000| Complete 
|  74|0x00000000c8200000, 0x00000000c8300000, 0x00000000c8300000|100%| E|CS|TAMS 0x00000000c8200000, 0x00000000c8200000| Complete 
|  75|0x00000000c8300000, 0x00000000c8400000, 0x00000000c8400000|100%| E|CS|TAMS 0x00000000c8300000, 0x00000000c8300000| Complete 
|  76|0x00000000c8400000, 0x00000000c8500000, 0x00000000c8500000|100%| E|CS|TAMS 0x00000000c8400000, 0x00000000c8400000| Complete 

Card table byte_map: [0x00007efc4c762000,0x00007efc4c946000] _byte_map_base: 0x00007efc4c146000

Marking Bits (Prev, Next): (CMBitMap*) 0x00007efc5c0547a0, (CMBitMap*) 0x00007efc5c054760
 Prev Bits: [0x00007efc4a73e000, 0x00007efc4b65e000)
 Next Bits: [0x00007efc4b65e000, 0x00007efc4c57e000)

Polling page: 0x00007efc656c7000

Metaspace:

Usage:
  Non-class:     59,16 MB used.
      Class:      8,96 MB used.
       Both:     68,12 MB used.

Virtual space:
  Non-class space:       64,00 MB reserved,      59,50 MB ( 93%) committed,  8 nodes.
      Class space:        1,00 GB reserved,       9,25 MB ( <1%) committed,  1 nodes.
              Both:        1,06 GB reserved,      68,75 MB (  6%) committed. 

Chunk freelists:
   Non-Class:  346,00 KB
       Class:  2,65 MB
        Both:  2,99 MB

MaxMetaspaceSize: 17179869184,00 GB
CompressedClassSpaceSize: 1,00 GB
 - commit_granule_bytes: 65536.
 - commit_granule_words: 8192.
 - virtual_space_node_default_size: 1048576.
 - enlarge_chunks_in_place: 1.
 - new_chunks_are_fully_committed: 0.
 - uncommit_free_chunks: 1.
 - use_allocation_guard: 0.
 - handle_deallocations: 1.


Internal statistics:

num_allocs_failed_limit: 11.
num_arena_births: 922.
num_arena_deaths: 146.
num_vsnodes_births: 9.
num_vsnodes_deaths: 0.
num_space_committed: 1100.
num_space_uncommitted: 0.
num_chunks_returned_to_freelist: 191.
num_chunks_taken_from_freelist: 3257.
num_chunk_merges: 57.
num_chunk_splits: 2100.
num_chunks_enlarged: 1459.
num_purges: 16.

CodeHeap 'non-profiled nmethods': size=238948Kb used=14459Kb max_used=14459Kb free=224488Kb
 bounds [0x00007efc4d6a7000, 0x00007efc4e4c7000, 0x00007efc5c000000]
CodeHeap 'non-nmethods': size=6812Kb used=1316Kb max_used=1316Kb free=5495Kb
 bounds [0x00007efc4d000000, 0x00007efc4d270000, 0x00007efc4d6a7000]
 total_blobs=9412 nmethods=8770 adapters=569
 compilation: enabled
              stopped_count=0, restarted_count=0
 full_count=0

Compilation events (20 events):
Event: 1449,188 Thread 0x00007efc5c162be0 8768       1       java.util.stream.Collectors::lambda$castingIdentity$2 (2 bytes)
Event: 1449,188 Thread 0x00007efc5c162be0 nmethod 8768 0x00007efc4e4c3690 code [0x00007efc4e4c3820, 0x00007efc4e4c38d0]
Event: 1449,803 Thread 0x00007efc5c162be0 8769   !   1       org.springframework.boot.context.properties.bind.Binder$Context::withSource (67 bytes)
Event: 1449,803 Thread 0x00007efc5c162be0 nmethod 8769 0x00007efc4e4c3990 code [0x00007efc4e4c3b60, 0x00007efc4e4c3d20]
Event: 1449,803 Thread 0x00007efc5c162be0 8770       1       org.springframework.boot.context.properties.bind.Binder$$Lambda$230/0x000000010022e6c0::get (28 bytes)
Event: 1449,803 Thread 0x00007efc5c162be0 nmethod 8770 0x00007efc4e4c3e10 code [0x00007efc4e4c3fc0, 0x00007efc4e4c40c0]
Event: 1449,804 Thread 0x00007efc5c162be0 8771       1       org.springframework.boot.context.properties.bind.Binder::lambda$null$1 (13 bytes)
Event: 1449,804 Thread 0x00007efc5c162be0 nmethod 8771 0x00007efc4e4c4190 code [0x00007efc4e4c4320, 0x00007efc4e4c4400]
Event: 1449,805 Thread 0x00007efc5c162be0 8772       1       org.springframework.boot.context.config.ConfigDataLocation::<init> (20 bytes)
Event: 1449,805 Thread 0x00007efc5c162be0 nmethod 8772 0x00007efc4e4c4490 code [0x00007efc4e4c4620, 0x00007efc4e4c4770]
Event: 1449,810 Thread 0x00007efc5c162be0 8773       1       org.springframework.boot.context.config.ConfigDataEnvironmentContributors::getRoot (5 bytes)
Event: 1449,811 Thread 0x00007efc5c162be0 nmethod 8773 0x00007efc4e4c4810 code [0x00007efc4e4c49a0, 0x00007efc4e4c4a70]
Event: 1449,869 Thread 0x00007efc5c162be0 8774       1       java.util.logging.LogManager::demandLogger (53 bytes)
Event: 1449,870 Thread 0x00007efc5c162be0 nmethod 8774 0x00007efc4e4c4b10 code [0x00007efc4e4c4d00, 0x00007efc4e4c4f90]
Event: 1449,934 Thread 0x00007efc5c162be0 8775       1       org.springframework.context.event.SimpleApplicationEventMulticaster::getTaskExecutor (5 bytes)
Event: 1449,934 Thread 0x00007efc5c162be0 nmethod 8775 0x00007efc4e4c5190 code [0x00007efc4e4c5320, 0x00007efc4e4c53f0]
Event: 1449,935 Thread 0x00007efc5c162be0 8776       1       ch.qos.logback.classic.spi.LoggingEvent::getThreadName (22 bytes)
Event: 1449,936 Thread 0x00007efc5c162be0 nmethod 8776 0x00007efc4e4c5490 code [0x00007efc4e4c5620, 0x00007efc4e4c5750]
Event: 1449,936 Thread 0x00007efc5c162be0 8777       1       ch.qos.logback.classic.spi.LoggingEvent::getFormattedMessage (53 bytes)
Event: 1449,939 Thread 0x00007efc5c162be0 nmethod 8777 0x00007efc4e4c5810 code [0x00007efc4e4c59e0, 0x00007efc4e4c5c40]

GC Heap History (20 events):
Event: 444,862 GC heap before
{Heap before GC invocations=35 (full 4):
 garbage-first heap   total 81920K, used 35850K [0x00000000c3800000, 0x0000000100000000)
  region size 1024K, 11 young (11264K), 3 survivors (3072K)
 Metaspace       used 68853K, committed 69440K, reserved 1114112K
  class space    used 9101K, committed 9344K, reserved 1048576K
}
Event: 445,790 GC heap after
{Heap after GC invocations=36 (full 5):
 garbage-first heap   total 81920K, used 23548K [0x00000000c3800000, 0x0000000100000000)
  region size 1024K, 0 young (0K), 0 survivors (0K)
 Metaspace       used 68847K, committed 69440K, reserved 1114112K
  class space    used 9100K, committed 9344K, reserved 1048576K
}
Event: 446,562 GC heap before
{Heap before GC invocations=36 (full 5):
 garbage-first heap   total 81920K, used 63484K [0x00000000c3800000, 0x0000000100000000)
  region size 1024K, 39 young (39936K), 0 survivors (0K)
 Metaspace       used 68914K, committed 69568K, reserved 1114112K
  class space    used 9111K, committed 9408K, reserved 1048576K
}
Event: 446,609 GC heap after
{Heap after GC invocations=37 (full 5):
 garbage-first heap   total 81920K, used 26357K [0x00000000c3800000, 0x0000000100000000)
  region size 1024K, 3 young (3072K), 3 survivors (3072K)
 Metaspace       used 68914K, committed 69568K, reserved 1114112K
  class space    used 9111K, committed 9408K, reserved 1048576K
}
Event: 447,100 GC heap before
{Heap before GC invocations=37 (full 5):
 garbage-first heap   total 81920K, used 64245K [0x00000000c3800000, 0x0000000100000000)
  region size 1024K, 40 young (40960K), 3 survivors (3072K)
 Metaspace       used 69171K, committed 69760K, reserved 1114112K
  class space    used 9133K, committed 9408K, reserved 1048576K
}
Event: 447,118 GC heap after
{Heap after GC invocations=38 (full 5):
 garbage-first heap   total 81920K, used 28501K [0x00000000c3800000, 0x0000000100000000)
  region size 1024K, 3 young (3072K), 3 survivors (3072K)
 Metaspace       used 69171K, committed 69760K, reserved 1114112K
  class space    used 9133K, committed 9408K, reserved 1048576K
}
Event: 1173,398 GC heap before
{Heap before GC invocations=38 (full 5):
 garbage-first heap   total 81920K, used 58197K [0x00000000c3800000, 0x0000000100000000)
  region size 1024K, 33 young (33792K), 3 survivors (3072K)
 Metaspace       used 69226K, committed 69824K, reserved 1114112K
  class space    used 9137K, committed 9408K, reserved 1048576K
}
Event: 1174,739 GC heap after
{Heap after GC invocations=39 (full 6):
 garbage-first heap   total 81920K, used 24090K [0x00000000c3800000, 0x0000000100000000)
  region size 1024K, 0 young (0K), 0 survivors (0K)
 Metaspace       used 69220K, committed 69824K, reserved 1114112K
  class space    used 9136K, committed 9408K, reserved 1048576K
}
Event: 1176,010 GC heap before
{Heap before GC invocations=39 (full 6):
 garbage-first heap   total 81920K, used 64026K [0x00000000c3800000, 0x0000000100000000)
  region size 1024K, 39 young (39936K), 0 survivors (0K)
 Metaspace       used 69258K, committed 69824K, reserved 1114112K
  class space    used 9141K, committed 9408K, reserved 1048576K
}
Event: 1176,051 GC heap after
{Heap after GC invocations=40 (full 6):
 garbage-first heap   total 81920K, used 26902K [0x00000000c3800000, 0x0000000100000000)
  region size 1024K, 3 young (3072K), 3 survivors (3072K)
 Metaspace       used 69258K, committed 69824K, reserved 1114112K
  class space    used 9141K, committed 9408K, reserved 1048576K
}
Event: 1176,580 GC heap before
{Heap before GC invocations=40 (full 6):
 garbage-first heap   total 81920K, used 64790K [0x00000000c3800000, 0x0000000100000000)
  region size 1024K, 40 young (40960K), 3 survivors (3072K)
 Metaspace       used 69467K, committed 70144K, reserved 1114112K
  class space    used 9156K, committed 9472K, reserved 1048576K
}
Event: 1176,614 GC heap after
{Heap after GC invocations=41 (full 6):
 garbage-first heap   total 106496K, used 28895K [0x00000000c3800000, 0x0000000100000000)
  region size 1024K, 3 young (3072K), 3 survivors (3072K)
 Metaspace       used 69467K, committed 70144K, reserved 1114112K
  class space    used 9156K, committed 9472K, reserved 1048576K
}
Event: 1194,098 GC heap before
{Heap before GC invocations=41 (full 6):
 garbage-first heap   total 106496K, used 37087K [0x00000000c3800000, 0x0000000100000000)
  region size 1024K, 12 young (12288K), 3 survivors (3072K)
 Metaspace       used 69498K, committed 70144K, reserved 1114112K
  class space    used 9158K, committed 9472K, reserved 1048576K
}
Event: 1194,206 GC heap after
{Heap after GC invocations=42 (full 7):
 garbage-first heap   total 81920K, used 22889K [0x00000000c3800000, 0x0000000100000000)
  region size 1024K, 0 young (0K), 0 survivors (0K)
 Metaspace       used 69362K, committed 70144K, reserved 1114112K
  class space    used 9127K, committed 9472K, reserved 1048576K
}
Event: 1194,612 GC heap before
{Heap before GC invocations=42 (full 7):
 garbage-first heap   total 81920K, used 63849K [0x00000000c3800000, 0x0000000100000000)
  region size 1024K, 40 young (40960K), 0 survivors (0K)
 Metaspace       used 69461K, committed 70144K, reserved 1114112K
  class space    used 9146K, committed 9472K, reserved 1048576K
}
Event: 1194,620 GC heap after
{Heap after GC invocations=43 (full 7):
 garbage-first heap   total 81920K, used 25703K [0x00000000c3800000, 0x0000000100000000)
  region size 1024K, 3 young (3072K), 3 survivors (3072K)
 Metaspace       used 69461K, committed 70144K, reserved 1114112K
  class space    used 9146K, committed 9472K, reserved 1048576K
}
Event: 1194,950 GC heap before
{Heap before GC invocations=43 (full 7):
 garbage-first heap   total 81920K, used 64615K [0x00000000c3800000, 0x0000000100000000)
  region size 1024K, 41 young (41984K), 3 survivors (3072K)
 Metaspace       used 69712K, committed 70336K, reserved 1114112K
  class space    used 9169K, committed 9472K, reserved 1048576K
}
Event: 1194,974 GC heap after
{Heap after GC invocations=44 (full 7):
 garbage-first heap   total 81920K, used 27744K [0x00000000c3800000, 0x0000000100000000)
  region size 1024K, 5 young (5120K), 5 survivors (5120K)
 Metaspace       used 69712K, committed 70336K, reserved 1114112K
  class space    used 9169K, committed 9472K, reserved 1048576K
}
Event: 1437,641 GC heap before
{Heap before GC invocations=44 (full 7):
 garbage-first heap   total 81920K, used 40032K [0x00000000c3800000, 0x0000000100000000)
  region size 1024K, 18 young (18432K), 5 survivors (5120K)
 Metaspace       used 69745K, committed 70400K, reserved 1114112K
  class space    used 9172K, committed 9472K, reserved 1048576K
}
Event: 1440,310 GC heap after
{Heap after GC invocations=45 (full 8):
 garbage-first heap   total 78848K, used 23128K [0x00000000c3800000, 0x0000000100000000)
  region size 1024K, 0 young (0K), 0 survivors (0K)
 Metaspace       used 69739K, committed 70400K, reserved 1114112K
  class space    used 9171K, committed 9472K, reserved 1048576K
}

Deoptimization events (6 events):
Event: 2,017 Thread 0x00007efbc40056e0 DEOPT PACKING pc=0x00007efc4d9bd06c sp=0x00007efc392eaa50
Event: 2,017 Thread 0x00007efbc40056e0 DEOPT UNPACKING pc=0x00007efc4d04dbba sp=0x00007efc392e9fc8 mode 0
Event: 6,165 Thread 0x00007efbc40056e0 DEOPT PACKING pc=0x00007efc4d967c80 sp=0x00007efc392ead10
Event: 6,165 Thread 0x00007efbc40056e0 DEOPT UNPACKING pc=0x00007efc4d04dbba sp=0x00007efc392ea248 mode 3
Event: 6,165 Thread 0x00007efbc40056e0 DEOPT PACKING pc=0x00007efc4d9522ba sp=0x00007efc392eace0
Event: 6,165 Thread 0x00007efbc40056e0 DEOPT UNPACKING pc=0x00007efc4d04dbba sp=0x00007efc392ea248 mode 3

Classes unloaded (20 events):
Event: 1194,156 Thread 0x00007efc5c110cb0 Unloading class 0x0000000100142c00 'java/lang/invoke/LambdaForm$MH+0x0000000100142c00'
Event: 1194,156 Thread 0x00007efc5c110cb0 Unloading class 0x0000000100142800 'java/lang/invoke/LambdaForm$MH+0x0000000100142800'
Event: 1194,156 Thread 0x00007efc5c110cb0 Unloading class 0x0000000100140800 'java/lang/invoke/LambdaForm$DMH+0x0000000100140800'
Event: 1194,156 Thread 0x00007efc5c110cb0 Unloading class 0x0000000100140000 'java/lang/invoke/LambdaForm$DMH+0x0000000100140000'
Event: 1194,156 Thread 0x00007efc5c110cb0 Unloading class 0x00000001000c8000 'jdk/internal/reflect/GeneratedConstructorAccessor1'
Event: 1194,156 Thread 0x00007efc5c110cb0 Unloading class 0x00000001000c7400 'java/lang/invoke/LambdaForm$MH+0x00000001000c7400'
Event: 1194,156 Thread 0x00007efc5c110cb0 Unloading class 0x00000001000c7000 'java/lang/invoke/LambdaForm$MH+0x00000001000c7000'
Event: 1194,156 Thread 0x00007efc5c110cb0 Unloading class 0x00000001000c6c00 'java/lang/invoke/LambdaForm$MH+0x00000001000c6c00'
Event: 1194,156 Thread 0x00007efc5c110cb0 Unloading class 0x00000001000c6800 'java/lang/invoke/LambdaForm$MH+0x00000001000c6800'
Event: 1194,156 Thread 0x00007efc5c110cb0 Unloading class 0x00000001000c6400 'java/lang/invoke/LambdaForm$MH+0x00000001000c6400'
Event: 1194,156 Thread 0x00007efc5c110cb0 Unloading class 0x00000001000c6000 'java/lang/invoke/LambdaForm$MH+0x00000001000c6000'
Event: 1194,156 Thread 0x00007efc5c110cb0 Unloading class 0x00000001000c4c00 'java/lang/invoke/LambdaForm$MH+0x00000001000c4c00'
Event: 1194,156 Thread 0x00007efc5c110cb0 Unloading class 0x00000001000c4800 'java/lang/invoke/LambdaForm$MH+0x00000001000c4800'
Event: 1194,156 Thread 0x00007efc5c110cb0 Unloading class 0x00000001000c4000 'java/lang/invoke/LambdaForm$MH+0x00000001000c4000'
Event: 1194,156 Thread 0x00007efc5c110cb0 Unloading class 0x00000001000c3400 'java/lang/invoke/LambdaForm$MH+0x00000001000c3400'
Event: 1194,156 Thread 0x00007efc5c110cb0 Unloading class 0x00000001000c2c00 'java/lang/invoke/LambdaForm$MH+0x00000001000c2c00'
Event: 1194,156 Thread 0x00007efc5c110cb0 Unloading class 0x00000001000c2400 'java/lang/invoke/LambdaForm$MH+0x00000001000c2400'
Event: 1194,156 Thread 0x00007efc5c110cb0 Unloading class 0x00000001000c1c00 'java/lang/invoke/LambdaForm$MH+0x00000001000c1c00'
Event: 1437,913 Thread 0x00007efc5c110cb0 Unloading class 0x00000001000c6000 'jdk/internal/reflect/GeneratedSerializationConstructorAccessor27'
Event: 1437,914 Thread 0x00007efc5c110cb0 Unloading class 0x0000000100952000 'org/apache/catalina/loader/JdbcLeakPrevention'

Classes redefined (0 events):
No events

Internal exceptions (20 events):
Event: 1449,923 Thread 0x00007efbe4021ae0 Exception <a 'java/io/IOException'{0x00000000c8059548}> (0x00000000c8059548) 
thrown [open/src/hotspot/share/prims/jni.cpp, line 579]
Event: 1449,923 Thread 0x00007efbe4021ae0 Exception <a 'java/io/IOException'{0x00000000c8059890}> (0x00000000c8059890) 
thrown [open/src/hotspot/share/prims/jni.cpp, line 579]
Event: 1449,923 Thread 0x00007efbe4021ae0 Exception <a 'java/io/IOException'{0x00000000c8059c10}> (0x00000000c8059c10) 
thrown [open/src/hotspot/share/prims/jni.cpp, line 579]
Event: 1449,923 Thread 0x00007efbe4021ae0 Exception <a 'java/io/IOException'{0x00000000c8059f58}> (0x00000000c8059f58) 
thrown [open/src/hotspot/share/prims/jni.cpp, line 579]
Event: 1449,923 Thread 0x00007efbe4021ae0 Exception <a 'java/io/IOException'{0x00000000c805a2d8}> (0x00000000c805a2d8) 
thrown [open/src/hotspot/share/prims/jni.cpp, line 579]
Event: 1449,923 Thread 0x00007efbe4021ae0 Exception <a 'java/io/IOException'{0x00000000c805a620}> (0x00000000c805a620) 
thrown [open/src/hotspot/share/prims/jni.cpp, line 579]
Event: 1449,923 Thread 0x00007efbe4021ae0 Exception <a 'java/io/IOException'{0x00000000c805a9a0}> (0x00000000c805a9a0) 
thrown [open/src/hotspot/share/prims/jni.cpp, line 579]
Event: 1449,923 Thread 0x00007efbe4021ae0 Exception <a 'java/io/IOException'{0x00000000c805ace8}> (0x00000000c805ace8) 
thrown [open/src/hotspot/share/prims/jni.cpp, line 579]
Event: 1449,923 Thread 0x00007efbe4021ae0 Exception <a 'java/io/IOException'{0x00000000c805b068}> (0x00000000c805b068) 
thrown [open/src/hotspot/share/prims/jni.cpp, line 579]
Event: 1449,923 Thread 0x00007efbe4021ae0 Exception <a 'java/io/IOException'{0x00000000c805b3b0}> (0x00000000c805b3b0) 
thrown [open/src/hotspot/share/prims/jni.cpp, line 579]
Event: 1449,923 Thread 0x00007efbe4021ae0 Exception <a 'java/io/IOException'{0x00000000c805b730}> (0x00000000c805b730) 
thrown [open/src/hotspot/share/prims/jni.cpp, line 579]
Event: 1449,923 Thread 0x00007efbe4021ae0 Exception <a 'java/io/IOException'{0x00000000c805ba78}> (0x00000000c805ba78) 
thrown [open/src/hotspot/share/prims/jni.cpp, line 579]
Event: 1449,923 Thread 0x00007efbe4021ae0 Exception <a 'java/io/IOException'{0x00000000c805c020}> (0x00000000c805c020) 
thrown [open/src/hotspot/share/prims/jni.cpp, line 579]
Event: 1449,923 Thread 0x00007efbe4021ae0 Exception <a 'java/io/IOException'{0x00000000c805c368}> (0x00000000c805c368) 
thrown [open/src/hotspot/share/prims/jni.cpp, line 579]
Event: 1449,923 Thread 0x00007efbe4021ae0 Exception <a 'java/io/IOException'{0x00000000c805c6e8}> (0x00000000c805c6e8) 
thrown [open/src/hotspot/share/prims/jni.cpp, line 579]
Event: 1449,923 Thread 0x00007efbe4021ae0 Exception <a 'java/io/IOException'{0x00000000c805ca30}> (0x00000000c805ca30) 
thrown [open/src/hotspot/share/prims/jni.cpp, line 579]
Event: 1449,935 Thread 0x00007efbe4021ae0 Exception <a 'java/io/IOException'{0x00000000c80709e8}> (0x00000000c80709e8) 
thrown [open/src/hotspot/share/prims/jni.cpp, line 579]
Event: 1449,935 Thread 0x00007efbe4021ae0 Exception <a 'java/io/IOException'{0x00000000c8070d30}> (0x00000000c8070d30) 
thrown [open/src/hotspot/share/prims/jni.cpp, line 579]
Event: 1449,935 Thread 0x00007efbe4021ae0 Exception <a 'java/io/IOException'{0x00000000c8072080}> (0x00000000c8072080) 
thrown [open/src/hotspot/share/prims/jni.cpp, line 579]
Event: 1449,935 Thread 0x00007efbe4021ae0 Exception <a 'java/io/IOException'{0x00000000c80723c8}> (0x00000000c80723c8) 
thrown [open/src/hotspot/share/prims/jni.cpp, line 579]

Events (20 events):
Event: 1440,647 Protecting memory [0x00007efc398f8000,0x00007efc398fc000] with protection modes 0
Event: 1441,310 Executing  VM operation: Cleanup
Event: 1441,396 Executing  VM operation: Cleanup done
Event: 1442,403 Executing  VM operation: Cleanup
Event: 1442,403 Executing  VM operation: Cleanup done
Event: 1447,274 Thread 0x00007efbe40203a0 Thread added: 0x00007efbe40203a0
Event: 1447,275 Protecting memory [0x00007efc169cf000,0x00007efc169d3000] with protection modes 0
Event: 1447,292 Thread 0x00007efbe40203a0 Thread exited: 0x00007efbe40203a0
Event: 1447,307 Thread 0x00007efbe40203a0 Thread added: 0x00007efbe40203a0
Event: 1447,307 Protecting memory [0x00007efc169cf000,0x00007efc169d3000] with protection modes 0
Event: 1447,405 Executing  VM operation: Cleanup
Event: 1447,405 Executing  VM operation: Cleanup done
Event: 1448,411 Executing  VM operation: Cleanup
Event: 1448,419 Executing  VM operation: Cleanup done
Event: 1449,127 Thread 0x00007efbe4021ae0 Thread added: 0x00007efbe4021ae0
Event: 1449,127 Protecting memory [0x00007efc146fb000,0x00007efc146ff000] with protection modes 0
Event: 1449,419 Executing  VM operation: Cleanup
Event: 1449,549 Executing  VM operation: Cleanup done
Event: 1449,811 Executing  VM operation: ICBufferFull
Event: 1449,811 Executing  VM operation: ICBufferFull done


Dynamic libraries:
c3800000-c8500000 rw-p 00000000 00:00 0 
c8500000-100000000 ---p 00000000 00:00 0 
100000000-100020000 rw-p 00000000 00:00 0 
100020000-100040000 rw-p 00000000 00:00 0 
100040000-1000c0000 rw-p 00000000 00:00 0 
1000c0000-1000e0000 rw-p 00000000 00:00 0 
1000e0000-100140000 rw-p 00000000 00:00 0 
100140000-100160000 rw-p 00000000 00:00 0 
100160000-1001c0000 rw-p 00000000 00:00 0 
1001c0000-100200000 rw-p 00000000 00:00 0 
100200000-100340000 rw-p 00000000 00:00 0 
100340000-100380000 rw-p 00000000 00:00 0 
100380000-100540000 rw-p 00000000 00:00 0 
100540000-100660000 rw-p 00000000 00:00 0 
100660000-100680000 ---p 00000000 00:00 0 
100680000-100960000 rw-p 00000000 00:00 0 
100960000-140000000 ---p 00000000 00:00 0 
555d568d9000-555d568da000 r-xp 00000000 08:03 1455855                    /opt/eclipse/plugins/org.eclipse.justj.openjdk.hotspot.jre.full.linux.x86_64_16.0.1.v20210528-1205/jre/bin/java
555d568db000-555d568dc000 r--p 00001000 08:03 1455855                    /opt/eclipse/plugins/org.eclipse.justj.openjdk.hotspot.jre.full.linux.x86_64_16.0.1.v20210528-1205/jre/bin/java
555d568dc000-555d568dd000 rw-p 00002000 08:03 1455855                    /opt/eclipse/plugins/org.eclipse.justj.openjdk.hotspot.jre.full.linux.x86_64_16.0.1.v20210528-1205/jre/bin/java
555d571c5000-555d5736f000 rw-p 00000000 00:00 0                          [heap]
7efbb8000000-7efbb90df000 rw-p 00000000 00:00 0 
7efbb90df000-7efbbc000000 ---p 00000000 00:00 0 
7efbbf59f000-7efbbfbb0000 rw-p 00000000 00:00 0 
7efbbfbb0000-7efbc0000000 ---p 00000000 00:00 0 
7efbc0000000-7efbc0021000 rw-p 00000000 00:00 0 
7efbc0021000-7efbc4000000 ---p 00000000 00:00 0 
7efbc4000000-7efbc4136000 rw-p 00000000 00:00 0 
7efbc4136000-7efbc8000000 ---p 00000000 00:00 0 
7efbc8000000-7efbc802a000 rw-p 00000000 00:00 0 
7efbc802a000-7efbcc000000 ---p 00000000 00:00 0 
7efbcc000000-7efbcc1d3000 rw-p 00000000 00:00 0 
7efbcc1d3000-7efbd0000000 ---p 00000000 00:00 0 
7efbd0000000-7efbd0064000 rw-p 00000000 00:00 0 
7efbd0064000-7efbd4000000 ---p 00000000 00:00 0 
7efbd4000000-7efbd403c000 rw-p 00000000 00:00 0 
7efbd403c000-7efbd8000000 ---p 00000000 00:00 0 
7efbd8000000-7efbd8021000 rw-p 00000000 00:00 0 
7efbd8021000-7efbdc000000 ---p 00000000 00:00 0 
7efbdc000000-7efbdc072000 rw-p 00000000 00:00 0 
7efbdc072000-7efbe0000000 ---p 00000000 00:00 0 
7efbe0000000-7efbe0021000 rw-p 00000000 00:00 0 
7efbe0021000-7efbe4000000 ---p 00000000 00:00 0 
7efbe4000000-7efbe406c000 rw-p 00000000 00:00 0 
7efbe406c000-7efbe8000000 ---p 00000000 00:00 0 
7efbe8000000-7efbe8021000 rw-p 00000000 00:00 0 
7efbe8021000-7efbec000000 ---p 00000000 00:00 0 
7efbec000000-7efbec021000 rw-p 00000000 00:00 0 
7efbec021000-7efbf0000000 ---p 00000000 00:00 0 
7efbf0000000-7efbf0049000 rw-p 00000000 00:00 0 
7efbf0049000-7efbf4000000 ---p 00000000 00:00 0 
7efbf4000000-7efbf4021000 rw-p 00000000 00:00 0 
7efbf4021000-7efbf8000000 ---p 00000000 00:00 0 
7efbf8000000-7efbf8021000 rw-p 00000000 00:00 0 
7efbf8021000-7efbfc000000 ---p 00000000 00:00 0 
7efbfc000000-7efbfc021000 rw-p 00000000 00:00 0 
7efbfc021000-7efc00000000 ---p 00000000 00:00 0 
7efc00000000-7efc0060a000 rw-p 00000000 00:00 0 
7efc0060a000-7efc04000000 ---p 00000000 00:00 0 
7efc04000000-7efc04021000 rw-p 00000000 00:00 0 
7efc04021000-7efc08000000 ---p 00000000 00:00 0 
7efc08000000-7efc08021000 rw-p 00000000 00:00 0 
7efc08021000-7efc0c000000 ---p 00000000 00:00 0 
7efc0c000000-7efc0c021000 rw-p 00000000 00:00 0 
7efc0c021000-7efc10000000 ---p 00000000 00:00 0 
7efc10000000-7efc10021000 rw-p 00000000 00:00 0 
7efc10021000-7efc14000000 ---p 00000000 00:00 0 
7efc140f5000-7efc140f9000 ---p 00000000 00:00 0 
7efc140f9000-7efc141f6000 rw-p 00000000 00:00 0 
7efc141f6000-7efc141fa000 ---p 00000000 00:00 0 
7efc141fa000-7efc142f7000 rw-p 00000000 00:00 0 
7efc142f7000-7efc142fb000 ---p 00000000 00:00 0 
7efc142fb000-7efc143f8000 rw-p 00000000 00:00 0 
7efc143f8000-7efc143fc000 ---p 00000000 00:00 0 
7efc143fc000-7efc144f9000 rw-p 00000000 00:00 0 
7efc144f9000-7efc144fd000 ---p 00000000 00:00 0 
7efc144fd000-7efc145fa000 rw-p 00000000 00:00 0 
7efc145fa000-7efc145fe000 ---p 00000000 00:00 0 
7efc145fe000-7efc146fb000 rw-p 00000000 00:00 0 
7efc146fb000-7efc146ff000 ---p 00000000 00:00 0 
7efc146ff000-7efc147fc000 rw-p 00000000 00:00 0 
7efc147fc000-7efc14800000 ---p 00000000 00:00 0 
7efc14800000-7efc148fd000 rw-p 00000000 00:00 0 
7efc148fd000-7efc14901000 ---p 00000000 00:00 0 
7efc14901000-7efc149fe000 rw-p 00000000 00:00 0 
7efc149fe000-7efc14a02000 ---p 00000000 00:00 0 
7efc14a02000-7efc14aff000 rw-p 00000000 00:00 0 
7efc14aff000-7efc14b03000 ---p 00000000 00:00 0 
7efc14b03000-7efc15180000 rw-p 00000000 00:00 0 
7efc15180000-7efc151d0000 rw-p 00000000 00:00 0 
7efc151d0000-7efc15200000 ---p 00000000 00:00 0 
7efc15200000-7efc15400000 rw-p 00000000 00:00 0 
7efc15400000-7efc15c00000 rw-p 00000000 00:00 0 
7efc15c00000-7efc15d00000 rw-p 00000000 00:00 0 
7efc15d00000-7efc15e00000 rw-p 00000000 00:00 0 
7efc15e00000-7efc15e80000 rw-p 00000000 00:00 0 
7efc15e80000-7efc15f00000 rw-p 00000000 00:00 0 
7efc15f00000-7efc16100000 rw-p 00000000 00:00 0 
7efc16100000-7efc16200000 rw-p 00000000 00:00 0 
7efc16200000-7efc16400000 rw-p 00000000 00:00 0 
7efc164ca000-7efc164ce000 ---p 00000000 00:00 0 
7efc164ce000-7efc165cb000 rw-p 00000000 00:00 0 
7efc165cb000-7efc165cf000 ---p 00000000 00:00 0 
7efc165cf000-7efc166cc000 rw-p 00000000 00:00 0 
7efc166cc000-7efc166d0000 ---p 00000000 00:00 0 
7efc166d0000-7efc167cd000 rw-p 00000000 00:00 0 
7efc167cd000-7efc167d1000 ---p 00000000 00:00 0 
7efc167d1000-7efc168ce000 rw-p 00000000 00:00 0 
7efc168ce000-7efc168d2000 ---p 00000000 00:00 0 
7efc168d2000-7efc169cf000 rw-p 00000000 00:00 0 
7efc169cf000-7efc169d3000 ---p 00000000 00:00 0 
7efc169d3000-7efc16ad0000 rw-p 00000000 00:00 0 
7efc16ad0000-7efc24000000 r--p 00000000 08:03 131327                     /usr/lib/locale/locale-archive
7efc24000000-7efc24021000 rw-p 00000000 00:00 0 
7efc24021000-7efc28000000 ---p 00000000 00:00 0 
7efc28000000-7efc28079000 rw-p 00000000 00:00 0 
7efc28079000-7efc2c000000 ---p 00000000 00:00 0 
7efc2c000000-7efc2c021000 rw-p 00000000 00:00 0 
7efc2c021000-7efc30000000 ---p 00000000 00:00 0 
7efc30000000-7efc30b6b000 rw-p 00000000 00:00 0 
7efc30b6b000-7efc34000000 ---p 00000000 00:00 0 
7efc34000000-7efc34028000 rw-p 00000000 00:00 0 
7efc34028000-7efc38000000 ---p 00000000 00:00 0 
7efc38000000-7efc38800000 rw-p 00000000 00:00 0 
7efc38800000-7efc38b00000 rw-p 00000000 00:00 0 
7efc38b00000-7efc38c00000 rw-p 00000000 00:00 0 
7efc38c00000-7efc39000000 rw-p 00000000 00:00 0 
7efc390ec000-7efc390f0000 ---p 00000000 00:00 0 
7efc390f0000-7efc391ed000 rw-p 00000000 00:00 0 
7efc391ed000-7efc391f1000 ---p 00000000 00:00 0 
7efc391f1000-7efc392ee000 rw-p 00000000 00:00 0 
7efc392ee000-7efc392f2000 ---p 00000000 00:00 0 
7efc392f2000-7efc393ef000 rw-p 00000000 00:00 0 
7efc393ef000-7efc393f3000 ---p 00000000 00:00 0 
7efc393f3000-7efc394f0000 rw-p 00000000 00:00 0 
7efc394f0000-7efc394f1000 ---p 00000000 00:00 0 
7efc394f1000-7efc395f2000 rw-p 00000000 00:00 0 
7efc395f2000-7efc395f3000 ---p 00000000 00:00 0 
7efc395f3000-7efc396f4000 rw-p 00000000 00:00 0 
7efc396f4000-7efc396f5000 ---p 00000000 00:00 0 
7efc396f5000-7efc397f6000 rw-p 00000000 00:00 0 
7efc397f6000-7efc397f7000 ---p 00000000 00:00 0 
7efc397f7000-7efc398f8000 rw-p 00000000 00:00 0 
7efc398f8000-7efc398fc000 ---p 00000000 00:00 0 
7efc398fc000-7efc399f9000 rw-p 00000000 00:00 0 
7efc399f9000-7efc399fd000 ---p 00000000 00:00 0 
7efc399fd000-7efc39afa000 rw-p 00000000 00:00 0 
7efc39afa000-7efc39afe000 ---p 00000000 00:00 0 
7efc39afe000-7efc39bfb000 rw-p 00000000 00:00 0 
7efc39bfb000-7efc39bfc000 ---p 00000000 00:00 0 
7efc39bfc000-7efc39cfd000 rw-p 00000000 00:00 0 
7efc39cfd000-7efc39d01000 ---p 00000000 00:00 0 
7efc39d01000-7efc39dfe000 rw-p 00000000 00:00 0 
7efc39dfe000-7efc39e02000 ---p 00000000 00:00 0 
7efc39e02000-7efc39eff000 rw-p 00000000 00:00 0 
7efc39eff000-7efc39f03000 ---p 00000000 00:00 0 
7efc39f03000-7efc3a100000 rw-p 00000000 00:00 0 
7efc3a100000-7efc3a120000 rw-p 00000000 00:00 0 
7efc3a120000-7efc3a140000 rw-p 00000000 00:00 0 
7efc3a140000-7efc3a180000 rw-p 00000000 00:00 0 
7efc3a180000-7efc3a300000 rw-p 00000000 00:00 0 
7efc3a300000-7efc3a380000 rw-p 00000000 00:00 0 
7efc3a380000-7efc3a500000 rw-p 00000000 00:00 0 
7efc3a500000-7efc3a600000 rw-p 00000000 00:00 0 
7efc3a600000-7efc3a700000 rw-p 00000000 00:00 0 
7efc3a700000-7efc3a800000 rw-p 00000000 00:00 0 
7efc3a8c1000-7efc3a8e2000 r--p 00000000 08:03 2099396                    /usr/share/locale/es/LC_MESSAGES/libc.mo
7efc3a8e2000-7efc3a8e4000 r--p 00000000 08:03 144778                     /usr/lib64/libpcre2-8.so.0.10.1
7efc3a8e4000-7efc3a94f000 r-xp 00002000 08:03 144778                     /usr/lib64/libpcre2-8.so.0.10.1
7efc3a94f000-7efc3a976000 r--p 0006d000 08:03 144778                     /usr/lib64/libpcre2-8.so.0.10.1
7efc3a976000-7efc3a977000 ---p 00094000 08:03 144778                     /usr/lib64/libpcre2-8.so.0.10.1
7efc3a977000-7efc3a978000 r--p 00094000 08:03 144778                     /usr/lib64/libpcre2-8.so.0.10.1
7efc3a978000-7efc3a979000 rw-p 00095000 08:03 144778                     /usr/lib64/libpcre2-8.so.0.10.1
7efc3a979000-7efc3a97c000 r--p 00000000 08:03 131227                     /usr/lib64/libgcc_s-11-20210728.so.1
7efc3a97c000-7efc3a98e000 r-xp 00003000 08:03 131227                     /usr/lib64/libgcc_s-11-20210728.so.1
7efc3a98e000-7efc3a991000 r--p 00015000 08:03 131227                     /usr/lib64/libgcc_s-11-20210728.so.1
7efc3a991000-7efc3a992000 ---p 00018000 08:03 131227                     /usr/lib64/libgcc_s-11-20210728.so.1
7efc3a992000-7efc3a993000 r--p 00018000 08:03 131227                     /usr/lib64/libgcc_s-11-20210728.so.1
7efc3a993000-7efc3a994000 rw-p 00019000 08:03 131227                     /usr/lib64/libgcc_s-11-20210728.so.1
7efc3a994000-7efc3a99a000 r--p 00000000 08:03 144893                     /usr/lib64/libselinux.so.1
7efc3a99a000-7efc3a9b4000 r-xp 00006000 08:03 144893                     /usr/lib64/libselinux.so.1
7efc3a9b4000-7efc3a9bb000 r--p 00020000 08:03 144893                     /usr/lib64/libselinux.so.1
7efc3a9bb000-7efc3a9bc000 ---p 00027000 08:03 144893                     /usr/lib64/libselinux.so.1
7efc3a9bc000-7efc3a9bd000 r--p 00027000 08:03 144893                     /usr/lib64/libselinux.so.1
7efc3a9bd000-7efc3a9be000 rw-p 00028000 08:03 144893                     /usr/lib64/libselinux.so.1
7efc3a9be000-7efc3a9c0000 rw-p 00000000 00:00 0 
7efc3a9c0000-7efc3a9c4000 r--p 00000000 08:03 135970                     /usr/lib64/libnss_myhostname.so.2
7efc3a9c4000-7efc3a9d3000 r-xp 00004000 08:03 135970                     /usr/lib64/libnss_myhostname.so.2
7efc3a9d3000-7efc3a9dc000 r--p 00013000 08:03 135970                     /usr/lib64/libnss_myhostname.so.2
7efc3a9dc000-7efc3a9dd000 ---p 0001c000 08:03 135970                     /usr/lib64/libnss_myhostname.so.2
7efc3a9dd000-7efc3a9e1000 r--p 0001c000 08:03 135970                     /usr/lib64/libnss_myhostname.so.2
7efc3a9e1000-7efc3a9e2000 rw-p 00020000 08:03 135970                     /usr/lib64/libnss_myhostname.so.2
7efc3a9e2000-7efc3a9e5000 r--p 00000000 08:03 144713                     /usr/lib64/libnss_files-2.33.so
7efc3a9e5000-7efc3a9ec000 r-xp 00003000 08:03 144713                     /usr/lib64/libnss_files-2.33.so
7efc3a9ec000-7efc3a9ee000 r--p 0000a000 08:03 144713                     /usr/lib64/libnss_files-2.33.so
7efc3a9ee000-7efc3a9ef000 r--p 0000b000 08:03 144713                     /usr/lib64/libnss_files-2.33.so
7efc3a9ef000-7efc3a9f6000 rw-p 00000000 00:00 0 
7efc3a9f6000-7efc3a9fa000 ---p 00000000 00:00 0 
7efc3a9fa000-7efc3aaf7000 rw-p 00000000 00:00 0 
7efc3aaf7000-7efc3aafb000 ---p 00000000 00:00 0 
7efc3aafb000-7efc3abf8000 rw-p 00000000 00:00 0 
7efc3abf8000-7efc3abfc000 ---p 00000000 00:00 0 
7efc3abfc000-7efc3acf9000 rw-p 00000000 00:00 0 
7efc3acf9000-7efc3acfd000 ---p 00000000 00:00 0 
7efc3acfd000-7efc3adfa000 rw-p 00000000 00:00 0 
7efc3adfa000-7efc3adfe000 ---p 00000000 00:00 0 
7efc3adfe000-7efc3aefb000 rw-p 00000000 00:00 0 
7efc3aefb000-7efc3aeff000 ---p 00000000 00:00 0 
7efc3aeff000-7efc3affc000 rw-p 00000000 00:00 0 
7efc3affc000-7efc3b000000 ---p 00000000 00:00 0 
7efc3b000000-7efc3b0fd000 rw-p 00000000 00:00 0 
7efc3b0fd000-7efc3b101000 ---p 00000000 00:00 0 
7efc3b101000-7efc3b1fe000 rw-p 00000000 00:00 0 
7efc3b1fe000-7efc3b202000 ---p 00000000 00:00 0 
7efc3b202000-7efc3b2ff000 rw-p 00000000 00:00 0 
7efc3b2ff000-7efc3b303000 ---p 00000000 00:00 0 
7efc3b303000-7efc3b820000 rw-p 00000000 00:00 0 
7efc3b820000-7efc3b840000 rw-p 00000000 00:00 0 
7efc3b840000-7efc3b880000 rw-p 00000000 00:00 0 
7efc3b880000-7efc3b900000 rw-p 00000000 00:00 0 
7efc3b900000-7efc3bb00000 rw-p 00000000 00:00 0 
7efc3bb00000-7efc3bb20000 rw-p 00000000 00:00 0 
7efc3bb20000-7efc3bb40000 rw-p 00000000 00:00 0 
7efc3bb40000-7efc3bb80000 rw-p 00000000 00:00 0 
7efc3bb80000-7efc3bc00000 rw-p 00000000 00:00 0 
7efc3bc07000-7efc3bc0e000 r--s 00000000 08:03 659224                     /usr/lib64/gconv/gconv-modules.cache
7efc3bc0e000-7efc3bc1b000 r-xp 00000000 08:03 1189583                    /opt/eclipse/plugins/org.eclipse.justj.openjdk.hotspot.jre.full.linux.x86_64_16.0.1.v20210528-1205/jre/lib/libverify.so
7efc3bc1b000-7efc3bc1d000 r--p 0000c000 08:03 1189583                    /opt/eclipse/plugins/org.eclipse.justj.openjdk.hotspot.jre.full.linux.x86_64_16.0.1.v20210528-1205/jre/lib/libverify.so
7efc3bc1d000-7efc3bc1e000 rw-p 0000e000 08:03 1189583                    /opt/eclipse/plugins/org.eclipse.justj.openjdk.hotspot.jre.full.linux.x86_64_16.0.1.v20210528-1205/jre/lib/libverify.so
7efc3bc1e000-7efc3bc1f000 ---p 00000000 00:00 0 
7efc3bc1f000-7efc3bdfc000 rw-p 00000000 00:00 0 
7efc3bdfc000-7efc3bdfd000 ---p 00000000 00:00 0 
7efc3bdfd000-7efc3befe000 rw-p 00000000 00:00 0 
7efc3befe000-7efc3beff000 ---p 00000000 00:00 0 
7efc3beff000-7efc3c000000 rw-p 00000000 00:00 0 
7efc3c000000-7efc3c021000 rw-p 00000000 00:00 0 
7efc3c021000-7efc40000000 ---p 00000000 00:00 0 
7efc40000000-7efc40023000 rw-p 00000000 00:00 0 
7efc40023000-7efc44000000 ---p 00000000 00:00 0 
7efc44000000-7efc44023000 rw-p 00000000 00:00 0 
7efc44023000-7efc48000000 ---p 00000000 00:00 0 
7efc48003000-7efc4a438000 rw-p 00000000 00:00 0 
7efc4a438000-7efc4a439000 ---p 00000000 00:00 0 
7efc4a439000-7efc4a53a000 rw-p 00000000 00:00 0 
7efc4a53a000-7efc4a53b000 ---p 00000000 00:00 0 
7efc4a53b000-7efc4a63c000 rw-p 00000000 00:00 0 
7efc4a63c000-7efc4a63d000 ---p 00000000 00:00 0 
7efc4a63d000-7efc4a872000 rw-p 00000000 00:00 0 
7efc4a872000-7efc4b65e000 ---p 00000000 00:00 0 
7efc4b65e000-7efc4b732000 rw-p 00000000 00:00 0 
7efc4b732000-7efc4b792000 rw-p 00000000 00:00 0 
7efc4b792000-7efc4c57e000 ---p 00000000 00:00 0 
7efc4c57e000-7efc4c5a5000 rw-p 00000000 00:00 0 
7efc4c5a5000-7efc4c762000 ---p 00000000 00:00 0 
7efc4c762000-7efc4c789000 rw-p 00000000 00:00 0 
7efc4c789000-7efc4c946000 ---p 00000000 00:00 0 
7efc4c946000-7efc4c96d000 rw-p 00000000 00:00 0 
7efc4c96d000-7efc4cb2a000 ---p 00000000 00:00 0 
7efc4cb2a000-7efc4ce4a000 rw-p 00000000 00:00 0 
7efc4ce4a000-7efc4d000000 ---p 00000000 00:00 0 
7efc4d000000-7efc4d270000 rwxp 00000000 00:00 0 
7efc4d270000-7efc4d6a7000 ---p 00000000 00:00 0 
7efc4d6a7000-7efc4e4c7000 rwxp 00000000 00:00 0 
7efc4e4c7000-7efc5c000000 ---p 00000000 00:00 0 
7efc5c000000-7efc5c7c3000 rw-p 00000000 00:00 0 
7efc5c7c3000-7efc60000000 ---p 00000000 00:00 0 
7efc60006000-7efc60008000 r-xp 00000000 08:03 1189614                    /opt/eclipse/plugins/org.eclipse.justj.openjdk.hotspot.jre.full.linux.x86_64_16.0.1.v20210528-1205/jre/lib/libextnet.so
7efc60008000-7efc60009000 r--p 00001000 08:03 1189614                    /opt/eclipse/plugins/org.eclipse.justj.openjdk.hotspot.jre.full.linux.x86_64_16.0.1.v20210528-1205/jre/lib/libextnet.so
7efc60009000-7efc6000a000 rw-p 00002000 08:03 1189614                    /opt/eclipse/plugins/org.eclipse.justj.openjdk.hotspot.jre.full.linux.x86_64_16.0.1.v20210528-1205/jre/lib/libextnet.so
7efc6000a000-7efc6000f000 r-xp 00000000 08:03 1189602                    /opt/eclipse/plugins/org.eclipse.justj.openjdk.hotspot.jre.full.linux.x86_64_16.0.1.v20210528-1205/jre/lib/libmanagement_ext.so
7efc6000f000-7efc60010000 ---p 00005000 08:03 1189602                    /opt/eclipse/plugins/org.eclipse.justj.openjdk.hotspot.jre.full.linux.x86_64_16.0.1.v20210528-1205/jre/lib/libmanagement_ext.so
7efc60010000-7efc60011000 r--p 00005000 08:03 1189602                    /opt/eclipse/plugins/org.eclipse.justj.openjdk.hotspot.jre.full.linux.x86_64_16.0.1.v20210528-1205/jre/lib/libmanagement_ext.so
7efc60011000-7efc60012000 rw-p 00006000 08:03 1189602                    /opt/eclipse/plugins/org.eclipse.justj.openjdk.hotspot.jre.full.linux.x86_64_16.0.1.v20210528-1205/jre/lib/libmanagement_ext.so
7efc60012000-7efc60016000 r-xp 00000000 08:03 1189563                    /opt/eclipse/plugins/org.eclipse.justj.openjdk.hotspot.jre.full.linux.x86_64_16.0.1.v20210528-1205/jre/lib/libmanagement.so
7efc60016000-7efc60017000 r--p 00003000 08:03 1189563                    /opt/eclipse/plugins/org.eclipse.justj.openjdk.hotspot.jre.full.linux.x86_64_16.0.1.v20210528-1205/jre/lib/libmanagement.so
7efc60017000-7efc60018000 rw-p 00004000 08:03 1189563                    /opt/eclipse/plugins/org.eclipse.justj.openjdk.hotspot.jre.full.linux.x86_64_16.0.1.v20210528-1205/jre/lib/libmanagement.so
7efc60018000-7efc6002d000 r-xp 00000000 08:03 1189612                    /opt/eclipse/plugins/org.eclipse.justj.openjdk.hotspot.jre.full.linux.x86_64_16.0.1.v20210528-1205/jre/lib/libnet.so
7efc6002d000-7efc6002e000 r--p 00014000 08:03 1189612                    /opt/eclipse/plugins/org.eclipse.justj.openjdk.hotspot.jre.full.linux.x86_64_16.0.1.v20210528-1205/jre/lib/libnet.so
7efc6002e000-7efc6002f000 rw-p 00015000 08:03 1189612                    /opt/eclipse/plugins/org.eclipse.justj.openjdk.hotspot.jre.full.linux.x86_64_16.0.1.v20210528-1205/jre/lib/libnet.so
7efc6002f000-7efc60042000 r-xp 00000000 08:03 1189597                    /opt/eclipse/plugins/org.eclipse.justj.openjdk.hotspot.jre.full.linux.x86_64_16.0.1.v20210528-1205/jre/lib/libnio.so
7efc60042000-7efc60043000 r--p 00012000 08:03 1189597                    /opt/eclipse/plugins/org.eclipse.justj.openjdk.hotspot.jre.full.linux.x86_64_16.0.1.v20210528-1205/jre/lib/libnio.so
7efc60043000-7efc60044000 rw-p 00013000 08:03 1189597                    /opt/eclipse/plugins/org.eclipse.justj.openjdk.hotspot.jre.full.linux.x86_64_16.0.1.v20210528-1205/jre/lib/libnio.so
7efc60044000-7efc6004b000 r-xp 00000000 08:03 1189574                    /opt/eclipse/plugins/org.eclipse.justj.openjdk.hotspot.jre.full.linux.x86_64_16.0.1.v20210528-1205/jre/lib/libzip.so
7efc6004b000-7efc6004c000 ---p 00007000 08:03 1189574                    /opt/eclipse/plugins/org.eclipse.justj.openjdk.hotspot.jre.full.linux.x86_64_16.0.1.v20210528-1205/jre/lib/libzip.so
7efc6004c000-7efc6004d000 r--p 00007000 08:03 1189574                    /opt/eclipse/plugins/org.eclipse.justj.openjdk.hotspot.jre.full.linux.x86_64_16.0.1.v20210528-1205/jre/lib/libzip.so
7efc6004d000-7efc6004e000 rw-p 00008000 08:03 1189574                    /opt/eclipse/plugins/org.eclipse.justj.openjdk.hotspot.jre.full.linux.x86_64_16.0.1.v20210528-1205/jre/lib/libzip.so
7efc6004e000-7efc601b6000 rw-p 00000000 00:00 0 
7efc601b6000-7efc601bf000 ---p 00000000 00:00 0 
7efc601bf000-7efc636d2000 r--s 00000000 08:03 1189572                    /opt/eclipse/plugins/org.eclipse.justj.openjdk.hotspot.jre.full.linux.x86_64_16.0.1.v20210528-1205/jre/lib/modules
7efc636d2000-7efc636f6000 r-xp 00000000 08:03 1189543                    /opt/eclipse/plugins/org.eclipse.justj.openjdk.hotspot.jre.full.linux.x86_64_16.0.1.v20210528-1205/jre/lib/libjava.so
7efc636f6000-7efc636f7000 ---p 00024000 08:03 1189543                    /opt/eclipse/plugins/org.eclipse.justj.openjdk.hotspot.jre.full.linux.x86_64_16.0.1.v20210528-1205/jre/lib/libjava.so
7efc636f7000-7efc636f8000 r--p 00024000 08:03 1189543                    /opt/eclipse/plugins/org.eclipse.justj.openjdk.hotspot.jre.full.linux.x86_64_16.0.1.v20210528-1205/jre/lib/libjava.so
7efc636f8000-7efc636f9000 rw-p 00025000 08:03 1189543                    /opt/eclipse/plugins/org.eclipse.justj.openjdk.hotspot.jre.full.linux.x86_64_16.0.1.v20210528-1205/jre/lib/libjava.so
7efc636f9000-7efc636fa000 rw-p 00000000 00:00 0 
7efc636fa000-7efc63fce000 r--s 00000000 08:03 6947075                    /var/lib/sss/mc/passwd
7efc63fce000-7efc63fe9000 r-xp 00000000 08:03 1189605                    /opt/eclipse/plugins/org.eclipse.justj.openjdk.hotspot.jre.full.linux.x86_64_16.0.1.v20210528-1205/jre/lib/libjimage.so
7efc63fe9000-7efc63fea000 ---p 0001b000 08:03 1189605                    /opt/eclipse/plugins/org.eclipse.justj.openjdk.hotspot.jre.full.linux.x86_64_16.0.1.v20210528-1205/jre/lib/libjimage.so
7efc63fea000-7efc63fec000 r--p 0001b000 08:03 1189605                    /opt/eclipse/plugins/org.eclipse.justj.openjdk.hotspot.jre.full.linux.x86_64_16.0.1.v20210528-1205/jre/lib/libjimage.so
7efc63fec000-7efc63fed000 rw-p 0001d000 08:03 1189605                    /opt/eclipse/plugins/org.eclipse.justj.openjdk.hotspot.jre.full.linux.x86_64_16.0.1.v20210528-1205/jre/lib/libjimage.so
7efc63fed000-7efc63ff0000 r--p 00000000 08:03 146073                     /usr/lib64/librt-2.33.so
7efc63ff0000-7efc63ff4000 r-xp 00003000 08:03 146073                     /usr/lib64/librt-2.33.so
7efc63ff4000-7efc63ff6000 r--p 00007000 08:03 146073                     /usr/lib64/librt-2.33.so
7efc63ff6000-7efc63ff7000 r--p 00008000 08:03 146073                     /usr/lib64/librt-2.33.so
7efc63ff7000-7efc63ff8000 rw-p 00009000 08:03 146073                     /usr/lib64/librt-2.33.so
7efc63ff8000-7efc63ffc000 ---p 00000000 00:00 0 
7efc63ffc000-7efc640f9000 rw-p 00000000 00:00 0 
7efc640f9000-7efc64108000 r--p 00000000 08:03 146069                     /usr/lib64/libm-2.33.so
7efc64108000-7efc641a2000 r-xp 0000f000 08:03 146069                     /usr/lib64/libm-2.33.so
7efc641a2000-7efc6423a000 r--p 000a9000 08:03 146069                     /usr/lib64/libm-2.33.so
7efc6423a000-7efc6423b000 ---p 00141000 08:03 146069                     /usr/lib64/libm-2.33.so
7efc6423b000-7efc6423c000 r--p 00141000 08:03 146069                     /usr/lib64/libm-2.33.so
7efc6423c000-7efc6423d000 rw-p 00142000 08:03 146069                     /usr/lib64/libm-2.33.so
7efc6423d000-7efc6534b000 r-xp 00000000 08:03 1573536                    /opt/eclipse/plugins/org.eclipse.justj.openjdk.hotspot.jre.full.linux.x86_64_16.0.1.v20210528-1205/jre/lib/server/libjvm.so
7efc6534b000-7efc6534c000 ---p 0110e000 08:03 1573536                    /opt/eclipse/plugins/org.eclipse.justj.openjdk.hotspot.jre.full.linux.x86_64_16.0.1.v20210528-1205/jre/lib/server/libjvm.so
7efc6534c000-7efc653fd000 r--p 0110e000 08:03 1573536                    /opt/eclipse/plugins/org.eclipse.justj.openjdk.hotspot.jre.full.linux.x86_64_16.0.1.v20210528-1205/jre/lib/server/libjvm.so
7efc653fd000-7efc65430000 rw-p 011bf000 08:03 1573536                    /opt/eclipse/plugins/org.eclipse.justj.openjdk.hotspot.jre.full.linux.x86_64_16.0.1.v20210528-1205/jre/lib/server/libjvm.so
7efc65430000-7efc6548d000 rw-p 00000000 00:00 0 
7efc6548d000-7efc654b3000 r--p 00000000 08:03 144102                     /usr/lib64/libc-2.33.so
7efc654b3000-7efc65600000 r-xp 00026000 08:03 144102                     /usr/lib64/libc-2.33.so
7efc65600000-7efc6564c000 r--p 00173000 08:03 144102                     /usr/lib64/libc-2.33.so
7efc6564c000-7efc6564d000 ---p 001bf000 08:03 144102                     /usr/lib64/libc-2.33.so
7efc6564d000-7efc65650000 r--p 001bf000 08:03 144102                     /usr/lib64/libc-2.33.so
7efc65650000-7efc65653000 rw-p 001c2000 08:03 144102                     /usr/lib64/libc-2.33.so
7efc65653000-7efc6565c000 rw-p 00000000 00:00 0 
7efc6565c000-7efc6565e000 r--p 00000000 08:03 146068                     /usr/lib64/libdl-2.33.so
7efc6565e000-7efc65660000 r-xp 00002000 08:03 146068                     /usr/lib64/libdl-2.33.so
7efc65660000-7efc65661000 r--p 00004000 08:03 146068                     /usr/lib64/libdl-2.33.so
7efc65661000-7efc65662000 r--p 00004000 08:03 146068                     /usr/lib64/libdl-2.33.so
7efc65662000-7efc65663000 rw-p 00000000 00:00 0 
7efc65663000-7efc6566a000 r--p 00000000 08:03 146071                     /usr/lib64/libpthread-2.33.so
7efc6566a000-7efc65679000 r-xp 00007000 08:03 146071                     /usr/lib64/libpthread-2.33.so
7efc65679000-7efc6567d000 r--p 00016000 08:03 146071                     /usr/lib64/libpthread-2.33.so
7efc6567d000-7efc6567e000 ---p 0001a000 08:03 146071                     /usr/lib64/libpthread-2.33.so
7efc6567e000-7efc6567f000 r--p 0001a000 08:03 146071                     /usr/lib64/libpthread-2.33.so
7efc6567f000-7efc65680000 rw-p 0001b000 08:03 146071                     /usr/lib64/libpthread-2.33.so
7efc65680000-7efc65684000 rw-p 00000000 00:00 0 
7efc65684000-7efc65693000 r-xp 00000000 08:03 1189577                    /opt/eclipse/plugins/org.eclipse.justj.openjdk.hotspot.jre.full.linux.x86_64_16.0.1.v20210528-1205/jre/lib/libjli.so
7efc65693000-7efc65694000 r--p 0000e000 08:03 1189577                    /opt/eclipse/plugins/org.eclipse.justj.openjdk.hotspot.jre.full.linux.x86_64_16.0.1.v20210528-1205/jre/lib/libjli.so
7efc65694000-7efc65695000 rw-p 0000f000 08:03 1189577                    /opt/eclipse/plugins/org.eclipse.justj.openjdk.hotspot.jre.full.linux.x86_64_16.0.1.v20210528-1205/jre/lib/libjli.so
7efc65695000-7efc65698000 r--p 00000000 08:03 145166                     /usr/lib64/libz.so.1.2.11
7efc65698000-7efc656a6000 r-xp 00003000 08:03 145166                     /usr/lib64/libz.so.1.2.11
7efc656a6000-7efc656ac000 r--p 00011000 08:03 145166                     /usr/lib64/libz.so.1.2.11
7efc656ac000-7efc656ad000 ---p 00017000 08:03 145166                     /usr/lib64/libz.so.1.2.11
7efc656ad000-7efc656ae000 r--p 00017000 08:03 145166                     /usr/lib64/libz.so.1.2.11
7efc656ae000-7efc656af000 rw-p 00000000 00:00 0 
7efc656b2000-7efc656ba000 rw-s 00000000 00:23 1810                       /tmp/hsperfdata_joel/71608
7efc656ba000-7efc656bc000 r--p 00000000 08:03 142853                     /usr/lib64/libnss_sss.so.2
7efc656bc000-7efc656c3000 r-xp 00002000 08:03 142853                     /usr/lib64/libnss_sss.so.2
7efc656c3000-7efc656c5000 r--p 00009000 08:03 142853                     /usr/lib64/libnss_sss.so.2
7efc656c5000-7efc656c6000 r--p 0000a000 08:03 142853                     /usr/lib64/libnss_sss.so.2
7efc656c6000-7efc656c7000 rw-p 0000b000 08:03 142853                     /usr/lib64/libnss_sss.so.2
7efc656c7000-7efc656c8000 ---p 00000000 00:00 0 
7efc656c8000-7efc656c9000 r--p 00000000 00:00 0 
7efc656c9000-7efc656ca000 ---p 00000000 00:00 0 
7efc656ca000-7efc656cc000 rw-p 00000000 00:00 0 
7efc656cc000-7efc656cd000 r--p 00000000 08:03 146066                     /usr/lib64/ld-2.33.so
7efc656cd000-7efc656f2000 r-xp 00001000 08:03 146066                     /usr/lib64/ld-2.33.so
7efc656f2000-7efc656fc000 r--p 00026000 08:03 146066                     /usr/lib64/ld-2.33.so
7efc656fc000-7efc656fe000 r--p 0002f000 08:03 146066                     /usr/lib64/ld-2.33.so
7efc656fe000-7efc65700000 rw-p 00031000 08:03 146066                     /usr/lib64/ld-2.33.so
7ffe78e0e000-7ffe78e31000 rw-p 00000000 00:00 0                          [stack]
7ffe78eb4000-7ffe78eb8000 r--p 00000000 00:00 0                          [vvar]
7ffe78eb8000-7ffe78eba000 r-xp 00000000 00:00 0                          [vdso]
ffffffffff600000-ffffffffff601000 r-xp 00000000 00:00 0                  [vsyscall]


VM Arguments:
jvm_args: -Dcom.sun.management.jmxremote -Dcom.sun.management.jmxremote.port=41805 -Dcom.sun.management.jmxremote.authenticate=false -Dcom.sun.management.jmxremote.ssl=false -Djava.rmi.server.hostname=localhost -Dspring.jmx.enabled=true -Dspring.application.admin.enabled=true -Djava.security.egd=file:/dev/./urandom -XX:TieredStopAtLevel=1 -Dspring.boot.project.name=Mod14Nivel1Fase2_WhiteCollar_MySQL -Dfile.encoding=UTF-8 -XX:+ShowCodeDetailsInExceptionMessages 
java_command: com.ascii274.practica.Mod14Nivel1Fase2MysqlApplication
java_class_path (initial): /home/joel/Programacion/Java_ItAcademy/It_Academy_Mod_8_en_Adelante/Mod14_SpringRestApi/Mod14Nivel1Fase2_WhiteCollar_MySQL/target/classes:/home/joel/.m2/repository/org/springframework/boot/spring-boot-starter-web/2.5.6/spring-boot-starter-web-2.5.6.jar:/home/joel/.m2/repository/org/springframework/boot/spring-boot-starter-json/2.5.6/spring-boot-starter-json-2.5.6.jar:/home/joel/.m2/repository/com/fasterxml/jackson/core/jackson-databind/2.12.5/jackson-databind-2.12.5.jar:/home/joel/.m2/repository/com/fasterxml/jackson/core/jackson-annotations/2.12.5/jackson-annotations-2.12.5.jar:/home/joel/.m2/repository/com/fasterxml/jackson/core/jackson-core/2.12.5/jackson-core-2.12.5.jar:/home/joel/.m2/repository/com/fasterxml/jackson/datatype/jackson-datatype-jdk8/2.12.5/jackson-datatype-jdk8-2.12.5.jar:/home/joel/.m2/repository/com/fasterxml/jackson/datatype/jackson-datatype-jsr310/2.12.5/jackson-datatype-jsr310-2.12.5.jar:/home/joel/.m2/repository/com/fasterxml/jackson/module/jackson-module-parameter-names/2.12.5/jackson-module-parameter-names-2.12.5.jar:/home/joel/.m2/repository/org/springframework/boot/spring-boot-starter-tomcat/2.5.6/spring-boot-starter-tomcat-2.5.6.jar:/home/joel/.m2/repository/org/apache/tomcat/embed/tomcat-embed-core/9.0.54/tomcat-embed-core-9.0.54.jar:/home/joel/.m2/repository/org/apache/tomcat/embed/tomcat-embed-el/9.0.54/tomcat-embed-el-9.0.54.jar:/home/joel/.m2/repository/org/apache/tomcat/embed/tomcat-embed-websocket/9.0.54/tomcat-embed-websocket-9.0.54.jar:/home/joel/.m2/repository/org/springframework/spring-web/5.3.12/spring-web-5.3.12.jar:/home/joel/.m2/repository/org/springframework/spring-beans/5.3.12/spring-beans-5.3.12.jar:/home/joel/.m2/repository/org/springframework/spring-webmvc/5.3.12/spring-webmvc-5.3.12.jar:/home/joel/.m2/repository/org/springframework/spring-aop/5.3.12/spring-aop-5.3.12.jar:/home/joel/.m2/repository/org/springframework/spring-context/5.3.12/spring-context-5.3.12.jar:/home/joel/.m2/repositor
Launcher Type: SUN_STANDARD

[Global flags]
     intx CICompilerCount                          = 3                                         {product} {ergonomic}
     uint ConcGCThreads                            = 1                                         {product} {ergonomic}
     uint G1ConcRefinementThreads                  = 4                                         {product} {ergonomic}
   size_t G1HeapRegionSize                         = 1048576                                   {product} {ergonomic}
    uintx GCDrainStackTargetSize                   = 64                                        {product} {ergonomic}
   size_t InitialHeapSize                          = 65011712                                  {product} {ergonomic}
     bool ManagementServer                         = true                                      {product} {command line}
   size_t MarkStackSize                            = 4194304                                   {product} {ergonomic}
   size_t MaxHeapSize                              = 1015021568                                {product} {ergonomic}
   size_t MaxNewSize                               = 608174080                                 {product} {ergonomic}
   size_t MinHeapDeltaBytes                        = 1048576                                   {product} {ergonomic}
   size_t MinHeapSize                              = 8388608                                   {product} {ergonomic}
    uintx NonNMethodCodeHeapSize                   = 6973028                                {pd product} {ergonomic}
    uintx NonProfiledCodeHeapSize                  = 244685212                              {pd product} {ergonomic}
    uintx ProfiledCodeHeapSize                     = 0                                      {pd product} {ergonomic}
    uintx ReservedCodeCacheSize                    = 251658240                              {pd product} {ergonomic}
     bool SegmentedCodeCache                       = true                                      {product} {ergonomic}
     bool ShowCodeDetailsInExceptionMessages       = true                                   {manageable} {command line}
   size_t SoftMaxHeapSize                          = 1015021568                             {manageable} {ergonomic}
     intx TieredStopAtLevel                        = 1                                         {product} {command line}
     bool UseCompressedClassPointers               = true                           {product lp64_product} {ergonomic}
     bool UseCompressedOops                        = true                           {product lp64_product} {ergonomic}
     bool UseG1GC                                  = true                                      {product} {ergonomic}

Logging:
Log output configuration:
 #0: stdout all=warning uptime,level,tags
 #1: stderr all=off uptime,level,tags

Environment Variables:
PATH=/home/joel/.sdkman/candidates/gradle/current/bin:/home/joel/.local/bin:/home/joel/bin:/usr/local/bin:/usr/bin:/bin:/usr/local/sbin:/usr/sbin:/home/joel/.composer/vendor/bin:/var/lib/snapd/snap/bin
SHELL=/bin/bash
DISPLAY=:0
LANG=es_ES.UTF-8

Signal Handlers:
SIGSEGV: [libjvm.so+0xdfef20], sa_mask[0]=11100100010111111101111111111110, sa_flags=SA_RESTART|SA_SIGINFO
SIGBUS: [libjvm.so+0xdfef20], sa_mask[0]=11100100010111111101111111111110, sa_flags=SA_RESTART|SA_SIGINFO
SIGFPE: [libjvm.so+0xdfef20], sa_mask[0]=11100100010111111101111111111110, sa_flags=SA_RESTART|SA_SIGINFO
SIGPIPE: [libjvm.so+0xca8980], sa_mask[0]=11100100010111111101111111111110, sa_flags=SA_RESTART|SA_SIGINFO
SIGXFSZ: [libjvm.so+0xca8980], sa_mask[0]=11100100010111111101111111111110, sa_flags=SA_RESTART|SA_SIGINFO
SIGILL: [libjvm.so+0xdfef20], sa_mask[0]=11100100010111111101111111111110, sa_flags=SA_RESTART|SA_SIGINFO
SIGUSR2: [libjvm.so+0xca8070], sa_mask[0]=00100000000000000000000000000000, sa_flags=SA_RESTART|SA_SIGINFO
SIGHUP: [libjvm.so+0xca7fa0], sa_mask[0]=11100100010111111101111111111110, sa_flags=SA_RESTART|SA_SIGINFO
SIGINT: [libjvm.so+0xca7fa0], sa_mask[0]=11100100010111111101111111111110, sa_flags=SA_RESTART|SA_SIGINFO
SIGTERM: [libjvm.so+0xca7fa0], sa_mask[0]=11100100010111111101111111111110, sa_flags=SA_RESTART|SA_SIGINFO
SIGQUIT: [libjvm.so+0xca7fa0], sa_mask[0]=11100100010111111101111111111110, sa_flags=SA_RESTART|SA_SIGINFO
SIGTRAP: [libjvm.so+0xdfef20], sa_mask[0]=11100100010111111101111111111110, sa_flags=SA_RESTART|SA_SIGINFO


---------------  S Y S T E M  ---------------

OS:
Fedora release 34 (Thirty Four)
uname: Linux 5.14.11-200.fc34.x86_64 #1 SMP Sun Oct 10 14:39:31 UTC 2021 x86_64
OS uptime: 0 days 14:10 hours
libc: glibc 2.33 NPTL 2.33 
rlimit (soft/hard): STACK 8192k/infinity , CORE infinity/infinity , NPROC 15309/15309 , NOFILE 524288/524288 , AS infinity/infinity , CPU infinity/infinity , DATA infinity/infinity , FSIZE infinity/infinity , MEMLOCK 64k/64k
load average: 4,02 4,66 3,72

/proc/meminfo:
MemTotal:        3958036 kB
MemFree:          158552 kB
MemAvailable:     266608 kB
Buffers:           19624 kB
Cached:           260612 kB
SwapCached:        21076 kB
Active:           811136 kB
Inactive:        1187272 kB
Active(anon):     669452 kB
Inactive(anon):  1055612 kB
Active(file):     141684 kB
Inactive(file):   131660 kB
Unevictable:        5680 kB
Mlocked:            5680 kB
SwapTotal:       9817080 kB
SwapFree:        4535132 kB
Dirty:                12 kB
Writeback:            28 kB
AnonPages:       1705772 kB
Mapped:           195340 kB
Shmem:              1880 kB
KReclaimable:      81084 kB
Slab:             243072 kB
SReclaimable:      81084 kB
SUnreclaim:       161988 kB
KernelStack:       28208 kB
PageTables:        75208 kB
NFS_Unstable:          0 kB
Bounce:                0 kB
WritebackTmp:          0 kB
CommitLimit:    11796096 kB
Committed_AS:   18426496 kB
VmallocTotal:   34359738367 kB
VmallocUsed:       82052 kB
VmallocChunk:          0 kB
Percpu:             4416 kB
HardwareCorrupted:     0 kB
AnonHugePages:         0 kB
ShmemHugePages:        0 kB
ShmemPmdMapped:        0 kB
FileHugePages:         0 kB
FilePmdMapped:         0 kB
CmaTotal:              0 kB
CmaFree:               0 kB
HugePages_Total:       0
HugePages_Free:        0
HugePages_Rsvd:        0
HugePages_Surp:        0
Hugepagesize:       2048 kB
Hugetlb:               0 kB
DirectMap4k:      613564 kB
DirectMap2M:     3530752 kB
DirectMap1G:     1048576 kB

/sys/kernel/mm/transparent_hugepage/enabled: always [madvise] never
/sys/kernel/mm/transparent_hugepage/defrag (defrag/compaction efforts parameter): always defer defer+madvise [madvise] never

Process Memory:
Virtual Size: 4824800K (peak: 4824800K)
Resident Set Size: 106736K (peak: 200940K) (anon: 97208K, file: 9496K, shmem: 32K)
Swapped out: 117096K
C-Heap outstanding allocations: 32892K

/proc/sys/kernel/threads-max (system-wide limit on the number of threads): 30619
/proc/sys/vm/max_map_count (maximum number of memory map areas a process may have): 65530
/proc/sys/kernel/pid_max (system-wide limit on number of process identifiers): 4194304

container (cgroup) information:
container_type: cgroupv2
cpu_cpuset_cpus: not supported
cpu_memory_nodes: not supported
active_processor_count: 4
cpu_quota: no quota
cpu_period: 100000
cpu_shares: no shares
memory_limit_in_bytes: unlimited
memory_and_swap_limit_in_bytes: unlimited
memory_soft_limit_in_bytes: unlimited
memory_usage_in_bytes: 131268608
memory_max_usage_in_bytes: not supported

Steal ticks since vm start: 0
Steal ticks percentage since vm start:  0,000

CPU: total 4 (initial active 4) (4 cores per cpu, 1 threads per core) family 6 model 94 stepping 3 microcode 0xea, cx8, cmov, fxsr, mmx, 3dnowpref, sse, sse2, sse3, ssse3, sse4.1, sse4.2, popcnt, lzcnt, tsc, tscinvbit, avx, avx2, aes, erms, clmul, bmi1, bmi2, adx, fma, vzeroupper, clflush, clflushopt
CPU Model and flags from /proc/cpuinfo:
model name	: Intel(R) Core(TM) i5-6400 CPU @ 2.70GHz
flags		: fpu vme de pse tsc msr pae mce cx8 apic sep mtrr pge mca cmov pat pse36 clflush dts acpi mmx fxsr sse sse2 ss ht tm pbe syscall nx pdpe1gb rdtscp lm constant_tsc art arch_perfmon pebs bts rep_good nopl xtopology nonstop_tsc cpuid aperfmperf pni pclmulqdq dtes64 monitor ds_cpl vmx est tm2 ssse3 sdbg fma cx16 xtpr pdcm pcid sse4_1 sse4_2 x2apic movbe popcnt tsc_deadline_timer aes xsave avx f16c rdrand lahf_lm abm 3dnowprefetch cpuid_fault epb invpcid_single pti ssbd ibrs ibpb stibp tpr_shadow vnmi flexpriority ept vpid ept_ad fsgsbase tsc_adjust bmi1 avx2 smep bmi2 erms invpcid mpx rdseed adx smap clflushopt intel_pt xsaveopt xsavec xgetbv1 xsaves dtherm ida arat pln pts hwp hwp_notify hwp_act_window hwp_epp md_clear flush_l1d

Online cpus: 0-3
Offline cpus: 
BIOS frequency limitation: <Not Available>
Frequency switch latency (ns): 0
Available cpu frequencies: <Not Available>
Current governor: powersave
Core performance/turbo boost: <Not Available>

Memory: 4k page, physical 3958036k(158804k free), swap 9817080k(4535900k free)

vm_info: OpenJDK 64-Bit Server VM (16.0.1+9-24) for linux-amd64 JRE (16.0.1+9-24), built on Mar 26 2021 18:09:28 by "mach5one" with gcc 10.2.0

END.
