#
# A fatal error has been detected by the Java Runtime Environment:
#
#  SIGSEGV (0xb) at pc=0x0000000000000000, pid=55007, tid=56032
#
# JRE version: OpenJDK Runtime Environment 18.9 (11.0.13+8) (build 11.0.13+8)
# Java VM: OpenJDK 64-Bit Server VM 18.9 (11.0.13+8, mixed mode, sharing, tiered, compressed oops, g1 gc, linux-amd64)
# Problematic frame:
# C  0x0000000000000000
#
# Core dump will be written. Default location: Core dumps may be processed with "/usr/lib/systemd/systemd-coredump %P %u %g %s %t %c %h" (or dumping to /home/joel/Programacion/Java_ItAcademy/It_Academy_Mod_8_en_Adelante/Mod14_SpringRestApi/Mod14Nivel2_WhiteCollar_MySQL_Web/core.55007)
#
# If you would like to submit a bug report, please visit:
#   https://bugzilla.redhat.com/enter_bug.cgi?product=Fedora&component=java-11-openjdk&version=34
#

---------------  S U M M A R Y ------------

Command Line: -Dcom.sun.management.jmxremote -Dcom.sun.management.jmxremote.port=44869 -Dcom.sun.management.jmxremote.authenticate=false -Dcom.sun.management.jmxremote.ssl=false -Djava.rmi.server.hostname=localhost -Dspring.jmx.enabled=true -Dspring.application.admin.enabled=true -Djava.security.egd=file:/dev/./urandom -XX:TieredStopAtLevel=1 -Dspring.boot.project.name=Mod14Nivel2_WhiteCollar_MySQL_Web -Dfile.encoding=UTF-8 com.ascii274.practica.Mod14Nivel1Fase2MysqlApplication

Host: Intel(R) Core(TM) i5-6400 CPU @ 2.70GHz, 4 cores, 3G, Fedora release 34 (Thirty Four)
Time: Wed Oct 27 19:28:25 2021 CEST elapsed time: 738.740906 seconds (0d 0h 12m 18s)

---------------  T H R E A D  ---------------

Current thread (0x00007faa80003800):  JavaThread "restartedMain" [_thread_in_Java, id=56032, stack(0x00007faa36ef9000,0x00007faa36ffa000)]

Stack: [0x00007faa36ef9000,0x00007faa36ffa000],  sp=0x00007faa36ff6b88,  free space=1014k

siginfo: si_signo: 11 (SIGSEGV), si_code: 1 (SEGV_MAPERR), si_addr: 0x0000000000000000

Register to memory mapping:

RAX=0x000000084027b938 is a pointer to class: 
org.springframework.beans.GenericTypeAwarePropertyDescriptor {0x000000084027b938}
RBX=0x00007faa8deffce0 is pointing into metadata
RCX=0x00000000c4115270 is an oop: org.springframework.beans.GenericTypeAwarePropertyDescriptor 
{0x00000000c4115270} - klass: 'org/springframework/beans/GenericTypeAwarePropertyDescriptor'
RDX=0x0 is NULL
RSP=0x00007faa36ff6b88 is pointing into the stack for thread: 0x00007faa80003800
RBP=0x00007faa36ff6c08 is pointing into the stack for thread: 0x00007faa80003800
RSI=0x00000000c4115270 is an oop: org.springframework.beans.GenericTypeAwarePropertyDescriptor 
{0x00000000c4115270} - klass: 'org/springframework/beans/GenericTypeAwarePropertyDescriptor'
RDI=0x0000000000000005 is an unknown value
R8 =0x00007faaddf18e48 points into unknown readable memory: 0x2020202020202020 | 20 20 20 20 20 20 20 20
R9 =0x0000000000000016 is an unknown value
R10=0x00007faae0a660a0: <offset 0x00000000013130a0> in /usr/lib/jvm/java-11-openjdk-11.0.13.0.8-1.fc34.x86_64/lib/server/libjvm.so at 0x00007faadf753000
R11=0x00007faac15f4780 is at entry_point+64 in (nmethod*)0x00007faac15f4590
R12=0x0 is NULL
R13=0x00007faa36ff6b90 is pointing into the stack for thread: 0x00007faa80003800
R14=0x0 is NULL
R15=0x00007faa80003800 is a thread


Registers:
RAX=0x000000084027b938, RBX=0x00007faa8deffce0, RCX=0x00000000c4115270, RDX=0x0000000000000000
RSP=0x00007faa36ff6b88, RBP=0x00007faa36ff6c08, RSI=0x00000000c4115270, RDI=0x0000000000000005
R8 =0x00007faaddf18e48, R9 =0x0000000000000016, R10=0x00007faae0a660a0, R11=0x00007faac15f4780
R12=0x0000000000000000, R13=0x00007faa36ff6b90, R14=0x0000000000000000, R15=0x00007faa80003800
RIP=0x0000000000000000, EFLAGS=0x0000000000010246, CSGSFS=0x002b000000000033, ERR=0x0000000000000014
  TRAPNO=0x000000000000000e

Top of Stack: (sp=0x00007faa36ff6b88)
0x00007faa36ff6b88:   00007faac085ffc0 00000000c4115270
0x00007faa36ff6b98:   00000000c41052f0 0000000000000000
0x00007faa36ff6ba8:   00000000c41038f8 00000000c8fc9060
0x00007faa36ff6bb8:   00000000c8fc9060 00007faa36ff6bc0 

Instructions: (pc=0x0000000000000000)
0xffffffffffffff00:   


Stack slot to memory mapping:
stack at sp + 0 slots: 0x00007faac085ffc0 is at code_begin+1664 in an Interpreter codelet
invoke return entry points  [0x00007faac085f940, 0x00007faac0860360]  2592 bytes
stack at sp + 1 slots: 0x00000000c4115270 is an oop: org.springframework.beans.GenericTypeAwarePropertyDescriptor 
{0x00000000c4115270} - klass: 'org/springframework/beans/GenericTypeAwarePropertyDescriptor'
stack at sp + 2 slots: 0x00000000c41052f0 points into unknown readable memory: 0x0000000000000005 | 05 00 00 00 00 00 00 00
stack at sp + 3 slots: 0x0 is NULL
stack at sp + 4 slots: 0x00000000c41038f8 points into unknown readable memory: 0x00000000d4f62721 | 21 27 f6 d4 00 00 00 00
stack at sp + 5 slots: 0x00000000c8fc9060 is an oop: org.springframework.core.convert.Property 
{0x00000000c8fc9060} - klass: 'org/springframework/core/convert/Property'
stack at sp + 6 slots: 0x00000000c8fc9060 is an oop: org.springframework.core.convert.Property 
{0x00000000c8fc9060} - klass: 'org/springframework/core/convert/Property'
stack at sp + 7 slots: 0x00007faa36ff6bc0 is pointing into the stack for thread: 0x00007faa80003800


---------------  P R O C E S S  ---------------

Threads class SMR info:
_java_thread_list=0x00007faa54075800, length=22, elements={
0x00007faad80c2000, 0x00007faad80c4000, 0x00007faad80c9800, 0x00007faad80cb800,
0x00007faad80cd800, 0x00007faad80cf800, 0x00007faad8106800, 0x00007faad84b2800,
0x00007faad84b9000, 0x00007faad84d3800, 0x00007faa88001000, 0x00007faa6001e000,
0x00007faa54010800, 0x00007faa406f1800, 0x00007faa411f9800, 0x00007faad8019000,
0x00007faa70007800, 0x00007faa74003800, 0x00007faa70009800, 0x00007faa70005800,
0x00007faa60007000, 0x00007faa80003800
}

Java Threads: ( => current thread )
  0x00007faad80c2000 JavaThread "Reference Handler" daemon [_thread_blocked, id=55021, stack(0x00007faadc273000,0x00007faadc374000)]
  0x00007faad80c4000 JavaThread "Finalizer" daemon [_thread_blocked, id=55022, stack(0x00007faadc172000,0x00007faadc273000)]
  0x00007faad80c9800 JavaThread "Signal Dispatcher" daemon [_thread_blocked, id=55023, stack(0x00007faadc071000,0x00007faadc172000)]
  0x00007faad80cb800 JavaThread "Service Thread" daemon [_thread_blocked, id=55024, stack(0x00007faab8fdf000,0x00007faab90e0000)]
  0x00007faad80cd800 JavaThread "C1 CompilerThread0" daemon [_thread_blocked, id=55025, stack(0x00007faab8ede000,0x00007faab8fdf000)]
  0x00007faad80cf800 JavaThread "Sweeper thread" daemon [_thread_blocked, id=55026, stack(0x00007faab8ddd000,0x00007faab8ede000)]
  0x00007faad8106800 JavaThread "Common-Cleaner" daemon [_thread_blocked, id=55027, stack(0x00007faab8cdc000,0x00007faab8ddd000)]
  0x00007faad84b2800 JavaThread "RMI TCP Accept-0" daemon [_thread_in_native, id=55028, stack(0x00007faab8946000,0x00007faab8a47000)]
  0x00007faad84b9000 JavaThread "RMI TCP Accept-44869" daemon [_thread_in_native, id=55029, stack(0x00007faab8845000,0x00007faab8946000)]
  0x00007faad84d3800 JavaThread "RMI TCP Accept-0" daemon [_thread_in_native, id=55030, stack(0x00007faab8744000,0x00007faab8845000)]
  0x00007faa88001000 JavaThread "Attach Listener" daemon [_thread_blocked, id=55033, stack(0x00007faab8440000,0x00007faab8541000)]
  0x00007faa6001e000 JavaThread "RMI Scheduler(0)" daemon [_thread_blocked, id=55036, stack(0x00007faab813b000,0x00007faab823c000)]
  0x00007faa54010800 JavaThread "JMX server connection timeout 19" daemon [_thread_blocked, id=55041, stack(0x00007faa8e9cf000,0x00007faa8ead0000)]
  0x00007faa406f1800 JavaThread "mysql-cj-abandoned-connection-cleanup" daemon [_thread_blocked, id=55062, stack(0x00007faa8cfc5000,0x00007faa8d0c6000)]
  0x00007faa411f9800 JavaThread "Live Reload Server" daemon [_thread_in_native, id=55076, stack(0x00007faa8c0a2000,0x00007faa8c1a3000)]
  0x00007faad8019000 JavaThread "DestroyJavaVM" [_thread_blocked, id=55009, stack(0x00007faadf2d4000,0x00007faadf3d5000)]
  0x00007faa70007800 JavaThread "RMI TCP Connection(20)-127.0.0.1" daemon [_thread_in_native, id=55084, stack(0x00007faa36ffa000,0x00007faa370fb000)]
  0x00007faa74003800 JavaThread "RMI TCP Connection(21)-127.0.0.1" daemon [_thread_in_native, id=55915, stack(0x00007faa371fc000,0x00007faa372fd000)]
  0x00007faa70009800 JavaThread "RMI TCP Connection(22)-127.0.0.1" daemon [_thread_in_native, id=55916, stack(0x00007faa8e0c8000,0x00007faa8e1c9000)]
  0x00007faa70005800 JavaThread "RMI TCP Connection(23)-127.0.0.1" daemon [_thread_in_native, id=55917, stack(0x00007faa370fb000,0x00007faa371fc000)]
  0x00007faa60007000 JavaThread "Thread-11" [_thread_blocked, id=56028, stack(0x00007faa8d1c7000,0x00007faa8d2c8000)]
=>0x00007faa80003800 JavaThread "restartedMain" [_thread_in_Java, id=56032, stack(0x00007faa36ef9000,0x00007faa36ffa000)]

Other Threads:
  0x00007faad80bf000 VMThread "VM Thread" [stack: 0x00007faadc376000,0x00007faadc476000] [id=55020]
  0x00007faad84d6000 WatcherThread [stack: 0x00007faab8644000,0x00007faab8744000] [id=55031]
  0x00007faad8030800 GCTaskThread "GC Thread#0" [stack: 0x00007faade6bb000,0x00007faade7bb000] [id=55015]
  0x00007faaa8001000 GCTaskThread "GC Thread#1" [stack: 0x00007faab8340000,0x00007faab8440000] [id=55034]
  0x00007faaa8004000 GCTaskThread "GC Thread#2" [stack: 0x00007faa8e4cd000,0x00007faa8e5cd000] [id=55045]
  0x00007faaa8005800 GCTaskThread "GC Thread#3" [stack: 0x00007faa8e3cb000,0x00007faa8e4cb000] [id=55046]
  0x00007faad804b800 ConcurrentGCThread "G1 Main Marker" [stack: 0x00007faadccc8000,0x00007faadcdc8000] [id=55016]
  0x00007faad804d800 ConcurrentGCThread "G1 Conc#0" [stack: 0x00007faadcbc6000,0x00007faadccc6000] [id=55017]
  0x00007faad8091000 ConcurrentGCThread "G1 Refine#0" [stack: 0x00007faadc6c0000,0x00007faadc7c0000] [id=55018]
  0x00007faab0001000 ConcurrentGCThread "G1 Refine#1" [stack: 0x00007faab823e000,0x00007faab833e000] [id=55035]
  0x00007faad8092800 ConcurrentGCThread "G1 Young RemSet Sampling" [stack: 0x00007faadc5be000,0x00007faadc6be000] [id=55019]

Threads with active compile tasks:

VM state:not at safepoint (normal execution)

VM Mutex/Monitor currently owned by a thread: None

Heap address: 0x00000000c3800000, size: 968 MB, Compressed Oops mode: 32-bit
Narrow klass base: 0x0000000800000000, Narrow klass shift: 3
Compressed class space size: 1073741824 Address: 0x0000000840000000

Heap:
 garbage-first heap   total 96256K, used 30400K [0x00000000c3800000, 0x0000000100000000)
  region size 1024K, 5 young (5120K), 0 survivors (0K)
 Metaspace       used 63708K, capacity 65960K, committed 66296K, reserved 1105920K
  class space    used 8676K, capacity 9583K, committed 9720K, reserved 1048576K
Heap Regions: E=young(eden), S=young(survivor), O=old, HS=humongous(starts), HC=humongous(continues), CS=collection set, F=free, A=archive, TAMS=top-at-mark-start (previous, next)
|   0|0x00000000c3800000, 0x00000000c3900000, 0x00000000c3900000|100%|HS|  |TAMS 0x00000000c3800000, 0x00000000c3800000| Untracked 
|   1|0x00000000c3900000, 0x00000000c3a00000, 0x00000000c3a00000|100%| O|  |TAMS 0x00000000c3900000, 0x00000000c3900000| Untracked 
|   2|0x00000000c3a00000, 0x00000000c3affff8, 0x00000000c3b00000| 99%| O|  |TAMS 0x00000000c3a00000, 0x00000000c3a00000| Untracked 
|   3|0x00000000c3b00000, 0x00000000c3bfffe8, 0x00000000c3c00000| 99%| O|  |TAMS 0x00000000c3b00000, 0x00000000c3b00000| Untracked 
|   4|0x00000000c3c00000, 0x00000000c3cfffd8, 0x00000000c3d00000| 99%| O|  |TAMS 0x00000000c3c00000, 0x00000000c3c00000| Untracked 
|   5|0x00000000c3d00000, 0x00000000c3dbc8d8, 0x00000000c3e00000| 73%| O|  |TAMS 0x00000000c3d00000, 0x00000000c3d00000| Untracked 
|   6|0x00000000c3e00000, 0x00000000c3effff0, 0x00000000c3f00000| 99%| O|  |TAMS 0x00000000c3e00000, 0x00000000c3e00000| Untracked 
|   7|0x00000000c3f00000, 0x00000000c4000000, 0x00000000c4000000|100%| O|  |TAMS 0x00000000c3f00000, 0x00000000c3f00000| Untracked 
|   8|0x00000000c4000000, 0x00000000c40ffff8, 0x00000000c4100000| 99%| O|  |TAMS 0x00000000c4000000, 0x00000000c4000000| Untracked 
|   9|0x00000000c4100000, 0x00000000c41fffc8, 0x00000000c4200000| 99%| O|  |TAMS 0x00000000c4100000, 0x00000000c4100000| Untracked 
|  10|0x00000000c4200000, 0x00000000c42fff38, 0x00000000c4300000| 99%| O|  |TAMS 0x00000000c4200000, 0x00000000c4200000| Untracked 
|  11|0x00000000c4300000, 0x00000000c43ffff8, 0x00000000c4400000| 99%| O|  |TAMS 0x00000000c4300000, 0x00000000c4300000| Untracked 
|  12|0x00000000c4400000, 0x00000000c44fffe8, 0x00000000c4500000| 99%| O|  |TAMS 0x00000000c4400000, 0x00000000c4400000| Untracked 
|  13|0x00000000c4500000, 0x00000000c45ffff0, 0x00000000c4600000| 99%| O|  |TAMS 0x00000000c4500000, 0x00000000c4500000| Untracked 
|  14|0x00000000c4600000, 0x00000000c46fffd8, 0x00000000c4700000| 99%| O|  |TAMS 0x00000000c4600000, 0x00000000c4600000| Untracked 
|  15|0x00000000c4700000, 0x00000000c47fffc0, 0x00000000c4800000| 99%| O|  |TAMS 0x00000000c4700000, 0x00000000c4700000| Untracked 
|  16|0x00000000c4800000, 0x00000000c48ffe80, 0x00000000c4900000| 99%| O|  |TAMS 0x00000000c4800000, 0x00000000c4800000| Untracked 
|  17|0x00000000c4900000, 0x00000000c4a00000, 0x00000000c4a00000|100%| O|  |TAMS 0x00000000c4900000, 0x00000000c4900000| Untracked 
|  18|0x00000000c4a00000, 0x00000000c4b00000, 0x00000000c4b00000|100%| O|  |TAMS 0x00000000c4a00000, 0x00000000c4a00000| Untracked 
|  19|0x00000000c4b00000, 0x00000000c4bffff0, 0x00000000c4c00000| 99%| O|  |TAMS 0x00000000c4b00000, 0x00000000c4b00000| Untracked 
|  20|0x00000000c4c00000, 0x00000000c4cfffd8, 0x00000000c4d00000| 99%| O|  |TAMS 0x00000000c4c00000, 0x00000000c4c00000| Untracked 
|  21|0x00000000c4d00000, 0x00000000c4dff6f8, 0x00000000c4e00000| 99%| O|  |TAMS 0x00000000c4d00000, 0x00000000c4d00000| Untracked 
|  22|0x00000000c4e00000, 0x00000000c4efff20, 0x00000000c4f00000| 99%| O|  |TAMS 0x00000000c4e00000, 0x00000000c4e00000| Untracked 
|  23|0x00000000c4f00000, 0x00000000c4ffffb8, 0x00000000c5000000| 99%| O|  |TAMS 0x00000000c4f00000, 0x00000000c4f00000| Untracked 
|  24|0x00000000c5000000, 0x00000000c50310b8, 0x00000000c5100000| 19%| O|  |TAMS 0x00000000c5000000, 0x00000000c5000000| Untracked 
|  25|0x00000000c5100000, 0x00000000c5100000, 0x00000000c5200000|  0%| F|  |TAMS 0x00000000c5100000, 0x00000000c5100000| Untracked 
|  26|0x00000000c5200000, 0x00000000c5200000, 0x00000000c5300000|  0%| F|  |TAMS 0x00000000c5200000, 0x00000000c5200000| Untracked 
|  27|0x00000000c5300000, 0x00000000c5300000, 0x00000000c5400000|  0%| F|  |TAMS 0x00000000c5300000, 0x00000000c5300000| Untracked 
|  28|0x00000000c5400000, 0x00000000c5400000, 0x00000000c5500000|  0%| F|  |TAMS 0x00000000c5400000, 0x00000000c5400000| Untracked 
|  29|0x00000000c5500000, 0x00000000c55ffff0, 0x00000000c5600000| 99%| O|  |TAMS 0x00000000c5500000, 0x00000000c5500000| Untracked 
|  30|0x00000000c5600000, 0x00000000c5600000, 0x00000000c5700000|  0%| F|  |TAMS 0x00000000c5600000, 0x00000000c5600000| Untracked 
|  31|0x00000000c5700000, 0x00000000c5710348, 0x00000000c5800000|  6%| O|  |TAMS 0x00000000c5700000, 0x00000000c5700000| Untracked 
|  32|0x00000000c5800000, 0x00000000c5800000, 0x00000000c5900000|  0%| F|  |TAMS 0x00000000c5800000, 0x00000000c5800000| Untracked 
|  33|0x00000000c5900000, 0x00000000c5900000, 0x00000000c5a00000|  0%| F|  |TAMS 0x00000000c5900000, 0x00000000c5900000| Untracked 
|  34|0x00000000c5a00000, 0x00000000c5a00000, 0x00000000c5b00000|  0%| F|  |TAMS 0x00000000c5a00000, 0x00000000c5a00000| Untracked 
|  35|0x00000000c5b00000, 0x00000000c5b00000, 0x00000000c5c00000|  0%| F|  |TAMS 0x00000000c5b00000, 0x00000000c5b00000| Untracked 
|  36|0x00000000c5c00000, 0x00000000c5c00000, 0x00000000c5d00000|  0%| F|  |TAMS 0x00000000c5c00000, 0x00000000c5c00000| Untracked 
|  37|0x00000000c5d00000, 0x00000000c5d00000, 0x00000000c5e00000|  0%| F|  |TAMS 0x00000000c5d00000, 0x00000000c5d00000| Untracked 
|  38|0x00000000c5e00000, 0x00000000c5e00000, 0x00000000c5f00000|  0%| F|  |TAMS 0x00000000c5e00000, 0x00000000c5e00000| Untracked 
|  39|0x00000000c5f00000, 0x00000000c5f00000, 0x00000000c6000000|  0%| F|  |TAMS 0x00000000c5f00000, 0x00000000c5f00000| Untracked 
|  40|0x00000000c6000000, 0x00000000c6000000, 0x00000000c6100000|  0%| F|  |TAMS 0x00000000c6000000, 0x00000000c6000000| Untracked 
|  41|0x00000000c6100000, 0x00000000c6100000, 0x00000000c6200000|  0%| F|  |TAMS 0x00000000c6100000, 0x00000000c6100000| Untracked 
|  42|0x00000000c6200000, 0x00000000c6200000, 0x00000000c6300000|  0%| F|  |TAMS 0x00000000c6200000, 0x00000000c6200000| Untracked 
|  43|0x00000000c6300000, 0x00000000c6300000, 0x00000000c6400000|  0%| F|  |TAMS 0x00000000c6300000, 0x00000000c6300000| Untracked 
|  44|0x00000000c6400000, 0x00000000c6400000, 0x00000000c6500000|  0%| F|  |TAMS 0x00000000c6400000, 0x00000000c6400000| Untracked 
|  45|0x00000000c6500000, 0x00000000c6500000, 0x00000000c6600000|  0%| F|  |TAMS 0x00000000c6500000, 0x00000000c6500000| Untracked 
|  46|0x00000000c6600000, 0x00000000c6600000, 0x00000000c6700000|  0%| F|  |TAMS 0x00000000c6600000, 0x00000000c6600000| Untracked 
|  47|0x00000000c6700000, 0x00000000c6700000, 0x00000000c6800000|  0%| F|  |TAMS 0x00000000c6700000, 0x00000000c6700000| Untracked 
|  48|0x00000000c6800000, 0x00000000c6800000, 0x00000000c6900000|  0%| F|  |TAMS 0x00000000c6800000, 0x00000000c6800000| Untracked 
|  49|0x00000000c6900000, 0x00000000c6900000, 0x00000000c6a00000|  0%| F|  |TAMS 0x00000000c6900000, 0x00000000c6900000| Untracked 
|  50|0x00000000c6a00000, 0x00000000c6a00000, 0x00000000c6b00000|  0%| F|  |TAMS 0x00000000c6a00000, 0x00000000c6a00000| Untracked 
|  51|0x00000000c6b00000, 0x00000000c6b00000, 0x00000000c6c00000|  0%| F|  |TAMS 0x00000000c6b00000, 0x00000000c6b00000| Untracked 
|  52|0x00000000c6c00000, 0x00000000c6c00000, 0x00000000c6d00000|  0%| F|  |TAMS 0x00000000c6c00000, 0x00000000c6c00000| Untracked 
|  53|0x00000000c6d00000, 0x00000000c6d00000, 0x00000000c6e00000|  0%| F|  |TAMS 0x00000000c6d00000, 0x00000000c6d00000| Untracked 
|  54|0x00000000c6e00000, 0x00000000c6e00000, 0x00000000c6f00000|  0%| F|  |TAMS 0x00000000c6e00000, 0x00000000c6e00000| Untracked 
|  55|0x00000000c6f00000, 0x00000000c6f00000, 0x00000000c7000000|  0%| F|  |TAMS 0x00000000c6f00000, 0x00000000c6f00000| Untracked 
|  56|0x00000000c7000000, 0x00000000c7000000, 0x00000000c7100000|  0%| F|  |TAMS 0x00000000c7000000, 0x00000000c7000000| Untracked 
|  57|0x00000000c7100000, 0x00000000c7100000, 0x00000000c7200000|  0%| F|  |TAMS 0x00000000c7100000, 0x00000000c7100000| Untracked 
|  58|0x00000000c7200000, 0x00000000c7200000, 0x00000000c7300000|  0%| F|  |TAMS 0x00000000c7200000, 0x00000000c7200000| Untracked 
|  59|0x00000000c7300000, 0x00000000c7300000, 0x00000000c7400000|  0%| F|  |TAMS 0x00000000c7300000, 0x00000000c7300000| Untracked 
|  60|0x00000000c7400000, 0x00000000c7401398, 0x00000000c7500000|  0%| O|  |TAMS 0x00000000c7400000, 0x00000000c7400000| Untracked 
|  61|0x00000000c7500000, 0x00000000c7500000, 0x00000000c7600000|  0%| F|  |TAMS 0x00000000c7500000, 0x00000000c7500000| Untracked 
|  62|0x00000000c7600000, 0x00000000c7600000, 0x00000000c7700000|  0%| F|  |TAMS 0x00000000c7600000, 0x00000000c7600000| Untracked 
|  63|0x00000000c7700000, 0x00000000c7700000, 0x00000000c7800000|  0%| F|  |TAMS 0x00000000c7700000, 0x00000000c7700000| Untracked 
|  64|0x00000000c7800000, 0x00000000c7800000, 0x00000000c7900000|  0%| F|  |TAMS 0x00000000c7800000, 0x00000000c7800000| Untracked 
|  65|0x00000000c7900000, 0x00000000c7900000, 0x00000000c7a00000|  0%| F|  |TAMS 0x00000000c7900000, 0x00000000c7900000| Untracked 
|  66|0x00000000c7a00000, 0x00000000c7a00000, 0x00000000c7b00000|  0%| F|  |TAMS 0x00000000c7a00000, 0x00000000c7a00000| Untracked 
|  67|0x00000000c7b00000, 0x00000000c7b00000, 0x00000000c7c00000|  0%| F|  |TAMS 0x00000000c7b00000, 0x00000000c7b00000| Untracked 
|  68|0x00000000c7c00000, 0x00000000c7c00000, 0x00000000c7d00000|  0%| F|  |TAMS 0x00000000c7c00000, 0x00000000c7c00000| Untracked 
|  69|0x00000000c7d00000, 0x00000000c7d00000, 0x00000000c7e00000|  0%| F|  |TAMS 0x00000000c7d00000, 0x00000000c7d00000| Untracked 
|  70|0x00000000c7e00000, 0x00000000c7e00000, 0x00000000c7f00000|  0%| F|  |TAMS 0x00000000c7e00000, 0x00000000c7e00000| Untracked 
|  71|0x00000000c7f00000, 0x00000000c7f00000, 0x00000000c8000000|  0%| F|  |TAMS 0x00000000c7f00000, 0x00000000c7f00000| Untracked 
|  72|0x00000000c8000000, 0x00000000c8000000, 0x00000000c8100000|  0%| F|  |TAMS 0x00000000c8000000, 0x00000000c8000000| Untracked 
|  73|0x00000000c8100000, 0x00000000c8100000, 0x00000000c8200000|  0%| F|  |TAMS 0x00000000c8100000, 0x00000000c8100000| Untracked 
|  74|0x00000000c8200000, 0x00000000c8200000, 0x00000000c8300000|  0%| F|  |TAMS 0x00000000c8200000, 0x00000000c8200000| Untracked 
|  75|0x00000000c8300000, 0x00000000c8300000, 0x00000000c8400000|  0%| F|  |TAMS 0x00000000c8300000, 0x00000000c8300000| Untracked 
|  76|0x00000000c8400000, 0x00000000c8400000, 0x00000000c8500000|  0%| F|  |TAMS 0x00000000c8400000, 0x00000000c8400000| Untracked 
|  77|0x00000000c8500000, 0x00000000c8500000, 0x00000000c8600000|  0%| F|  |TAMS 0x00000000c8500000, 0x00000000c8500000| Untracked 
|  78|0x00000000c8600000, 0x00000000c8600000, 0x00000000c8700000|  0%| F|  |TAMS 0x00000000c8600000, 0x00000000c8600000| Untracked 
|  79|0x00000000c8700000, 0x00000000c8700000, 0x00000000c8800000|  0%| F|  |TAMS 0x00000000c8700000, 0x00000000c8700000| Untracked 
|  80|0x00000000c8800000, 0x00000000c8800000, 0x00000000c8900000|  0%| F|  |TAMS 0x00000000c8800000, 0x00000000c8800000| Untracked 
|  81|0x00000000c8900000, 0x00000000c8900000, 0x00000000c8a00000|  0%| F|  |TAMS 0x00000000c8900000, 0x00000000c8900000| Untracked 
|  82|0x00000000c8a00000, 0x00000000c8a00000, 0x00000000c8b00000|  0%| F|  |TAMS 0x00000000c8a00000, 0x00000000c8a00000| Untracked 
|  83|0x00000000c8b00000, 0x00000000c8b00000, 0x00000000c8c00000|  0%| F|  |TAMS 0x00000000c8b00000, 0x00000000c8b00000| Untracked 
|  84|0x00000000c8c00000, 0x00000000c8c00000, 0x00000000c8d00000|  0%| F|  |TAMS 0x00000000c8c00000, 0x00000000c8c00000| Untracked 
|  85|0x00000000c8d00000, 0x00000000c8d00000, 0x00000000c8e00000|  0%| F|  |TAMS 0x00000000c8d00000, 0x00000000c8d00000| Untracked 
|  86|0x00000000c8e00000, 0x00000000c8e00000, 0x00000000c8f00000|  0%| F|  |TAMS 0x00000000c8e00000, 0x00000000c8e00000| Untracked 
|  87|0x00000000c8f00000, 0x00000000c8fd2150, 0x00000000c9000000| 82%| E|  |TAMS 0x00000000c8f00000, 0x00000000c8f00000| Complete 
|  88|0x00000000c9000000, 0x00000000c9100000, 0x00000000c9100000|100%| E|CS|TAMS 0x00000000c9000000, 0x00000000c9000000| Complete 
|  89|0x00000000c9100000, 0x00000000c9200000, 0x00000000c9200000|100%| E|CS|TAMS 0x00000000c9100000, 0x00000000c9100000| Complete 
|  90|0x00000000c9200000, 0x00000000c9300000, 0x00000000c9300000|100%| E|CS|TAMS 0x00000000c9200000, 0x00000000c9200000| Complete 
|  91|0x00000000c9300000, 0x00000000c9400000, 0x00000000c9400000|100%| E|CS|TAMS 0x00000000c9300000, 0x00000000c9300000| Complete 
| 966|0x00000000ffe00000, 0x00000000ffe47000, 0x00000000fff00000| 27%|OA|  |TAMS 0x00000000ffe47000, 0x00000000ffe00000| Untracked 
| 967|0x00000000fff00000, 0x00000000fff6b000, 0x0000000100000000| 41%|CA|  |TAMS 0x00000000fff6b000, 0x00000000fff00000| Untracked 

Card table byte_map: [0x00007faaddeed000,0x00007faade0d1000] _byte_map_base: 0x00007faadd8d1000

Marking Bits (Prev, Next): (CMBitMap*) 0x00007faad8046bb0, (CMBitMap*) 0x00007faad8046b78
 Prev Bits: [0x00007faabb0e0000, 0x00007faabc000000)
 Next Bits: [0x00007faadcde9000, 0x00007faaddd09000)

Polling page: 0x00007faadf298000

Metaspace:

Usage:
  Non-class:     55,06 MB capacity,    53,74 MB ( 98%) used,     1,07 MB (  2%) free+waste,   246,44 KB ( <1%) overhead. 
      Class:      9,36 MB capacity,     8,47 MB ( 91%) used,   784,22 KB (  8%) free+waste,   121,81 KB (  1%) overhead. 
       Both:     64,41 MB capacity,    62,21 MB ( 97%) used,     1,84 MB (  3%) free+waste,   368,25 KB ( <1%) overhead. 

Virtual space:
  Non-class space:       56,00 MB reserved,      55,25 MB ( 99%) committed 
      Class space:        1,00 GB reserved,       9,49 MB ( <1%) committed 
             Both:        1,05 GB reserved,      64,74 MB (  6%) committed 

Chunk freelists:
   Non-Class:  47,00 KB
       Class:  17,00 KB
        Both:  64,00 KB

MaxMetaspaceSize: unlimited
CompressedClassSpaceSize: 1,00 GB
Initial GC threshold: 20,80 MB
Current GC threshold: 107,91 MB
CDS: on

CodeHeap 'non-profiled nmethods': size=238948Kb used=12318Kb max_used=12318Kb free=226629Kb
 bounds [0x00007faac0efd000, 0x00007faac1b0d000, 0x00007faacf856000]
CodeHeap 'non-nmethods': size=6812Kb used=1342Kb max_used=1342Kb free=5469Kb
 bounds [0x00007faac0856000, 0x00007faac0ac6000, 0x00007faac0efd000]
 total_blobs=8022 nmethods=7365 adapters=582
 compilation: enabled
              stopped_count=0, restarted_count=0
 full_count=0

Compilation events (20 events):
Event: 738,478 Thread 0x00007faad80cd800 7360  s    1       java.util.Vector::size (5 bytes)
Event: 738,478 Thread 0x00007faad80cd800 nmethod 7360 0x00007faac1b01710 code [0x00007faac1b018c0, 0x00007faac1b01b30]
Event: 738,482 Thread 0x00007faad80cd800 7361       1       ch.qos.logback.core.pattern.parser.Token::getValue (5 bytes)
Event: 738,482 Thread 0x00007faad80cd800 nmethod 7361 0x00007faac1b01c10 code [0x00007faac1b01dc0, 0x00007faac1b01e90]
Event: 738,483 Thread 0x00007faad80cd800 7362       1       ch.qos.logback.core.pattern.parser.Parser::getCurentToken (35 bytes)
Event: 738,483 Thread 0x00007faad80cd800 nmethod 7362 0x00007faac1b01f10 code [0x00007faac1b020e0, 0x00007faac1b02290]
Event: 738,512 Thread 0x00007faad80cd800 7363       1       org.springframework.core.io.ClassPathResource::exists (13 bytes)
Event: 738,512 Thread 0x00007faad80cd800 nmethod 7363 0x00007faac1b02390 code [0x00007faac1b02540, 0x00007faac1b02640]
Event: 738,549 Thread 0x00007faad80cd800 7364       1       java.lang.management.ManagementFactory$PlatformMBeanFinder$$Lambda$144/0x0000000840111c40::test (12 bytes)
Event: 738,550 Thread 0x00007faad80cd800 nmethod 7364 0x00007faac1b02710 code [0x00007faac1b028e0, 0x00007faac1b02a70]
Event: 738,550 Thread 0x00007faad80cd800 7365       1       java.lang.management.ManagementFactory$PlatformMBeanFinder::lambda$findSingleton$5 (13 bytes)
Event: 738,550 Thread 0x00007faad80cd800 nmethod 7365 0x00007faac1b02b90 code [0x00007faac1b02d40, 0x00007faac1b02e30]
Event: 738,554 Thread 0x00007faad80cd800 7366       1       ch.qos.logback.core.pattern.SpacePadder::spacePad (53 bytes)
Event: 738,555 Thread 0x00007faad80cd800 nmethod 7366 0x00007faac1b02f10 code [0x00007faac1b030e0, 0x00007faac1b032b0]
Event: 738,658 Thread 0x00007faad80cd800 7367       1       org.springframework.boot.logging.DeferredLog$Line::getDestination (13 bytes)
Event: 738,715 Thread 0x00007faad80cd800 nmethod 7367 0x00007faac1b03490 code [0x00007faac1b03640, 0x00007faac1b037a0]
Event: 738,715 Thread 0x00007faad80cd800 7368       1       org.apache.commons.logging.LogAdapter$Slf4jLocationAwareLog::trace (46 bytes)
Event: 738,716 Thread 0x00007faad80cd800 nmethod 7368 0x00007faac1b03890 code [0x00007faac1b03a80, 0x00007faac1b03e30]
Event: 738,716 Thread 0x00007faad80cd800 7369       1       org.springframework.core.annotation.AnnotationTypeMapping::getMappedAnnotationValue (52 bytes)
Event: 738,717 Thread 0x00007faad80cd800 nmethod 7369 0x00007faac1b04010 code [0x00007faac1b04220, 0x00007faac1b04610]

GC Heap History (20 events):
Event: 10,855 GC heap before
{Heap before GC invocations=10 (full 0):
 garbage-first heap   total 95232K, used 43400K [0x00000000c3800000, 0x0000000100000000)
  region size 1024K, 32 young (32768K), 5 survivors (5120K)
 Metaspace       used 34012K, capacity 35434K, committed 35584K, reserved 1079296K
  class space    used 4524K, capacity 5098K, committed 5120K, reserved 1048576K
}
Event: 10,879 GC heap after
{Heap after GC invocations=11 (full 0):
 garbage-first heap   total 114688K, used 19292K [0x00000000c3800000, 0x0000000100000000)
  region size 1024K, 4 young (4096K), 4 survivors (4096K)
 Metaspace       used 34012K, capacity 35434K, committed 35584K, reserved 1079296K
  class space    used 4524K, capacity 5098K, committed 5120K, reserved 1048576K
}
Event: 16,399 GC heap before
{Heap before GC invocations=12 (full 0):
 garbage-first heap   total 114688K, used 82780K [0x00000000c3800000, 0x0000000100000000)
  region size 1024K, 66 young (67584K), 4 survivors (4096K)
 Metaspace       used 42586K, capacity 44106K, committed 44664K, reserved 1087488K
  class space    used 5813K, capacity 6401K, committed 6520K, reserved 1048576K
}
Event: 16,419 GC heap after
{Heap after GC invocations=13 (full 0):
 garbage-first heap   total 114688K, used 21235K [0x00000000c3800000, 0x0000000100000000)
  region size 1024K, 6 young (6144K), 6 survivors (6144K)
 Metaspace       used 42586K, capacity 44106K, committed 44664K, reserved 1087488K
  class space    used 5813K, capacity 6401K, committed 6520K, reserved 1048576K
}
Event: 17,449 GC heap before
{Heap before GC invocations=14 (full 0):
 garbage-first heap   total 114688K, used 83699K [0x00000000c3800000, 0x0000000100000000)
  region size 1024K, 67 young (68608K), 6 survivors (6144K)
 Metaspace       used 51143K, capacity 52937K, committed 53240K, reserved 1095680K
  class space    used 7079K, capacity 7791K, committed 7928K, reserved 1048576K
}
Event: 17,463 GC heap after
{Heap after GC invocations=15 (full 0):
 garbage-first heap   total 114688K, used 23545K [0x00000000c3800000, 0x0000000100000000)
  region size 1024K, 5 young (5120K), 5 survivors (5120K)
 Metaspace       used 51143K, capacity 52937K, committed 53240K, reserved 1095680K
  class space    used 7079K, capacity 7791K, committed 7928K, reserved 1048576K
}
Event: 108,994 GC heap before
{Heap before GC invocations=15 (full 0):
 garbage-first heap   total 114688K, used 87033K [0x00000000c3800000, 0x0000000100000000)
  region size 1024K, 67 young (68608K), 5 survivors (5120K)
 Metaspace       used 57210K, capacity 59172K, committed 59512K, reserved 1099776K
  class space    used 7890K, capacity 8687K, committed 8824K, reserved 1048576K
}
Event: 109,227 GC heap after
{Heap after GC invocations=16 (full 0):
 garbage-first heap   total 114688K, used 27122K [0x00000000c3800000, 0x0000000100000000)
  region size 1024K, 8 young (8192K), 8 survivors (8192K)
 Metaspace       used 57210K, capacity 59172K, committed 59512K, reserved 1099776K
  class space    used 7890K, capacity 8687K, committed 8824K, reserved 1048576K
}
Event: 668,451 GC heap before
{Heap before GC invocations=16 (full 0):
 garbage-first heap   total 114688K, used 87538K [0x00000000c3800000, 0x0000000100000000)
  region size 1024K, 67 young (68608K), 8 survivors (8192K)
 Metaspace       used 62912K, capacity 64963K, committed 65272K, reserved 1105920K
  class space    used 8589K, capacity 9375K, committed 9464K, reserved 1048576K
}
Event: 668,620 GC heap after
{Heap after GC invocations=17 (full 0):
 garbage-first heap   total 114688K, used 30518K [0x00000000c3800000, 0x0000000100000000)
  region size 1024K, 7 young (7168K), 7 survivors (7168K)
 Metaspace       used 62912K, capacity 64963K, committed 65272K, reserved 1105920K
  class space    used 8589K, capacity 9375K, committed 9464K, reserved 1048576K
}
Event: 695,257 GC heap before
{Heap before GC invocations=17 (full 0):
 garbage-first heap   total 114688K, used 33590K [0x00000000c3800000, 0x0000000100000000)
  region size 1024K, 11 young (11264K), 7 survivors (7168K)
 Metaspace       used 63041K, capacity 65075K, committed 65400K, reserved 1105920K
  class space    used 8612K, capacity 9456K, committed 9592K, reserved 1048576K
}
Event: 696,151 GC heap after
{Heap after GC invocations=18 (full 1):
 garbage-first heap   total 96256K, used 25614K [0x00000000c3800000, 0x0000000100000000)
  region size 1024K, 0 young (0K), 0 survivors (0K)
 Metaspace       used 63037K, capacity 65069K, committed 65400K, reserved 1105920K
  class space    used 8611K, capacity 9455K, committed 9592K, reserved 1048576K
}
Event: 698,168 GC heap before
{Heap before GC invocations=18 (full 1):
 garbage-first heap   total 96256K, used 74766K [0x00000000c3800000, 0x0000000100000000)
  region size 1024K, 48 young (49152K), 0 survivors (0K)
 Metaspace       used 63132K, capacity 65282K, committed 65656K, reserved 1105920K
  class space    used 8624K, capacity 9474K, committed 9592K, reserved 1048576K
}
Event: 698,185 GC heap after
{Heap after GC invocations=19 (full 1):
 garbage-first heap   total 96256K, used 29019K [0x00000000c3800000, 0x0000000100000000)
  region size 1024K, 4 young (4096K), 4 survivors (4096K)
 Metaspace       used 63132K, capacity 65282K, committed 65656K, reserved 1105920K
  class space    used 8624K, capacity 9474K, committed 9592K, reserved 1048576K
}
Event: 702,673 GC heap before
{Heap before GC invocations=19 (full 1):
 garbage-first heap   total 96256K, used 68955K [0x00000000c3800000, 0x0000000100000000)
  region size 1024K, 44 young (45056K), 4 survivors (4096K)
 Metaspace       used 63381K, capacity 65567K, committed 65656K, reserved 1105920K
  class space    used 8644K, capacity 9524K, committed 9592K, reserved 1048576K
}
Event: 703,335 GC heap after
{Heap after GC invocations=20 (full 2):
 garbage-first heap   total 96256K, used 24593K [0x00000000c3800000, 0x0000000100000000)
  region size 1024K, 0 young (0K), 0 survivors (0K)
 Metaspace       used 63377K, capacity 65561K, committed 65656K, reserved 1105920K
  class space    used 8644K, capacity 9523K, committed 9592K, reserved 1048576K
}
Event: 705,139 GC heap before
{Heap before GC invocations=20 (full 2):
 garbage-first heap   total 96256K, used 73745K [0x00000000c3800000, 0x0000000100000000)
  region size 1024K, 48 young (49152K), 0 survivors (0K)
 Metaspace       used 63432K, capacity 65671K, committed 65912K, reserved 1105920K
  class space    used 8653K, capacity 9535K, committed 9592K, reserved 1048576K
}
Event: 705,154 GC heap after
{Heap after GC invocations=21 (full 2):
 garbage-first heap   total 96256K, used 27857K [0x00000000c3800000, 0x0000000100000000)
  region size 1024K, 4 young (4096K), 4 survivors (4096K)
 Metaspace       used 63432K, capacity 65671K, committed 65912K, reserved 1105920K
  class space    used 8653K, capacity 9535K, committed 9592K, reserved 1048576K
}
Event: 734,813 GC heap before
{Heap before GC invocations=21 (full 2):
 garbage-first heap   total 96256K, used 71889K [0x00000000c3800000, 0x0000000100000000)
  region size 1024K, 48 young (49152K), 4 survivors (4096K)
 Metaspace       used 63713K, capacity 65966K, committed 66296K, reserved 1105920K
  class space    used 8677K, capacity 9584K, committed 9720K, reserved 1048576K
}
Event: 738,097 GC heap after
{Heap after GC invocations=22 (full 3):
 garbage-first heap   total 96256K, used 26304K [0x00000000c3800000, 0x0000000100000000)
  region size 1024K, 0 young (0K), 0 survivors (0K)
 Metaspace       used 63706K, capacity 65954K, committed 66296K, reserved 1105920K
  class space    used 8676K, capacity 9581K, committed 9720K, reserved 1048576K
}

Deoptimization events (6 events):
Event: 6,722 Thread 0x00007faa4c005800 DEOPT PACKING pc=0x00007faac1244594 sp=0x00007faa8e8ca7c0
Event: 6,722 Thread 0x00007faa4c005800 DEOPT UNPACKING pc=0x00007faac08a064a sp=0x00007faa8e8c9d48 mode 0
Event: 18,127 Thread 0x00007faa4c005800 DEOPT PACKING pc=0x00007faac114c425 sp=0x00007faa8e8cab20
Event: 18,127 Thread 0x00007faa4c005800 DEOPT UNPACKING pc=0x00007faac08a064a sp=0x00007faa8e8ca048 mode 3
Event: 652,967 Thread 0x00007faa48009800 DEOPT PACKING pc=0x00007faac106303c sp=0x00007faab8115760
Event: 652,968 Thread 0x00007faa48009800 DEOPT UNPACKING pc=0x00007faac08a064a sp=0x00007faab8114c98 mode 0

Classes redefined (0 events):
No events

Internal exceptions (20 events):
Event: 700,715 Thread 0x00007faab000d800 Exception <a 'java/lang/ClassNotFoundException'{0x00000000c84d0450}: java/lang/ObjectCustomizer> (0x00000000c84d0450) thrown at [src/hotspot/share/classfile/systemDictionary.cpp, line 231]
Event: 700,715 Thread 0x00007faab000d800 Exception <a 'java/lang/ClassNotFoundException'{0x00000000c84e3e88}: com/ascii274/practica/models/QuadreCustomizer> (0x00000000c84e3e88) thrown at [src/hotspot/share/classfile/systemDictionary.cpp, line 231]
Event: 700,739 Thread 0x00007faab000d800 Exception <a 'java/lang/reflect/InvocationTargetException'{0x00000000c7f10628}> (0x00000000c7f10628) thrown at [src/hotspot/share/runtime/reflection.cpp, line 1245]
Event: 702,621 Thread 0x00007faa40e6b000 Exception <a 'java/lang/InterruptedException'{0x00000000c6de7650}: sleep interrupted> (0x00000000c6de7650) thrown at [src/hotspot/share/prims/jvm.cpp, line 3125]
Event: 703,569 Thread 0x00007faa4c00b000 Exception <a 'java/io/FileNotFoundException'{0x00000000c92308b0}> (0x00000000c92308b0) thrown at [src/hotspot/share/prims/jni.cpp, line 616]
Event: 704,517 Thread 0x00007faa4c00b000 Exception <a 'java/lang/NoClassDefFoundError'{0x00000000c768e0a8}: org/flywaydb/core/Flyway> (0x00000000c768e0a8) thrown at [src/hotspot/share/oops/constantPool.cpp, line 775]
Event: 704,517 Thread 0x00007faa4c00b000 Exception <a 'java/lang/NoClassDefFoundError'{0x00000000c768e3d0}: liquibase/integration/spring/SpringLiquibase> (0x00000000c768e3d0) thrown at [src/hotspot/share/oops/constantPool.cpp, line 775]
Event: 704,525 Thread 0x00007faa4c00b000 Exception <a 'java/lang/NoClassDefFoundError'{0x00000000c76e9338}: org/jooq/DSLContext> (0x00000000c76e9338) thrown at [src/hotspot/share/oops/constantPool.cpp, line 775]
Event: 704,526 Thread 0x00007faa4c00b000 Exception <a 'java/lang/NoClassDefFoundError'{0x00000000c76f48d8}: org/springframework/batch/core/repository/JobRepository> (0x00000000c76f48d8) thrown at [src/hotspot/share/oops/constantPool.cpp, line 775]
Event: 704,526 Thread 0x00007faa4c00b000 Exception <a 'java/lang/NoClassDefFoundError'{0x00000000c76f4c10}: org/quartz/Scheduler> (0x00000000c76f4c10) thrown at [src/hotspot/share/oops/constantPool.cpp, line 775]
Event: 704,526 Thread 0x00007faa4c00b000 Exception <a 'java/lang/NoClassDefFoundError'{0x00000000c76f4f48}: org/springframework/session/jdbc/JdbcIndexedSessionRepository> (0x00000000c76f4f48) thrown at [src/hotspot/share/oops/constantPool.cpp, line 775]
Event: 704,649 Thread 0x00007faa4c00b000 Exception <a 'java/io/FileNotFoundException'{0x00000000c72ae3c0}> (0x00000000c72ae3c0) thrown at [src/hotspot/share/prims/jni.cpp, line 616]
Event: 704,820 Thread 0x00007faa4c00b000 Exception <a 'java/io/FileNotFoundException'{0x00000000c6f4f890}> (0x00000000c6f4f890) thrown at [src/hotspot/share/prims/jni.cpp, line 616]
Event: 706,220 Thread 0x00007faa4c00b000 Exception <a 'java/lang/ClassNotFoundException'{0x00000000c888fba0}: java/lang/ObjectCustomizer> (0x00000000c888fba0) thrown at [src/hotspot/share/classfile/systemDictionary.cpp, line 231]
Event: 706,220 Thread 0x00007faa4c00b000 Exception <a 'java/lang/ClassNotFoundException'{0x00000000c88a3388}: com/ascii274/practica/models/BotigaCustomizer> (0x00000000c88a3388) thrown at [src/hotspot/share/classfile/systemDictionary.cpp, line 231]
Event: 706,243 Thread 0x00007faa4c00b000 Exception <a 'java/lang/ClassNotFoundException'{0x00000000c84da398}: java/lang/ObjectCustomizer> (0x00000000c84da398) thrown at [src/hotspot/share/classfile/systemDictionary.cpp, line 231]
Event: 706,244 Thread 0x00007faa4c00b000 Exception <a 'java/lang/ClassNotFoundException'{0x00000000c84edb80}: com/ascii274/practica/models/QuadreCustomizer> (0x00000000c84edb80) thrown at [src/hotspot/share/classfile/systemDictionary.cpp, line 231]
Event: 706,256 Thread 0x00007faa4c00b000 Exception <a 'java/lang/reflect/InvocationTargetException'{0x00000000c7f1bc18}> (0x00000000c7f1bc18) thrown at [src/hotspot/share/runtime/reflection.cpp, line 1245]
Event: 734,611 Thread 0x00007faa54073000 Exception <a 'java/lang/InterruptedException'{0x00000000c6667068}: sleep interrupted> (0x00000000c6667068) thrown at [src/hotspot/share/prims/jvm.cpp, line 3125]
Event: 738,308 Thread 0x00007faa80003800 Exception <a 'java/io/FileNotFoundException'{0x00000000c922fbf8}> (0x00000000c922fbf8) thrown at [src/hotspot/share/prims/jni.cpp, line 616]

Events (20 events):
Event: 738,516 loading class javax/inject/Qualifier
Event: 738,516 loading class javax/inject/Qualifier done
Event: 738,516 loading class javax/inject$Qualifier
Event: 738,516 loading class javax/inject$Qualifier done
Event: 738,519 loading class javax/inject/Named
Event: 738,519 loading class javax/inject/Named done
Event: 738,520 loading class javax/inject$Named
Event: 738,520 loading class javax/inject$Named done
Event: 738,555 loading class groovy/lang/MetaClass
Event: 738,555 loading class groovy/lang/MetaClass done
Event: 738,556 loading class groovy/lang$MetaClass
Event: 738,556 loading class groovy/lang$MetaClass done
Event: 738,556 loading class javax/inject/Named
Event: 738,556 loading class javax/inject/Named done
Event: 738,556 loading class javax/inject$Named
Event: 738,556 loading class javax/inject$Named done
Event: 738,557 loading class groovy/lang/MetaClass
Event: 738,557 loading class groovy/lang/MetaClass done
Event: 738,557 loading class groovy/lang$MetaClass
Event: 738,557 loading class groovy/lang$MetaClass done


Dynamic libraries:
c3800000-c9400000 rw-p 00000000 00:00 0 
c9400000-ffe00000 ---p 00000000 00:00 0 
ffe00000-ffe47000 rw-p 0110c000 08:03 3020898                            /usr/lib/jvm/java-11-openjdk-11.0.13.0.8-1.fc34.x86_64/lib/server/classes.jsa
ffe47000-fff00000 rw-p 00000000 00:00 0 
fff00000-fff6b000 rw-p 010a1000 08:03 3020898                            /usr/lib/jvm/java-11-openjdk-11.0.13.0.8-1.fc34.x86_64/lib/server/classes.jsa
fff6b000-100000000 rw-p 00000000 00:00 0 
800000000-800002000 rwxp 00001000 08:03 3020898                          /usr/lib/jvm/java-11-openjdk-11.0.13.0.8-1.fc34.x86_64/lib/server/classes.jsa
800002000-8003b5000 rw-p 00003000 08:03 3020898                          /usr/lib/jvm/java-11-openjdk-11.0.13.0.8-1.fc34.x86_64/lib/server/classes.jsa
8003b5000-800a92000 r--p 003b6000 08:03 3020898                          /usr/lib/jvm/java-11-openjdk-11.0.13.0.8-1.fc34.x86_64/lib/server/classes.jsa
800a92000-800a93000 rw-p 00a93000 08:03 3020898                          /usr/lib/jvm/java-11-openjdk-11.0.13.0.8-1.fc34.x86_64/lib/server/classes.jsa
800a93000-8010a0000 r--p 00a94000 08:03 3020898                          /usr/lib/jvm/java-11-openjdk-11.0.13.0.8-1.fc34.x86_64/lib/server/classes.jsa
840000000-84097e000 rw-p 00000000 00:00 0 
84097e000-880000000 ---p 00000000 00:00 0 
556b2cbc4000-556b2cbc5000 r--p 00000000 08:03 796722                     /usr/lib/jvm/java-11-openjdk-11.0.13.0.8-1.fc34.x86_64/bin/java
556b2cbc5000-556b2cbc6000 r-xp 00001000 08:03 796722                     /usr/lib/jvm/java-11-openjdk-11.0.13.0.8-1.fc34.x86_64/bin/java
556b2cbc6000-556b2cbc7000 r--p 00002000 08:03 796722                     /usr/lib/jvm/java-11-openjdk-11.0.13.0.8-1.fc34.x86_64/bin/java
556b2cbc7000-556b2cbc8000 r--p 00002000 08:03 796722                     /usr/lib/jvm/java-11-openjdk-11.0.13.0.8-1.fc34.x86_64/bin/java
556b2cbc8000-556b2cbc9000 rw-p 00003000 08:03 796722                     /usr/lib/jvm/java-11-openjdk-11.0.13.0.8-1.fc34.x86_64/bin/java
556b2da16000-556b2da37000 rw-p 00000000 00:00 0                          [heap]
7faa30000000-7faa30021000 rw-p 00000000 00:00 0 
7faa30021000-7faa34000000 ---p 00000000 00:00 0 
7faa363f6000-7faa36536000 rw-p 00000000 00:00 0 
7faa36536000-7faa365f6000 ---p 00000000 00:00 0 
7faa365f6000-7faa367f6000 rw-p 00000000 00:00 0 
7faa367f6000-7faa369f6000 rw-p 00000000 00:00 0 
7faa369f6000-7faa36bf6000 rw-p 00000000 00:00 0 
7faa36bf6000-7faa36bfa000 ---p 00000000 00:00 0 
7faa36bfa000-7faa36cf7000 rw-p 00000000 00:00 0 
7faa36cf7000-7faa36cfb000 ---p 00000000 00:00 0 
7faa36cfb000-7faa36df8000 rw-p 00000000 00:00 0 
7faa36df8000-7faa36dfc000 ---p 00000000 00:00 0 
7faa36dfc000-7faa36ef9000 rw-p 00000000 00:00 0 
7faa36ef9000-7faa36efd000 ---p 00000000 00:00 0 
7faa36efd000-7faa36ffa000 rw-p 00000000 00:00 0 
7faa36ffa000-7faa36ffe000 ---p 00000000 00:00 0 
7faa36ffe000-7faa370fb000 rw-p 00000000 00:00 0 
7faa370fb000-7faa370ff000 ---p 00000000 00:00 0 
7faa370ff000-7faa371fc000 rw-p 00000000 00:00 0 
7faa371fc000-7faa37200000 ---p 00000000 00:00 0 
7faa37200000-7faa372fd000 rw-p 00000000 00:00 0 
7faa372fd000-7faa37301000 ---p 00000000 00:00 0 
7faa37301000-7faa373fe000 rw-p 00000000 00:00 0 
7faa373fe000-7faa37402000 ---p 00000000 00:00 0 
7faa37402000-7faa374ff000 rw-p 00000000 00:00 0 
7faa374ff000-7faa37503000 ---p 00000000 00:00 0 
7faa37503000-7faa37800000 rw-p 00000000 00:00 0 
7faa37800000-7faa37a00000 rw-p 00000000 00:00 0 
7faa37a00000-7faa37c00000 rw-p 00000000 00:00 0 
7faa37c00000-7faa37e00000 rw-p 00000000 00:00 0 
7faa37e00000-7faa38000000 rw-p 00000000 00:00 0 
7faa38000000-7faa3806c000 rw-p 00000000 00:00 0 
7faa3806c000-7faa3c000000 ---p 00000000 00:00 0 
7faa3c000000-7faa3c20a000 rw-p 00000000 00:00 0 
7faa3c20a000-7faa40000000 ---p 00000000 00:00 0 
7faa40000000-7faa41213000 rw-p 00000000 00:00 0 
7faa41213000-7faa44000000 ---p 00000000 00:00 0 
7faa44000000-7faa44065000 rw-p 00000000 00:00 0 
7faa44065000-7faa48000000 ---p 00000000 00:00 0 
7faa48000000-7faa48021000 rw-p 00000000 00:00 0 
7faa48021000-7faa4c000000 ---p 00000000 00:00 0 
7faa4c000000-7faa4c021000 rw-p 00000000 00:00 0 
7faa4c021000-7faa50000000 ---p 00000000 00:00 0 
7faa50000000-7faa50021000 rw-p 00000000 00:00 0 
7faa50021000-7faa54000000 ---p 00000000 00:00 0 
7faa54000000-7faa540d6000 rw-p 00000000 00:00 0 
7faa540d6000-7faa58000000 ---p 00000000 00:00 0 
7faa58000000-7faa5804a000 rw-p 00000000 00:00 0 
7faa5804a000-7faa5c000000 ---p 00000000 00:00 0 
7faa5c000000-7faa5c021000 rw-p 00000000 00:00 0 
7faa5c021000-7faa60000000 ---p 00000000 00:00 0 
7faa60000000-7faa60028000 rw-p 00000000 00:00 0 
7faa60028000-7faa64000000 ---p 00000000 00:00 0 
7faa64000000-7faa64026000 rw-p 00000000 00:00 0 
7faa64026000-7faa68000000 ---p 00000000 00:00 0 
7faa68000000-7faa68021000 rw-p 00000000 00:00 0 
7faa68021000-7faa6c000000 ---p 00000000 00:00 0 
7faa6c000000-7faa6c021000 rw-p 00000000 00:00 0 
7faa6c021000-7faa70000000 ---p 00000000 00:00 0 
7faa70000000-7faa70021000 rw-p 00000000 00:00 0 
7faa70021000-7faa74000000 ---p 00000000 00:00 0 
7faa74000000-7faa74021000 rw-p 00000000 00:00 0 
7faa74021000-7faa78000000 ---p 00000000 00:00 0 
7faa78000000-7faa78021000 rw-p 00000000 00:00 0 
7faa78021000-7faa7c000000 ---p 00000000 00:00 0 
7faa7c000000-7faa7c26e000 rw-p 00000000 00:00 0 
7faa7c26e000-7faa80000000 ---p 00000000 00:00 0 
7faa80000000-7faa80021000 rw-p 00000000 00:00 0 
7faa80021000-7faa84000000 ---p 00000000 00:00 0 
7faa84000000-7faa84664000 rw-p 00000000 00:00 0 
7faa84664000-7faa88000000 ---p 00000000 00:00 0 
7faa88000000-7faa8807f000 rw-p 00000000 00:00 0 
7faa8807f000-7faa8c000000 ---p 00000000 00:00 0 
7faa8c0a2000-7faa8c0a6000 ---p 00000000 00:00 0 
7faa8c0a6000-7faa8c3a3000 rw-p 00000000 00:00 0 
7faa8c3a3000-7faa8c5a3000 rw-p 00000000 00:00 0 
7faa8c5a3000-7faa8c7a3000 rw-p 00000000 00:00 0 
7faa8c7a3000-7faa8c7a7000 ---p 00000000 00:00 0 
7faa8c7a7000-7faa8c8a4000 rw-p 00000000 00:00 0 
7faa8c8a4000-7faa8c8a8000 ---p 00000000 00:00 0 
7faa8c8a8000-7faa8cba5000 rw-p 00000000 00:00 0 
7faa8cba5000-7faa8cda5000 rw-p 00000000 00:00 0 
7faa8cda5000-7faa8cda7000 r--p 00000000 08:03 275395                     /usr/lib/jvm/java-11-openjdk-11.0.13.0.8-1.fc34.x86_64/lib/libsunec.so
7faa8cda7000-7faa8cdbd000 r-xp 00002000 08:03 275395                     /usr/lib/jvm/java-11-openjdk-11.0.13.0.8-1.fc34.x86_64/lib/libsunec.so
7faa8cdbd000-7faa8cdc1000 r--p 00018000 08:03 275395                     /usr/lib/jvm/java-11-openjdk-11.0.13.0.8-1.fc34.x86_64/lib/libsunec.so
7faa8cdc1000-7faa8cdc2000 ---p 0001c000 08:03 275395                     /usr/lib/jvm/java-11-openjdk-11.0.13.0.8-1.fc34.x86_64/lib/libsunec.so
7faa8cdc2000-7faa8cdc3000 r--p 0001c000 08:03 275395                     /usr/lib/jvm/java-11-openjdk-11.0.13.0.8-1.fc34.x86_64/lib/libsunec.so
7faa8cdc3000-7faa8cdc5000 rw-p 0001d000 08:03 275395                     /usr/lib/jvm/java-11-openjdk-11.0.13.0.8-1.fc34.x86_64/lib/libsunec.so
7faa8cdc5000-7faa8cfc5000 rw-p 00000000 00:00 0 
7faa8cfc5000-7faa8cfc9000 ---p 00000000 00:00 0 
7faa8cfc9000-7faa8d0c6000 rw-p 00000000 00:00 0 
7faa8d0c6000-7faa8d0ca000 ---p 00000000 00:00 0 
7faa8d0ca000-7faa8d1c7000 rw-p 00000000 00:00 0 
7faa8d1c7000-7faa8d1cb000 ---p 00000000 00:00 0 
7faa8d1cb000-7faa8d4c8000 rw-p 00000000 00:00 0 
7faa8d4c8000-7faa8d6c8000 rw-p 00000000 00:00 0 
7faa8d6c8000-7faa8d8c8000 rw-p 00000000 00:00 0 
7faa8d8c8000-7faa8dac8000 rw-p 00000000 00:00 0 
7faa8dac8000-7faa8dcc8000 rw-p 00000000 00:00 0 
7faa8dcc8000-7faa8dec8000 rw-p 00000000 00:00 0 
7faa8dec8000-7faa8e0c8000 rw-p 00000000 00:00 0 
7faa8e0c8000-7faa8e0cc000 ---p 00000000 00:00 0 
7faa8e0cc000-7faa8e3c9000 rw-p 00000000 00:00 0 
7faa8e3c9000-7faa8e3ca000 ---p 00000000 00:00 0 
7faa8e3ca000-7faa8e4cb000 rw-p 00000000 00:00 0 
7faa8e4cb000-7faa8e4cc000 ---p 00000000 00:00 0 
7faa8e4cc000-7faa8e7cd000 rw-p 00000000 00:00 0 
7faa8e7cd000-7faa8e7d1000 ---p 00000000 00:00 0 
7faa8e7d1000-7faa8e8ce000 rw-p 00000000 00:00 0 
7faa8e8ce000-7faa8e8d2000 ---p 00000000 00:00 0 
7faa8e8d2000-7faa8e9cf000 rw-p 00000000 00:00 0 
7faa8e9cf000-7faa8e9d3000 ---p 00000000 00:00 0 
7faa8e9d3000-7faa8ead0000 rw-p 00000000 00:00 0 
7faa8ead0000-7faa9c000000 r--p 00000000 08:03 131327                     /usr/lib/locale/locale-archive
7faa9c000000-7faa9c070000 rw-p 00000000 00:00 0 
7faa9c070000-7faaa0000000 ---p 00000000 00:00 0 
7faaa0000000-7faaa0021000 rw-p 00000000 00:00 0 
7faaa0021000-7faaa4000000 ---p 00000000 00:00 0 
7faaa4000000-7faaa404a000 rw-p 00000000 00:00 0 
7faaa404a000-7faaa8000000 ---p 00000000 00:00 0 
7faaa8000000-7faaa89df000 rw-p 00000000 00:00 0 
7faaa89df000-7faaac000000 ---p 00000000 00:00 0 
7faaac000000-7faaac021000 rw-p 00000000 00:00 0 
7faaac021000-7faab0000000 ---p 00000000 00:00 0 
7faab0000000-7faab0021000 rw-p 00000000 00:00 0 
7faab0021000-7faab4000000 ---p 00000000 00:00 0 
7faab4000000-7faab4021000 rw-p 00000000 00:00 0 
7faab4021000-7faab8000000 ---p 00000000 00:00 0 
7faab8019000-7faab801d000 ---p 00000000 00:00 0 
7faab801d000-7faab811a000 rw-p 00000000 00:00 0 
7faab811a000-7faab813b000 r--p 00000000 08:03 2099396                    /usr/share/locale/es/LC_MESSAGES/libc.mo
7faab813b000-7faab813f000 ---p 00000000 00:00 0 
7faab813f000-7faab823c000 rw-p 00000000 00:00 0 
7faab823c000-7faab823d000 ---p 00000000 00:00 0 
7faab823d000-7faab833e000 rw-p 00000000 00:00 0 
7faab833e000-7faab833f000 ---p 00000000 00:00 0 
7faab833f000-7faab8440000 rw-p 00000000 00:00 0 
7faab8440000-7faab8444000 ---p 00000000 00:00 0 
7faab8444000-7faab8541000 rw-p 00000000 00:00 0 
7faab8541000-7faab8545000 ---p 00000000 00:00 0 
7faab8545000-7faab8642000 rw-p 00000000 00:00 0 
7faab8642000-7faab8643000 ---p 00000000 00:00 0 
7faab8643000-7faab8744000 rw-p 00000000 00:00 0 
7faab8744000-7faab8748000 ---p 00000000 00:00 0 
7faab8748000-7faab8845000 rw-p 00000000 00:00 0 
7faab8845000-7faab8849000 ---p 00000000 00:00 0 
7faab8849000-7faab8946000 rw-p 00000000 00:00 0 
7faab8946000-7faab894a000 ---p 00000000 00:00 0 
7faab894a000-7faab8a47000 rw-p 00000000 00:00 0 
7faab8a47000-7faab8a49000 r--p 00000000 08:03 144778                     /usr/lib64/libpcre2-8.so.0.10.1
7faab8a49000-7faab8ab4000 r-xp 00002000 08:03 144778                     /usr/lib64/libpcre2-8.so.0.10.1
7faab8ab4000-7faab8adb000 r--p 0006d000 08:03 144778                     /usr/lib64/libpcre2-8.so.0.10.1
7faab8adb000-7faab8adc000 ---p 00094000 08:03 144778                     /usr/lib64/libpcre2-8.so.0.10.1
7faab8adc000-7faab8add000 r--p 00094000 08:03 144778                     /usr/lib64/libpcre2-8.so.0.10.1
7faab8add000-7faab8ade000 rw-p 00095000 08:03 144778                     /usr/lib64/libpcre2-8.so.0.10.1
7faab8ade000-7faab8ae4000 r--p 00000000 08:03 144893                     /usr/lib64/libselinux.so.1
7faab8ae4000-7faab8afe000 r-xp 00006000 08:03 144893                     /usr/lib64/libselinux.so.1
7faab8afe000-7faab8b05000 r--p 00020000 08:03 144893                     /usr/lib64/libselinux.so.1
7faab8b05000-7faab8b06000 ---p 00027000 08:03 144893                     /usr/lib64/libselinux.so.1
7faab8b06000-7faab8b07000 r--p 00027000 08:03 144893                     /usr/lib64/libselinux.so.1
7faab8b07000-7faab8b08000 rw-p 00028000 08:03 144893                     /usr/lib64/libselinux.so.1
7faab8b08000-7faab8b0a000 rw-p 00000000 00:00 0 
7faab8b0a000-7faab8b0e000 r--p 00000000 08:03 141933                     /usr/lib64/libnss_myhostname.so.2
7faab8b0e000-7faab8b1d000 r-xp 00004000 08:03 141933                     /usr/lib64/libnss_myhostname.so.2
7faab8b1d000-7faab8b26000 r--p 00013000 08:03 141933                     /usr/lib64/libnss_myhostname.so.2
7faab8b26000-7faab8b27000 ---p 0001c000 08:03 141933                     /usr/lib64/libnss_myhostname.so.2
7faab8b27000-7faab8b2b000 r--p 0001c000 08:03 141933                     /usr/lib64/libnss_myhostname.so.2
7faab8b2b000-7faab8b2c000 rw-p 00020000 08:03 141933                     /usr/lib64/libnss_myhostname.so.2
7faab8b2c000-7faab8b2f000 r--p 00000000 08:03 144713                     /usr/lib64/libnss_files-2.33.so
7faab8b2f000-7faab8b36000 r-xp 00003000 08:03 144713                     /usr/lib64/libnss_files-2.33.so
7faab8b36000-7faab8b38000 r--p 0000a000 08:03 144713                     /usr/lib64/libnss_files-2.33.so
7faab8b38000-7faab8b39000 r--p 0000b000 08:03 144713                     /usr/lib64/libnss_files-2.33.so
7faab8b39000-7faab8b40000 rw-p 00000000 00:00 0 
7faab8b5b000-7faab8b67000 r--p 00000000 08:03 146487                     /usr/lib64/libnspr4.so
7faab8b67000-7faab8b8c000 r-xp 0000c000 08:03 146487                     /usr/lib64/libnspr4.so
7faab8b8c000-7faab8b99000 r--p 00031000 08:03 146487                     /usr/lib64/libnspr4.so
7faab8b99000-7faab8b9a000 r--p 0003d000 08:03 146487                     /usr/lib64/libnspr4.so
7faab8b9a000-7faab8b9c000 rw-p 0003e000 08:03 146487                     /usr/lib64/libnspr4.so
7faab8b9c000-7faab8b9e000 rw-p 00000000 00:00 0 
7faab8b9e000-7faab8bb7000 r--p 00000000 08:03 148491                     /usr/lib64/libnss3.so
7faab8bb7000-7faab8c98000 r-xp 00019000 08:03 148491                     /usr/lib64/libnss3.so
7faab8c98000-7faab8cd2000 r--p 000fa000 08:03 148491                     /usr/lib64/libnss3.so
7faab8cd2000-7faab8cd3000 ---p 00134000 08:03 148491                     /usr/lib64/libnss3.so
7faab8cd3000-7faab8cd8000 r--p 00134000 08:03 148491                     /usr/lib64/libnss3.so
7faab8cd8000-7faab8cdb000 rw-p 00139000 08:03 148491                     /usr/lib64/libnss3.so
7faab8cdb000-7faab8cdc000 rw-p 00000000 00:00 0 
7faab8cdc000-7faab8ce0000 ---p 00000000 00:00 0 
7faab8ce0000-7faab8ddd000 rw-p 00000000 00:00 0 
7faab8ddd000-7faab8de1000 ---p 00000000 00:00 0 
7faab8de1000-7faab8ede000 rw-p 00000000 00:00 0 
7faab8ede000-7faab8ee2000 ---p 00000000 00:00 0 
7faab8ee2000-7faab8fdf000 rw-p 00000000 00:00 0 
7faab8fdf000-7faab8fe3000 ---p 00000000 00:00 0 
7faab8fe3000-7faabb250000 rw-p 00000000 00:00 0 
7faabb250000-7faabbff8000 ---p 00000000 00:00 0 
7faabbff8000-7faabc000000 rw-p 00000000 00:00 0 
7faabc000000-7faabc05b000 rw-p 00000000 00:00 0 
7faabc05b000-7faac0000000 ---p 00000000 00:00 0 
7faac0008000-7faac0015000 r--p 00000000 08:03 146489                     /usr/lib64/libnssutil3.so
7faac0015000-7faac0027000 r-xp 0000d000 08:03 146489                     /usr/lib64/libnssutil3.so
7faac0027000-7faac0033000 r--p 0001f000 08:03 146489                     /usr/lib64/libnssutil3.so
7faac0033000-7faac003a000 r--p 0002a000 08:03 146489                     /usr/lib64/libnssutil3.so
7faac003a000-7faac003b000 rw-p 00031000 08:03 146489                     /usr/lib64/libnssutil3.so
7faac0041000-7faac0048000 r--s 00000000 08:03 659224                     /usr/lib64/gconv/gconv-modules.cache
7faac0048000-7faac0049000 r--p 00000000 08:03 275122                     /usr/lib/jvm/java-11-openjdk-11.0.13.0.8-1.fc34.x86_64/lib/libextnet.so
7faac0049000-7faac004a000 r-xp 00001000 08:03 275122                     /usr/lib/jvm/java-11-openjdk-11.0.13.0.8-1.fc34.x86_64/lib/libextnet.so
7faac004a000-7faac004b000 r--p 00002000 08:03 275122                     /usr/lib/jvm/java-11-openjdk-11.0.13.0.8-1.fc34.x86_64/lib/libextnet.so
7faac004b000-7faac004c000 r--p 00002000 08:03 275122                     /usr/lib/jvm/java-11-openjdk-11.0.13.0.8-1.fc34.x86_64/lib/libextnet.so
7faac004c000-7faac004d000 rw-p 00000000 00:00 0 
7faac004d000-7faac004f000 r--p 00000000 08:03 275387                     /usr/lib/jvm/java-11-openjdk-11.0.13.0.8-1.fc34.x86_64/lib/libmanagement_ext.so
7faac004f000-7faac0052000 r-xp 00002000 08:03 275387                     /usr/lib/jvm/java-11-openjdk-11.0.13.0.8-1.fc34.x86_64/lib/libmanagement_ext.so
7faac0052000-7faac0053000 r--p 00005000 08:03 275387                     /usr/lib/jvm/java-11-openjdk-11.0.13.0.8-1.fc34.x86_64/lib/libmanagement_ext.so
7faac0053000-7faac0054000 ---p 00006000 08:03 275387                     /usr/lib/jvm/java-11-openjdk-11.0.13.0.8-1.fc34.x86_64/lib/libmanagement_ext.so
7faac0054000-7faac0055000 r--p 00006000 08:03 275387                     /usr/lib/jvm/java-11-openjdk-11.0.13.0.8-1.fc34.x86_64/lib/libmanagement_ext.so
7faac0055000-7faac0856000 rw-p 00000000 00:00 0 
7faac0856000-7faac0ac6000 rwxp 00000000 00:00 0 
7faac0ac6000-7faac0efd000 ---p 00000000 00:00 0 
7faac0efd000-7faac1b0d000 rwxp 00000000 00:00 0 
7faac1b0d000-7faacf856000 ---p 00000000 00:00 0 
7faacf856000-7faad8000000 r--s 00000000 08:03 275400                     /usr/lib/jvm/java-11-openjdk-11.0.13.0.8-1.fc34.x86_64/lib/modules
7faad8000000-7faad8685000 rw-p 00000000 00:00 0 
7faad8685000-7faadc000000 ---p 00000000 00:00 0 
7faadc000000-7faadc001000 r--p 00000000 08:03 138358                     /usr/lib64/libplds4.so
7faadc001000-7faadc002000 r-xp 00001000 08:03 138358                     /usr/lib64/libplds4.so
7faadc002000-7faadc003000 r--p 00002000 08:03 138358                     /usr/lib64/libplds4.so
7faadc003000-7faadc004000 r--p 00002000 08:03 138358                     /usr/lib64/libplds4.so
7faadc004000-7faadc005000 rw-p 00003000 08:03 138358                     /usr/lib64/libplds4.so
7faadc005000-7faadc007000 r--p 00000000 08:03 146488                     /usr/lib64/libplc4.so
7faadc007000-7faadc009000 r-xp 00002000 08:03 146488                     /usr/lib64/libplc4.so
7faadc009000-7faadc00a000 r--p 00004000 08:03 146488                     /usr/lib64/libplc4.so
7faadc00a000-7faadc00b000 r--p 00004000 08:03 146488                     /usr/lib64/libplc4.so
7faadc00b000-7faadc00c000 rw-p 00005000 08:03 146488                     /usr/lib64/libplc4.so
7faadc00c000-7faadc00d000 r--p 00000000 08:03 275396                     /usr/lib/jvm/java-11-openjdk-11.0.13.0.8-1.fc34.x86_64/lib/libsystemconf.so
7faadc00d000-7faadc00e000 r-xp 00001000 08:03 275396                     /usr/lib/jvm/java-11-openjdk-11.0.13.0.8-1.fc34.x86_64/lib/libsystemconf.so
7faadc00e000-7faadc00f000 r--p 00002000 08:03 275396                     /usr/lib/jvm/java-11-openjdk-11.0.13.0.8-1.fc34.x86_64/lib/libsystemconf.so
7faadc00f000-7faadc010000 r--p 00002000 08:03 275396                     /usr/lib/jvm/java-11-openjdk-11.0.13.0.8-1.fc34.x86_64/lib/libsystemconf.so
7faadc010000-7faadc042000 rw-p 00000000 00:00 0 
7faadc042000-7faadc046000 r--p 00000000 08:03 275389                     /usr/lib/jvm/java-11-openjdk-11.0.13.0.8-1.fc34.x86_64/lib/libnet.so
7faadc046000-7faadc057000 r-xp 00004000 08:03 275389                     /usr/lib/jvm/java-11-openjdk-11.0.13.0.8-1.fc34.x86_64/lib/libnet.so
7faadc057000-7faadc05b000 r--p 00015000 08:03 275389                     /usr/lib/jvm/java-11-openjdk-11.0.13.0.8-1.fc34.x86_64/lib/libnet.so
7faadc05b000-7faadc05c000 r--p 00018000 08:03 275389                     /usr/lib/jvm/java-11-openjdk-11.0.13.0.8-1.fc34.x86_64/lib/libnet.so
7faadc05c000-7faadc05d000 rw-p 00019000 08:03 275389                     /usr/lib/jvm/java-11-openjdk-11.0.13.0.8-1.fc34.x86_64/lib/libnet.so
7faadc05d000-7faadc064000 r--p 00000000 08:03 275390                     /usr/lib/jvm/java-11-openjdk-11.0.13.0.8-1.fc34.x86_64/lib/libnio.so
7faadc064000-7faadc06c000 r-xp 00007000 08:03 275390                     /usr/lib/jvm/java-11-openjdk-11.0.13.0.8-1.fc34.x86_64/lib/libnio.so
7faadc06c000-7faadc06f000 r--p 0000f000 08:03 275390                     /usr/lib/jvm/java-11-openjdk-11.0.13.0.8-1.fc34.x86_64/lib/libnio.so
7faadc06f000-7faadc070000 r--p 00011000 08:03 275390                     /usr/lib/jvm/java-11-openjdk-11.0.13.0.8-1.fc34.x86_64/lib/libnio.so
7faadc070000-7faadc071000 rw-p 00012000 08:03 275390                     /usr/lib/jvm/java-11-openjdk-11.0.13.0.8-1.fc34.x86_64/lib/libnio.so
7faadc071000-7faadc075000 ---p 00000000 00:00 0 
7faadc075000-7faadc172000 rw-p 00000000 00:00 0 
7faadc172000-7faadc176000 ---p 00000000 00:00 0 
7faadc176000-7faadc273000 rw-p 00000000 00:00 0 
7faadc273000-7faadc277000 ---p 00000000 00:00 0 
7faadc277000-7faadc374000 rw-p 00000000 00:00 0 
7faadc374000-7faadc375000 ---p 00000000 00:00 0 
7faadc375000-7faadc5bc000 rw-p 00000000 00:00 0 
7faadc5bc000-7faadc5bd000 ---p 00000000 00:00 0 
7faadc5bd000-7faadc6be000 rw-p 00000000 00:00 0 
7faadc6be000-7faadc6bf000 ---p 00000000 00:00 0 
7faadc6bf000-7faadcbc4000 rw-p 00000000 00:00 0 
7faadcbc4000-7faadcbc5000 ---p 00000000 00:00 0 
7faadcbc5000-7faadccc6000 rw-p 00000000 00:00 0 
7faadccc6000-7faadccc7000 ---p 00000000 00:00 0 
7faadccc7000-7faadcf59000 rw-p 00000000 00:00 0 
7faadcf59000-7faaddd01000 ---p 00000000 00:00 0 
7faaddd01000-7faaddd37000 rw-p 00000000 00:00 0 
7faaddd37000-7faaddeec000 ---p 00000000 00:00 0 
7faaddeec000-7faaddf1b000 rw-p 00000000 00:00 0 
7faaddf1b000-7faade0d0000 ---p 00000000 00:00 0 
7faade0d0000-7faade0ff000 rw-p 00000000 00:00 0 
7faade0ff000-7faade2b4000 ---p 00000000 00:00 0 
7faade2b4000-7faade6b9000 rw-p 00000000 00:00 0 
7faade6b9000-7faade6ba000 ---p 00000000 00:00 0 
7faade6ba000-7faade7d4000 rw-p 00000000 00:00 0 
7faade7d4000-7faade98e000 ---p 00000000 00:00 0 
7faade98e000-7faade993000 rw-p 00000000 00:00 0 
7faade993000-7faade99c000 ---p 00000000 00:00 0 
7faade99c000-7faadf270000 r--s 00000000 08:03 6947074                    /var/lib/sss/mc/passwd
7faadf270000-7faadf272000 r--p 00000000 08:03 142853                     /usr/lib64/libnss_sss.so.2
7faadf272000-7faadf279000 r-xp 00002000 08:03 142853                     /usr/lib64/libnss_sss.so.2
7faadf279000-7faadf27b000 r--p 00009000 08:03 142853                     /usr/lib64/libnss_sss.so.2
7faadf27b000-7faadf27c000 r--p 0000a000 08:03 142853                     /usr/lib64/libnss_sss.so.2
7faadf27c000-7faadf27d000 rw-p 0000b000 08:03 142853                     /usr/lib64/libnss_sss.so.2
7faadf27f000-7faadf282000 r--p 00000000 08:03 275385                     /usr/lib/jvm/java-11-openjdk-11.0.13.0.8-1.fc34.x86_64/lib/libmanagement.so
7faadf282000-7faadf283000 r-xp 00003000 08:03 275385                     /usr/lib/jvm/java-11-openjdk-11.0.13.0.8-1.fc34.x86_64/lib/libmanagement.so
7faadf283000-7faadf284000 r--p 00004000 08:03 275385                     /usr/lib/jvm/java-11-openjdk-11.0.13.0.8-1.fc34.x86_64/lib/libmanagement.so
7faadf284000-7faadf285000 r--p 00004000 08:03 275385                     /usr/lib/jvm/java-11-openjdk-11.0.13.0.8-1.fc34.x86_64/lib/libmanagement.so
7faadf285000-7faadf286000 rw-p 00000000 00:00 0 
7faadf286000-7faadf288000 r--p 00000000 08:03 275399                     /usr/lib/jvm/java-11-openjdk-11.0.13.0.8-1.fc34.x86_64/lib/libzip.so
7faadf288000-7faadf28c000 r-xp 00002000 08:03 275399                     /usr/lib/jvm/java-11-openjdk-11.0.13.0.8-1.fc34.x86_64/lib/libzip.so
7faadf28c000-7faadf28e000 r--p 00006000 08:03 275399                     /usr/lib/jvm/java-11-openjdk-11.0.13.0.8-1.fc34.x86_64/lib/libzip.so
7faadf28e000-7faadf28f000 r--p 00007000 08:03 275399                     /usr/lib/jvm/java-11-openjdk-11.0.13.0.8-1.fc34.x86_64/lib/libzip.so
7faadf28f000-7faadf290000 rw-p 00000000 00:00 0 
7faadf290000-7faadf298000 rw-s 00000000 00:23 1352                       /tmp/hsperfdata_joel/55007
7faadf298000-7faadf299000 ---p 00000000 00:00 0 
7faadf299000-7faadf29a000 r--p 00000000 00:00 0 
7faadf29a000-7faadf2a8000 r--p 00000000 08:03 275378                     /usr/lib/jvm/java-11-openjdk-11.0.13.0.8-1.fc34.x86_64/lib/libjava.so
7faadf2a8000-7faadf2bf000 r-xp 0000e000 08:03 275378                     /usr/lib/jvm/java-11-openjdk-11.0.13.0.8-1.fc34.x86_64/lib/libjava.so
7faadf2bf000-7faadf2c5000 r--p 00025000 08:03 275378                     /usr/lib/jvm/java-11-openjdk-11.0.13.0.8-1.fc34.x86_64/lib/libjava.so
7faadf2c5000-7faadf2c6000 ---p 0002b000 08:03 275378                     /usr/lib/jvm/java-11-openjdk-11.0.13.0.8-1.fc34.x86_64/lib/libjava.so
7faadf2c6000-7faadf2c7000 r--p 0002b000 08:03 275378                     /usr/lib/jvm/java-11-openjdk-11.0.13.0.8-1.fc34.x86_64/lib/libjava.so
7faadf2c7000-7faadf2c8000 rw-p 0002c000 08:03 275378                     /usr/lib/jvm/java-11-openjdk-11.0.13.0.8-1.fc34.x86_64/lib/libjava.so
7faadf2c8000-7faadf2c9000 rw-p 00000000 00:00 0 
7faadf2c9000-7faadf2cc000 r--p 00000000 08:03 146073                     /usr/lib64/librt-2.33.so
7faadf2cc000-7faadf2d0000 r-xp 00003000 08:03 146073                     /usr/lib64/librt-2.33.so
7faadf2d0000-7faadf2d2000 r--p 00007000 08:03 146073                     /usr/lib64/librt-2.33.so
7faadf2d2000-7faadf2d3000 r--p 00008000 08:03 146073                     /usr/lib64/librt-2.33.so
7faadf2d3000-7faadf2d4000 rw-p 00009000 08:03 146073                     /usr/lib64/librt-2.33.so
7faadf2d4000-7faadf2d8000 ---p 00000000 00:00 0 
7faadf2d8000-7faadf3d5000 rw-p 00000000 00:00 0 
7faadf3d5000-7faadf3d8000 r--p 00000000 08:03 131227                     /usr/lib64/libgcc_s-11-20210728.so.1
7faadf3d8000-7faadf3ea000 r-xp 00003000 08:03 131227                     /usr/lib64/libgcc_s-11-20210728.so.1
7faadf3ea000-7faadf3ed000 r--p 00015000 08:03 131227                     /usr/lib64/libgcc_s-11-20210728.so.1
7faadf3ed000-7faadf3ee000 ---p 00018000 08:03 131227                     /usr/lib64/libgcc_s-11-20210728.so.1
7faadf3ee000-7faadf3ef000 r--p 00018000 08:03 131227                     /usr/lib64/libgcc_s-11-20210728.so.1
7faadf3ef000-7faadf3f0000 rw-p 00019000 08:03 131227                     /usr/lib64/libgcc_s-11-20210728.so.1
7faadf3f0000-7faadf3ff000 r--p 00000000 08:03 146069                     /usr/lib64/libm-2.33.so
7faadf3ff000-7faadf499000 r-xp 0000f000 08:03 146069                     /usr/lib64/libm-2.33.so
7faadf499000-7faadf531000 r--p 000a9000 08:03 146069                     /usr/lib64/libm-2.33.so
7faadf531000-7faadf532000 ---p 00141000 08:03 146069                     /usr/lib64/libm-2.33.so
7faadf532000-7faadf533000 r--p 00141000 08:03 146069                     /usr/lib64/libm-2.33.so
7faadf533000-7faadf534000 rw-p 00142000 08:03 146069                     /usr/lib64/libm-2.33.so
7faadf534000-7faadf5cd000 r--p 00000000 08:03 132004                     /usr/lib64/libstdc++.so.6.0.29
7faadf5cd000-7faadf6cf000 r-xp 00099000 08:03 132004                     /usr/lib64/libstdc++.so.6.0.29
7faadf6cf000-7faadf742000 r--p 0019b000 08:03 132004                     /usr/lib64/libstdc++.so.6.0.29
7faadf742000-7faadf74d000 r--p 0020d000 08:03 132004                     /usr/lib64/libstdc++.so.6.0.29
7faadf74d000-7faadf750000 rw-p 00218000 08:03 132004                     /usr/lib64/libstdc++.so.6.0.29
7faadf750000-7faadf753000 rw-p 00000000 00:00 0 
7faadf753000-7faadf9d6000 r--p 00000000 08:03 3020897                    /usr/lib/jvm/java-11-openjdk-11.0.13.0.8-1.fc34.x86_64/lib/server/libjvm.so
7faadf9d6000-7faae06c7000 r-xp 00283000 08:03 3020897                    /usr/lib/jvm/java-11-openjdk-11.0.13.0.8-1.fc34.x86_64/lib/server/libjvm.so
7faae06c7000-7faae0921000 r--p 00f74000 08:03 3020897                    /usr/lib/jvm/java-11-openjdk-11.0.13.0.8-1.fc34.x86_64/lib/server/libjvm.so
7faae0921000-7faae0922000 ---p 011ce000 08:03 3020897                    /usr/lib/jvm/java-11-openjdk-11.0.13.0.8-1.fc34.x86_64/lib/server/libjvm.so
7faae0922000-7faae09e6000 r--p 011ce000 08:03 3020897                    /usr/lib/jvm/java-11-openjdk-11.0.13.0.8-1.fc34.x86_64/lib/server/libjvm.so
7faae09e6000-7faae0a21000 rw-p 01292000 08:03 3020897                    /usr/lib/jvm/java-11-openjdk-11.0.13.0.8-1.fc34.x86_64/lib/server/libjvm.so
7faae0a21000-7faae0a7a000 rw-p 00000000 00:00 0 
7faae0a7a000-7faae0a81000 r--p 00000000 08:03 146071                     /usr/lib64/libpthread-2.33.so
7faae0a81000-7faae0a90000 r-xp 00007000 08:03 146071                     /usr/lib64/libpthread-2.33.so
7faae0a90000-7faae0a94000 r--p 00016000 08:03 146071                     /usr/lib64/libpthread-2.33.so
7faae0a94000-7faae0a95000 ---p 0001a000 08:03 146071                     /usr/lib64/libpthread-2.33.so
7faae0a95000-7faae0a96000 r--p 0001a000 08:03 146071                     /usr/lib64/libpthread-2.33.so
7faae0a96000-7faae0a97000 rw-p 0001b000 08:03 146071                     /usr/lib64/libpthread-2.33.so
7faae0a97000-7faae0a9b000 rw-p 00000000 00:00 0 
7faae0a9b000-7faae0a9d000 r--p 00000000 08:03 146068                     /usr/lib64/libdl-2.33.so
7faae0a9d000-7faae0a9f000 r-xp 00002000 08:03 146068                     /usr/lib64/libdl-2.33.so
7faae0a9f000-7faae0aa0000 r--p 00004000 08:03 146068                     /usr/lib64/libdl-2.33.so
7faae0aa0000-7faae0aa1000 r--p 00004000 08:03 146068                     /usr/lib64/libdl-2.33.so
7faae0aa1000-7faae0aa2000 rw-p 00000000 00:00 0 
7faae0aa2000-7faae0aa5000 r--p 00000000 08:03 145166                     /usr/lib64/libz.so.1.2.11
7faae0aa5000-7faae0ab3000 r-xp 00003000 08:03 145166                     /usr/lib64/libz.so.1.2.11
7faae0ab3000-7faae0ab9000 r--p 00011000 08:03 145166                     /usr/lib64/libz.so.1.2.11
7faae0ab9000-7faae0aba000 ---p 00017000 08:03 145166                     /usr/lib64/libz.so.1.2.11
7faae0aba000-7faae0abb000 r--p 00017000 08:03 145166                     /usr/lib64/libz.so.1.2.11
7faae0abb000-7faae0abc000 rw-p 00000000 00:00 0 
7faae0abc000-7faae0ae2000 r--p 00000000 08:03 144102                     /usr/lib64/libc-2.33.so
7faae0ae2000-7faae0c2f000 r-xp 00026000 08:03 144102                     /usr/lib64/libc-2.33.so
7faae0c2f000-7faae0c7b000 r--p 00173000 08:03 144102                     /usr/lib64/libc-2.33.so
7faae0c7b000-7faae0c7c000 ---p 001bf000 08:03 144102                     /usr/lib64/libc-2.33.so
7faae0c7c000-7faae0c7f000 r--p 001bf000 08:03 144102                     /usr/lib64/libc-2.33.so
7faae0c7f000-7faae0c82000 rw-p 001c2000 08:03 144102                     /usr/lib64/libc-2.33.so
7faae0c82000-7faae0c8b000 rw-p 00000000 00:00 0 
7faae0c8c000-7faae0c8e000 r--p 00000000 08:03 275381                     /usr/lib/jvm/java-11-openjdk-11.0.13.0.8-1.fc34.x86_64/lib/libjimage.so
7faae0c8e000-7faae0c91000 r-xp 00002000 08:03 275381                     /usr/lib/jvm/java-11-openjdk-11.0.13.0.8-1.fc34.x86_64/lib/libjimage.so
7faae0c91000-7faae0c92000 r--p 00005000 08:03 275381                     /usr/lib/jvm/java-11-openjdk-11.0.13.0.8-1.fc34.x86_64/lib/libjimage.so
7faae0c92000-7faae0c93000 ---p 00006000 08:03 275381                     /usr/lib/jvm/java-11-openjdk-11.0.13.0.8-1.fc34.x86_64/lib/libjimage.so
7faae0c93000-7faae0c94000 r--p 00006000 08:03 275381                     /usr/lib/jvm/java-11-openjdk-11.0.13.0.8-1.fc34.x86_64/lib/libjimage.so
7faae0c94000-7faae0c95000 rw-p 00007000 08:03 275381                     /usr/lib/jvm/java-11-openjdk-11.0.13.0.8-1.fc34.x86_64/lib/libjimage.so
7faae0c95000-7faae0c9a000 r--p 00000000 08:03 275398                     /usr/lib/jvm/java-11-openjdk-11.0.13.0.8-1.fc34.x86_64/lib/libverify.so
7faae0c9a000-7faae0ca1000 r-xp 00005000 08:03 275398                     /usr/lib/jvm/java-11-openjdk-11.0.13.0.8-1.fc34.x86_64/lib/libverify.so
7faae0ca1000-7faae0ca3000 r--p 0000c000 08:03 275398                     /usr/lib/jvm/java-11-openjdk-11.0.13.0.8-1.fc34.x86_64/lib/libverify.so
7faae0ca3000-7faae0ca5000 r--p 0000d000 08:03 275398                     /usr/lib/jvm/java-11-openjdk-11.0.13.0.8-1.fc34.x86_64/lib/libverify.so
7faae0ca5000-7faae0ca6000 rw-p 00000000 00:00 0 
7faae0ca6000-7faae0ca9000 r--p 00000000 08:03 796731                     /usr/lib/jvm/java-11-openjdk-11.0.13.0.8-1.fc34.x86_64/lib/jli/libjli.so
7faae0ca9000-7faae0cb3000 r-xp 00003000 08:03 796731                     /usr/lib/jvm/java-11-openjdk-11.0.13.0.8-1.fc34.x86_64/lib/jli/libjli.so
7faae0cb3000-7faae0cb6000 r--p 0000d000 08:03 796731                     /usr/lib/jvm/java-11-openjdk-11.0.13.0.8-1.fc34.x86_64/lib/jli/libjli.so
7faae0cb6000-7faae0cb7000 ---p 00010000 08:03 796731                     /usr/lib/jvm/java-11-openjdk-11.0.13.0.8-1.fc34.x86_64/lib/jli/libjli.so
7faae0cb7000-7faae0cb8000 r--p 00010000 08:03 796731                     /usr/lib/jvm/java-11-openjdk-11.0.13.0.8-1.fc34.x86_64/lib/jli/libjli.so
7faae0cb8000-7faae0cb9000 rw-p 00011000 08:03 796731                     /usr/lib/jvm/java-11-openjdk-11.0.13.0.8-1.fc34.x86_64/lib/jli/libjli.so
7faae0cb9000-7faae0cbb000 rw-p 00000000 00:00 0 
7faae0cbb000-7faae0cbc000 r--p 00000000 08:03 146066                     /usr/lib64/ld-2.33.so
7faae0cbc000-7faae0ce1000 r-xp 00001000 08:03 146066                     /usr/lib64/ld-2.33.so
7faae0ce1000-7faae0ceb000 r--p 00026000 08:03 146066                     /usr/lib64/ld-2.33.so
7faae0ceb000-7faae0ced000 r--p 0002f000 08:03 146066                     /usr/lib64/ld-2.33.so
7faae0ced000-7faae0cef000 rw-p 00031000 08:03 146066                     /usr/lib64/ld-2.33.so
7ffd5ff4f000-7ffd5ff72000 rw-p 00000000 00:00 0                          [stack]
7ffd5ffdd000-7ffd5ffe1000 r--p 00000000 00:00 0                          [vvar]
7ffd5ffe1000-7ffd5ffe3000 r-xp 00000000 00:00 0                          [vdso]
ffffffffff600000-ffffffffff601000 r-xp 00000000 00:00 0                  [vsyscall]


VM Arguments:
jvm_args: -Dcom.sun.management.jmxremote -Dcom.sun.management.jmxremote.port=44869 -Dcom.sun.management.jmxremote.authenticate=false -Dcom.sun.management.jmxremote.ssl=false -Djava.rmi.server.hostname=localhost -Dspring.jmx.enabled=true -Dspring.application.admin.enabled=true -Djava.security.egd=file:/dev/./urandom -XX:TieredStopAtLevel=1 -Dspring.boot.project.name=Mod14Nivel2_WhiteCollar_MySQL_Web -Dfile.encoding=UTF-8 
java_command: com.ascii274.practica.Mod14Nivel1Fase2MysqlApplication
java_class_path (initial): /home/joel/Programacion/Java_ItAcademy/It_Academy_Mod_8_en_Adelante/Mod14_SpringRestApi/Mod14Nivel2_WhiteCollar_MySQL_Web/target/classes:/home/joel/.m2/repository/org/springframework/boot/spring-boot-starter-web/2.5.6/spring-boot-starter-web-2.5.6.jar:/home/joel/.m2/repository/org/springframework/boot/spring-boot-starter-json/2.5.6/spring-boot-starter-json-2.5.6.jar:/home/joel/.m2/repository/com/fasterxml/jackson/core/jackson-databind/2.12.5/jackson-databind-2.12.5.jar:/home/joel/.m2/repository/com/fasterxml/jackson/core/jackson-annotations/2.12.5/jackson-annotations-2.12.5.jar:/home/joel/.m2/repository/com/fasterxml/jackson/core/jackson-core/2.12.5/jackson-core-2.12.5.jar:/home/joel/.m2/repository/com/fasterxml/jackson/datatype/jackson-datatype-jdk8/2.12.5/jackson-datatype-jdk8-2.12.5.jar:/home/joel/.m2/repository/com/fasterxml/jackson/datatype/jackson-datatype-jsr310/2.12.5/jackson-datatype-jsr310-2.12.5.jar:/home/joel/.m2/repository/com/fasterxml/jackson/module/jackson-module-parameter-names/2.12.5/jackson-module-parameter-names-2.12.5.jar:/home/joel/.m2/repository/org/springframework/boot/spring-boot-starter-tomcat/2.5.6/spring-boot-starter-tomcat-2.5.6.jar:/home/joel/.m2/repository/org/apache/tomcat/embed/tomcat-embed-core/9.0.54/tomcat-embed-core-9.0.54.jar:/home/joel/.m2/repository/org/apache/tomcat/embed/tomcat-embed-el/9.0.54/tomcat-embed-el-9.0.54.jar:/home/joel/.m2/repository/org/apache/tomcat/embed/tomcat-embed-websocket/9.0.54/tomcat-embed-websocket-9.0.54.jar:/home/joel/.m2/repository/org/springframework/spring-web/5.3.12/spring-web-5.3.12.jar:/home/joel/.m2/repository/org/springframework/spring-beans/5.3.12/spring-beans-5.3.12.jar:/home/joel/.m2/repository/org/springframework/spring-webmvc/5.3.12/spring-webmvc-5.3.12.jar:/home/joel/.m2/repository/org/springframework/spring-aop/5.3.12/spring-aop-5.3.12.jar:/home/joel/.m2/repository/org/springframework/spring-context/5.3.12/spring-context-5.3.12.jar:/home/joel/.m2/repository
Launcher Type: SUN_STANDARD

[Global flags]
     intx CICompilerCount                          = 3                                         {product} {ergonomic}
     uint ConcGCThreads                            = 1                                         {product} {ergonomic}
     uint G1ConcRefinementThreads                  = 4                                         {product} {ergonomic}
   size_t G1HeapRegionSize                         = 1048576                                   {product} {ergonomic}
    uintx GCDrainStackTargetSize                   = 64                                        {product} {ergonomic}
   size_t InitialHeapSize                          = 65011712                                  {product} {ergonomic}
     bool ManagementServer                         = true                                      {product} {command line}
   size_t MarkStackSize                            = 4194304                                   {product} {ergonomic}
   size_t MaxHeapSize                              = 1015021568                                {product} {ergonomic}
   size_t MaxNewSize                               = 608174080                                 {product} {ergonomic}
   size_t MinHeapDeltaBytes                        = 1048576                                   {product} {ergonomic}
    uintx NonNMethodCodeHeapSize                   = 6973028                                {pd product} {ergonomic}
    uintx NonProfiledCodeHeapSize                  = 244685212                              {pd product} {ergonomic}
    uintx ProfiledCodeHeapSize                     = 0                                      {pd product} {ergonomic}
    uintx ReservedCodeCacheSize                    = 251658240                              {pd product} {ergonomic}
     bool SegmentedCodeCache                       = true                                      {product} {ergonomic}
     intx TieredStopAtLevel                        = 1                                         {product} {command line}
     bool UseCompressedClassPointers               = true                                 {lp64_product} {ergonomic}
     bool UseCompressedOops                        = true                                 {lp64_product} {ergonomic}
     bool UseG1GC                                  = true                                      {product} {ergonomic}

Logging:
Log output configuration:
 #0: stdout all=warning uptime,level,tags
 #1: stderr all=off uptime,level,tags

Environment Variables:
PATH=/home/joel/.sdkman/candidates/gradle/current/bin:/home/joel/.local/bin:/home/joel/bin:/usr/local/bin:/usr/bin:/bin:/usr/local/sbin:/usr/sbin:/home/joel/.composer/vendor/bin:/var/lib/snapd/snap/bin
SHELL=/bin/bash
DISPLAY=:0
LANG=es_ES.UTF-8

Signal Handlers:
SIGSEGV: [libjvm.so+0xefe790], sa_mask[0]=11111111011111111101111111111110, sa_flags=SA_RESTART|SA_SIGINFO
SIGBUS: [libjvm.so+0xefe790], sa_mask[0]=11111111011111111101111111111110, sa_flags=SA_RESTART|SA_SIGINFO
SIGFPE: [libjvm.so+0xefe790], sa_mask[0]=11111111011111111101111111111110, sa_flags=SA_RESTART|SA_SIGINFO
SIGPIPE: [libjvm.so+0xc5e290], sa_mask[0]=11111111011111111101111111111110, sa_flags=SA_RESTART|SA_SIGINFO
SIGXFSZ: [libjvm.so+0xc5e290], sa_mask[0]=11111111011111111101111111111110, sa_flags=SA_RESTART|SA_SIGINFO
SIGILL: [libjvm.so+0xefe790], sa_mask[0]=11111111011111111101111111111110, sa_flags=SA_RESTART|SA_SIGINFO
SIGUSR2: [libjvm.so+0xc5e110], sa_mask[0]=00100000000000000000000000000000, sa_flags=SA_RESTART|SA_SIGINFO
SIGHUP: [libjvm.so+0xc5e6f0], sa_mask[0]=11111111011111111101111111111110, sa_flags=SA_RESTART|SA_SIGINFO
SIGINT: [libjvm.so+0xc5e6f0], sa_mask[0]=11111111011111111101111111111110, sa_flags=SA_RESTART|SA_SIGINFO
SIGTERM: [libjvm.so+0xc5e6f0], sa_mask[0]=11111111011111111101111111111110, sa_flags=SA_RESTART|SA_SIGINFO
SIGQUIT: [libjvm.so+0xc5e6f0], sa_mask[0]=11111111011111111101111111111110, sa_flags=SA_RESTART|SA_SIGINFO


---------------  S Y S T E M  ---------------

OS:Fedora release 34 (Thirty Four)
uname:Linux 5.14.13-200.fc34.x86_64 #1 SMP Mon Oct 18 12:39:31 UTC 2021 x86_64
OS uptime: 0 days 9:59 hours
libc:glibc 2.33 NPTL 2.33 
rlimit (soft/hard): STACK 8192k/infinity , CORE infinity/infinity , NPROC 15309/15309 , NOFILE 524288/524288 , AS infinity/infinity , CPU infinity/infinity , DATA infinity/infinity , FSIZE infinity/infinity , MEMLOCK 64k/64k
load average:3,73 3,06 3,71

/proc/meminfo:
MemTotal:        3958028 kB
MemFree:           89964 kB
MemAvailable:     159988 kB
Buffers:            9180 kB
Cached:           235756 kB
SwapCached:        49460 kB
Active:           820948 kB
Inactive:        1367116 kB
Active(anon):     689708 kB
Inactive(anon):  1264504 kB
Active(file):     131240 kB
Inactive(file):   102612 kB
Unevictable:        5780 kB
Mlocked:            5780 kB
SwapTotal:       9817080 kB
SwapFree:        3382064 kB
Dirty:               544 kB
Writeback:          1204 kB
AnonPages:       1901648 kB
Mapped:           176996 kB
Shmem:              5980 kB
KReclaimable:      84380 kB
Slab:             248280 kB
SReclaimable:      84380 kB
SUnreclaim:       163900 kB
KernelStack:       29712 kB
PageTables:        84768 kB
NFS_Unstable:          0 kB
Bounce:                0 kB
WritebackTmp:          0 kB
CommitLimit:    11796092 kB
Committed_AS:   18952860 kB
VmallocTotal:   34359738367 kB
VmallocUsed:       83568 kB
VmallocChunk:          0 kB
Percpu:             4288 kB
HardwareCorrupted:     0 kB
AnonHugePages:         0 kB
ShmemHugePages:        0 kB
ShmemPmdMapped:        0 kB
FileHugePages:         0 kB
FilePmdMapped:         0 kB
CmaTotal:              0 kB
CmaFree:               0 kB
HugePages_Total:       0
HugePages_Free:        0
HugePages_Rsvd:        0
HugePages_Surp:        0
Hugepagesize:       2048 kB
Hugetlb:               0 kB
DirectMap4k:      617660 kB
DirectMap2M:     3526656 kB
DirectMap1G:     1048576 kB

/sys/kernel/mm/transparent_hugepage/enabled:
always [madvise] never
/sys/kernel/mm/transparent_hugepage/defrag (defrag/compaction efforts parameter):
always defer defer+madvise [madvise] never

Process Memory:
Virtual Size: 4916228K (peak: 12393352K)
Resident Set Size: 163084K (peak: 231960K) (anon: 146920K, file: 16132K, shmem: 32K)
Swapped out: 77200K
C-Heap outstanding allocations: 30781K

/proc/sys/kernel/threads-max (system-wide limit on the number of threads):
30619
/proc/sys/vm/max_map_count (maximum number of memory map areas a process may have):
65530
/proc/sys/kernel/pid_max (system-wide limit on number of process identifiers):
4194304

Steal ticks since vm start: 0
Steal ticks percentage since vm start:  0,000

CPU:total 4 (initial active 4) (4 cores per cpu, 1 threads per core) family 6 model 94 stepping 3 microcode 0xea, cmov, cx8, fxsr, mmx, sse, sse2, sse3, ssse3, sse4.1, sse4.2, popcnt, avx, avx2, aes, clmul, erms, 3dnowpref, lzcnt, tsc, tscinvbit, bmi1, bmi2, adx, fma
CPU Model and flags from /proc/cpuinfo:
model name	: Intel(R) Core(TM) i5-6400 CPU @ 2.70GHz
flags		: fpu vme de pse tsc msr pae mce cx8 apic sep mtrr pge mca cmov pat pse36 clflush dts acpi mmx fxsr sse sse2 ss ht tm pbe syscall nx pdpe1gb rdtscp lm constant_tsc art arch_perfmon pebs bts rep_good nopl xtopology nonstop_tsc cpuid aperfmperf pni pclmulqdq dtes64 monitor ds_cpl vmx est tm2 ssse3 sdbg fma cx16 xtpr pdcm pcid sse4_1 sse4_2 x2apic movbe popcnt tsc_deadline_timer aes xsave avx f16c rdrand lahf_lm abm 3dnowprefetch cpuid_fault epb invpcid_single pti ssbd ibrs ibpb stibp tpr_shadow vnmi flexpriority ept vpid ept_ad fsgsbase tsc_adjust bmi1 avx2 smep bmi2 erms invpcid mpx rdseed adx smap clflushopt intel_pt xsaveopt xsavec xgetbv1 xsaves dtherm ida arat pln pts hwp hwp_notify hwp_act_window hwp_epp md_clear flush_l1d
Online cpus:
0-3
Offline cpus:

BIOS frequency limitation:
<Not Available>
Frequency switch latency (ns):
0
Available cpu frequencies:
<Not Available>
Current governor:
powersave
Core performance/turbo boost:
<Not Available>

Memory: 4k page, physical 3958028k(89712k free), swap 9817080k(3382576k free)

vm_info: OpenJDK 64-Bit Server VM (11.0.13+8) for linux-amd64 JRE (11.0.13+8), built on Oct 13 2021 00:00:00 by "mockbuild" with gcc 11.2.1 20210728 (Red Hat 11.2.1-1)

END.
