#
# A fatal error has been detected by the Java Runtime Environment:
#
#  SIGSEGV (0xb) at pc=0x00007f81a39665f0, pid=54044, tid=54985
#
# JRE version: OpenJDK Runtime Environment 18.9 (11.0.13+8) (build 11.0.13+8)
# Java VM: OpenJDK 64-Bit Server VM 18.9 (11.0.13+8, mixed mode, sharing, tiered, compressed oops, g1 gc, linux-amd64)
# Problematic frame:
# V  [libjvm.so+0xdd05f0]  SignatureIterator::iterate_parameters()+0x20
#
# Core dump will be written. Default location: Core dumps may be processed with "/usr/lib/systemd/systemd-coredump %P %u %g %s %t %c %h" (or dumping to /home/joel/Programacion/Java_ItAcademy/It_Academy_Mod_8_en_Adelante/Mod14_SpringRestApi/Mod14Nivel2_WhiteCollar_MySQL_Web/core.54044)
#
# If you would like to submit a bug report, please visit:
#   https://bugzilla.redhat.com/enter_bug.cgi?product=Fedora&component=java-11-openjdk&version=34
#

---------------  S U M M A R Y ------------

Command Line: -Dcom.sun.management.jmxremote -Dcom.sun.management.jmxremote.port=36515 -Dcom.sun.management.jmxremote.authenticate=false -Dcom.sun.management.jmxremote.ssl=false -Djava.rmi.server.hostname=localhost -Dspring.jmx.enabled=true -Dspring.application.admin.enabled=true -Djava.security.egd=file:/dev/./urandom -XX:TieredStopAtLevel=1 -Dspring.boot.project.name=Mod14Nivel2_WhiteCollar_MySQL_Web -Dfile.encoding=UTF-8 com.ascii274.practica.Mod14Nivel1Fase2MysqlApplication

Host: Intel(R) Core(TM) i5-6400 CPU @ 2.70GHz, 4 cores, 3G, Fedora release 34 (Thirty Four)
Time: Wed Oct 27 19:15:38 2021 CEST elapsed time: 146.968556 seconds (0d 0h 2m 26s)

---------------  T H R E A D  ---------------

Current thread (0x00007f812000e800):  JavaThread "restartedMain" [_thread_in_vm, id=54985, stack(0x00007f80fbcff000,0x00007f80fbe00000)]

Stack: [0x00007f80fbcff000,0x00007f80fbe00000],  sp=0x00007f80fbdfc760,  free space=1013k
Native frames: (J=compiled Java code, A=aot compiled Java code, j=interpreted, Vv=VM code, C=native code)
V  [libjvm.so+0xdd05f0]  SignatureIterator::iterate_parameters()+0x20
V  [libjvm.so+0x784535]  frame::interpreter_callee_receiver_addr(Symbol*)+0x55
V  [libjvm.so+0x8bce8a]  InterpreterRuntime::resolve_invoke(JavaThread*, Bytecodes::Code)+0x2da
V  [libjvm.so+0x8bd421]  InterpreterRuntime::resolve_from_cache(JavaThread*, Bytecodes::Code)+0x41
j  org.springframework.boot.autoconfigure.context.MessageSourceAutoConfiguration$ResourceBundleCondition.<init>()V+1
v  ~StubRoutines::call_stub
V  [libjvm.so+0x8c3d8b]  JavaCalls::call_helper(JavaValue*, methodHandle const&, JavaCallArguments*, Thread*)+0x3bb
V  [libjvm.so+0xd04007]  invoke(InstanceKlass*, methodHandle const&, Handle, bool, objArrayHandle, BasicType, objArrayHandle, bool, Thread*) [clone .constprop.0]+0x567
V  [libjvm.so+0xd04db7]  Reflection::invoke_constructor(oopDesc*, objArrayHandle, Thread*)+0x1b7
V  [libjvm.so+0x988be4]  JVM_NewInstanceFromConstructor+0xf4
J 1606  jdk.internal.reflect.NativeConstructorAccessorImpl.newInstance0(Ljava/lang/reflect/Constructor;[Ljava/lang/Object;)Ljava/lang/Object; java.base@11.0.13 (0 bytes) @ 0x00007f81851344a8 [0x00007f81851343c0+0x00000000000000e8]
J 1605 c1 jdk.internal.reflect.NativeConstructorAccessorImpl.newInstance([Ljava/lang/Object;)Ljava/lang/Object; java.base@11.0.13 (89 bytes) @ 0x00007f81851351c4 [0x00007f8185134e40+0x0000000000000384]
J 1366 c1 jdk.internal.reflect.DelegatingConstructorAccessorImpl.newInstance([Ljava/lang/Object;)Ljava/lang/Object; java.base@11.0.13 (9 bytes) @ 0x00007f81850da9a4 [0x00007f81850da940+0x0000000000000064]
J 2620 c1 org.springframework.beans.BeanUtils.instantiateClass(Ljava/lang/reflect/Constructor;[Ljava/lang/Object;)Ljava/lang/Object; (187 bytes) @ 0x00007f81852dc02c [0x00007f81852dbc00+0x000000000000042c]
J 2674 c1 org.springframework.beans.BeanUtils.instantiateClass(Ljava/lang/Class;)Ljava/lang/Object; (84 bytes) @ 0x00007f81852f53ac [0x00007f81852f5020+0x000000000000038c]
J 2881 c1 org.springframework.context.annotation.ConditionEvaluator.shouldSkip(Lorg/springframework/core/type/AnnotatedTypeMetadata;Lorg/springframework/context/annotation/ConfigurationCondition$ConfigurationPhase;)Z (250 bytes) @ 0x00007f8185341fd4 [0x00007f8185341c80+0x0000000000000354]
j  org.springframework.context.annotation.ConfigurationClassParser.processConfigurationClass(Lorg/springframework/context/annotation/ConfigurationClass;Ljava/util/function/Predicate;)V+11
j  org.springframework.context.annotation.ConfigurationClassParser.processImports(Lorg/springframework/context/annotation/ConfigurationClass;Lorg/springframework/context/annotation/ConfigurationClassParser$SourceClass;Ljava/util/Collection;Ljava/util/function/Predicate;Z)V+296
j  org.springframework.context.annotation.ConfigurationClassParser.access$800(Lorg/springframework/context/annotation/ConfigurationClassParser;Lorg/springframework/context/annotation/ConfigurationClass;Lorg/springframework/context/annotation/ConfigurationClassParser$SourceClass;Ljava/util/Collection;Ljava/util/function/Predicate;Z)V+8
j  org.springframework.context.annotation.ConfigurationClassParser$DeferredImportSelectorGroupingHandler.lambda$processGroupImports$1(Ljava/util/function/Predicate;Lorg/springframework/context/annotation/DeferredImportSelector$Group$Entry;)V+48
j  org.springframework.context.annotation.ConfigurationClassParser$DeferredImportSelectorGroupingHandler$$Lambda$393.accept(Ljava/lang/Object;)V+12
j  java.util.ArrayList.forEach(Ljava/util/function/Consumer;)V+46 java.base@11.0.13
j  org.springframework.context.annotation.ConfigurationClassParser$DeferredImportSelectorGroupingHandler.processGroupImports()V+50
j  org.springframework.context.annotation.ConfigurationClassParser$DeferredImportSelectorHandler.process()V+54
j  org.springframework.context.annotation.ConfigurationClassParser.parse(Ljava/util/Set;)V+171
j  org.springframework.context.annotation.ConfigurationClassPostProcessor.processConfigBeanDefinitions(Lorg/springframework/beans/factory/support/BeanDefinitionRegistry;)V+308
j  org.springframework.context.annotation.ConfigurationClassPostProcessor.postProcessBeanDefinitionRegistry(Lorg/springframework/beans/factory/support/BeanDefinitionRegistry;)V+107
j  org.springframework.context.support.PostProcessorRegistrationDelegate.invokeBeanDefinitionRegistryPostProcessors(Ljava/util/Collection;Lorg/springframework/beans/factory/support/BeanDefinitionRegistry;Lorg/springframework/core/metrics/ApplicationStartup;)V+59
j  org.springframework.context.support.PostProcessorRegistrationDelegate.invokeBeanFactoryPostProcessors(Lorg/springframework/beans/factory/config/ConfigurableListableBeanFactory;Ljava/util/List;)V+235
j  org.springframework.context.support.AbstractApplicationContext.invokeBeanFactoryPostProcessors(Lorg/springframework/beans/factory/config/ConfigurableListableBeanFactory;)V+5
j  org.springframework.context.support.AbstractApplicationContext.refresh()V+53
j  org.springframework.boot.web.servlet.context.ServletWebServerApplicationContext.refresh()V+1
j  org.springframework.boot.SpringApplication.refresh(Lorg/springframework/context/ConfigurableApplicationContext;)V+1
j  org.springframework.boot.SpringApplication.refreshContext(Lorg/springframework/context/ConfigurableApplicationContext;)V+16
j  org.springframework.boot.SpringApplication.run([Ljava/lang/String;)Lorg/springframework/context/ConfigurableApplicationContext;+111
j  org.springframework.boot.SpringApplication.run([Ljava/lang/Class;[Ljava/lang/String;)Lorg/springframework/context/ConfigurableApplicationContext;+9
j  org.springframework.boot.SpringApplication.run(Ljava/lang/Class;[Ljava/lang/String;)Lorg/springframework/context/ConfigurableApplicationContext;+9
j  com.ascii274.practica.Mod14Nivel1Fase2MysqlApplication.main([Ljava/lang/String;)V+3
v  ~StubRoutines::call_stub
V  [libjvm.so+0x8c3d8b]  JavaCalls::call_helper(JavaValue*, methodHandle const&, JavaCallArguments*, Thread*)+0x3bb
V  [libjvm.so+0xd04007]  invoke(InstanceKlass*, methodHandle const&, Handle, bool, objArrayHandle, BasicType, objArrayHandle, bool, Thread*) [clone .constprop.0]+0x567
V  [libjvm.so+0xd04fa4]  Reflection::invoke_method(oopDesc*, Handle, objArrayHandle, Thread*)+0x164
V  [libjvm.so+0x9888f3]  JVM_InvokeMethod+0x233
J 2377  jdk.internal.reflect.NativeMethodAccessorImpl.invoke0(Ljava/lang/reflect/Method;Ljava/lang/Object;[Ljava/lang/Object;)Ljava/lang/Object; java.base@11.0.13 (0 bytes) @ 0x00007f818526a840 [0x00007f818526a740+0x0000000000000100]
J 2376 c1 jdk.internal.reflect.NativeMethodAccessorImpl.invoke(Ljava/lang/Object;[Ljava/lang/Object;)Ljava/lang/Object; java.base@11.0.13 (104 bytes) @ 0x00007f818526b95c [0x00007f818526b5a0+0x00000000000003bc]
J 2472 c1 jdk.internal.reflect.DelegatingMethodAccessorImpl.invoke(Ljava/lang/Object;[Ljava/lang/Object;)Ljava/lang/Object; java.base@11.0.13 (10 bytes) @ 0x00007f8185294124 [0x00007f81852940c0+0x0000000000000064]
J 2473 c1 java.lang.reflect.Method.invoke(Ljava/lang/Object;[Ljava/lang/Object;)Ljava/lang/Object; java.base@11.0.13 (65 bytes) @ 0x00007f8185298c84 [0x00007f8185298b60+0x0000000000000124]
j  org.springframework.boot.devtools.restart.RestartLauncher.run()V+42
v  ~StubRoutines::call_stub
V  [libjvm.so+0x8c3d8b]  JavaCalls::call_helper(JavaValue*, methodHandle const&, JavaCallArguments*, Thread*)+0x3bb
V  [libjvm.so+0x8c2146]  JavaCalls::call_virtual(JavaValue*, Handle, Klass*, Symbol*, Symbol*, Thread*)+0x1a6
V  [libjvm.so+0x97bdb2]  thread_entry(JavaThread*, Thread*)+0xb2
V  [libjvm.so+0xe90ffe]  JavaThread::thread_main_inner()+0x26e
V  [libjvm.so+0xe8d20f]  Thread::call_run()+0x14f
V  [libjvm.so+0xc68a56]  thread_native_entry(Thread*)+0xf6

Java frames: (J=compiled Java code, j=interpreted, Vv=VM code)
j  org.springframework.boot.autoconfigure.context.MessageSourceAutoConfiguration$ResourceBundleCondition.<init>()V+1
v  ~StubRoutines::call_stub
J 1606  jdk.internal.reflect.NativeConstructorAccessorImpl.newInstance0(Ljava/lang/reflect/Constructor;[Ljava/lang/Object;)Ljava/lang/Object; java.base@11.0.13 (0 bytes) @ 0x00007f8185134433 [0x00007f81851343c0+0x0000000000000073]
J 1605 c1 jdk.internal.reflect.NativeConstructorAccessorImpl.newInstance([Ljava/lang/Object;)Ljava/lang/Object; java.base@11.0.13 (89 bytes) @ 0x00007f81851351c4 [0x00007f8185134e40+0x0000000000000384]
J 1366 c1 jdk.internal.reflect.DelegatingConstructorAccessorImpl.newInstance([Ljava/lang/Object;)Ljava/lang/Object; java.base@11.0.13 (9 bytes) @ 0x00007f81850da9a4 [0x00007f81850da940+0x0000000000000064]
J 2620 c1 org.springframework.beans.BeanUtils.instantiateClass(Ljava/lang/reflect/Constructor;[Ljava/lang/Object;)Ljava/lang/Object; (187 bytes) @ 0x00007f81852dc02c [0x00007f81852dbc00+0x000000000000042c]
J 2674 c1 org.springframework.beans.BeanUtils.instantiateClass(Ljava/lang/Class;)Ljava/lang/Object; (84 bytes) @ 0x00007f81852f53ac [0x00007f81852f5020+0x000000000000038c]
J 2881 c1 org.springframework.context.annotation.ConditionEvaluator.shouldSkip(Lorg/springframework/core/type/AnnotatedTypeMetadata;Lorg/springframework/context/annotation/ConfigurationCondition$ConfigurationPhase;)Z (250 bytes) @ 0x00007f8185341fd4 [0x00007f8185341c80+0x0000000000000354]
j  org.springframework.context.annotation.ConfigurationClassParser.processConfigurationClass(Lorg/springframework/context/annotation/ConfigurationClass;Ljava/util/function/Predicate;)V+11
j  org.springframework.context.annotation.ConfigurationClassParser.processImports(Lorg/springframework/context/annotation/ConfigurationClass;Lorg/springframework/context/annotation/ConfigurationClassParser$SourceClass;Ljava/util/Collection;Ljava/util/function/Predicate;Z)V+296
j  org.springframework.context.annotation.ConfigurationClassParser.access$800(Lorg/springframework/context/annotation/ConfigurationClassParser;Lorg/springframework/context/annotation/ConfigurationClass;Lorg/springframework/context/annotation/ConfigurationClassParser$SourceClass;Ljava/util/Collection;Ljava/util/function/Predicate;Z)V+8
j  org.springframework.context.annotation.ConfigurationClassParser$DeferredImportSelectorGroupingHandler.lambda$processGroupImports$1(Ljava/util/function/Predicate;Lorg/springframework/context/annotation/DeferredImportSelector$Group$Entry;)V+48
j  org.springframework.context.annotation.ConfigurationClassParser$DeferredImportSelectorGroupingHandler$$Lambda$393.accept(Ljava/lang/Object;)V+12
j  java.util.ArrayList.forEach(Ljava/util/function/Consumer;)V+46 java.base@11.0.13
j  org.springframework.context.annotation.ConfigurationClassParser$DeferredImportSelectorGroupingHandler.processGroupImports()V+50
j  org.springframework.context.annotation.ConfigurationClassParser$DeferredImportSelectorHandler.process()V+54
j  org.springframework.context.annotation.ConfigurationClassParser.parse(Ljava/util/Set;)V+171
j  org.springframework.context.annotation.ConfigurationClassPostProcessor.processConfigBeanDefinitions(Lorg/springframework/beans/factory/support/BeanDefinitionRegistry;)V+308
j  org.springframework.context.annotation.ConfigurationClassPostProcessor.postProcessBeanDefinitionRegistry(Lorg/springframework/beans/factory/support/BeanDefinitionRegistry;)V+107
j  org.springframework.context.support.PostProcessorRegistrationDelegate.invokeBeanDefinitionRegistryPostProcessors(Ljava/util/Collection;Lorg/springframework/beans/factory/support/BeanDefinitionRegistry;Lorg/springframework/core/metrics/ApplicationStartup;)V+59
j  org.springframework.context.support.PostProcessorRegistrationDelegate.invokeBeanFactoryPostProcessors(Lorg/springframework/beans/factory/config/ConfigurableListableBeanFactory;Ljava/util/List;)V+235
j  org.springframework.context.support.AbstractApplicationContext.invokeBeanFactoryPostProcessors(Lorg/springframework/beans/factory/config/ConfigurableListableBeanFactory;)V+5
j  org.springframework.context.support.AbstractApplicationContext.refresh()V+53
j  org.springframework.boot.web.servlet.context.ServletWebServerApplicationContext.refresh()V+1
j  org.springframework.boot.SpringApplication.refresh(Lorg/springframework/context/ConfigurableApplicationContext;)V+1
j  org.springframework.boot.SpringApplication.refreshContext(Lorg/springframework/context/ConfigurableApplicationContext;)V+16
j  org.springframework.boot.SpringApplication.run([Ljava/lang/String;)Lorg/springframework/context/ConfigurableApplicationContext;+111
j  org.springframework.boot.SpringApplication.run([Ljava/lang/Class;[Ljava/lang/String;)Lorg/springframework/context/ConfigurableApplicationContext;+9
j  org.springframework.boot.SpringApplication.run(Ljava/lang/Class;[Ljava/lang/String;)Lorg/springframework/context/ConfigurableApplicationContext;+9
j  com.ascii274.practica.Mod14Nivel1Fase2MysqlApplication.main([Ljava/lang/String;)V+3
v  ~StubRoutines::call_stub
J 2377  jdk.internal.reflect.NativeMethodAccessorImpl.invoke0(Ljava/lang/reflect/Method;Ljava/lang/Object;[Ljava/lang/Object;)Ljava/lang/Object; java.base@11.0.13 (0 bytes) @ 0x00007f818526a7c7 [0x00007f818526a740+0x0000000000000087]
J 2376 c1 jdk.internal.reflect.NativeMethodAccessorImpl.invoke(Ljava/lang/Object;[Ljava/lang/Object;)Ljava/lang/Object; java.base@11.0.13 (104 bytes) @ 0x00007f818526b95c [0x00007f818526b5a0+0x00000000000003bc]
J 2472 c1 jdk.internal.reflect.DelegatingMethodAccessorImpl.invoke(Ljava/lang/Object;[Ljava/lang/Object;)Ljava/lang/Object; java.base@11.0.13 (10 bytes) @ 0x00007f8185294124 [0x00007f81852940c0+0x0000000000000064]
J 2473 c1 java.lang.reflect.Method.invoke(Ljava/lang/Object;[Ljava/lang/Object;)Ljava/lang/Object; java.base@11.0.13 (65 bytes) @ 0x00007f8185298c84 [0x00007f8185298b60+0x0000000000000124]
j  org.springframework.boot.devtools.restart.RestartLauncher.run()V+42
v  ~StubRoutines::call_stub

siginfo: si_signo: 11 (SIGSEGV), si_code: 1 (SEGV_MAPERR), si_addr: 0x0000000000000006

Register to memory mapping:

RAX=0x00007f81a3d67f40: <offset 0x00000000011d1f40> in /usr/lib/jvm/java-11-openjdk-11.0.13.0.8-1.fc34.x86_64/lib/server/libjvm.so at 0x00007f81a2b96000
RBX=0x00007f80fbdfc790 is pointing into the stack for thread: 0x00007f812000e800
RCX=0x0000000000000008 is an unknown value
RDX=0x0 is NULL
RSP=0x00007f80fbdfc760 is pointing into the stack for thread: 0x00007f812000e800
RBP=0x00007f80fbdfc780 is pointing into the stack for thread: 0x00007f812000e800
RSI=0x0 is NULL
RDI=0x00007f80fbdfc790 is pointing into the stack for thread: 0x00007f812000e800
R8 =0x00007f81510fc380 is pointing into metadata
R9 =0x00007f818485eb00 points into unknown readable memory: 0x000000000000035a | 5a 03 00 00 00 00 00 00
R10=0x00007f81a1dd1000 points into unknown readable memory: 0x0100050403020100 | 00 01 02 03 04 05 00 01
R11=0x00007f81a3b25e76: <offset 0x0000000000f8fe76> in /usr/lib/jvm/java-11-openjdk-11.0.13.0.8-1.fc34.x86_64/lib/server/libjvm.so at 0x00007f81a2b96000
R12=0x00007f80fbdfc840 is pointing into the stack for thread: 0x00007f812000e800
R13=0x00007f80fbdfc790 is pointing into the stack for thread: 0x00007f812000e800
R14=0x00007f812000e800 is a thread
R15=0x00007f80fbdfc870 is pointing into the stack for thread: 0x00007f812000e800


Registers:
RAX=0x00007f81a3d67f40, RBX=0x00007f80fbdfc790, RCX=0x0000000000000008, RDX=0x0000000000000000
RSP=0x00007f80fbdfc760, RBP=0x00007f80fbdfc780, RSI=0x0000000000000000, RDI=0x00007f80fbdfc790
R8 =0x00007f81510fc380, R9 =0x00007f818485eb00, R10=0x00007f81a1dd1000, R11=0x00007f81a3b25e76
R12=0x00007f80fbdfc840, R13=0x00007f80fbdfc790, R14=0x00007f812000e800, R15=0x00007f80fbdfc870
RIP=0x00007f81a39665f0, EFLAGS=0x0000000000010206, CSGSFS=0x002b000000000033, ERR=0x0000000000000004
  TRAPNO=0x000000000000000e

Top of Stack: (sp=0x00007f80fbdfc760)
0x00007f80fbdfc760:   00007f812000e800 00007f810c004540
0x00007f80fbdfc770:   00007f80fbdfc840 00007f80fbdfc790
0x00007f80fbdfc780:   00007f80fbdfc7d0 00007f81a331a535
0x00007f80fbdfc790:   00007f81a3d67f40 0000000000000000 

Instructions: (pc=0x00007f81a39665f0)
0x00007f81a39664f0:   85 c8 00 00 00 b8 02 00 00 00 66 0f 1f 44 00 00
0x00007f81a3966500:   89 43 10 89 c2 48 83 c0 01 0f b6 74 01 05 40 80
0x00007f81a3966510:   fe 5b 74 ec 83 c2 01 40 80 fe 4c 0f 84 7f 00 00
0x00007f81a3966520:   00 89 53 10 48 8b 03 be 01 00 00 00 48 89 df ff
0x00007f81a3966530:   50 50 8b 43 14 85 c0 0f 89 16 fe ff ff c7 43 18
0x00007f81a3966540:   0d 00 00 00 8b 43 10 e9 0a fe ff ff 0f 1f 40 00
0x00007f81a3966550:   b8 02 00 00 00 0f 1f 00 89 43 10 89 c2 48 83 c0
0x00007f81a3966560:   01 80 7c 01 04 3b 75 f0 48 8b 03 be 01 00 00 00
0x00007f81a3966570:   48 89 df ff 50 48 8b 53 14 85 d2 0f 89 d2 fd ff
0x00007f81a3966580:   ff c7 43 18 0c 00 00 00 8b 43 10 e9 c6 fd ff ff
0x00007f81a3966590:   c7 43 18 08 00 00 00 e9 ec fd ff ff 0f 1f 40 00
0x00007f81a39665a0:   48 63 c2 0f 1f 44 00 00 89 43 10 89 c2 48 83 c0
0x00007f81a39665b0:   01 80 7c 01 04 3b 75 f0 e9 67 ff ff ff ba 01 00
0x00007f81a39665c0:   00 00 e9 4d ff ff ff 90 0f 1f 84 00 00 00 00 00
0x00007f81a39665d0:   f3 0f 1e fa 55 48 89 e5 41 55 41 54 53 48 89 fb
0x00007f81a39665e0:   48 83 ec 08 48 8b 57 08 48 c7 47 10 00 00 00 00
0x00007f81a39665f0:   80 7a 06 28 0f 85 66 03 00 00 be 01 00 00 00 b8
0x00007f81a3966600:   01 00 00 00 89 43 10 48 8d 4a 06 0f b6 54 32 06
0x00007f81a3966610:   80 fa 29 74 73 4c 8d 2d 04 fb 22 00 4c 8d 25 f5
0x00007f81a3966620:   fb 22 00 0f 1f 44 00 00 83 ea 42 80 fa 19 77 10
0x00007f81a3966630:   0f b6 d2 49 63 14 94 4c 01 e2 3e ff e2 0f 1f 00
0x00007f81a3966640:   48 8d 05 41 75 4c 00 be 6d 00 00 00 4c 89 ef 48
0x00007f81a3966650:   8b 00 c6 00 58 e8 66 9a 8f ff e8 51 f8 e8 ff 8b
0x00007f81a3966660:   43 14 8d 50 ff 8b 43 10 0f 1f 84 00 00 00 00 00
0x00007f81a3966670:   89 53 14 48 8b 53 08 48 63 f0 48 8d 4a 06 0f b6
0x00007f81a3966680:   54 32 06 80 fa 29 75 a0 83 c0 01 c7 43 14 00 00
0x00007f81a3966690:   00 00 89 43 10 48 83 c4 08 5b 41 5c 41 5d 5d c3
0x00007f81a39666a0:   44 8d 40 01 49 63 d0 44 89 43 10 0f b6 34 11 40
0x00007f81a39666b0:   80 fe 5b 0f 85 f0 02 00 00 83 c0 02 48 98 66 90
0x00007f81a39666c0:   89 43 10 89 c2 48 83 c0 01 0f b6 74 01 ff 40 80
0x00007f81a39666d0:   fe 5b 74 ec 83 c2 01 40 80 fe 4c 0f 84 5f 02 00
0x00007f81a39666e0:   00 89 53 10 48 8b 03 44 89 c6 48 89 df ff 50 50 


Stack slot to memory mapping:
stack at sp + 0 slots: 0x00007f812000e800 is a thread
stack at sp + 1 slots: 0x00007f810c004540 points into unknown readable memory: 0x0000000700000002 | 02 00 00 00 07 00 00 00
stack at sp + 2 slots: 0x00007f80fbdfc840 is pointing into the stack for thread: 0x00007f812000e800
stack at sp + 3 slots: 0x00007f80fbdfc790 is pointing into the stack for thread: 0x00007f812000e800
stack at sp + 4 slots: 0x00007f80fbdfc7d0 is pointing into the stack for thread: 0x00007f812000e800
stack at sp + 5 slots: 0x00007f81a331a535: <offset 0x0000000000784535> in /usr/lib/jvm/java-11-openjdk-11.0.13.0.8-1.fc34.x86_64/lib/server/libjvm.so at 0x00007f81a2b96000
stack at sp + 6 slots: 0x00007f81a3d67f40: <offset 0x00000000011d1f40> in /usr/lib/jvm/java-11-openjdk-11.0.13.0.8-1.fc34.x86_64/lib/server/libjvm.so at 0x00007f81a2b96000
stack at sp + 7 slots: 0x0 is NULL


---------------  P R O C E S S  ---------------

Threads class SMR info:
_java_thread_list=0x00007f810c00cd70, length=17, elements={
0x00007f819c0c2000, 0x00007f819c0c4000, 0x00007f819c0c9800, 0x00007f819c0cb800,
0x00007f819c0cd800, 0x00007f819c0cf800, 0x00007f819c0f5800, 0x00007f819c4a3800,
0x00007f819c4ac000, 0x00007f819c4c6000, 0x00007f8124073000, 0x00007f814c001000,
0x00007f81106b6800, 0x00007f8111059000, 0x00007f819c019000, 0x00007f8108012000,
0x00007f812000e800
}

Java Threads: ( => current thread )
  0x00007f819c0c2000 JavaThread "Reference Handler" daemon [_thread_blocked, id=54056, stack(0x00007f817c7df000,0x00007f817c8e0000)]
  0x00007f819c0c4000 JavaThread "Finalizer" daemon [_thread_blocked, id=54057, stack(0x00007f817c6de000,0x00007f817c7df000)]
  0x00007f819c0c9800 JavaThread "Signal Dispatcher" daemon [_thread_blocked, id=54058, stack(0x00007f817c5dd000,0x00007f817c6de000)]
  0x00007f819c0cb800 JavaThread "Service Thread" daemon [_thread_blocked, id=54059, stack(0x00007f817c4dc000,0x00007f817c5dd000)]
  0x00007f819c0cd800 JavaThread "C1 CompilerThread0" daemon [_thread_blocked, id=54060, stack(0x00007f817c3db000,0x00007f817c4dc000)]
  0x00007f819c0cf800 JavaThread "Sweeper thread" daemon [_thread_blocked, id=54061, stack(0x00007f817c2da000,0x00007f817c3db000)]
  0x00007f819c0f5800 JavaThread "Common-Cleaner" daemon [_thread_blocked, id=54062, stack(0x00007f817c1d9000,0x00007f817c2da000)]
  0x00007f819c4a3800 JavaThread "RMI TCP Accept-0" daemon [_thread_in_native, id=54063, stack(0x00007f8152859000,0x00007f815295a000)]
  0x00007f819c4ac000 JavaThread "RMI TCP Accept-36515" daemon [_thread_in_native, id=54064, stack(0x00007f8152758000,0x00007f8152859000)]
  0x00007f819c4c6000 JavaThread "RMI TCP Accept-0" daemon [_thread_in_native, id=54065, stack(0x00007f8152657000,0x00007f8152758000)]
  0x00007f8124073000 JavaThread "RMI Scheduler(0)" daemon [_thread_blocked, id=54072, stack(0x00007f815202d000,0x00007f815212e000)]
  0x00007f814c001000 JavaThread "Attach Listener" daemon [_thread_blocked, id=54082, stack(0x00007f8151829000,0x00007f815192a000)]
  0x00007f81106b6800 JavaThread "mysql-cj-abandoned-connection-cleanup" daemon [_thread_blocked, id=54092, stack(0x00007f8150421000,0x00007f8150522000)]
  0x00007f8111059000 JavaThread "Live Reload Server" daemon [_thread_in_native, id=54110, stack(0x00007f80fa8fb000,0x00007f80fa9fc000)]
  0x00007f819c019000 JavaThread "DestroyJavaVM" [_thread_blocked, id=54049, stack(0x00007f81a2717000,0x00007f81a2818000)]
  0x00007f8108012000 JavaThread "Thread-5" [_thread_blocked, id=54970, stack(0x00007f8151f2c000,0x00007f815202d000)]
=>0x00007f812000e800 JavaThread "restartedMain" [_thread_in_vm, id=54985, stack(0x00007f80fbcff000,0x00007f80fbe00000)]

Other Threads:
  0x00007f819c0bf000 VMThread "VM Thread" [stack: 0x00007f8184008000,0x00007f8184108000] [id=54055]
  0x00007f819c4c9000 WatcherThread [stack: 0x00007f8152557000,0x00007f8152657000] [id=54066]
  0x00007f819c030800 GCTaskThread "GC Thread#0" [stack: 0x00007f81a1afe000,0x00007f81a1bfe000] [id=54050]
  0x00007f816c001000 GCTaskThread "GC Thread#1" [stack: 0x00007f8152354000,0x00007f8152454000] [id=54068]
  0x00007f816c014800 GCTaskThread "GC Thread#2" [stack: 0x00007f8151529000,0x00007f8151629000] [id=54078]
  0x00007f816c015800 GCTaskThread "GC Thread#3" [stack: 0x00007f8151427000,0x00007f8151527000] [id=54079]
  0x00007f819c04b800 ConcurrentGCThread "G1 Main Marker" [stack: 0x00007f81a010b000,0x00007f81a020b000] [id=54051]
  0x00007f819c04d800 ConcurrentGCThread "G1 Conc#0" [stack: 0x00007f81a0009000,0x00007f81a0109000] [id=54052]
  0x00007f819c091000 ConcurrentGCThread "G1 Refine#0" [stack: 0x00007f8184352000,0x00007f8184452000] [id=54053]
  0x00007f8174001000 ConcurrentGCThread "G1 Refine#1" [stack: 0x00007f8152252000,0x00007f8152352000] [id=54069]
  0x00007f819c092800 ConcurrentGCThread "G1 Young RemSet Sampling" [stack: 0x00007f8184250000,0x00007f8184350000] [id=54054]

Threads with active compile tasks:

VM state:not at safepoint (normal execution)

VM Mutex/Monitor currently owned by a thread: None

Heap address: 0x00000000c3800000, size: 968 MB, Compressed Oops mode: 32-bit
Narrow klass base: 0x0000000800000000, Narrow klass shift: 3
Compressed class space size: 1073741824 Address: 0x0000000840000000

Heap:
 garbage-first heap   total 92160K, used 35306K [0x00000000c3800000, 0x0000000100000000)
  region size 1024K, 11 young (11264K), 0 survivors (0K)
 Metaspace       used 62168K, capacity 64186K, committed 64376K, reserved 1103872K
  class space    used 8506K, capacity 9310K, committed 9336K, reserved 1048576K
Heap Regions: E=young(eden), S=young(survivor), O=old, HS=humongous(starts), HC=humongous(continues), CS=collection set, F=free, A=archive, TAMS=top-at-mark-start (previous, next)
|   0|0x00000000c3800000, 0x00000000c3900000, 0x00000000c3900000|100%|HS|  |TAMS 0x00000000c3800000, 0x00000000c3800000| Untracked 
|   1|0x00000000c3900000, 0x00000000c3a00000, 0x00000000c3a00000|100%| O|  |TAMS 0x00000000c3900000, 0x00000000c3900000| Untracked 
|   2|0x00000000c3a00000, 0x00000000c3aff9c0, 0x00000000c3b00000| 99%| O|  |TAMS 0x00000000c3a00000, 0x00000000c3a00000| Untracked 
|   3|0x00000000c3b00000, 0x00000000c3bfffe8, 0x00000000c3c00000| 99%| O|  |TAMS 0x00000000c3b00000, 0x00000000c3b00000| Untracked 
|   4|0x00000000c3c00000, 0x00000000c3cffff8, 0x00000000c3d00000| 99%| O|  |TAMS 0x00000000c3c00000, 0x00000000c3c00000| Untracked 
|   5|0x00000000c3d00000, 0x00000000c3dfffe8, 0x00000000c3e00000| 99%| O|  |TAMS 0x00000000c3d00000, 0x00000000c3d00000| Untracked 
|   6|0x00000000c3e00000, 0x00000000c3effff8, 0x00000000c3f00000| 99%| O|  |TAMS 0x00000000c3e00000, 0x00000000c3e00000| Untracked 
|   7|0x00000000c3f00000, 0x00000000c3ffffe0, 0x00000000c4000000| 99%| O|  |TAMS 0x00000000c3f00000, 0x00000000c3f00000| Untracked 
|   8|0x00000000c4000000, 0x00000000c40ffff8, 0x00000000c4100000| 99%| O|  |TAMS 0x00000000c4000000, 0x00000000c4000000| Untracked 
|   9|0x00000000c4100000, 0x00000000c41fffe0, 0x00000000c4200000| 99%| O|  |TAMS 0x00000000c4100000, 0x00000000c4100000| Untracked 
|  10|0x00000000c4200000, 0x00000000c42fffd0, 0x00000000c4300000| 99%| O|  |TAMS 0x00000000c4200000, 0x00000000c4200000| Untracked 
|  11|0x00000000c4300000, 0x00000000c4400000, 0x00000000c4400000|100%| O|  |TAMS 0x00000000c4300000, 0x00000000c4300000| Untracked 
|  12|0x00000000c4400000, 0x00000000c44b9a30, 0x00000000c4500000| 72%| O|  |TAMS 0x00000000c4400000, 0x00000000c4400000| Untracked 
|  13|0x00000000c4500000, 0x00000000c45fa150, 0x00000000c4600000| 97%| O|  |TAMS 0x00000000c4500000, 0x00000000c4500000| Untracked 
|  14|0x00000000c4600000, 0x00000000c46ffff0, 0x00000000c4700000| 99%| O|  |TAMS 0x00000000c4600000, 0x00000000c4600000| Untracked 
|  15|0x00000000c4700000, 0x00000000c47fffd8, 0x00000000c4800000| 99%| O|  |TAMS 0x00000000c4700000, 0x00000000c4700000| Untracked 
|  16|0x00000000c4800000, 0x00000000c48ffff8, 0x00000000c4900000| 99%| O|  |TAMS 0x00000000c4800000, 0x00000000c4800000| Untracked 
|  17|0x00000000c4900000, 0x00000000c4a00000, 0x00000000c4a00000|100%| O|  |TAMS 0x00000000c4900000, 0x00000000c4900000| Untracked 
|  18|0x00000000c4a00000, 0x00000000c4affff8, 0x00000000c4b00000| 99%| O|  |TAMS 0x00000000c4a00000, 0x00000000c4a00000| Untracked 
|  19|0x00000000c4b00000, 0x00000000c4bfffe0, 0x00000000c4c00000| 99%| O|  |TAMS 0x00000000c4b00000, 0x00000000c4b00000| Untracked 
|  20|0x00000000c4c00000, 0x00000000c4cffff0, 0x00000000c4d00000| 99%| O|  |TAMS 0x00000000c4c00000, 0x00000000c4c00000| Untracked 
|  21|0x00000000c4d00000, 0x00000000c4dffff0, 0x00000000c4e00000| 99%| O|  |TAMS 0x00000000c4d00000, 0x00000000c4d00000| Untracked 
|  22|0x00000000c4e00000, 0x00000000c4e858d0, 0x00000000c4f00000| 52%| O|  |TAMS 0x00000000c4e00000, 0x00000000c4e00000| Untracked 
|  23|0x00000000c4f00000, 0x00000000c4f00000, 0x00000000c5000000|  0%| F|  |TAMS 0x00000000c4f00000, 0x00000000c4f00000| Untracked 
|  24|0x00000000c5000000, 0x00000000c5000000, 0x00000000c5100000|  0%| F|  |TAMS 0x00000000c5000000, 0x00000000c5000000| Untracked 
|  25|0x00000000c5100000, 0x00000000c5100000, 0x00000000c5200000|  0%| F|  |TAMS 0x00000000c5100000, 0x00000000c5100000| Untracked 
|  26|0x00000000c5200000, 0x00000000c5200000, 0x00000000c5300000|  0%| F|  |TAMS 0x00000000c5200000, 0x00000000c5200000| Untracked 
|  27|0x00000000c5300000, 0x00000000c5300000, 0x00000000c5400000|  0%| F|  |TAMS 0x00000000c5300000, 0x00000000c5300000| Untracked 
|  28|0x00000000c5400000, 0x00000000c5400000, 0x00000000c5500000|  0%| F|  |TAMS 0x00000000c5400000, 0x00000000c5400000| Untracked 
|  29|0x00000000c5500000, 0x00000000c5500000, 0x00000000c5600000|  0%| F|  |TAMS 0x00000000c5500000, 0x00000000c5500000| Untracked 
|  30|0x00000000c5600000, 0x00000000c5600000, 0x00000000c5700000|  0%| F|  |TAMS 0x00000000c5600000, 0x00000000c5600000| Untracked 
|  31|0x00000000c5700000, 0x00000000c5700000, 0x00000000c5800000|  0%| F|  |TAMS 0x00000000c5700000, 0x00000000c5700000| Untracked 
|  32|0x00000000c5800000, 0x00000000c5800000, 0x00000000c5900000|  0%| F|  |TAMS 0x00000000c5800000, 0x00000000c5800000| Untracked 
|  33|0x00000000c5900000, 0x00000000c5900000, 0x00000000c5a00000|  0%| F|  |TAMS 0x00000000c5900000, 0x00000000c5900000| Untracked 
|  34|0x00000000c5a00000, 0x00000000c5a00000, 0x00000000c5b00000|  0%| F|  |TAMS 0x00000000c5a00000, 0x00000000c5a00000| Untracked 
|  35|0x00000000c5b00000, 0x00000000c5b00000, 0x00000000c5c00000|  0%| F|  |TAMS 0x00000000c5b00000, 0x00000000c5b00000| Untracked 
|  36|0x00000000c5c00000, 0x00000000c5c00000, 0x00000000c5d00000|  0%| F|  |TAMS 0x00000000c5c00000, 0x00000000c5c00000| Untracked 
|  37|0x00000000c5d00000, 0x00000000c5d00000, 0x00000000c5e00000|  0%| F|  |TAMS 0x00000000c5d00000, 0x00000000c5d00000| Untracked 
|  38|0x00000000c5e00000, 0x00000000c5e00000, 0x00000000c5f00000|  0%| F|  |TAMS 0x00000000c5e00000, 0x00000000c5e00000| Untracked 
|  39|0x00000000c5f00000, 0x00000000c5f00000, 0x00000000c6000000|  0%| F|  |TAMS 0x00000000c5f00000, 0x00000000c5f00000| Untracked 
|  40|0x00000000c6000000, 0x00000000c6000000, 0x00000000c6100000|  0%| F|  |TAMS 0x00000000c6000000, 0x00000000c6000000| Untracked 
|  41|0x00000000c6100000, 0x00000000c6100000, 0x00000000c6200000|  0%| F|  |TAMS 0x00000000c6100000, 0x00000000c6100000| Untracked 
|  42|0x00000000c6200000, 0x00000000c6200000, 0x00000000c6300000|  0%| F|  |TAMS 0x00000000c6200000, 0x00000000c6200000| Untracked 
|  43|0x00000000c6300000, 0x00000000c6300000, 0x00000000c6400000|  0%| F|  |TAMS 0x00000000c6300000, 0x00000000c6300000| Untracked 
|  44|0x00000000c6400000, 0x00000000c6400000, 0x00000000c6500000|  0%| F|  |TAMS 0x00000000c6400000, 0x00000000c6400000| Untracked 
|  45|0x00000000c6500000, 0x00000000c6500000, 0x00000000c6600000|  0%| F|  |TAMS 0x00000000c6500000, 0x00000000c6500000| Untracked 
|  46|0x00000000c6600000, 0x00000000c6600000, 0x00000000c6700000|  0%| F|  |TAMS 0x00000000c6600000, 0x00000000c6600000| Untracked 
|  47|0x00000000c6700000, 0x00000000c6700000, 0x00000000c6800000|  0%| F|  |TAMS 0x00000000c6700000, 0x00000000c6700000| Untracked 
|  48|0x00000000c6800000, 0x00000000c6800000, 0x00000000c6900000|  0%| F|  |TAMS 0x00000000c6800000, 0x00000000c6800000| Untracked 
|  49|0x00000000c6900000, 0x00000000c6900000, 0x00000000c6a00000|  0%| F|  |TAMS 0x00000000c6900000, 0x00000000c6900000| Untracked 
|  50|0x00000000c6a00000, 0x00000000c6a00000, 0x00000000c6b00000|  0%| F|  |TAMS 0x00000000c6a00000, 0x00000000c6a00000| Untracked 
|  51|0x00000000c6b00000, 0x00000000c6b00000, 0x00000000c6c00000|  0%| F|  |TAMS 0x00000000c6b00000, 0x00000000c6b00000| Untracked 
|  52|0x00000000c6c00000, 0x00000000c6c00000, 0x00000000c6d00000|  0%| F|  |TAMS 0x00000000c6c00000, 0x00000000c6c00000| Untracked 
|  53|0x00000000c6d00000, 0x00000000c6d00000, 0x00000000c6e00000|  0%| F|  |TAMS 0x00000000c6d00000, 0x00000000c6d00000| Untracked 
|  54|0x00000000c6e00000, 0x00000000c6e00000, 0x00000000c6f00000|  0%| F|  |TAMS 0x00000000c6e00000, 0x00000000c6e00000| Untracked 
|  55|0x00000000c6f00000, 0x00000000c6f00000, 0x00000000c7000000|  0%| F|  |TAMS 0x00000000c6f00000, 0x00000000c6f00000| Untracked 
|  56|0x00000000c7000000, 0x00000000c7000000, 0x00000000c7100000|  0%| F|  |TAMS 0x00000000c7000000, 0x00000000c7000000| Untracked 
|  57|0x00000000c7100000, 0x00000000c7100000, 0x00000000c7200000|  0%| F|  |TAMS 0x00000000c7100000, 0x00000000c7100000| Untracked 
|  58|0x00000000c7200000, 0x00000000c7200000, 0x00000000c7300000|  0%| F|  |TAMS 0x00000000c7200000, 0x00000000c7200000| Untracked 
|  59|0x00000000c7300000, 0x00000000c7300000, 0x00000000c7400000|  0%| F|  |TAMS 0x00000000c7300000, 0x00000000c7300000| Untracked 
|  60|0x00000000c7400000, 0x00000000c7400000, 0x00000000c7500000|  0%| F|  |TAMS 0x00000000c7400000, 0x00000000c7400000| Untracked 
|  61|0x00000000c7500000, 0x00000000c7500000, 0x00000000c7600000|  0%| F|  |TAMS 0x00000000c7500000, 0x00000000c7500000| Untracked 
|  62|0x00000000c7600000, 0x00000000c7600000, 0x00000000c7700000|  0%| F|  |TAMS 0x00000000c7600000, 0x00000000c7600000| Untracked 
|  63|0x00000000c7700000, 0x00000000c7700000, 0x00000000c7800000|  0%| F|  |TAMS 0x00000000c7700000, 0x00000000c7700000| Untracked 
|  64|0x00000000c7800000, 0x00000000c7800000, 0x00000000c7900000|  0%| F|  |TAMS 0x00000000c7800000, 0x00000000c7800000| Untracked 
|  65|0x00000000c7900000, 0x00000000c7900000, 0x00000000c7a00000|  0%| F|  |TAMS 0x00000000c7900000, 0x00000000c7900000| Untracked 
|  66|0x00000000c7a00000, 0x00000000c7a00000, 0x00000000c7b00000|  0%| F|  |TAMS 0x00000000c7a00000, 0x00000000c7a00000| Untracked 
|  67|0x00000000c7b00000, 0x00000000c7b00000, 0x00000000c7c00000|  0%| F|  |TAMS 0x00000000c7b00000, 0x00000000c7b00000| Untracked 
|  68|0x00000000c7c00000, 0x00000000c7c00000, 0x00000000c7d00000|  0%| F|  |TAMS 0x00000000c7c00000, 0x00000000c7c00000| Untracked 
|  69|0x00000000c7d00000, 0x00000000c7dfffe8, 0x00000000c7e00000| 99%| O|  |TAMS 0x00000000c7d00000, 0x00000000c7d00000| Untracked 
|  70|0x00000000c7e00000, 0x00000000c7e00000, 0x00000000c7f00000|  0%| F|  |TAMS 0x00000000c7e00000, 0x00000000c7e00000| Untracked 
|  71|0x00000000c7f00000, 0x00000000c7f8ff18, 0x00000000c8000000| 56%| O|  |TAMS 0x00000000c7f00000, 0x00000000c7f00000| Untracked 
|  72|0x00000000c8000000, 0x00000000c8000000, 0x00000000c8100000|  0%| F|  |TAMS 0x00000000c8000000, 0x00000000c8000000| Untracked 
|  73|0x00000000c8100000, 0x00000000c8100000, 0x00000000c8200000|  0%| F|  |TAMS 0x00000000c8100000, 0x00000000c8100000| Untracked 
|  74|0x00000000c8200000, 0x00000000c8200000, 0x00000000c8300000|  0%| F|  |TAMS 0x00000000c8200000, 0x00000000c8200000| Untracked 
|  75|0x00000000c8300000, 0x00000000c8300000, 0x00000000c8400000|  0%| F|  |TAMS 0x00000000c8300000, 0x00000000c8300000| Untracked 
|  76|0x00000000c8400000, 0x00000000c8400000, 0x00000000c8500000|  0%| F|  |TAMS 0x00000000c8400000, 0x00000000c8400000| Untracked 
|  77|0x00000000c8500000, 0x00000000c853a228, 0x00000000c8600000| 22%| E|  |TAMS 0x00000000c8500000, 0x00000000c8500000| Complete 
|  78|0x00000000c8600000, 0x00000000c8700000, 0x00000000c8700000|100%| E|CS|TAMS 0x00000000c8600000, 0x00000000c8600000| Complete 
|  79|0x00000000c8700000, 0x00000000c8800000, 0x00000000c8800000|100%| E|CS|TAMS 0x00000000c8700000, 0x00000000c8700000| Complete 
|  80|0x00000000c8800000, 0x00000000c8900000, 0x00000000c8900000|100%| E|CS|TAMS 0x00000000c8800000, 0x00000000c8800000| Complete 
|  81|0x00000000c8900000, 0x00000000c8a00000, 0x00000000c8a00000|100%| E|CS|TAMS 0x00000000c8900000, 0x00000000c8900000| Complete 
|  82|0x00000000c8a00000, 0x00000000c8b00000, 0x00000000c8b00000|100%| E|CS|TAMS 0x00000000c8a00000, 0x00000000c8a00000| Complete 
|  83|0x00000000c8b00000, 0x00000000c8c00000, 0x00000000c8c00000|100%| E|CS|TAMS 0x00000000c8b00000, 0x00000000c8b00000| Complete 
|  84|0x00000000c8c00000, 0x00000000c8d00000, 0x00000000c8d00000|100%| E|CS|TAMS 0x00000000c8c00000, 0x00000000c8c00000| Complete 
|  85|0x00000000c8d00000, 0x00000000c8e00000, 0x00000000c8e00000|100%| E|CS|TAMS 0x00000000c8d00000, 0x00000000c8d00000| Complete 
|  86|0x00000000c8e00000, 0x00000000c8f00000, 0x00000000c8f00000|100%| E|CS|TAMS 0x00000000c8e00000, 0x00000000c8e00000| Complete 
|  87|0x00000000c8f00000, 0x00000000c9000000, 0x00000000c9000000|100%| E|CS|TAMS 0x00000000c8f00000, 0x00000000c8f00000| Complete 
| 966|0x00000000ffe00000, 0x00000000ffe47000, 0x00000000fff00000| 27%|OA|  |TAMS 0x00000000ffe47000, 0x00000000ffe00000| Untracked 
| 967|0x00000000fff00000, 0x00000000fff6b000, 0x0000000100000000| 41%|CA|  |TAMS 0x00000000fff6b000, 0x00000000fff00000| Untracked 

Card table byte_map: [0x00007f81a1330000,0x00007f81a1514000] _byte_map_base: 0x00007f81a0d14000

Marking Bits (Prev, Next): (CMBitMap*) 0x00007f819c046bb0, (CMBitMap*) 0x00007f819c046b78
 Prev Bits: [0x00007f817f0e0000, 0x00007f8180000000)
 Next Bits: [0x00007f81a022c000, 0x00007f81a114c000)

Polling page: 0x00007f81a26db000

Metaspace:

Usage:
  Non-class:     53,59 MB capacity,    52,40 MB ( 98%) used,   977,10 KB (  2%) free+waste,   236,62 KB ( <1%) overhead. 
      Class:      9,09 MB capacity,     8,31 MB ( 91%) used,   687,01 KB (  7%) free+waste,   116,94 KB (  1%) overhead. 
       Both:     62,68 MB capacity,    60,71 MB ( 97%) used,     1,63 MB (  3%) free+waste,   353,56 KB ( <1%) overhead. 

Virtual space:
  Non-class space:       54,00 MB reserved,      53,75 MB (>99%) committed 
      Class space:        1,00 GB reserved,       9,12 MB ( <1%) committed 
             Both:        1,05 GB reserved,      62,87 MB (  6%) committed 

Chunk freelists:
   Non-Class:  92,00 KB
       Class:  0 bytes
        Both:  92,00 KB

MaxMetaspaceSize: unlimited
CompressedClassSpaceSize: 1,00 GB
Initial GC threshold: 20,80 MB
Current GC threshold: 104,78 MB
CDS: on

CodeHeap 'non-profiled nmethods': size=238948Kb used=8771Kb max_used=8771Kb free=230177Kb
 bounds [0x00007f8184efd000, 0x00007f818579d000, 0x00007f8193856000]
CodeHeap 'non-nmethods': size=6812Kb used=1338Kb max_used=1338Kb free=5474Kb
 bounds [0x00007f8184856000, 0x00007f8184ac6000, 0x00007f8184efd000]
 total_blobs=6053 nmethods=5399 adapters=581
 compilation: enabled
              stopped_count=0, restarted_count=0
 full_count=0

Compilation events (20 events):
Event: 146,755 Thread 0x00007f819c0cd800 nmethod 5389 0x00007f8185787710 code [0x00007f81857878c0, 0x00007f8185787c50]
Event: 146,757 Thread 0x00007f819c0cd800 5390       1       org.springframework.core.type.classreading.MergedAnnotationReadingVisitor::visit (28 bytes)
Event: 146,758 Thread 0x00007f819c0cd800 nmethod 5390 0x00007f8185787d10 code [0x00007f8185787ee0, 0x00007f81857880b0]
Event: 146,761 Thread 0x00007f819c0cd800 5391       1       org.springframework.core.annotation.AnnotationTypeMapping::addConventionAnnotationValues (112 bytes)
Event: 146,761 Thread 0x00007f819c0cd800 nmethod 5391 0x00007f8185788190 code [0x00007f8185788380, 0x00007f81857886e0]
Event: 146,761 Thread 0x00007f819c0cd800 5392   !   1       sun.net.www.protocol.jar.JarFileFactory::getPermission (21 bytes)
Event: 146,761 Thread 0x00007f819c0cd800 nmethod 5392 0x00007f8185788990 code [0x00007f8185788b60, 0x00007f8185788cb0]
Event: 146,764 Thread 0x00007f819c0cd800 5393       1       org.springframework.asm.ClassReader::<init> (9 bytes)
Event: 146,764 Thread 0x00007f819c0cd800 nmethod 5393 0x00007f8185788d90 code [0x00007f8185788f40, 0x00007f8185789040]
Event: 146,764 Thread 0x00007f819c0cd800 5394       1       org.springframework.asm.ClassReader::<init> (8 bytes)
Event: 146,765 Thread 0x00007f819c0cd800 nmethod 5394 0x00007f8185789110 code [0x00007f81857892c0, 0x00007f81857893c0]
Event: 146,765 Thread 0x00007f819c0cd800 5395       1       org.springframework.asm.ClassReader::accept (11 bytes)
Event: 146,765 Thread 0x00007f819c0cd800 nmethod 5395 0x00007f8185789490 code [0x00007f8185789640, 0x00007f81857897e0]
Event: 146,766 Thread 0x00007f819c0cd800 5396       1       org.springframework.boot.autoconfigure.AutoConfigurationSorter$AutoConfigurationClass::access$000 (5 bytes)
Event: 146,766 Thread 0x00007f819c0cd800 nmethod 5396 0x00007f8185789890 code [0x00007f8185789a40, 0x00007f8185789ae0]
Event: 146,766 Thread 0x00007f819c0cd800 5397       1       org.springframework.boot.autoconfigure.AutoConfigurationSorter$AutoConfigurationClass::getOrder (68 bytes)
Event: 146,770 Thread 0x00007f819c0cd800 nmethod 5397 0x00007f8185789b90 code [0x00007f8185789dc0, 0x00007f818578a1d0]
Event: 146,770 Thread 0x00007f819c0cd800 5402       1       org.springframework.boot.autoconfigure.AutoConfigurationSorter::doSortByAfterAnnotation (128 bytes)
Event: 146,771 Thread 0x00007f819c0cd800 nmethod 5402 0x00007f818578a590 code [0x00007f818578a8a0, 0x00007f818578b2f0]
Event: 146,771 Thread 0x00007f819c0cd800 5399       1       org.springframework.boot.autoconfigure.AutoConfigurationSorter$AutoConfigurationClass::getAfter (50 bytes)

GC Heap History (20 events):
Event: 1,626 GC heap before
{Heap before GC invocations=5 (full 0):
 garbage-first heap   total 78848K, used 48575K [0x00000000c3800000, 0x0000000100000000)
  region size 1024K, 43 young (44032K), 4 survivors (4096K)
 Metaspace       used 18496K, capacity 19439K, committed 19840K, reserved 1067008K
  class space    used 2477K, capacity 2819K, committed 2944K, reserved 1048576K
}
Event: 1,637 GC heap after
{Heap after GC invocations=6 (full 0):
 garbage-first heap   total 78848K, used 10822K [0x00000000c3800000, 0x0000000100000000)
  region size 1024K, 5 young (5120K), 5 survivors (5120K)
 Metaspace       used 18496K, capacity 19439K, committed 19840K, reserved 1067008K
  class space    used 2477K, capacity 2819K, committed 2944K, reserved 1048576K
}
Event: 1,948 GC heap before
{Heap before GC invocations=6 (full 0):
 garbage-first heap   total 78848K, used 51782K [0x00000000c3800000, 0x0000000100000000)
  region size 1024K, 46 young (47104K), 5 survivors (5120K)
 Metaspace       used 20077K, capacity 21100K, committed 21248K, reserved 1067008K
  class space    used 2677K, capacity 3055K, committed 3072K, reserved 1048576K
}
Event: 1,954 GC heap after
{Heap after GC invocations=7 (full 0):
 garbage-first heap   total 78848K, used 12308K [0x00000000c3800000, 0x0000000100000000)
  region size 1024K, 5 young (5120K), 5 survivors (5120K)
 Metaspace       used 20077K, capacity 21100K, committed 21248K, reserved 1067008K
  class space    used 2677K, capacity 3055K, committed 3072K, reserved 1048576K
}
Event: 1,978 GC heap before
{Heap before GC invocations=7 (full 0):
 garbage-first heap   total 78848K, used 14356K [0x00000000c3800000, 0x0000000100000000)
  region size 1024K, 8 young (8192K), 5 survivors (5120K)
 Metaspace       used 20096K, capacity 21100K, committed 21248K, reserved 1067008K
  class space    used 2683K, capacity 3055K, committed 3072K, reserved 1048576K
}
Event: 1,988 GC heap after
{Heap after GC invocations=8 (full 0):
 garbage-first heap   total 78848K, used 12418K [0x00000000c3800000, 0x0000000100000000)
  region size 1024K, 3 young (3072K), 3 survivors (3072K)
 Metaspace       used 20096K, capacity 21100K, committed 21248K, reserved 1067008K
  class space    used 2683K, capacity 3055K, committed 3072K, reserved 1048576K
}
Event: 2,585 GC heap before
{Heap before GC invocations=9 (full 0):
 garbage-first heap   total 78848K, used 54402K [0x00000000c3800000, 0x0000000100000000)
  region size 1024K, 44 young (45056K), 3 survivors (3072K)
 Metaspace       used 24718K, capacity 25897K, committed 26240K, reserved 1071104K
  class space    used 3389K, capacity 3853K, committed 3968K, reserved 1048576K
}
Event: 2,593 GC heap after
{Heap after GC invocations=10 (full 0):
 garbage-first heap   total 112640K, used 14311K [0x00000000c3800000, 0x0000000100000000)
  region size 1024K, 5 young (5120K), 5 survivors (5120K)
 Metaspace       used 24718K, capacity 25897K, committed 26240K, reserved 1071104K
  class space    used 3389K, capacity 3853K, committed 3968K, reserved 1048576K
}
Event: 2,961 GC heap before
{Heap before GC invocations=10 (full 0):
 garbage-first heap   total 112640K, used 72679K [0x00000000c3800000, 0x0000000100000000)
  region size 1024K, 63 young (64512K), 5 survivors (5120K)
 Metaspace       used 27607K, capacity 28947K, committed 29184K, reserved 1075200K
  class space    used 3739K, capacity 4275K, committed 4352K, reserved 1048576K
}
Event: 2,971 GC heap after
{Heap after GC invocations=11 (full 0):
 garbage-first heap   total 112640K, used 16017K [0x00000000c3800000, 0x0000000100000000)
  region size 1024K, 6 young (6144K), 6 survivors (6144K)
 Metaspace       used 27607K, capacity 28947K, committed 29184K, reserved 1075200K
  class space    used 3739K, capacity 4275K, committed 4352K, reserved 1048576K
}
Event: 4,252 GC heap before
{Heap before GC invocations=11 (full 0):
 garbage-first heap   total 112640K, used 42641K [0x00000000c3800000, 0x0000000100000000)
  region size 1024K, 33 young (33792K), 6 survivors (6144K)
 Metaspace       used 34021K, capacity 35445K, committed 35584K, reserved 1079296K
  class space    used 4523K, capacity 5098K, committed 5120K, reserved 1048576K
}
Event: 4,269 GC heap after
{Heap after GC invocations=12 (full 0):
 garbage-first heap   total 112640K, used 18650K [0x00000000c3800000, 0x0000000100000000)
  region size 1024K, 7 young (7168K), 7 survivors (7168K)
 Metaspace       used 34021K, capacity 35445K, committed 35584K, reserved 1079296K
  class space    used 4523K, capacity 5098K, committed 5120K, reserved 1048576K
}
Event: 7,390 GC heap before
{Heap before GC invocations=13 (full 0):
 garbage-first heap   total 112640K, used 78042K [0x00000000c3800000, 0x0000000100000000)
  region size 1024K, 65 young (66560K), 7 survivors (7168K)
 Metaspace       used 41831K, capacity 43360K, committed 43768K, reserved 1087488K
  class space    used 5716K, capacity 6300K, committed 6392K, reserved 1048576K
}
Event: 7,437 GC heap after
{Heap after GC invocations=14 (full 0):
 garbage-first heap   total 112640K, used 20618K [0x00000000c3800000, 0x0000000100000000)
  region size 1024K, 7 young (7168K), 7 survivors (7168K)
 Metaspace       used 41831K, capacity 43360K, committed 43768K, reserved 1087488K
  class space    used 5716K, capacity 6300K, committed 6392K, reserved 1048576K
}
Event: 8,527 GC heap before
{Heap before GC invocations=15 (full 0):
 garbage-first heap   total 112640K, used 80010K [0x00000000c3800000, 0x0000000100000000)
  region size 1024K, 65 young (66560K), 7 survivors (7168K)
 Metaspace       used 50640K, capacity 52371K, committed 52600K, reserved 1093632K
  class space    used 7001K, capacity 7686K, committed 7800K, reserved 1048576K
}
Event: 8,539 GC heap after
{Heap after GC invocations=16 (full 0):
 garbage-first heap   total 153600K, used 23383K [0x00000000c3800000, 0x0000000100000000)
  region size 1024K, 5 young (5120K), 5 survivors (5120K)
 Metaspace       used 50640K, capacity 52371K, committed 52600K, reserved 1093632K
  class space    used 7001K, capacity 7686K, committed 7800K, reserved 1048576K
}
Event: 11,501 GC heap before
{Heap before GC invocations=16 (full 0):
 garbage-first heap   total 153600K, used 103255K [0x00000000c3800000, 0x0000000100000000)
  region size 1024K, 83 young (84992K), 5 survivors (5120K)
 Metaspace       used 59466K, capacity 61426K, committed 61688K, reserved 1101824K
  class space    used 8139K, capacity 8922K, committed 8952K, reserved 1048576K
}
Event: 11,511 GC heap after
{Heap after GC invocations=17 (full 0):
 garbage-first heap   total 153600K, used 27279K [0x00000000c3800000, 0x0000000100000000)
  region size 1024K, 9 young (9216K), 9 survivors (9216K)
 Metaspace       used 59466K, capacity 61426K, committed 61688K, reserved 1101824K
  class space    used 8139K, capacity 8922K, committed 8952K, reserved 1048576K
}
Event: 144,385 GC heap before
{Heap before GC invocations=17 (full 0):
 garbage-first heap   total 153600K, used 56975K [0x00000000c3800000, 0x0000000100000000)
  region size 1024K, 39 young (39936K), 9 survivors (9216K)
 Metaspace       used 62159K, capacity 64171K, committed 64376K, reserved 1103872K
  class space    used 8502K, capacity 9305K, committed 9336K, reserved 1048576K
}
Event: 146,426 GC heap after
{Heap after GC invocations=18 (full 1):
 garbage-first heap   total 92160K, used 25066K [0x00000000c3800000, 0x0000000100000000)
  region size 1024K, 0 young (0K), 0 survivors (0K)
 Metaspace       used 62155K, capacity 64165K, committed 64376K, reserved 1103872K
  class space    used 8502K, capacity 9304K, committed 9336K, reserved 1048576K
}

Deoptimization events (6 events):
Event: 2,198 Thread 0x00007f810c007800 DEOPT PACKING pc=0x00007f8185228b94 sp=0x00007f8151e277c0
Event: 2,198 Thread 0x00007f810c007800 DEOPT UNPACKING pc=0x00007f81848a064a sp=0x00007f8151e26d48 mode 0
Event: 8,962 Thread 0x00007f810c007800 DEOPT PACKING pc=0x00007f8185216525 sp=0x00007f8151e27b20
Event: 8,962 Thread 0x00007f810c007800 DEOPT UNPACKING pc=0x00007f81848a064a sp=0x00007f8151e27048 mode 3
Event: 8,963 Thread 0x00007f810c007800 DEOPT PACKING pc=0x00007f818520c7ee sp=0x00007f8151e27ae0
Event: 8,963 Thread 0x00007f810c007800 DEOPT UNPACKING pc=0x00007f81848a064a sp=0x00007f8151e27048 mode 3

Classes redefined (0 events):
No events

Internal exceptions (20 events):
Event: 146,683 Thread 0x00007f812000e800 Exception <a 'java/io/IOException'{0x00000000c8b872c0}> (0x00000000c8b872c0) thrown at [src/hotspot/share/prims/jni.cpp, line 616]
Event: 146,683 Thread 0x00007f812000e800 Exception <a 'java/io/IOException'{0x00000000c8b87608}> (0x00000000c8b87608) thrown at [src/hotspot/share/prims/jni.cpp, line 616]
Event: 146,683 Thread 0x00007f812000e800 Exception <a 'java/io/IOException'{0x00000000c8b87980}> (0x00000000c8b87980) thrown at [src/hotspot/share/prims/jni.cpp, line 616]
Event: 146,683 Thread 0x00007f812000e800 Exception <a 'java/io/IOException'{0x00000000c8b87cf8}> (0x00000000c8b87cf8) thrown at [src/hotspot/share/prims/jni.cpp, line 616]
Event: 146,683 Thread 0x00007f812000e800 Exception <a 'java/io/IOException'{0x00000000c8b88040}> (0x00000000c8b88040) thrown at [src/hotspot/share/prims/jni.cpp, line 616]
Event: 146,683 Thread 0x00007f812000e800 Exception <a 'java/io/IOException'{0x00000000c8b883b8}> (0x00000000c8b883b8) thrown at [src/hotspot/share/prims/jni.cpp, line 616]
Event: 146,683 Thread 0x00007f812000e800 Exception <a 'java/io/IOException'{0x00000000c8b88730}> (0x00000000c8b88730) thrown at [src/hotspot/share/prims/jni.cpp, line 616]
Event: 146,683 Thread 0x00007f812000e800 Exception <a 'java/io/IOException'{0x00000000c8b88a78}> (0x00000000c8b88a78) thrown at [src/hotspot/share/prims/jni.cpp, line 616]
Event: 146,683 Thread 0x00007f812000e800 Exception <a 'java/io/IOException'{0x00000000c8b88df0}> (0x00000000c8b88df0) thrown at [src/hotspot/share/prims/jni.cpp, line 616]
Event: 146,683 Thread 0x00007f812000e800 Exception <a 'java/io/IOException'{0x00000000c8b89168}> (0x00000000c8b89168) thrown at [src/hotspot/share/prims/jni.cpp, line 616]
Event: 146,683 Thread 0x00007f812000e800 Exception <a 'java/io/IOException'{0x00000000c8b894b0}> (0x00000000c8b894b0) thrown at [src/hotspot/share/prims/jni.cpp, line 616]
Event: 146,683 Thread 0x00007f812000e800 Exception <a 'java/io/IOException'{0x00000000c8b89a50}> (0x00000000c8b89a50) thrown at [src/hotspot/share/prims/jni.cpp, line 616]
Event: 146,683 Thread 0x00007f812000e800 Exception <a 'java/io/IOException'{0x00000000c8b89dc8}> (0x00000000c8b89dc8) thrown at [src/hotspot/share/prims/jni.cpp, line 616]
Event: 146,683 Thread 0x00007f812000e800 Exception <a 'java/io/IOException'{0x00000000c8b8a110}> (0x00000000c8b8a110) thrown at [src/hotspot/share/prims/jni.cpp, line 616]
Event: 146,683 Thread 0x00007f812000e800 Exception <a 'java/io/IOException'{0x00000000c8b8a488}> (0x00000000c8b8a488) thrown at [src/hotspot/share/prims/jni.cpp, line 616]
Event: 146,683 Thread 0x00007f812000e800 Exception <a 'java/io/IOException'{0x00000000c8b8a7d0}> (0x00000000c8b8a7d0) thrown at [src/hotspot/share/prims/jni.cpp, line 616]
Event: 146,688 Thread 0x00007f812000e800 Exception <a 'java/io/IOException'{0x00000000c8baea90}> (0x00000000c8baea90) thrown at [src/hotspot/share/prims/jni.cpp, line 616]
Event: 146,689 Thread 0x00007f812000e800 Exception <a 'java/io/IOException'{0x00000000c8baf028}> (0x00000000c8baf028) thrown at [src/hotspot/share/prims/jni.cpp, line 616]
Event: 146,689 Thread 0x00007f812000e800 Exception <a 'java/io/IOException'{0x00000000c8bb0500}> (0x00000000c8bb0500) thrown at [src/hotspot/share/prims/jni.cpp, line 616]
Event: 146,689 Thread 0x00007f812000e800 Exception <a 'java/io/IOException'{0x00000000c8bb0848}> (0x00000000c8bb0848) thrown at [src/hotspot/share/prims/jni.cpp, line 616]

Events (20 events):
Event: 146,748 loading class org/springframework/web/reactive/config/WebFluxConfigurer
Event: 146,748 loading class org/springframework/web/reactive/config/WebFluxConfigurer done
Event: 146,748 loading class org/springframework/web/reactive/config/WebFluxConfigurer
Event: 146,748 loading class org/springframework/web/reactive/config/WebFluxConfigurer done
Event: 146,748 loading class org/springframework/web/reactive/function/client/WebClient
Event: 146,748 loading class org/springframework/web/reactive/function/client/WebClient done
Event: 146,748 loading class org/springframework/web/reactive/function/client/WebClient
Event: 146,748 loading class org/springframework/web/reactive/function/client/WebClient done
Event: 146,749 loading class org/springframework/web/socket/config/annotation/WebSocketMessageBrokerConfigurer
Event: 146,749 loading class org/springframework/web/socket/config/annotation/WebSocketMessageBrokerConfigurer done
Event: 146,749 loading class org/springframework/ws/transport/http/MessageDispatcherServlet
Event: 146,749 loading class org/springframework/ws/transport/http/MessageDispatcherServlet done
Event: 146,750 loading class org/springframework/oxm/Marshaller
Event: 146,750 loading class org/springframework/oxm/Marshaller done
Event: 146,751 loading class org/springframework/web/reactive/HandlerResult
Event: 146,751 loading class org/springframework/web/reactive/HandlerResult done
Event: 146,751 loading class org/springframework/web/reactive/HandlerResult
Event: 146,751 loading class org/springframework/web/reactive/HandlerResult done
Event: 146,752 loading class org/springframework/mail/javamail/JavaMailSenderImpl
Event: 146,752 loading class org/springframework/mail/javamail/JavaMailSenderImpl done


Dynamic libraries:
c3800000-c9000000 rw-p 00000000 00:00 0 
c9000000-ffe00000 ---p 00000000 00:00 0 
ffe00000-ffe47000 rw-p 0110c000 08:03 3020898                            /usr/lib/jvm/java-11-openjdk-11.0.13.0.8-1.fc34.x86_64/lib/server/classes.jsa
ffe47000-fff00000 rw-p 00000000 00:00 0 
fff00000-fff6b000 rw-p 010a1000 08:03 3020898                            /usr/lib/jvm/java-11-openjdk-11.0.13.0.8-1.fc34.x86_64/lib/server/classes.jsa
fff6b000-100000000 rw-p 00000000 00:00 0 
800000000-800002000 rwxp 00001000 08:03 3020898                          /usr/lib/jvm/java-11-openjdk-11.0.13.0.8-1.fc34.x86_64/lib/server/classes.jsa
800002000-8003b5000 rw-p 00003000 08:03 3020898                          /usr/lib/jvm/java-11-openjdk-11.0.13.0.8-1.fc34.x86_64/lib/server/classes.jsa
8003b5000-800a92000 r--p 003b6000 08:03 3020898                          /usr/lib/jvm/java-11-openjdk-11.0.13.0.8-1.fc34.x86_64/lib/server/classes.jsa
800a92000-800a93000 rw-p 00a93000 08:03 3020898                          /usr/lib/jvm/java-11-openjdk-11.0.13.0.8-1.fc34.x86_64/lib/server/classes.jsa
800a93000-8010a0000 r--p 00a94000 08:03 3020898                          /usr/lib/jvm/java-11-openjdk-11.0.13.0.8-1.fc34.x86_64/lib/server/classes.jsa
840000000-84091e000 rw-p 00000000 00:00 0 
84091e000-880000000 ---p 00000000 00:00 0 
55bbf915c000-55bbf915d000 r--p 00000000 08:03 796722                     /usr/lib/jvm/java-11-openjdk-11.0.13.0.8-1.fc34.x86_64/bin/java
55bbf915d000-55bbf915e000 r-xp 00001000 08:03 796722                     /usr/lib/jvm/java-11-openjdk-11.0.13.0.8-1.fc34.x86_64/bin/java
55bbf915e000-55bbf915f000 r--p 00002000 08:03 796722                     /usr/lib/jvm/java-11-openjdk-11.0.13.0.8-1.fc34.x86_64/bin/java
55bbf915f000-55bbf9160000 r--p 00002000 08:03 796722                     /usr/lib/jvm/java-11-openjdk-11.0.13.0.8-1.fc34.x86_64/bin/java
55bbf9160000-55bbf9161000 rw-p 00003000 08:03 796722                     /usr/lib/jvm/java-11-openjdk-11.0.13.0.8-1.fc34.x86_64/bin/java
55bbf974f000-55bbf9770000 rw-p 00000000 00:00 0                          [heap]
7f80f4000000-7f80f4021000 rw-p 00000000 00:00 0 
7f80f4021000-7f80f8000000 ---p 00000000 00:00 0 
7f80f8f0e000-7f80f9bb2000 rw-p 00000000 00:00 0 
7f80f9bb2000-7f80f9bf2000 ---p 00000000 00:00 0 
7f80f9bf2000-7f80f9df2000 rw-p 00000000 00:00 0 
7f80f9df2000-7f80f9ff2000 rw-p 00000000 00:00 0 
7f80f9ff2000-7f80f9ff6000 ---p 00000000 00:00 0 
7f80f9ff6000-7f80fa0f3000 rw-p 00000000 00:00 0 
7f80fa0f3000-7f80fa0f7000 ---p 00000000 00:00 0 
7f80fa0f7000-7f80fa1f4000 rw-p 00000000 00:00 0 
7f80fa1f4000-7f80fa1f8000 ---p 00000000 00:00 0 
7f80fa1f8000-7f80fa2f5000 rw-p 00000000 00:00 0 
7f80fa2f5000-7f80fa2f9000 ---p 00000000 00:00 0 
7f80fa2f9000-7f80fa3f6000 rw-p 00000000 00:00 0 
7f80fa3f6000-7f80fa3fa000 ---p 00000000 00:00 0 
7f80fa3fa000-7f80fa4f7000 rw-p 00000000 00:00 0 
7f80fa4f7000-7f80fa4fb000 ---p 00000000 00:00 0 
7f80fa4fb000-7f80fa5f8000 rw-p 00000000 00:00 0 
7f80fa5f8000-7f80fa5fc000 ---p 00000000 00:00 0 
7f80fa5fc000-7f80fa6f9000 rw-p 00000000 00:00 0 
7f80fa6f9000-7f80fa6fd000 ---p 00000000 00:00 0 
7f80fa6fd000-7f80fa7fa000 rw-p 00000000 00:00 0 
7f80fa7fa000-7f80fa7fe000 ---p 00000000 00:00 0 
7f80fa7fe000-7f80fa8fb000 rw-p 00000000 00:00 0 
7f80fa8fb000-7f80fa8ff000 ---p 00000000 00:00 0 
7f80fa8ff000-7f80fa9fc000 rw-p 00000000 00:00 0 
7f80fa9fc000-7f80faa00000 ---p 00000000 00:00 0 
7f80faa00000-7f80faafd000 rw-p 00000000 00:00 0 
7f80faafd000-7f80fab01000 ---p 00000000 00:00 0 
7f80fab01000-7f80fadfe000 rw-p 00000000 00:00 0 
7f80fadfe000-7f80faffe000 rw-p 00000000 00:00 0 
7f80faffe000-7f80fb1fe000 rw-p 00000000 00:00 0 
7f80fb1fe000-7f80fb3fe000 rw-p 00000000 00:00 0 
7f80fb3fe000-7f80fb5fe000 rw-p 00000000 00:00 0 
7f80fb5fe000-7f80fb7fe000 rw-p 00000000 00:00 0 
7f80fb7fe000-7f80fb9fe000 rw-p 00000000 00:00 0 
7f80fb9fe000-7f80fbbfe000 rw-p 00000000 00:00 0 
7f80fbbfe000-7f80fbc02000 ---p 00000000 00:00 0 
7f80fbc02000-7f80fbcff000 rw-p 00000000 00:00 0 
7f80fbcff000-7f80fbd03000 ---p 00000000 00:00 0 
7f80fbd03000-7f80fc000000 rw-p 00000000 00:00 0 
7f80fc000000-7f80fc054000 rw-p 00000000 00:00 0 
7f80fc054000-7f8100000000 ---p 00000000 00:00 0 
7f8100000000-7f8100091000 rw-p 00000000 00:00 0 
7f8100091000-7f8104000000 ---p 00000000 00:00 0 
7f8104000000-7f8104216000 rw-p 00000000 00:00 0 
7f8104216000-7f8108000000 ---p 00000000 00:00 0 
7f8108000000-7f8108050000 rw-p 00000000 00:00 0 
7f8108050000-7f810c000000 ---p 00000000 00:00 0 
7f810c000000-7f810c021000 rw-p 00000000 00:00 0 
7f810c021000-7f8110000000 ---p 00000000 00:00 0 
7f8110000000-7f8111072000 rw-p 00000000 00:00 0 
7f8111072000-7f8114000000 ---p 00000000 00:00 0 
7f8114000000-7f8114021000 rw-p 00000000 00:00 0 
7f8114021000-7f8118000000 ---p 00000000 00:00 0 
7f8118000000-7f8118021000 rw-p 00000000 00:00 0 
7f8118021000-7f811c000000 ---p 00000000 00:00 0 
7f811c000000-7f811c021000 rw-p 00000000 00:00 0 
7f811c021000-7f8120000000 ---p 00000000 00:00 0 
7f8120000000-7f8120052000 rw-p 00000000 00:00 0 
7f8120052000-7f8124000000 ---p 00000000 00:00 0 
7f8124000000-7f8124077000 rw-p 00000000 00:00 0 
7f8124077000-7f8128000000 ---p 00000000 00:00 0 
7f8128000000-7f812803c000 rw-p 00000000 00:00 0 
7f812803c000-7f812c000000 ---p 00000000 00:00 0 
7f812c000000-7f812c021000 rw-p 00000000 00:00 0 
7f812c021000-7f8130000000 ---p 00000000 00:00 0 
7f8130000000-7f8130021000 rw-p 00000000 00:00 0 
7f8130021000-7f8134000000 ---p 00000000 00:00 0 
7f8134000000-7f8134021000 rw-p 00000000 00:00 0 
7f8134021000-7f8138000000 ---p 00000000 00:00 0 
7f8138000000-7f8138021000 rw-p 00000000 00:00 0 
7f8138021000-7f813c000000 ---p 00000000 00:00 0 
7f813c000000-7f813c29f000 rw-p 00000000 00:00 0 
7f813c29f000-7f8140000000 ---p 00000000 00:00 0 
7f8140000000-7f8140021000 rw-p 00000000 00:00 0 
7f8140021000-7f8144000000 ---p 00000000 00:00 0 
7f8144000000-7f8144021000 rw-p 00000000 00:00 0 
7f8144021000-7f8148000000 ---p 00000000 00:00 0 
7f8148000000-7f8148425000 rw-p 00000000 00:00 0 
7f8148425000-7f814c000000 ---p 00000000 00:00 0 
7f814c000000-7f814c021000 rw-p 00000000 00:00 0 
7f814c021000-7f8150000000 ---p 00000000 00:00 0 
7f8150001000-7f8150201000 rw-p 00000000 00:00 0 
7f8150201000-7f8150203000 r--p 00000000 08:03 275395                     /usr/lib/jvm/java-11-openjdk-11.0.13.0.8-1.fc34.x86_64/lib/libsunec.so
7f8150203000-7f8150219000 r-xp 00002000 08:03 275395                     /usr/lib/jvm/java-11-openjdk-11.0.13.0.8-1.fc34.x86_64/lib/libsunec.so
7f8150219000-7f815021d000 r--p 00018000 08:03 275395                     /usr/lib/jvm/java-11-openjdk-11.0.13.0.8-1.fc34.x86_64/lib/libsunec.so
7f815021d000-7f815021e000 ---p 0001c000 08:03 275395                     /usr/lib/jvm/java-11-openjdk-11.0.13.0.8-1.fc34.x86_64/lib/libsunec.so
7f815021e000-7f815021f000 r--p 0001c000 08:03 275395                     /usr/lib/jvm/java-11-openjdk-11.0.13.0.8-1.fc34.x86_64/lib/libsunec.so
7f815021f000-7f8150221000 rw-p 0001d000 08:03 275395                     /usr/lib/jvm/java-11-openjdk-11.0.13.0.8-1.fc34.x86_64/lib/libsunec.so
7f8150221000-7f8150421000 rw-p 00000000 00:00 0 
7f8150421000-7f8150425000 ---p 00000000 00:00 0 
7f8150425000-7f8150522000 rw-p 00000000 00:00 0 
7f8150522000-7f8150526000 ---p 00000000 00:00 0 
7f8150526000-7f8150623000 rw-p 00000000 00:00 0 
7f8150623000-7f8150627000 ---p 00000000 00:00 0 
7f8150627000-7f8150724000 rw-p 00000000 00:00 0 
7f8150724000-7f8150728000 ---p 00000000 00:00 0 
7f8150728000-7f8150a25000 rw-p 00000000 00:00 0 
7f8150a25000-7f8150c25000 rw-p 00000000 00:00 0 
7f8150c25000-7f8150e25000 rw-p 00000000 00:00 0 
7f8150e25000-7f8151025000 rw-p 00000000 00:00 0 
7f8151025000-7f8151225000 rw-p 00000000 00:00 0 
7f8151225000-7f8151425000 rw-p 00000000 00:00 0 
7f8151425000-7f8151426000 ---p 00000000 00:00 0 
7f8151426000-7f8151527000 rw-p 00000000 00:00 0 
7f8151527000-7f8151528000 ---p 00000000 00:00 0 
7f8151528000-7f8151829000 rw-p 00000000 00:00 0 
7f8151829000-7f815182d000 ---p 00000000 00:00 0 
7f815182d000-7f8151b2a000 rw-p 00000000 00:00 0 
7f8151b2a000-7f8151d2a000 rw-p 00000000 00:00 0 
7f8151d2a000-7f8151d2e000 ---p 00000000 00:00 0 
7f8151d2e000-7f8151e2b000 rw-p 00000000 00:00 0 
7f8151e2b000-7f8151e2f000 ---p 00000000 00:00 0 
7f8151e2f000-7f8151f2c000 rw-p 00000000 00:00 0 
7f8151f2c000-7f8151f30000 ---p 00000000 00:00 0 
7f8151f30000-7f815202d000 rw-p 00000000 00:00 0 
7f815202d000-7f8152031000 ---p 00000000 00:00 0 
7f8152031000-7f815212e000 rw-p 00000000 00:00 0 
7f815212e000-7f8152132000 ---p 00000000 00:00 0 
7f8152132000-7f815222f000 rw-p 00000000 00:00 0 
7f815222f000-7f8152250000 r--p 00000000 08:03 2099396                    /usr/share/locale/es/LC_MESSAGES/libc.mo
7f8152250000-7f8152251000 ---p 00000000 00:00 0 
7f8152251000-7f8152352000 rw-p 00000000 00:00 0 
7f8152352000-7f8152353000 ---p 00000000 00:00 0 
7f8152353000-7f8152454000 rw-p 00000000 00:00 0 
7f8152454000-7f8152458000 ---p 00000000 00:00 0 
7f8152458000-7f8152555000 rw-p 00000000 00:00 0 
7f8152555000-7f8152556000 ---p 00000000 00:00 0 
7f8152556000-7f8152657000 rw-p 00000000 00:00 0 
7f8152657000-7f815265b000 ---p 00000000 00:00 0 
7f815265b000-7f8152758000 rw-p 00000000 00:00 0 
7f8152758000-7f815275c000 ---p 00000000 00:00 0 
7f815275c000-7f8152859000 rw-p 00000000 00:00 0 
7f8152859000-7f815285d000 ---p 00000000 00:00 0 
7f815285d000-7f815295a000 rw-p 00000000 00:00 0 
7f815295a000-7f815295c000 r--p 00000000 08:03 144778                     /usr/lib64/libpcre2-8.so.0.10.1
7f815295c000-7f81529c7000 r-xp 00002000 08:03 144778                     /usr/lib64/libpcre2-8.so.0.10.1
7f81529c7000-7f81529ee000 r--p 0006d000 08:03 144778                     /usr/lib64/libpcre2-8.so.0.10.1
7f81529ee000-7f81529ef000 ---p 00094000 08:03 144778                     /usr/lib64/libpcre2-8.so.0.10.1
7f81529ef000-7f81529f0000 r--p 00094000 08:03 144778                     /usr/lib64/libpcre2-8.so.0.10.1
7f81529f0000-7f81529f1000 rw-p 00095000 08:03 144778                     /usr/lib64/libpcre2-8.so.0.10.1
7f81529f1000-7f81529f7000 r--p 00000000 08:03 144893                     /usr/lib64/libselinux.so.1
7f81529f7000-7f8152a11000 r-xp 00006000 08:03 144893                     /usr/lib64/libselinux.so.1
7f8152a11000-7f8152a18000 r--p 00020000 08:03 144893                     /usr/lib64/libselinux.so.1
7f8152a18000-7f8152a19000 ---p 00027000 08:03 144893                     /usr/lib64/libselinux.so.1
7f8152a19000-7f8152a1a000 r--p 00027000 08:03 144893                     /usr/lib64/libselinux.so.1
7f8152a1a000-7f8152a1b000 rw-p 00028000 08:03 144893                     /usr/lib64/libselinux.so.1
7f8152a1b000-7f8152a1d000 rw-p 00000000 00:00 0 
7f8152a1d000-7f8152a21000 r--p 00000000 08:03 141933                     /usr/lib64/libnss_myhostname.so.2
7f8152a21000-7f8152a30000 r-xp 00004000 08:03 141933                     /usr/lib64/libnss_myhostname.so.2
7f8152a30000-7f8152a39000 r--p 00013000 08:03 141933                     /usr/lib64/libnss_myhostname.so.2
7f8152a39000-7f8152a3a000 ---p 0001c000 08:03 141933                     /usr/lib64/libnss_myhostname.so.2
7f8152a3a000-7f8152a3e000 r--p 0001c000 08:03 141933                     /usr/lib64/libnss_myhostname.so.2
7f8152a3e000-7f8152a3f000 rw-p 00020000 08:03 141933                     /usr/lib64/libnss_myhostname.so.2
7f8152a5a000-7f8152a66000 r--p 00000000 08:03 146487                     /usr/lib64/libnspr4.so
7f8152a66000-7f8152a8b000 r-xp 0000c000 08:03 146487                     /usr/lib64/libnspr4.so
7f8152a8b000-7f8152a98000 r--p 00031000 08:03 146487                     /usr/lib64/libnspr4.so
7f8152a98000-7f8152a99000 r--p 0003d000 08:03 146487                     /usr/lib64/libnspr4.so
7f8152a99000-7f8152a9b000 rw-p 0003e000 08:03 146487                     /usr/lib64/libnspr4.so
7f8152a9b000-7f8152a9d000 rw-p 00000000 00:00 0 
7f8152a9d000-7f8152aaa000 r--p 00000000 08:03 146489                     /usr/lib64/libnssutil3.so
7f8152aaa000-7f8152abc000 r-xp 0000d000 08:03 146489                     /usr/lib64/libnssutil3.so
7f8152abc000-7f8152ac8000 r--p 0001f000 08:03 146489                     /usr/lib64/libnssutil3.so
7f8152ac8000-7f8152acf000 r--p 0002a000 08:03 146489                     /usr/lib64/libnssutil3.so
7f8152acf000-7f8152ad0000 rw-p 00031000 08:03 146489                     /usr/lib64/libnssutil3.so
7f8152ad0000-7f8160000000 r--p 00000000 08:03 131327                     /usr/lib/locale/locale-archive
7f8160000000-7f8160021000 rw-p 00000000 00:00 0 
7f8160021000-7f8164000000 ---p 00000000 00:00 0 
7f8164000000-7f8164021000 rw-p 00000000 00:00 0 
7f8164021000-7f8168000000 ---p 00000000 00:00 0 
7f8168000000-7f8168021000 rw-p 00000000 00:00 0 
7f8168021000-7f816c000000 ---p 00000000 00:00 0 
7f816c000000-7f816c0f2000 rw-p 00000000 00:00 0 
7f816c0f2000-7f8170000000 ---p 00000000 00:00 0 
7f8170000000-7f8170021000 rw-p 00000000 00:00 0 
7f8170021000-7f8174000000 ---p 00000000 00:00 0 
7f8174000000-7f8174021000 rw-p 00000000 00:00 0 
7f8174021000-7f8178000000 ---p 00000000 00:00 0 
7f8178000000-7f8178021000 rw-p 00000000 00:00 0 
7f8178021000-7f817c000000 ---p 00000000 00:00 0 
7f817c005000-7f817c008000 r--p 00000000 08:03 144713                     /usr/lib64/libnss_files-2.33.so
7f817c008000-7f817c00f000 r-xp 00003000 08:03 144713                     /usr/lib64/libnss_files-2.33.so
7f817c00f000-7f817c011000 r--p 0000a000 08:03 144713                     /usr/lib64/libnss_files-2.33.so
7f817c011000-7f817c012000 r--p 0000b000 08:03 144713                     /usr/lib64/libnss_files-2.33.so
7f817c012000-7f817c019000 rw-p 00000000 00:00 0 
7f817c019000-7f817c01b000 r--p 00000000 08:03 146488                     /usr/lib64/libplc4.so
7f817c01b000-7f817c01d000 r-xp 00002000 08:03 146488                     /usr/lib64/libplc4.so
7f817c01d000-7f817c01e000 r--p 00004000 08:03 146488                     /usr/lib64/libplc4.so
7f817c01e000-7f817c01f000 r--p 00004000 08:03 146488                     /usr/lib64/libplc4.so
7f817c01f000-7f817c020000 rw-p 00005000 08:03 146488                     /usr/lib64/libplc4.so
7f817c020000-7f817c039000 r--p 00000000 08:03 148491                     /usr/lib64/libnss3.so
7f817c039000-7f817c11a000 r-xp 00019000 08:03 148491                     /usr/lib64/libnss3.so
7f817c11a000-7f817c154000 r--p 000fa000 08:03 148491                     /usr/lib64/libnss3.so
7f817c154000-7f817c155000 ---p 00134000 08:03 148491                     /usr/lib64/libnss3.so
7f817c155000-7f817c15a000 r--p 00134000 08:03 148491                     /usr/lib64/libnss3.so
7f817c15a000-7f817c15d000 rw-p 00139000 08:03 148491                     /usr/lib64/libnss3.so
7f817c15d000-7f817c15e000 rw-p 00000000 00:00 0 
7f817c164000-7f817c16b000 r--s 00000000 08:03 659224                     /usr/lib64/gconv/gconv-modules.cache
7f817c16b000-7f817c16c000 r--p 00000000 08:03 275122                     /usr/lib/jvm/java-11-openjdk-11.0.13.0.8-1.fc34.x86_64/lib/libextnet.so
7f817c16c000-7f817c16d000 r-xp 00001000 08:03 275122                     /usr/lib/jvm/java-11-openjdk-11.0.13.0.8-1.fc34.x86_64/lib/libextnet.so
7f817c16d000-7f817c16e000 r--p 00002000 08:03 275122                     /usr/lib/jvm/java-11-openjdk-11.0.13.0.8-1.fc34.x86_64/lib/libextnet.so
7f817c16e000-7f817c16f000 r--p 00002000 08:03 275122                     /usr/lib/jvm/java-11-openjdk-11.0.13.0.8-1.fc34.x86_64/lib/libextnet.so
7f817c16f000-7f817c170000 rw-p 00000000 00:00 0 
7f817c170000-7f817c172000 r--p 00000000 08:03 275387                     /usr/lib/jvm/java-11-openjdk-11.0.13.0.8-1.fc34.x86_64/lib/libmanagement_ext.so
7f817c172000-7f817c175000 r-xp 00002000 08:03 275387                     /usr/lib/jvm/java-11-openjdk-11.0.13.0.8-1.fc34.x86_64/lib/libmanagement_ext.so
7f817c175000-7f817c176000 r--p 00005000 08:03 275387                     /usr/lib/jvm/java-11-openjdk-11.0.13.0.8-1.fc34.x86_64/lib/libmanagement_ext.so
7f817c176000-7f817c177000 ---p 00006000 08:03 275387                     /usr/lib/jvm/java-11-openjdk-11.0.13.0.8-1.fc34.x86_64/lib/libmanagement_ext.so
7f817c177000-7f817c178000 r--p 00006000 08:03 275387                     /usr/lib/jvm/java-11-openjdk-11.0.13.0.8-1.fc34.x86_64/lib/libmanagement_ext.so
7f817c178000-7f817c1aa000 rw-p 00000000 00:00 0 
7f817c1aa000-7f817c1ae000 r--p 00000000 08:03 275389                     /usr/lib/jvm/java-11-openjdk-11.0.13.0.8-1.fc34.x86_64/lib/libnet.so
7f817c1ae000-7f817c1bf000 r-xp 00004000 08:03 275389                     /usr/lib/jvm/java-11-openjdk-11.0.13.0.8-1.fc34.x86_64/lib/libnet.so
7f817c1bf000-7f817c1c3000 r--p 00015000 08:03 275389                     /usr/lib/jvm/java-11-openjdk-11.0.13.0.8-1.fc34.x86_64/lib/libnet.so
7f817c1c3000-7f817c1c4000 r--p 00018000 08:03 275389                     /usr/lib/jvm/java-11-openjdk-11.0.13.0.8-1.fc34.x86_64/lib/libnet.so
7f817c1c4000-7f817c1c5000 rw-p 00019000 08:03 275389                     /usr/lib/jvm/java-11-openjdk-11.0.13.0.8-1.fc34.x86_64/lib/libnet.so
7f817c1c5000-7f817c1cc000 r--p 00000000 08:03 275390                     /usr/lib/jvm/java-11-openjdk-11.0.13.0.8-1.fc34.x86_64/lib/libnio.so
7f817c1cc000-7f817c1d4000 r-xp 00007000 08:03 275390                     /usr/lib/jvm/java-11-openjdk-11.0.13.0.8-1.fc34.x86_64/lib/libnio.so
7f817c1d4000-7f817c1d7000 r--p 0000f000 08:03 275390                     /usr/lib/jvm/java-11-openjdk-11.0.13.0.8-1.fc34.x86_64/lib/libnio.so
7f817c1d7000-7f817c1d8000 r--p 00011000 08:03 275390                     /usr/lib/jvm/java-11-openjdk-11.0.13.0.8-1.fc34.x86_64/lib/libnio.so
7f817c1d8000-7f817c1d9000 rw-p 00012000 08:03 275390                     /usr/lib/jvm/java-11-openjdk-11.0.13.0.8-1.fc34.x86_64/lib/libnio.so
7f817c1d9000-7f817c1dd000 ---p 00000000 00:00 0 
7f817c1dd000-7f817c2da000 rw-p 00000000 00:00 0 
7f817c2da000-7f817c2de000 ---p 00000000 00:00 0 
7f817c2de000-7f817c3db000 rw-p 00000000 00:00 0 
7f817c3db000-7f817c3df000 ---p 00000000 00:00 0 
7f817c3df000-7f817c4dc000 rw-p 00000000 00:00 0 
7f817c4dc000-7f817c4e0000 ---p 00000000 00:00 0 
7f817c4e0000-7f817c5dd000 rw-p 00000000 00:00 0 
7f817c5dd000-7f817c5e1000 ---p 00000000 00:00 0 
7f817c5e1000-7f817c6de000 rw-p 00000000 00:00 0 
7f817c6de000-7f817c6e2000 ---p 00000000 00:00 0 
7f817c6e2000-7f817c7df000 rw-p 00000000 00:00 0 
7f817c7df000-7f817c7e3000 ---p 00000000 00:00 0 
7f817c7e3000-7f817f240000 rw-p 00000000 00:00 0 
7f817f240000-7f817fff8000 ---p 00000000 00:00 0 
7f817fff8000-7f8180000000 rw-p 00000000 00:00 0 
7f8180000000-7f8180039000 rw-p 00000000 00:00 0 
7f8180039000-7f8184000000 ---p 00000000 00:00 0 
7f8184001000-7f8184002000 r--p 00000000 08:03 138358                     /usr/lib64/libplds4.so
7f8184002000-7f8184003000 r-xp 00001000 08:03 138358                     /usr/lib64/libplds4.so
7f8184003000-7f8184004000 r--p 00002000 08:03 138358                     /usr/lib64/libplds4.so
7f8184004000-7f8184005000 r--p 00002000 08:03 138358                     /usr/lib64/libplds4.so
7f8184005000-7f8184006000 rw-p 00003000 08:03 138358                     /usr/lib64/libplds4.so
7f8184006000-7f8184007000 ---p 00000000 00:00 0 
7f8184007000-7f818424e000 rw-p 00000000 00:00 0 
7f818424e000-7f818424f000 ---p 00000000 00:00 0 
7f818424f000-7f8184350000 rw-p 00000000 00:00 0 
7f8184350000-7f8184351000 ---p 00000000 00:00 0 
7f8184351000-7f8184856000 rw-p 00000000 00:00 0 
7f8184856000-7f8184ac6000 rwxp 00000000 00:00 0 
7f8184ac6000-7f8184efd000 ---p 00000000 00:00 0 
7f8184efd000-7f818579d000 rwxp 00000000 00:00 0 
7f818579d000-7f8193856000 ---p 00000000 00:00 0 
7f8193856000-7f819c000000 r--s 00000000 08:03 275400                     /usr/lib/jvm/java-11-openjdk-11.0.13.0.8-1.fc34.x86_64/lib/modules
7f819c000000-7f819c67e000 rw-p 00000000 00:00 0 
7f819c67e000-7f81a0000000 ---p 00000000 00:00 0 
7f81a0002000-7f81a0003000 r--p 00000000 08:03 275396                     /usr/lib/jvm/java-11-openjdk-11.0.13.0.8-1.fc34.x86_64/lib/libsystemconf.so
7f81a0003000-7f81a0004000 r-xp 00001000 08:03 275396                     /usr/lib/jvm/java-11-openjdk-11.0.13.0.8-1.fc34.x86_64/lib/libsystemconf.so
7f81a0004000-7f81a0005000 r--p 00002000 08:03 275396                     /usr/lib/jvm/java-11-openjdk-11.0.13.0.8-1.fc34.x86_64/lib/libsystemconf.so
7f81a0005000-7f81a0006000 r--p 00002000 08:03 275396                     /usr/lib/jvm/java-11-openjdk-11.0.13.0.8-1.fc34.x86_64/lib/libsystemconf.so
7f81a0006000-7f81a0007000 rw-p 00000000 00:00 0 
7f81a0007000-7f81a0008000 ---p 00000000 00:00 0 
7f81a0008000-7f81a0109000 rw-p 00000000 00:00 0 
7f81a0109000-7f81a010a000 ---p 00000000 00:00 0 
7f81a010a000-7f81a038c000 rw-p 00000000 00:00 0 
7f81a038c000-7f81a1144000 ---p 00000000 00:00 0 
7f81a1144000-7f81a1178000 rw-p 00000000 00:00 0 
7f81a1178000-7f81a132f000 ---p 00000000 00:00 0 
7f81a132f000-7f81a135c000 rw-p 00000000 00:00 0 
7f81a135c000-7f81a1513000 ---p 00000000 00:00 0 
7f81a1513000-7f81a1540000 rw-p 00000000 00:00 0 
7f81a1540000-7f81a16f7000 ---p 00000000 00:00 0 
7f81a16f7000-7f81a1afc000 rw-p 00000000 00:00 0 
7f81a1afc000-7f81a1afd000 ---p 00000000 00:00 0 
7f81a1afd000-7f81a1c10000 rw-p 00000000 00:00 0 
7f81a1c10000-7f81a1dd1000 ---p 00000000 00:00 0 
7f81a1dd1000-7f81a1dd6000 rw-p 00000000 00:00 0 
7f81a1dd6000-7f81a1ddf000 ---p 00000000 00:00 0 
7f81a1ddf000-7f81a26b3000 r--s 00000000 08:03 6947074                    /var/lib/sss/mc/passwd
7f81a26b3000-7f81a26b5000 r--p 00000000 08:03 142853                     /usr/lib64/libnss_sss.so.2
7f81a26b5000-7f81a26bc000 r-xp 00002000 08:03 142853                     /usr/lib64/libnss_sss.so.2
7f81a26bc000-7f81a26be000 r--p 00009000 08:03 142853                     /usr/lib64/libnss_sss.so.2
7f81a26be000-7f81a26bf000 r--p 0000a000 08:03 142853                     /usr/lib64/libnss_sss.so.2
7f81a26bf000-7f81a26c0000 rw-p 0000b000 08:03 142853                     /usr/lib64/libnss_sss.so.2
7f81a26c2000-7f81a26c5000 r--p 00000000 08:03 275385                     /usr/lib/jvm/java-11-openjdk-11.0.13.0.8-1.fc34.x86_64/lib/libmanagement.so
7f81a26c5000-7f81a26c6000 r-xp 00003000 08:03 275385                     /usr/lib/jvm/java-11-openjdk-11.0.13.0.8-1.fc34.x86_64/lib/libmanagement.so
7f81a26c6000-7f81a26c7000 r--p 00004000 08:03 275385                     /usr/lib/jvm/java-11-openjdk-11.0.13.0.8-1.fc34.x86_64/lib/libmanagement.so
7f81a26c7000-7f81a26c8000 r--p 00004000 08:03 275385                     /usr/lib/jvm/java-11-openjdk-11.0.13.0.8-1.fc34.x86_64/lib/libmanagement.so
7f81a26c8000-7f81a26c9000 rw-p 00000000 00:00 0 
7f81a26c9000-7f81a26cb000 r--p 00000000 08:03 275399                     /usr/lib/jvm/java-11-openjdk-11.0.13.0.8-1.fc34.x86_64/lib/libzip.so
7f81a26cb000-7f81a26cf000 r-xp 00002000 08:03 275399                     /usr/lib/jvm/java-11-openjdk-11.0.13.0.8-1.fc34.x86_64/lib/libzip.so
7f81a26cf000-7f81a26d1000 r--p 00006000 08:03 275399                     /usr/lib/jvm/java-11-openjdk-11.0.13.0.8-1.fc34.x86_64/lib/libzip.so
7f81a26d1000-7f81a26d2000 r--p 00007000 08:03 275399                     /usr/lib/jvm/java-11-openjdk-11.0.13.0.8-1.fc34.x86_64/lib/libzip.so
7f81a26d2000-7f81a26d3000 rw-p 00000000 00:00 0 
7f81a26d3000-7f81a26db000 rw-s 00000000 00:23 1325                       /tmp/hsperfdata_joel/54044
7f81a26db000-7f81a26dc000 ---p 00000000 00:00 0 
7f81a26dc000-7f81a26dd000 r--p 00000000 00:00 0 
7f81a26dd000-7f81a26eb000 r--p 00000000 08:03 275378                     /usr/lib/jvm/java-11-openjdk-11.0.13.0.8-1.fc34.x86_64/lib/libjava.so
7f81a26eb000-7f81a2702000 r-xp 0000e000 08:03 275378                     /usr/lib/jvm/java-11-openjdk-11.0.13.0.8-1.fc34.x86_64/lib/libjava.so
7f81a2702000-7f81a2708000 r--p 00025000 08:03 275378                     /usr/lib/jvm/java-11-openjdk-11.0.13.0.8-1.fc34.x86_64/lib/libjava.so
7f81a2708000-7f81a2709000 ---p 0002b000 08:03 275378                     /usr/lib/jvm/java-11-openjdk-11.0.13.0.8-1.fc34.x86_64/lib/libjava.so
7f81a2709000-7f81a270a000 r--p 0002b000 08:03 275378                     /usr/lib/jvm/java-11-openjdk-11.0.13.0.8-1.fc34.x86_64/lib/libjava.so
7f81a270a000-7f81a270b000 rw-p 0002c000 08:03 275378                     /usr/lib/jvm/java-11-openjdk-11.0.13.0.8-1.fc34.x86_64/lib/libjava.so
7f81a270b000-7f81a270c000 rw-p 00000000 00:00 0 
7f81a270c000-7f81a270f000 r--p 00000000 08:03 146073                     /usr/lib64/librt-2.33.so
7f81a270f000-7f81a2713000 r-xp 00003000 08:03 146073                     /usr/lib64/librt-2.33.so
7f81a2713000-7f81a2715000 r--p 00007000 08:03 146073                     /usr/lib64/librt-2.33.so
7f81a2715000-7f81a2716000 r--p 00008000 08:03 146073                     /usr/lib64/librt-2.33.so
7f81a2716000-7f81a2717000 rw-p 00009000 08:03 146073                     /usr/lib64/librt-2.33.so
7f81a2717000-7f81a271b000 ---p 00000000 00:00 0 
7f81a271b000-7f81a2818000 rw-p 00000000 00:00 0 
7f81a2818000-7f81a281b000 r--p 00000000 08:03 131227                     /usr/lib64/libgcc_s-11-20210728.so.1
7f81a281b000-7f81a282d000 r-xp 00003000 08:03 131227                     /usr/lib64/libgcc_s-11-20210728.so.1
7f81a282d000-7f81a2830000 r--p 00015000 08:03 131227                     /usr/lib64/libgcc_s-11-20210728.so.1
7f81a2830000-7f81a2831000 ---p 00018000 08:03 131227                     /usr/lib64/libgcc_s-11-20210728.so.1
7f81a2831000-7f81a2832000 r--p 00018000 08:03 131227                     /usr/lib64/libgcc_s-11-20210728.so.1
7f81a2832000-7f81a2833000 rw-p 00019000 08:03 131227                     /usr/lib64/libgcc_s-11-20210728.so.1
7f81a2833000-7f81a2842000 r--p 00000000 08:03 146069                     /usr/lib64/libm-2.33.so
7f81a2842000-7f81a28dc000 r-xp 0000f000 08:03 146069                     /usr/lib64/libm-2.33.so
7f81a28dc000-7f81a2974000 r--p 000a9000 08:03 146069                     /usr/lib64/libm-2.33.so
7f81a2974000-7f81a2975000 ---p 00141000 08:03 146069                     /usr/lib64/libm-2.33.so
7f81a2975000-7f81a2976000 r--p 00141000 08:03 146069                     /usr/lib64/libm-2.33.so
7f81a2976000-7f81a2977000 rw-p 00142000 08:03 146069                     /usr/lib64/libm-2.33.so
7f81a2977000-7f81a2a10000 r--p 00000000 08:03 132004                     /usr/lib64/libstdc++.so.6.0.29
7f81a2a10000-7f81a2b12000 r-xp 00099000 08:03 132004                     /usr/lib64/libstdc++.so.6.0.29
7f81a2b12000-7f81a2b85000 r--p 0019b000 08:03 132004                     /usr/lib64/libstdc++.so.6.0.29
7f81a2b85000-7f81a2b90000 r--p 0020d000 08:03 132004                     /usr/lib64/libstdc++.so.6.0.29
7f81a2b90000-7f81a2b93000 rw-p 00218000 08:03 132004                     /usr/lib64/libstdc++.so.6.0.29
7f81a2b93000-7f81a2b96000 rw-p 00000000 00:00 0 
7f81a2b96000-7f81a2e19000 r--p 00000000 08:03 3020897                    /usr/lib/jvm/java-11-openjdk-11.0.13.0.8-1.fc34.x86_64/lib/server/libjvm.so
7f81a2e19000-7f81a3b0a000 r-xp 00283000 08:03 3020897                    /usr/lib/jvm/java-11-openjdk-11.0.13.0.8-1.fc34.x86_64/lib/server/libjvm.so
7f81a3b0a000-7f81a3d64000 r--p 00f74000 08:03 3020897                    /usr/lib/jvm/java-11-openjdk-11.0.13.0.8-1.fc34.x86_64/lib/server/libjvm.so
7f81a3d64000-7f81a3d65000 ---p 011ce000 08:03 3020897                    /usr/lib/jvm/java-11-openjdk-11.0.13.0.8-1.fc34.x86_64/lib/server/libjvm.so
7f81a3d65000-7f81a3e29000 r--p 011ce000 08:03 3020897                    /usr/lib/jvm/java-11-openjdk-11.0.13.0.8-1.fc34.x86_64/lib/server/libjvm.so
7f81a3e29000-7f81a3e64000 rw-p 01292000 08:03 3020897                    /usr/lib/jvm/java-11-openjdk-11.0.13.0.8-1.fc34.x86_64/lib/server/libjvm.so
7f81a3e64000-7f81a3ebd000 rw-p 00000000 00:00 0 
7f81a3ebd000-7f81a3ec4000 r--p 00000000 08:03 146071                     /usr/lib64/libpthread-2.33.so
7f81a3ec4000-7f81a3ed3000 r-xp 00007000 08:03 146071                     /usr/lib64/libpthread-2.33.so
7f81a3ed3000-7f81a3ed7000 r--p 00016000 08:03 146071                     /usr/lib64/libpthread-2.33.so
7f81a3ed7000-7f81a3ed8000 ---p 0001a000 08:03 146071                     /usr/lib64/libpthread-2.33.so
7f81a3ed8000-7f81a3ed9000 r--p 0001a000 08:03 146071                     /usr/lib64/libpthread-2.33.so
7f81a3ed9000-7f81a3eda000 rw-p 0001b000 08:03 146071                     /usr/lib64/libpthread-2.33.so
7f81a3eda000-7f81a3ede000 rw-p 00000000 00:00 0 
7f81a3ede000-7f81a3ee0000 r--p 00000000 08:03 146068                     /usr/lib64/libdl-2.33.so
7f81a3ee0000-7f81a3ee2000 r-xp 00002000 08:03 146068                     /usr/lib64/libdl-2.33.so
7f81a3ee2000-7f81a3ee3000 r--p 00004000 08:03 146068                     /usr/lib64/libdl-2.33.so
7f81a3ee3000-7f81a3ee4000 r--p 00004000 08:03 146068                     /usr/lib64/libdl-2.33.so
7f81a3ee4000-7f81a3ee5000 rw-p 00000000 00:00 0 
7f81a3ee5000-7f81a3ee8000 r--p 00000000 08:03 145166                     /usr/lib64/libz.so.1.2.11
7f81a3ee8000-7f81a3ef6000 r-xp 00003000 08:03 145166                     /usr/lib64/libz.so.1.2.11
7f81a3ef6000-7f81a3efc000 r--p 00011000 08:03 145166                     /usr/lib64/libz.so.1.2.11
7f81a3efc000-7f81a3efd000 ---p 00017000 08:03 145166                     /usr/lib64/libz.so.1.2.11
7f81a3efd000-7f81a3efe000 r--p 00017000 08:03 145166                     /usr/lib64/libz.so.1.2.11
7f81a3efe000-7f81a3eff000 rw-p 00000000 00:00 0 
7f81a3eff000-7f81a3f25000 r--p 00000000 08:03 144102                     /usr/lib64/libc-2.33.so
7f81a3f25000-7f81a4072000 r-xp 00026000 08:03 144102                     /usr/lib64/libc-2.33.so
7f81a4072000-7f81a40be000 r--p 00173000 08:03 144102                     /usr/lib64/libc-2.33.so
7f81a40be000-7f81a40bf000 ---p 001bf000 08:03 144102                     /usr/lib64/libc-2.33.so
7f81a40bf000-7f81a40c2000 r--p 001bf000 08:03 144102                     /usr/lib64/libc-2.33.so
7f81a40c2000-7f81a40c5000 rw-p 001c2000 08:03 144102                     /usr/lib64/libc-2.33.so
7f81a40c5000-7f81a40ce000 rw-p 00000000 00:00 0 
7f81a40cf000-7f81a40d1000 r--p 00000000 08:03 275381                     /usr/lib/jvm/java-11-openjdk-11.0.13.0.8-1.fc34.x86_64/lib/libjimage.so
7f81a40d1000-7f81a40d4000 r-xp 00002000 08:03 275381                     /usr/lib/jvm/java-11-openjdk-11.0.13.0.8-1.fc34.x86_64/lib/libjimage.so
7f81a40d4000-7f81a40d5000 r--p 00005000 08:03 275381                     /usr/lib/jvm/java-11-openjdk-11.0.13.0.8-1.fc34.x86_64/lib/libjimage.so
7f81a40d5000-7f81a40d6000 ---p 00006000 08:03 275381                     /usr/lib/jvm/java-11-openjdk-11.0.13.0.8-1.fc34.x86_64/lib/libjimage.so
7f81a40d6000-7f81a40d7000 r--p 00006000 08:03 275381                     /usr/lib/jvm/java-11-openjdk-11.0.13.0.8-1.fc34.x86_64/lib/libjimage.so
7f81a40d7000-7f81a40d8000 rw-p 00007000 08:03 275381                     /usr/lib/jvm/java-11-openjdk-11.0.13.0.8-1.fc34.x86_64/lib/libjimage.so
7f81a40d8000-7f81a40dd000 r--p 00000000 08:03 275398                     /usr/lib/jvm/java-11-openjdk-11.0.13.0.8-1.fc34.x86_64/lib/libverify.so
7f81a40dd000-7f81a40e4000 r-xp 00005000 08:03 275398                     /usr/lib/jvm/java-11-openjdk-11.0.13.0.8-1.fc34.x86_64/lib/libverify.so
7f81a40e4000-7f81a40e6000 r--p 0000c000 08:03 275398                     /usr/lib/jvm/java-11-openjdk-11.0.13.0.8-1.fc34.x86_64/lib/libverify.so
7f81a40e6000-7f81a40e8000 r--p 0000d000 08:03 275398                     /usr/lib/jvm/java-11-openjdk-11.0.13.0.8-1.fc34.x86_64/lib/libverify.so
7f81a40e8000-7f81a40e9000 rw-p 00000000 00:00 0 
7f81a40e9000-7f81a40ec000 r--p 00000000 08:03 796731                     /usr/lib/jvm/java-11-openjdk-11.0.13.0.8-1.fc34.x86_64/lib/jli/libjli.so
7f81a40ec000-7f81a40f6000 r-xp 00003000 08:03 796731                     /usr/lib/jvm/java-11-openjdk-11.0.13.0.8-1.fc34.x86_64/lib/jli/libjli.so
7f81a40f6000-7f81a40f9000 r--p 0000d000 08:03 796731                     /usr/lib/jvm/java-11-openjdk-11.0.13.0.8-1.fc34.x86_64/lib/jli/libjli.so
7f81a40f9000-7f81a40fa000 ---p 00010000 08:03 796731                     /usr/lib/jvm/java-11-openjdk-11.0.13.0.8-1.fc34.x86_64/lib/jli/libjli.so
7f81a40fa000-7f81a40fb000 r--p 00010000 08:03 796731                     /usr/lib/jvm/java-11-openjdk-11.0.13.0.8-1.fc34.x86_64/lib/jli/libjli.so
7f81a40fb000-7f81a40fc000 rw-p 00011000 08:03 796731                     /usr/lib/jvm/java-11-openjdk-11.0.13.0.8-1.fc34.x86_64/lib/jli/libjli.so
7f81a40fc000-7f81a40fe000 rw-p 00000000 00:00 0 
7f81a40fe000-7f81a40ff000 r--p 00000000 08:03 146066                     /usr/lib64/ld-2.33.so
7f81a40ff000-7f81a4124000 r-xp 00001000 08:03 146066                     /usr/lib64/ld-2.33.so
7f81a4124000-7f81a412e000 r--p 00026000 08:03 146066                     /usr/lib64/ld-2.33.so
7f81a412e000-7f81a4130000 r--p 0002f000 08:03 146066                     /usr/lib64/ld-2.33.so
7f81a4130000-7f81a4132000 rw-p 00031000 08:03 146066                     /usr/lib64/ld-2.33.so
7fff64d65000-7fff64d88000 rw-p 00000000 00:00 0                          [stack]
7fff64dc1000-7fff64dc5000 r--p 00000000 00:00 0                          [vvar]
7fff64dc5000-7fff64dc7000 r-xp 00000000 00:00 0                          [vdso]
ffffffffff600000-ffffffffff601000 r-xp 00000000 00:00 0                  [vsyscall]


VM Arguments:
jvm_args: -Dcom.sun.management.jmxremote -Dcom.sun.management.jmxremote.port=36515 -Dcom.sun.management.jmxremote.authenticate=false -Dcom.sun.management.jmxremote.ssl=false -Djava.rmi.server.hostname=localhost -Dspring.jmx.enabled=true -Dspring.application.admin.enabled=true -Djava.security.egd=file:/dev/./urandom -XX:TieredStopAtLevel=1 -Dspring.boot.project.name=Mod14Nivel2_WhiteCollar_MySQL_Web -Dfile.encoding=UTF-8 
java_command: com.ascii274.practica.Mod14Nivel1Fase2MysqlApplication
java_class_path (initial): /home/joel/Programacion/Java_ItAcademy/It_Academy_Mod_8_en_Adelante/Mod14_SpringRestApi/Mod14Nivel2_WhiteCollar_MySQL_Web/target/classes:/home/joel/.m2/repository/org/springframework/boot/spring-boot-starter-web/2.5.6/spring-boot-starter-web-2.5.6.jar:/home/joel/.m2/repository/org/springframework/boot/spring-boot-starter-json/2.5.6/spring-boot-starter-json-2.5.6.jar:/home/joel/.m2/repository/com/fasterxml/jackson/core/jackson-databind/2.12.5/jackson-databind-2.12.5.jar:/home/joel/.m2/repository/com/fasterxml/jackson/core/jackson-annotations/2.12.5/jackson-annotations-2.12.5.jar:/home/joel/.m2/repository/com/fasterxml/jackson/core/jackson-core/2.12.5/jackson-core-2.12.5.jar:/home/joel/.m2/repository/com/fasterxml/jackson/datatype/jackson-datatype-jdk8/2.12.5/jackson-datatype-jdk8-2.12.5.jar:/home/joel/.m2/repository/com/fasterxml/jackson/datatype/jackson-datatype-jsr310/2.12.5/jackson-datatype-jsr310-2.12.5.jar:/home/joel/.m2/repository/com/fasterxml/jackson/module/jackson-module-parameter-names/2.12.5/jackson-module-parameter-names-2.12.5.jar:/home/joel/.m2/repository/org/springframework/boot/spring-boot-starter-tomcat/2.5.6/spring-boot-starter-tomcat-2.5.6.jar:/home/joel/.m2/repository/org/apache/tomcat/embed/tomcat-embed-core/9.0.54/tomcat-embed-core-9.0.54.jar:/home/joel/.m2/repository/org/apache/tomcat/embed/tomcat-embed-el/9.0.54/tomcat-embed-el-9.0.54.jar:/home/joel/.m2/repository/org/apache/tomcat/embed/tomcat-embed-websocket/9.0.54/tomcat-embed-websocket-9.0.54.jar:/home/joel/.m2/repository/org/springframework/spring-web/5.3.12/spring-web-5.3.12.jar:/home/joel/.m2/repository/org/springframework/spring-beans/5.3.12/spring-beans-5.3.12.jar:/home/joel/.m2/repository/org/springframework/spring-webmvc/5.3.12/spring-webmvc-5.3.12.jar:/home/joel/.m2/repository/org/springframework/spring-aop/5.3.12/spring-aop-5.3.12.jar:/home/joel/.m2/repository/org/springframework/spring-context/5.3.12/spring-context-5.3.12.jar:/home/joel/.m2/repository
Launcher Type: SUN_STANDARD

[Global flags]
     intx CICompilerCount                          = 3                                         {product} {ergonomic}
     uint ConcGCThreads                            = 1                                         {product} {ergonomic}
     uint G1ConcRefinementThreads                  = 4                                         {product} {ergonomic}
   size_t G1HeapRegionSize                         = 1048576                                   {product} {ergonomic}
    uintx GCDrainStackTargetSize                   = 64                                        {product} {ergonomic}
   size_t InitialHeapSize                          = 65011712                                  {product} {ergonomic}
     bool ManagementServer                         = true                                      {product} {command line}
   size_t MarkStackSize                            = 4194304                                   {product} {ergonomic}
   size_t MaxHeapSize                              = 1015021568                                {product} {ergonomic}
   size_t MaxNewSize                               = 608174080                                 {product} {ergonomic}
   size_t MinHeapDeltaBytes                        = 1048576                                   {product} {ergonomic}
    uintx NonNMethodCodeHeapSize                   = 6973028                                {pd product} {ergonomic}
    uintx NonProfiledCodeHeapSize                  = 244685212                              {pd product} {ergonomic}
    uintx ProfiledCodeHeapSize                     = 0                                      {pd product} {ergonomic}
    uintx ReservedCodeCacheSize                    = 251658240                              {pd product} {ergonomic}
     bool SegmentedCodeCache                       = true                                      {product} {ergonomic}
     intx TieredStopAtLevel                        = 1                                         {product} {command line}
     bool UseCompressedClassPointers               = true                                 {lp64_product} {ergonomic}
     bool UseCompressedOops                        = true                                 {lp64_product} {ergonomic}
     bool UseG1GC                                  = true                                      {product} {ergonomic}

Logging:
Log output configuration:
 #0: stdout all=warning uptime,level,tags
 #1: stderr all=off uptime,level,tags

Environment Variables:
PATH=/home/joel/.sdkman/candidates/gradle/current/bin:/home/joel/.local/bin:/home/joel/bin:/usr/local/bin:/usr/bin:/bin:/usr/local/sbin:/usr/sbin:/home/joel/.composer/vendor/bin:/var/lib/snapd/snap/bin
SHELL=/bin/bash
DISPLAY=:0
LANG=es_ES.UTF-8

Signal Handlers:
SIGSEGV: [libjvm.so+0xefe790], sa_mask[0]=11111111011111111101111111111110, sa_flags=SA_RESTART|SA_SIGINFO
SIGBUS: [libjvm.so+0xefe790], sa_mask[0]=11111111011111111101111111111110, sa_flags=SA_RESTART|SA_SIGINFO
SIGFPE: [libjvm.so+0xefe790], sa_mask[0]=11111111011111111101111111111110, sa_flags=SA_RESTART|SA_SIGINFO
SIGPIPE: [libjvm.so+0xc5e290], sa_mask[0]=11111111011111111101111111111110, sa_flags=SA_RESTART|SA_SIGINFO
SIGXFSZ: [libjvm.so+0xc5e290], sa_mask[0]=11111111011111111101111111111110, sa_flags=SA_RESTART|SA_SIGINFO
SIGILL: [libjvm.so+0xefe790], sa_mask[0]=11111111011111111101111111111110, sa_flags=SA_RESTART|SA_SIGINFO
SIGUSR2: [libjvm.so+0xc5e110], sa_mask[0]=00100000000000000000000000000000, sa_flags=SA_RESTART|SA_SIGINFO
SIGHUP: [libjvm.so+0xc5e6f0], sa_mask[0]=11111111011111111101111111111110, sa_flags=SA_RESTART|SA_SIGINFO
SIGINT: [libjvm.so+0xc5e6f0], sa_mask[0]=11111111011111111101111111111110, sa_flags=SA_RESTART|SA_SIGINFO
SIGTERM: [libjvm.so+0xc5e6f0], sa_mask[0]=11111111011111111101111111111110, sa_flags=SA_RESTART|SA_SIGINFO
SIGQUIT: [libjvm.so+0xc5e6f0], sa_mask[0]=11111111011111111101111111111110, sa_flags=SA_RESTART|SA_SIGINFO


---------------  S Y S T E M  ---------------

OS:Fedora release 34 (Thirty Four)
uname:Linux 5.14.13-200.fc34.x86_64 #1 SMP Mon Oct 18 12:39:31 UTC 2021 x86_64
OS uptime: 0 days 9:47 hours
libc:glibc 2.33 NPTL 2.33 
rlimit (soft/hard): STACK 8192k/infinity , CORE infinity/infinity , NPROC 15309/15309 , NOFILE 524288/524288 , AS infinity/infinity , CPU infinity/infinity , DATA infinity/infinity , FSIZE infinity/infinity , MEMLOCK 64k/64k
load average:20,55 10,93 4,93

/proc/meminfo:
MemTotal:        3958028 kB
MemFree:           93764 kB
MemAvailable:     223248 kB
Buffers:           22716 kB
Cached:           295200 kB
SwapCached:        26372 kB
Active:           778780 kB
Inactive:        1420032 kB
Active(anon):     618328 kB
Inactive(anon):  1283240 kB
Active(file):     160452 kB
Inactive(file):   136792 kB
Unevictable:        5748 kB
Mlocked:            5748 kB
SwapTotal:       9817080 kB
SwapFree:        3958184 kB
Dirty:                60 kB
Writeback:            76 kB
AnonPages:       1863800 kB
Mapped:           222028 kB
Shmem:             15580 kB
KReclaimable:      84708 kB
Slab:             247364 kB
SReclaimable:      84708 kB
SUnreclaim:       162656 kB
KernelStack:       28976 kB
PageTables:        79808 kB
NFS_Unstable:          0 kB
Bounce:                0 kB
WritebackTmp:          0 kB
CommitLimit:    11796092 kB
Committed_AS:   17960744 kB
VmallocTotal:   34359738367 kB
VmallocUsed:       82768 kB
VmallocChunk:          0 kB
Percpu:             4288 kB
HardwareCorrupted:     0 kB
AnonHugePages:         0 kB
ShmemHugePages:        0 kB
ShmemPmdMapped:        0 kB
FileHugePages:         0 kB
FilePmdMapped:         0 kB
CmaTotal:              0 kB
CmaFree:               0 kB
HugePages_Total:       0
HugePages_Free:        0
HugePages_Rsvd:        0
HugePages_Surp:        0
Hugepagesize:       2048 kB
Hugetlb:               0 kB
DirectMap4k:      617660 kB
DirectMap2M:     3526656 kB
DirectMap1G:     1048576 kB

/sys/kernel/mm/transparent_hugepage/enabled:
always [madvise] never
/sys/kernel/mm/transparent_hugepage/defrag (defrag/compaction efforts parameter):
always defer defer+madvise [madvise] never

Process Memory:
Virtual Size: 4926360K (peak: 12393352K)
Resident Set Size: 170576K (peak: 280024K) (anon: 153272K, file: 17272K, shmem: 32K)
Swapped out: 66864K
C-Heap outstanding allocations: 31475K

/proc/sys/kernel/threads-max (system-wide limit on the number of threads):
30619
/proc/sys/vm/max_map_count (maximum number of memory map areas a process may have):
65530
/proc/sys/kernel/pid_max (system-wide limit on number of process identifiers):
4194304

Steal ticks since vm start: 0
Steal ticks percentage since vm start:  0,000

CPU:total 4 (initial active 4) (4 cores per cpu, 1 threads per core) family 6 model 94 stepping 3 microcode 0xea, cmov, cx8, fxsr, mmx, sse, sse2, sse3, ssse3, sse4.1, sse4.2, popcnt, avx, avx2, aes, clmul, erms, 3dnowpref, lzcnt, tsc, tscinvbit, bmi1, bmi2, adx, fma
CPU Model and flags from /proc/cpuinfo:
model name	: Intel(R) Core(TM) i5-6400 CPU @ 2.70GHz
flags		: fpu vme de pse tsc msr pae mce cx8 apic sep mtrr pge mca cmov pat pse36 clflush dts acpi mmx fxsr sse sse2 ss ht tm pbe syscall nx pdpe1gb rdtscp lm constant_tsc art arch_perfmon pebs bts rep_good nopl xtopology nonstop_tsc cpuid aperfmperf pni pclmulqdq dtes64 monitor ds_cpl vmx est tm2 ssse3 sdbg fma cx16 xtpr pdcm pcid sse4_1 sse4_2 x2apic movbe popcnt tsc_deadline_timer aes xsave avx f16c rdrand lahf_lm abm 3dnowprefetch cpuid_fault epb invpcid_single pti ssbd ibrs ibpb stibp tpr_shadow vnmi flexpriority ept vpid ept_ad fsgsbase tsc_adjust bmi1 avx2 smep bmi2 erms invpcid mpx rdseed adx smap clflushopt intel_pt xsaveopt xsavec xgetbv1 xsaves dtherm ida arat pln pts hwp hwp_notify hwp_act_window hwp_epp md_clear flush_l1d
Online cpus:
0-3
Offline cpus:

BIOS frequency limitation:
<Not Available>
Frequency switch latency (ns):
0
Available cpu frequencies:
<Not Available>
Current governor:
powersave
Core performance/turbo boost:
<Not Available>

Memory: 4k page, physical 3958028k(94120k free), swap 9817080k(3958200k free)

vm_info: OpenJDK 64-Bit Server VM (11.0.13+8) for linux-amd64 JRE (11.0.13+8), built on Oct 13 2021 00:00:00 by "mockbuild" with gcc 11.2.1 20210728 (Red Hat 11.2.1-1)

END.
