#
# A fatal error has been detected by the Java Runtime Environment:
#
#  SIGSEGV (0xb) at pc=0x0000000000000000, pid=78523, tid=79934
#
# JRE version: OpenJDK Runtime Environment (16.0.1+9) (build 16.0.1+9-24)
# Java VM: OpenJDK 64-Bit Server VM (16.0.1+9-24, mixed mode, tiered, compressed oops, compressed class ptrs, g1 gc, linux-amd64)
# Problematic frame:
# C  0x0000000000000000
#
# Core dump will be written. Default location: Core dumps may be processed with "/usr/lib/systemd/systemd-coredump %P %u %g %s %t %c %h" (or dumping to /home/joel/Programacion/Java_ItAcademy/It_Academy_Mod_8_en_Adelante/Mod14_SpringRestApi/Mod14Nivel2_WhiteCollar_MySQL_Web/core.78523)
#
# If you would like to submit a bug report, please visit:
#   https://bugreport.java.com/bugreport/crash.jsp
#

---------------  S U M M A R Y ------------

Command Line: -Dcom.sun.management.jmxremote -Dcom.sun.management.jmxremote.port=42549 -Dcom.sun.management.jmxremote.authenticate=false -Dcom.sun.management.jmxremote.ssl=false -Djava.rmi.server.hostname=localhost -Dspring.jmx.enabled=true -Dspring.application.admin.enabled=true -Djava.security.egd=file:/dev/./urandom -XX:TieredStopAtLevel=1 -Dspring.boot.project.name=Mod14Nivel2_WhiteCollar_MySQL_Web -Dfile.encoding=UTF-8 -XX:+ShowCodeDetailsInExceptionMessages com.ascii274.practica.Mod14Nivel1Fase2MysqlApplication

Host: Intel(R) Core(TM) i5-6400 CPU @ 2.70GHz, 4 cores, 3G, Fedora release 34 (Thirty Four)
Time: Wed Oct 27 00:16:54 2021 CEST elapsed time: 994.306366 seconds (0d 0h 16m 34s)

---------------  T H R E A D  ---------------

Current thread (0x00007f03e8001520):  JavaThread "http-nio-8080-exec-1" daemon [_thread_in_Java, id=79934, stack(0x00007f0428bfc000,0x00007f0428cfd000)]

Stack: [0x00007f0428bfc000,0x00007f0428cfd000],  sp=0x00007f0428cf9030,  free space=1012k

siginfo: si_signo: 11 (SIGSEGV), si_code: 1 (SEGV_MAPERR), si_addr: 0x0000000000000000

Register to memory mapping:

RAX=0x0 is NULL
RBX=0x00007f044486d568 is pointing into metadata
RCX=0x00000000c5e44098 is an oop: org.springframework.orm.jpa.JpaTransactionManager 
{0x00000000c5e44098} - klass: 'org/springframework/orm/jpa/JpaTransactionManager'
RDX=0x0000000080500002 is an unknown value
RSP=0x00007f0428cf9030 is pointing into the stack for thread: 0x00007f03e8001520
RBP=0x00007f0428cf9090 is pointing into the stack for thread: 0x00007f03e8001520
RSI=0x00007f0428cf8fe8 is pointing into the stack for thread: 0x00007f03e8001520
RDI=0x000000010014d6f8 is a pointer to class: 
ch.qos.logback.classic.Logger {0x000000010014d6f8}
R8 =0x0 is NULL
R9 =0x0 is NULL
R10=0x00007f0479e4b2c0: <offset 0x000000000123f2c0> in /opt/eclipse/plugins/org.eclipse.justj.openjdk.hotspot.jre.full.linux.x86_64_16.0.1.v20210528-1205/jre/lib/server/libjvm.so at 0x00007f0478c0c000
R11=0x00007f04624ea660 is at entry_point+32 in (nmethod*)0x00007f04624ea490
R12=0x0 is NULL
R13=0x00007f0428cf9038 is pointing into the stack for thread: 0x00007f03e8001520
R14=0x00007f0428cf90d0 is pointing into the stack for thread: 0x00007f03e8001520
R15=0x00007f03e8001520 is a thread


Registers:
RAX=0x0000000000000000, RBX=0x00007f044486d568, RCX=0x00000000c5e44098, RDX=0x0000000080500002
RSP=0x00007f0428cf9030, RBP=0x00007f0428cf9090, RSI=0x00007f0428cf8fe8, RDI=0x000000010014d6f8
R8 =0x0000000000000000, R9 =0x0000000000000000, R10=0x00007f0479e4b2c0, R11=0x00007f04624ea660
R12=0x0000000000000000, R13=0x00007f0428cf9038, R14=0x00007f0428cf90d0, R15=0x00007f03e8001520
RIP=0x0000000000000000, EFLAGS=0x0000000000010246, CSGSFS=0x002b000000000033, ERR=0x0000000000000014
  TRAPNO=0x000000000000000e

Top of Stack: (sp=0x00007f0428cf9030)
0x00007f0428cf9030:   00007f0461af6391 0000000000000000
0x00007f0428cf9040:   00000000c5e44098 00007f0428cf9048
0x00007f0428cf9050:   00007f044487785b 00007f0428cf90d0
0x00007f0428cf9060:   00007f04293a0750 0000000000000000 

Instructions: (pc=0x0000000000000000)
0xffffffffffffff00:   


Stack slot to memory mapping:
stack at sp + 0 slots: 0x00007f0461af6391 is at code_begin+1457 in an Interpreter codelet
return entry points  [0x00007f0461af5de0, 0x00007f0461af68e0]  2816 bytes
stack at sp + 1 slots: 0x0 is NULL
stack at sp + 2 slots: 0x00000000c5e44098 is an oop: org.springframework.orm.jpa.JpaTransactionManager 
{0x00000000c5e44098} - klass: 'org/springframework/orm/jpa/JpaTransactionManager'
stack at sp + 3 slots: 0x00007f0428cf9048 is pointing into the stack for thread: 0x00007f03e8001520
stack at sp + 4 slots: 0x00007f044487785b is pointing into metadata
stack at sp + 5 slots: 0x00007f0428cf90d0 is pointing into the stack for thread: 0x00007f03e8001520
stack at sp + 6 slots: 0x00007f04293a0750 is pointing into metadata
stack at sp + 7 slots: 0x0 is NULL


---------------  P R O C E S S  ---------------

Threads class SMR info:
_java_thread_list=0x00007f03e801ca70, length=31, elements={
0x00007f047412fcb0, 0x00007f0474131780, 0x00007f047415edf0, 0x00007f0474160340,
0x00007f0474161880, 0x00007f0474162e70, 0x00007f04741643d0, 0x00007f047420edf0,
0x00007f04742529e0, 0x00007f047462c780, 0x00007f0474633a20, 0x00007f0474668b90,
0x00007f0424000fd0, 0x00007f03d400ee50, 0x00007f04040023e0, 0x00007f03cc00d190,
0x00007f03e0657b40, 0x00007f03e0e18970, 0x00007f0474024ed0, 0x00007f03e0e16a80,
0x00007f03e0e245b0, 0x00007f03e0604d70, 0x00007f03e0c5a0f0, 0x00007f03d401a060,
0x00007f03e0e5ae50, 0x00007f03e0e5e600, 0x00007f03e0e5eea0, 0x00007f04080017f0,
0x00007f0404006a80, 0x00007f0404007ff0, 0x00007f03e8001520
}

Java Threads: ( => current thread )
  0x00007f047412fcb0 JavaThread "Reference Handler" daemon [_thread_blocked, id=78535, stack(0x00007f045c53d000,0x00007f045c63e000)]
  0x00007f0474131780 JavaThread "Finalizer" daemon [_thread_blocked, id=78536, stack(0x00007f045c43c000,0x00007f045c53d000)]
  0x00007f047415edf0 JavaThread "Signal Dispatcher" daemon [_thread_blocked, id=78537, stack(0x00007f045c33b000,0x00007f045c43c000)]
  0x00007f0474160340 JavaThread "Service Thread" daemon [_thread_blocked, id=78538, stack(0x00007f045c23a000,0x00007f045c33b000)]
  0x00007f0474161880 JavaThread "Monitor Deflation Thread" daemon [_thread_blocked, id=78539, stack(0x00007f045c139000,0x00007f045c23a000)]
  0x00007f0474162e70 JavaThread "C1 CompilerThread0" daemon [_thread_blocked, id=78540, stack(0x00007f045c038000,0x00007f045c139000)]
  0x00007f04741643d0 JavaThread "Sweeper thread" daemon [_thread_blocked, id=78541, stack(0x00007f04476ff000,0x00007f0447800000)]
  0x00007f047420edf0 JavaThread "Common-Cleaner" daemon [_thread_blocked, id=78542, stack(0x00007f04475fe000,0x00007f04476ff000)]
  0x00007f04742529e0 JavaThread "Notification Thread" daemon [_thread_blocked, id=78543, stack(0x00007f04474fd000,0x00007f04475fe000)]
  0x00007f047462c780 JavaThread "RMI TCP Accept-0" daemon [_thread_in_native, id=78544, stack(0x00007f0446a68000,0x00007f0446b69000)]
  0x00007f0474633a20 JavaThread "RMI TCP Accept-42549" daemon [_thread_in_native, id=78545, stack(0x00007f0446967000,0x00007f0446a68000)]
  0x00007f0474668b90 JavaThread "RMI TCP Accept-0" daemon [_thread_in_native, id=78548, stack(0x00007f0446866000,0x00007f0446967000)]
  0x00007f0424000fd0 JavaThread "Attach Listener" daemon [_thread_blocked, id=78555, stack(0x00007f0446159000,0x00007f044625a000)]
  0x00007f03d400ee50 JavaThread "RMI Scheduler(0)" daemon [_thread_blocked, id=78559, stack(0x00007f0445d55000,0x00007f0445e56000)]
  0x00007f04040023e0 JavaThread "RMI TCP Connection(23)-127.0.0.1" daemon [_thread_in_native, id=78562, stack(0x00007f0445c54000,0x00007f0445d55000)]
  0x00007f03cc00d190 JavaThread "JMX server connection timeout 24" daemon [_thread_blocked, id=78563, stack(0x00007f04452ff000,0x00007f0445400000)]
  0x00007f03e0657b40 JavaThread "mysql-cj-abandoned-connection-cleanup" daemon [_thread_blocked, id=78570, stack(0x00007f04445fe000,0x00007f04446ff000)]
  0x00007f03e0e18970 JavaThread "Live Reload Server" daemon [_thread_in_native, id=78576, stack(0x00007f04440f9000,0x00007f04441fa000)]
  0x00007f0474024ed0 JavaThread "DestroyJavaVM" [_thread_blocked, id=78528, stack(0x00007f04789c7000,0x00007f0478ac8000)]
  0x00007f03e0e16a80 JavaThread "Catalina-utility-1" [_thread_blocked, id=79918, stack(0x00007f04444fd000,0x00007f04445fe000)]
  0x00007f03e0e245b0 JavaThread "Catalina-utility-2" [_thread_blocked, id=79919, stack(0x00007f04451fe000,0x00007f04452ff000)]
  0x00007f03e0604d70 JavaThread "container-0" [_thread_blocked, id=79920, stack(0x00007f04446ff000,0x00007f0444800000)]
  0x00007f03e0c5a0f0 JavaThread "HikariPool-2 housekeeper" daemon [_thread_blocked, id=79921, stack(0x00007f0445f57000,0x00007f0446058000)]
  0x00007f03d401a060 JavaThread "HikariPool-2 connection adder" daemon [_thread_blocked, id=79922, stack(0x00007f0428afb000,0x00007f0428bfc000)]
  0x00007f03e0e5ae50 JavaThread "File Watcher" daemon [_thread_blocked, id=79923, stack(0x00007f042a8ce000,0x00007f042a9cf000)]
  0x00007f03e0e5e600 JavaThread "http-nio-8080-Poller" daemon [_thread_in_native, id=79924, stack(0x00007f0446058000,0x00007f0446159000)]
  0x00007f03e0e5eea0 JavaThread "http-nio-8080-Acceptor" daemon [_thread_in_native, id=79925, stack(0x00007f0445e56000,0x00007f0445f57000)]
  0x00007f04080017f0 JavaThread "RMI TCP Connection(24)-127.0.0.1" daemon [_thread_in_native, id=79926, stack(0x00007f04289fa000,0x00007f0428afb000)]
  0x00007f0404006a80 JavaThread "RMI TCP Connection(25)-127.0.0.1" daemon [_thread_in_native, id=79927, stack(0x00007f04450fd000,0x00007f04451fe000)]
  0x00007f0404007ff0 JavaThread "RMI TCP Connection(26)-127.0.0.1" daemon [_thread_in_native, id=79929, stack(0x00007f0428eff000,0x00007f0429000000)]
=>0x00007f03e8001520 JavaThread "http-nio-8080-exec-1" daemon [_thread_in_Java, id=79934, stack(0x00007f0428bfc000,0x00007f0428cfd000)]

Other Threads:
  0x00007f0474110f40 VMThread "VM Thread" [stack: 0x00007f045c640000,0x00007f045c740000] [id=78534]
  0x00007f0474116400 WatcherThread [stack: 0x00007f0446766000,0x00007f0446866000] [id=78549]
  0x00007f0474053e40 GCTaskThread "GC Thread#0" [stack: 0x00007f045f02a000,0x00007f045f12a000] [id=78529]
  0x00007f0440004610 GCTaskThread "GC Thread#1" [stack: 0x00007f0446664000,0x00007f0446764000] [id=78550]
  0x00007f0440006da0 GCTaskThread "GC Thread#2" [stack: 0x00007f0446562000,0x00007f0446662000] [id=78551]
  0x00007f0440005aa0 GCTaskThread "GC Thread#3" [stack: 0x00007f0446460000,0x00007f0446560000] [id=78552]
  0x00007f047405ce90 ConcurrentGCThread "G1 Main Marker" [stack: 0x00007f045ef28000,0x00007f045f028000] [id=78530]
  0x00007f047405df20 ConcurrentGCThread "G1 Conc#0" [stack: 0x00007f045ee26000,0x00007f045ef26000] [id=78531]
  0x00007f0474099c40 ConcurrentGCThread "G1 Refine#0" [stack: 0x00007f045c920000,0x00007f045ca20000] [id=78532]
  0x00007f0448000e90 ConcurrentGCThread "G1 Refine#1" [stack: 0x00007f044635e000,0x00007f044645e000] [id=78553]
  0x00007f03f0000e90 ConcurrentGCThread "G1 Refine#2" [stack: 0x00007f044625c000,0x00007f044635c000] [id=78554]
  0x00007f047409ac60 ConcurrentGCThread "G1 Service" [stack: 0x00007f045c81e000,0x00007f045c91e000] [id=78533]

Threads with active compile tasks:

VM state: not at safepoint (normal execution)

VM Mutex/Monitor currently owned by a thread: None

Heap address: 0x00000000c3800000, size: 968 MB, Compressed Oops mode: 32-bit

CDS disabled.
Compressed class space mapped at: 0x0000000100000000-0x0000000140000000, reserved size: 1073741824
Narrow klass base: 0x0000000000000000, Narrow klass shift: 3, Narrow klass range: 0x140000000

GC Precious Log:
 CPUs: 4 total, 4 available
 Memory: 3865M
 Large Page Support: Disabled
 NUMA Support: Disabled
 Compressed Oops: Enabled (32-bit)
 Heap Region Size: 1M
 Heap Min Capacity: 8M
 Heap Initial Capacity: 62M
 Heap Max Capacity: 968M
 Pre-touch: Disabled
 Parallel Workers: 4
 Concurrent Workers: 1
 Concurrent Refinement Workers: 4
 Periodic GC: Disabled

Heap:
 garbage-first heap   total 70656K, used 33682K [0x00000000c3800000, 0x0000000100000000)
  region size 1024K, 10 young (10240K), 3 survivors (3072K)
 Metaspace       used 66907K, committed 67456K, reserved 1114112K
  class space    used 8928K, committed 9216K, reserved 1048576K

Heap Regions: E=young(eden), S=young(survivor), O=old, HS=humongous(starts), HC=humongous(continues), CS=collection set, F=free, OA=open archive, CA=closed archive, TAMS=top-at-mark-start (previous, next)
|   0|0x00000000c3800000, 0x00000000c3900000, 0x00000000c3900000|100%|HS|  |TAMS 0x00000000c3900000, 0x00000000c3800000| Untracked 
|   1|0x00000000c3900000, 0x00000000c39ffff8, 0x00000000c3a00000| 99%| O|  |TAMS 0x00000000c3900000, 0x00000000c3900000| Untracked 
|   2|0x00000000c3a00000, 0x00000000c3aff608, 0x00000000c3b00000| 99%| O|  |TAMS 0x00000000c3a00000, 0x00000000c3a00000| Untracked 
|   3|0x00000000c3b00000, 0x00000000c3c00000, 0x00000000c3c00000|100%| O|  |TAMS 0x00000000c3b00000, 0x00000000c3b00000| Untracked 
|   4|0x00000000c3c00000, 0x00000000c3cfffe8, 0x00000000c3d00000| 99%| O|  |TAMS 0x00000000c3c00000, 0x00000000c3c00000| Untracked 
|   5|0x00000000c3d00000, 0x00000000c3dffff8, 0x00000000c3e00000| 99%| O|  |TAMS 0x00000000c3d00000, 0x00000000c3d00000| Untracked 
|   6|0x00000000c3e00000, 0x00000000c3effff0, 0x00000000c3f00000| 99%| O|  |TAMS 0x00000000c3e00000, 0x00000000c3e00000| Untracked 
|   7|0x00000000c3f00000, 0x00000000c4000000, 0x00000000c4000000|100%| O|  |TAMS 0x00000000c3f00000, 0x00000000c3f00000| Untracked 
|   8|0x00000000c4000000, 0x00000000c40ffff8, 0x00000000c4100000| 99%| O|  |TAMS 0x00000000c4000000, 0x00000000c4000000| Untracked 
|   9|0x00000000c4100000, 0x00000000c41fffe8, 0x00000000c4200000| 99%| O|  |TAMS 0x00000000c4100000, 0x00000000c4100000| Untracked 
|  10|0x00000000c4200000, 0x00000000c421fe48, 0x00000000c4300000| 12%| O|  |TAMS 0x00000000c4200000, 0x00000000c4200000| Untracked 
|  11|0x00000000c4300000, 0x00000000c4387a98, 0x00000000c4400000| 52%| O|  |TAMS 0x00000000c4300000, 0x00000000c4300000| Untracked 
|  12|0x00000000c4400000, 0x00000000c44fffd0, 0x00000000c4500000| 99%| O|  |TAMS 0x00000000c4400000, 0x00000000c4400000| Untracked 
|  13|0x00000000c4500000, 0x00000000c45ffff0, 0x00000000c4600000| 99%| O|  |TAMS 0x00000000c4500000, 0x00000000c4500000| Untracked 
|  14|0x00000000c4600000, 0x00000000c46ffff8, 0x00000000c4700000| 99%| O|  |TAMS 0x00000000c4600000, 0x00000000c4600000| Untracked 
|  15|0x00000000c4700000, 0x00000000c47ffff0, 0x00000000c4800000| 99%| O|  |TAMS 0x00000000c4700000, 0x00000000c4700000| Untracked 
|  16|0x00000000c4800000, 0x00000000c4900000, 0x00000000c4900000|100%| O|  |TAMS 0x00000000c4800000, 0x00000000c4800000| Untracked 
|  17|0x00000000c4900000, 0x00000000c4a00000, 0x00000000c4a00000|100%| O|  |TAMS 0x00000000c4900000, 0x00000000c4900000| Untracked 
|  18|0x00000000c4a00000, 0x00000000c4b00000, 0x00000000c4b00000|100%| O|  |TAMS 0x00000000c4a00000, 0x00000000c4a00000| Untracked 
|  19|0x00000000c4b00000, 0x00000000c4bfffc0, 0x00000000c4c00000| 99%| O|  |TAMS 0x00000000c4b00000, 0x00000000c4b00000| Untracked 
|  20|0x00000000c4c00000, 0x00000000c4cffe58, 0x00000000c4d00000| 99%| O|  |TAMS 0x00000000c4c00000, 0x00000000c4c00000| Untracked 
|  21|0x00000000c4d00000, 0x00000000c4dfffa8, 0x00000000c4e00000| 99%| O|  |TAMS 0x00000000c4d00000, 0x00000000c4d00000| Untracked 
|  22|0x00000000c4e00000, 0x00000000c4effff0, 0x00000000c4f00000| 99%| O|  |TAMS 0x00000000c4e00000, 0x00000000c4e00000| Untracked 
|  23|0x00000000c4f00000, 0x00000000c4f77c60, 0x00000000c5000000| 46%| O|  |TAMS 0x00000000c4f00000, 0x00000000c4f00000| Untracked 
|  24|0x00000000c5000000, 0x00000000c5100000, 0x00000000c5100000|100%| O|  |TAMS 0x00000000c5000000, 0x00000000c5000000| Untracked 
|  25|0x00000000c5100000, 0x00000000c5200000, 0x00000000c5200000|100%| O|  |TAMS 0x00000000c5100000, 0x00000000c5100000| Untracked 
|  26|0x00000000c5200000, 0x00000000c5244000, 0x00000000c5300000| 26%| O|  |TAMS 0x00000000c5200000, 0x00000000c5200000| Untracked 
|  27|0x00000000c5300000, 0x00000000c5300000, 0x00000000c5400000|  0%| F|  |TAMS 0x00000000c5300000, 0x00000000c5300000| Untracked 
|  28|0x00000000c5400000, 0x00000000c5400000, 0x00000000c5500000|  0%| F|  |TAMS 0x00000000c5400000, 0x00000000c5400000| Untracked 
|  29|0x00000000c5500000, 0x00000000c5500000, 0x00000000c5600000|  0%| F|  |TAMS 0x00000000c5500000, 0x00000000c5500000| Untracked 
|  30|0x00000000c5600000, 0x00000000c5600000, 0x00000000c5700000|  0%| F|  |TAMS 0x00000000c5600000, 0x00000000c5600000| Untracked 
|  31|0x00000000c5700000, 0x00000000c5700000, 0x00000000c5800000|  0%| F|  |TAMS 0x00000000c5700000, 0x00000000c5700000| Untracked 
|  32|0x00000000c5800000, 0x00000000c5800000, 0x00000000c5900000|  0%| F|  |TAMS 0x00000000c5800000, 0x00000000c5800000| Untracked 
|  33|0x00000000c5900000, 0x00000000c5900000, 0x00000000c5a00000|  0%| F|  |TAMS 0x00000000c5900000, 0x00000000c5900000| Untracked 
|  34|0x00000000c5a00000, 0x00000000c5a00000, 0x00000000c5b00000|  0%| F|  |TAMS 0x00000000c5a00000, 0x00000000c5a00000| Untracked 
|  35|0x00000000c5b00000, 0x00000000c5b00000, 0x00000000c5c00000|  0%| F|  |TAMS 0x00000000c5b00000, 0x00000000c5b00000| Untracked 
|  36|0x00000000c5c00000, 0x00000000c5c00000, 0x00000000c5d00000|  0%| F|  |TAMS 0x00000000c5c00000, 0x00000000c5c00000| Untracked 
|  37|0x00000000c5d00000, 0x00000000c5d00000, 0x00000000c5e00000|  0%| F|  |TAMS 0x00000000c5d00000, 0x00000000c5d00000| Untracked 
|  38|0x00000000c5e00000, 0x00000000c5e82140, 0x00000000c5f00000| 50%| S|CS|TAMS 0x00000000c5e00000, 0x00000000c5e00000| Complete 
|  39|0x00000000c5f00000, 0x00000000c6000000, 0x00000000c6000000|100%| S|CS|TAMS 0x00000000c5f00000, 0x00000000c5f00000| Complete 
|  40|0x00000000c6000000, 0x00000000c6100000, 0x00000000c6100000|100%| S|CS|TAMS 0x00000000c6000000, 0x00000000c6000000| Complete 
|  41|0x00000000c6100000, 0x00000000c6100000, 0x00000000c6200000|  0%| F|  |TAMS 0x00000000c6100000, 0x00000000c6100000| Untracked 
|  42|0x00000000c6200000, 0x00000000c6200000, 0x00000000c6300000|  0%| F|  |TAMS 0x00000000c6200000, 0x00000000c6200000| Untracked 
|  43|0x00000000c6300000, 0x00000000c6300000, 0x00000000c6400000|  0%| F|  |TAMS 0x00000000c6300000, 0x00000000c6300000| Untracked 
|  44|0x00000000c6400000, 0x00000000c6400000, 0x00000000c6500000|  0%| F|  |TAMS 0x00000000c6400000, 0x00000000c6400000| Untracked 
|  45|0x00000000c6500000, 0x00000000c6500000, 0x00000000c6600000|  0%| F|  |TAMS 0x00000000c6500000, 0x00000000c6500000| Untracked 
|  46|0x00000000c6600000, 0x00000000c6600000, 0x00000000c6700000|  0%| F|  |TAMS 0x00000000c6600000, 0x00000000c6600000| Untracked 
|  47|0x00000000c6700000, 0x00000000c6700000, 0x00000000c6800000|  0%| F|  |TAMS 0x00000000c6700000, 0x00000000c6700000| Untracked 
|  48|0x00000000c6800000, 0x00000000c6800000, 0x00000000c6900000|  0%| F|  |TAMS 0x00000000c6800000, 0x00000000c6800000| Untracked 
|  49|0x00000000c6900000, 0x00000000c6900000, 0x00000000c6a00000|  0%| F|  |TAMS 0x00000000c6900000, 0x00000000c6900000| Untracked 
|  50|0x00000000c6a00000, 0x00000000c6a00000, 0x00000000c6b00000|  0%| F|  |TAMS 0x00000000c6a00000, 0x00000000c6a00000| Untracked 
|  51|0x00000000c6b00000, 0x00000000c6b00000, 0x00000000c6c00000|  0%| F|  |TAMS 0x00000000c6b00000, 0x00000000c6b00000| Untracked 
|  52|0x00000000c6c00000, 0x00000000c6c00000, 0x00000000c6d00000|  0%| F|  |TAMS 0x00000000c6c00000, 0x00000000c6c00000| Untracked 
|  53|0x00000000c6d00000, 0x00000000c6d00000, 0x00000000c6e00000|  0%| F|  |TAMS 0x00000000c6d00000, 0x00000000c6d00000| Untracked 
|  54|0x00000000c6e00000, 0x00000000c6e00000, 0x00000000c6f00000|  0%| F|  |TAMS 0x00000000c6e00000, 0x00000000c6e00000| Untracked 
|  55|0x00000000c6f00000, 0x00000000c6f00000, 0x00000000c7000000|  0%| F|  |TAMS 0x00000000c6f00000, 0x00000000c6f00000| Untracked 
|  56|0x00000000c7000000, 0x00000000c7000000, 0x00000000c7100000|  0%| F|  |TAMS 0x00000000c7000000, 0x00000000c7000000| Untracked 
|  57|0x00000000c7100000, 0x00000000c7100000, 0x00000000c7200000|  0%| F|  |TAMS 0x00000000c7100000, 0x00000000c7100000| Untracked 
|  58|0x00000000c7200000, 0x00000000c7200000, 0x00000000c7300000|  0%| F|  |TAMS 0x00000000c7200000, 0x00000000c7200000| Untracked 
|  59|0x00000000c7300000, 0x00000000c7300000, 0x00000000c7400000|  0%| F|  |TAMS 0x00000000c7300000, 0x00000000c7300000| Untracked 
|  60|0x00000000c7400000, 0x00000000c7400000, 0x00000000c7500000|  0%| F|  |TAMS 0x00000000c7400000, 0x00000000c7400000| Untracked 
|  61|0x00000000c7500000, 0x00000000c7500000, 0x00000000c7600000|  0%| F|  |TAMS 0x00000000c7500000, 0x00000000c7500000| Untracked 
|  62|0x00000000c7600000, 0x00000000c76feb38, 0x00000000c7700000| 99%| E|  |TAMS 0x00000000c7600000, 0x00000000c7600000| Complete 
|  86|0x00000000c8e00000, 0x00000000c8f00000, 0x00000000c8f00000|100%| E|CS|TAMS 0x00000000c8e00000, 0x00000000c8e00000| Complete 
|  87|0x00000000c8f00000, 0x00000000c9000000, 0x00000000c9000000|100%| E|CS|TAMS 0x00000000c8f00000, 0x00000000c8f00000| Complete 
|  88|0x00000000c9000000, 0x00000000c9100000, 0x00000000c9100000|100%| E|CS|TAMS 0x00000000c9000000, 0x00000000c9000000| Complete 
|  89|0x00000000c9100000, 0x00000000c9200000, 0x00000000c9200000|100%| E|CS|TAMS 0x00000000c9100000, 0x00000000c9100000| Complete 
|  90|0x00000000c9200000, 0x00000000c9300000, 0x00000000c9300000|100%| E|CS|TAMS 0x00000000c9200000, 0x00000000c9200000| Complete 
| 119|0x00000000caf00000, 0x00000000cb000000, 0x00000000cb000000|100%| E|CS|TAMS 0x00000000caf00000, 0x00000000caf00000| Complete 

Card table byte_map: [0x00007f046114e000,0x00007f0461332000] _byte_map_base: 0x00007f0460b32000

Marking Bits (Prev, Next): (CMBitMap*) 0x00007f04740549f0, (CMBitMap*) 0x00007f0474054a30
 Prev Bits: [0x00007f046004a000, 0x00007f0460f6a000)
 Next Bits: [0x00007f045f12a000, 0x00007f046004a000)

Polling page: 0x00007f047a096000

Metaspace:

Usage:
  Non-class:     56,62 MB used.
      Class:      8,72 MB used.
       Both:     65,34 MB used.

Virtual space:
  Non-class space:       64,00 MB reserved,      56,88 MB ( 89%) committed,  8 nodes.
      Class space:        1,00 GB reserved,       9,00 MB ( <1%) committed,  1 nodes.
              Both:        1,06 GB reserved,      65,88 MB (  6%) committed. 

Chunk freelists:
   Non-Class:  3,11 MB
       Class:  3,03 MB
        Both:  6,14 MB

MaxMetaspaceSize: 17179869184,00 GB
CompressedClassSpaceSize: 1,00 GB
 - commit_granule_bytes: 65536.
 - commit_granule_words: 8192.
 - virtual_space_node_default_size: 1048576.
 - enlarge_chunks_in_place: 1.
 - new_chunks_are_fully_committed: 0.
 - uncommit_free_chunks: 1.
 - use_allocation_guard: 0.
 - handle_deallocations: 1.


Internal statistics:

num_allocs_failed_limit: 9.
num_arena_births: 598.
num_arena_deaths: 0.
num_vsnodes_births: 9.
num_vsnodes_deaths: 0.
num_space_committed: 1054.
num_space_uncommitted: 0.
num_chunks_returned_to_freelist: 9.
num_chunks_taken_from_freelist: 2737.
num_chunk_merges: 9.
num_chunk_splits: 1952.
num_chunks_enlarged: 1497.
num_purges: 2.

CodeHeap 'non-profiled nmethods': size=238948Kb used=9084Kb max_used=9084Kb free=229863Kb
 bounds [0x00007f0462194000, 0x00007f0462a74000, 0x00007f0470aed000]
CodeHeap 'non-nmethods': size=6812Kb used=1294Kb max_used=1294Kb free=5517Kb
 bounds [0x00007f0461aed000, 0x00007f0461d5d000, 0x00007f0462194000]
 total_blobs=6344 nmethods=5719 adapters=553
 compilation: enabled
              stopped_count=0, restarted_count=0
 full_count=0

Compilation events (20 events):
Event: 993,150 Thread 0x00007f0474162e70 5716       1       java.security.PermissionCollection::<init> (5 bytes)
Event: 993,150 Thread 0x00007f0474162e70 nmethod 5716 0x00007f0462a6ee10 code [0x00007f0462a6efa0, 0x00007f0462a6f050]
Event: 993,150 Thread 0x00007f0474162e70 5717       1       java.security.CodeSource::<init> (52 bytes)
Event: 993,150 Thread 0x00007f0474162e70 nmethod 5717 0x00007f0462a6f110 code [0x00007f0462a6f2e0, 0x00007f0462a6f5f0]
Event: 993,150 Thread 0x00007f0474162e70 5718       1       java.io.ObjectOutputStream::writeLong (9 bytes)
Event: 993,151 Thread 0x00007f0474162e70 nmethod 5718 0x00007f0462a6f690 code [0x00007f0462a6f840, 0x00007f0462a6f920]
Event: 993,157 Thread 0x00007f0474162e70 5719       1       sun.rmi.runtime.Log$LoggerLog::log (45 bytes)
Event: 993,157 Thread 0x00007f0474162e70 nmethod 5719 0x00007f0462a6fa10 code [0x00007f0462a6fc20, 0x00007f0462a70010]
Event: 993,160 Thread 0x00007f0474162e70 5720       1       java.io.ObjectOutputStream::writeShort (9 bytes)
Event: 993,160 Thread 0x00007f0474162e70 nmethod 5720 0x00007f0462a70310 code [0x00007f0462a704c0, 0x00007f0462a705a0]
Event: 994,279 Thread 0x00007f0474162e70 5721       1       org.apache.tomcat.util.buf.CharChunk::getBuffer (5 bytes)
Event: 994,280 Thread 0x00007f0474162e70 nmethod 5721 0x00007f0462a70690 code [0x00007f0462a70820, 0x00007f0462a708f0]
Event: 994,281 Thread 0x00007f0474162e70 5722   !   1       org.apache.catalina.connector.Request::notifyAttributeAssigned (224 bytes)
Event: 994,282 Thread 0x00007f0474162e70 nmethod 5722 0x00007f0462a70990 code [0x00007f0462a70c40, 0x00007f0462a715d0]
Event: 994,282 Thread 0x00007f0474162e70 5724       1       org.springframework.core.annotation.AnnotationTypeMapping::processAliases (199 bytes)
Event: 994,283 Thread 0x00007f0474162e70 nmethod 5724 0x00007f0462a71c90 code [0x00007f0462a71ea0, 0x00007f0462a72350]
Event: 994,283 Thread 0x00007f0474162e70 5723       1       org.apache.catalina.connector.RequestFacade::setAttribute (33 bytes)
Event: 994,283 Thread 0x00007f0474162e70 nmethod 5723 0x00007f0462a72810 code [0x00007f0462a729e0, 0x00007f0462a72ba0]
Event: 994,283 Thread 0x00007f0474162e70 5725   !   1       jdk.proxy1.$Proxy5::annotationType (29 bytes)
Event: 994,283 Thread 0x00007f0474162e70 nmethod 5725 0x00007f0462a72c90 code [0x00007f0462a72e40, 0x00007f0462a73070]

GC Heap History (20 events):
Event: 3,373 GC heap before
{Heap before GC invocations=12 (full 0):
 garbage-first heap   total 58368K, used 45406K [0x00000000c3800000, 0x0000000100000000)
  region size 1024K, 35 young (35840K), 5 survivors (5120K)
 Metaspace       used 42021K, committed 42368K, reserved 1089536K
  class space    used 5213K, committed 5376K, reserved 1048576K
}
Event: 3,380 GC heap after
{Heap after GC invocations=13 (full 0):
 garbage-first heap   total 58368K, used 17428K [0x00000000c3800000, 0x0000000100000000)
  region size 1024K, 3 young (3072K), 3 survivors (3072K)
 Metaspace       used 42021K, committed 42368K, reserved 1089536K
  class space    used 5213K, committed 5376K, reserved 1048576K
}
Event: 3,762 GC heap before
{Heap before GC invocations=13 (full 0):
 garbage-first heap   total 58368K, used 44052K [0x00000000c3800000, 0x0000000100000000)
  region size 1024K, 30 young (30720K), 3 survivors (3072K)
 Metaspace       used 48984K, committed 49408K, reserved 1097728K
  class space    used 6354K, committed 6528K, reserved 1048576K
}
Event: 3,766 GC heap after
{Heap after GC invocations=14 (full 0):
 garbage-first heap   total 58368K, used 18681K [0x00000000c3800000, 0x0000000100000000)
  region size 1024K, 4 young (4096K), 4 survivors (4096K)
 Metaspace       used 48984K, committed 49408K, reserved 1097728K
  class space    used 6354K, committed 6528K, reserved 1048576K
}
Event: 4,130 GC heap before
{Heap before GC invocations=14 (full 0):
 garbage-first heap   total 58368K, used 45305K [0x00000000c3800000, 0x0000000100000000)
  region size 1024K, 30 young (30720K), 4 survivors (4096K)
 Metaspace       used 54644K, committed 55040K, reserved 1097728K
  class space    used 7249K, committed 7424K, reserved 1048576K
}
Event: 4,135 GC heap after
{Heap after GC invocations=15 (full 0):
 garbage-first heap   total 58368K, used 20125K [0x00000000c3800000, 0x0000000100000000)
  region size 1024K, 3 young (3072K), 3 survivors (3072K)
 Metaspace       used 54644K, committed 55040K, reserved 1097728K
  class space    used 7249K, committed 7424K, reserved 1048576K
}
Event: 4,418 GC heap before
{Heap before GC invocations=15 (full 0):
 garbage-first heap   total 58368K, used 44701K [0x00000000c3800000, 0x0000000100000000)
  region size 1024K, 28 young (28672K), 3 survivors (3072K)
 Metaspace       used 57894K, committed 58240K, reserved 1105920K
  class space    used 7712K, committed 7872K, reserved 1048576K
}
Event: 4,424 GC heap after
{Heap after GC invocations=16 (full 0):
 garbage-first heap   total 58368K, used 21754K [0x00000000c3800000, 0x0000000100000000)
  region size 1024K, 4 young (4096K), 4 survivors (4096K)
 Metaspace       used 57894K, committed 58240K, reserved 1105920K
  class space    used 7712K, committed 7872K, reserved 1048576K
}
Event: 4,656 GC heap before
{Heap before GC invocations=16 (full 0):
 garbage-first heap   total 58368K, used 38138K [0x00000000c3800000, 0x0000000100000000)
  region size 1024K, 22 young (22528K), 4 survivors (4096K)
 Metaspace       used 60065K, committed 60416K, reserved 1105920K
  class space    used 8030K, committed 8192K, reserved 1048576K
}
Event: 4,662 GC heap after
{Heap after GC invocations=17 (full 0):
 garbage-first heap   total 70656K, used 23644K [0x00000000c3800000, 0x0000000100000000)
  region size 1024K, 4 young (4096K), 4 survivors (4096K)
 Metaspace       used 60065K, committed 60416K, reserved 1105920K
  class space    used 8030K, committed 8192K, reserved 1048576K
}
Event: 7,042 GC heap before
{Heap before GC invocations=18 (full 0):
 garbage-first heap   total 70656K, used 53340K [0x00000000c3800000, 0x0000000100000000)
  region size 1024K, 34 young (34816K), 4 survivors (4096K)
 Metaspace       used 64694K, committed 65152K, reserved 1105920K
  class space    used 8649K, committed 8896K, reserved 1048576K
}
Event: 7,050 GC heap after
{Heap after GC invocations=19 (full 0):
 garbage-first heap   total 70656K, used 26439K [0x00000000c3800000, 0x0000000100000000)
  region size 1024K, 5 young (5120K), 5 survivors (5120K)
 Metaspace       used 64694K, committed 65152K, reserved 1105920K
  class space    used 8649K, committed 8896K, reserved 1048576K
}
Event: 777,729 GC heap before
{Heap before GC invocations=19 (full 0):
 garbage-first heap   total 70656K, used 54087K [0x00000000c3800000, 0x0000000100000000)
  region size 1024K, 32 young (32768K), 5 survivors (5120K)
 Metaspace       used 66049K, committed 66432K, reserved 1114112K
  class space    used 8817K, committed 9024K, reserved 1048576K
}
Event: 777,868 GC heap after
{Heap after GC invocations=20 (full 0):
 garbage-first heap   total 70656K, used 27026K [0x00000000c3800000, 0x0000000100000000)
  region size 1024K, 1 young (1024K), 1 survivors (1024K)
 Metaspace       used 66049K, committed 66432K, reserved 1114112K
  class space    used 8817K, committed 9024K, reserved 1048576K
}
Event: 990,431 GC heap before
{Heap before GC invocations=20 (full 0):
 garbage-first heap   total 70656K, used 37266K [0x00000000c3800000, 0x0000000100000000)
  region size 1024K, 12 young (12288K), 1 survivors (1024K)
 Metaspace       used 66628K, committed 67136K, reserved 1114112K
  class space    used 8898K, committed 9152K, reserved 1048576K
}
Event: 991,358 GC heap after
{Heap after GC invocations=21 (full 1):
 garbage-first heap   total 70656K, used 22650K [0x00000000c3800000, 0x0000000100000000)
  region size 1024K, 0 young (0K), 0 survivors (0K)
 Metaspace       used 66628K, committed 67136K, reserved 1114112K
  class space    used 8898K, committed 9152K, reserved 1048576K
}
Event: 992,745 GC heap before
{Heap before GC invocations=21 (full 1):
 garbage-first heap   total 70656K, used 53370K [0x00000000c3800000, 0x0000000100000000)
  region size 1024K, 31 young (31744K), 0 survivors (0K)
 Metaspace       used 66682K, committed 67264K, reserved 1114112K
  class space    used 8908K, committed 9216K, reserved 1048576K
}
Event: 992,772 GC heap after
{Heap after GC invocations=22 (full 1):
 garbage-first heap   total 70656K, used 25141K [0x00000000c3800000, 0x0000000100000000)
  region size 1024K, 3 young (3072K), 3 survivors (3072K)
 Metaspace       used 66682K, committed 67264K, reserved 1114112K
  class space    used 8908K, committed 9216K, reserved 1048576K
}
Event: 993,073 GC heap before
{Heap before GC invocations=22 (full 1):
 garbage-first heap   total 70656K, used 53813K [0x00000000c3800000, 0x0000000100000000)
  region size 1024K, 31 young (31744K), 3 survivors (3072K)
 Metaspace       used 66877K, committed 67456K, reserved 1114112K
  class space    used 8924K, committed 9216K, reserved 1048576K
}
Event: 993,081 GC heap after
{Heap after GC invocations=23 (full 1):
 garbage-first heap   total 70656K, used 27538K [0x00000000c3800000, 0x0000000100000000)
  region size 1024K, 3 young (3072K), 3 survivors (3072K)
 Metaspace       used 66877K, committed 67456K, reserved 1114112K
  class space    used 8924K, committed 9216K, reserved 1048576K
}

Deoptimization events (8 events):
Event: 2,302 Thread 0x00007f03dc006b90 DEOPT PACKING pc=0x00007f04624a986c sp=0x00007f0446054a50
Event: 2,302 Thread 0x00007f03dc006b90 DEOPT UNPACKING pc=0x00007f0461b3abba sp=0x00007f0446053fc8 mode 0
Event: 3,288 Thread 0x00007f03dc006b90 DEOPT PACKING pc=0x00007f04623799f9 sp=0x00007f0446054270
Event: 3,288 Thread 0x00007f03dc006b90 DEOPT UNPACKING pc=0x00007f0461b3abba sp=0x00007f0446053720 mode 3
Event: 4,395 Thread 0x00007f03dc006b90 DEOPT PACKING pc=0x00007f046245bb70 sp=0x00007f0446054ca0
Event: 4,395 Thread 0x00007f03dc006b90 DEOPT UNPACKING pc=0x00007f0461b3abba sp=0x00007f04460541d8 mode 3
Event: 4,575 Thread 0x00007f03dc006b90 DEOPT PACKING pc=0x00007f0462439e3a sp=0x00007f0446054c70
Event: 4,575 Thread 0x00007f03dc006b90 DEOPT UNPACKING pc=0x00007f0461b3abba sp=0x00007f04460541d8 mode 3

Classes unloaded (0 events):
No events

Classes redefined (0 events):
No events

Internal exceptions (20 events):
Event: 4,755 Thread 0x00007f03dc006b90 Exception <a 'java/lang/NoSuchMethodError'{0x00000000c733ba58}: 'java.lang.Object java.lang.invoke.DirectMethodHandle$Holder.invokeSpecial(java.lang.Object, java.lang.Object, java.lang.Object, int, java.lang.Object, int)'> (0x00000000c733ba58) 
thrown [open/src/hotspot/share/interpreter/linkResolver.cpp, line 789]
Event: 4,756 Thread 0x00007f03dc006b90 Exception <a 'java/lang/NoSuchMethodError'{0x00000000c7346080}: 'void java.lang.invoke.DirectMethodHandle$Holder.invokeVirtual(java.lang.Object, java.lang.Object)'> (0x00000000c7346080) 
thrown [open/src/hotspot/share/interpreter/linkResolver.cpp, line 789]
Event: 6,927 Thread 0x00007f03fc002b40 Exception <a 'java/lang/NoSuchMethodError'{0x00000000c66aefe0}: 'java.lang.Object java.lang.invoke.DirectMethodHandle$Holder.invokeInterface(java.lang.Object, java.lang.Object, java.lang.Object, java.lang.Object)'> (0x00000000c66aefe0) 
thrown [open/src/hotspot/share/interpreter/linkResolver.cpp, line 789]
Event: 906,792 Thread 0x00007f03fc0090e0 Exception <a 'java/lang/NoClassDefFoundError'{0x00000000c8fc0b60}: sun/reflect/Reflection> (0x00000000c8fc0b60) 
thrown [open/src/hotspot/share/classfile/systemDictionary.cpp, line 245]
Event: 989,935 Thread 0x00007f03e0605e80 Exception <a 'java/lang/InterruptedException'{0x00000000c733bde8}: sleep interrupted> (0x00000000c733bde8) 
thrown [open/src/hotspot/share/prims/jvm.cpp, line 3305]
Event: 990,174 Thread 0x00007f03f800fca0 Exception <a 'java/lang/NoSuchMethodError'{0x00000000c72373e8}: 'java.lang.Object java.lang.invoke.DirectMethodHandle$Holder.invokeStatic(java.lang.Object, int, java.lang.Object)'> (0x00000000c72373e8) 
thrown [open/src/hotspot/share/interpreter/linkResolver.cpp, line 789]
Event: 991,622 Thread 0x00007f03cc1a0050 Exception <a 'java/io/FileNotFoundException'{0x00000000cafb42a0}> (0x00000000cafb42a0) 
thrown [open/src/hotspot/share/prims/jni.cpp, line 579]
Event: 992,479 Thread 0x00007f03cc1a0050 Exception <a 'java/lang/NoClassDefFoundError'{0x00000000c6582808}: org/flywaydb/core/Flyway> (0x00000000c6582808) 
thrown [open/src/hotspot/share/oops/constantPool.cpp, line 809]
Event: 992,479 Thread 0x00007f03cc1a0050 Exception <a 'java/lang/NoClassDefFoundError'{0x00000000c6582b30}: liquibase/integration/spring/SpringLiquibase> (0x00000000c6582b30) 
thrown [open/src/hotspot/share/oops/constantPool.cpp, line 809]
Event: 992,484 Thread 0x00007f03cc1a0050 Exception <a 'java/lang/NoClassDefFoundError'{0x00000000c65e2970}: org/jooq/DSLContext> (0x00000000c65e2970) 
thrown [open/src/hotspot/share/oops/constantPool.cpp, line 809]
Event: 992,485 Thread 0x00007f03cc1a0050 Exception <a 'java/lang/NoClassDefFoundError'{0x00000000c65edfa0}: org/springframework/batch/core/repository/JobRepository> (0x00000000c65edfa0) 
thrown [open/src/hotspot/share/oops/constantPool.cpp, line 809]
Event: 992,485 Thread 0x00007f03cc1a0050 Exception <a 'java/lang/NoClassDefFoundError'{0x00000000c65ee2d8}: org/quartz/Scheduler> (0x00000000c65ee2d8) 
thrown [open/src/hotspot/share/oops/constantPool.cpp, line 809]
Event: 992,485 Thread 0x00007f03cc1a0050 Exception <a 'java/lang/NoClassDefFoundError'{0x00000000c65ee610}: org/springframework/session/jdbc/JdbcIndexedSessionRepository> (0x00000000c65ee610) 
thrown [open/src/hotspot/share/oops/constantPool.cpp, line 809]
Event: 992,573 Thread 0x00007f03cc1a0050 Exception <a 'java/io/FileNotFoundException'{0x00000000c61876f0}> (0x00000000c61876f0) 
thrown [open/src/hotspot/share/prims/jni.cpp, line 579]
Event: 992,664 Thread 0x00007f03cc1a0050 Exception <a 'java/io/FileNotFoundException'{0x00000000c5f18e68}> (0x00000000c5f18e68) 
thrown [open/src/hotspot/share/prims/jni.cpp, line 579]
Event: 992,911 Thread 0x00007f03cc1a0050 Exception <a 'java/lang/ClassNotFoundException'{0x00000000c7317a48}: java/lang/ObjectCustomizer> (0x00000000c7317a48) 
thrown [open/src/hotspot/share/classfile/systemDictionary.cpp, line 256]
Event: 992,912 Thread 0x00007f03cc1a0050 Exception <a 'java/lang/ClassNotFoundException'{0x00000000c73228d0}: com/ascii274/practica/models/BotigaCustomizer> (0x00000000c73228d0) 
thrown [open/src/hotspot/share/classfile/systemDictionary.cpp, line 256]
Event: 992,936 Thread 0x00007f03cc1a0050 Exception <a 'java/lang/ClassNotFoundException'{0x00000000c6f5dfd0}: java/lang/ObjectCustomizer> (0x00000000c6f5dfd0) 
thrown [open/src/hotspot/share/classfile/systemDictionary.cpp, line 256]
Event: 992,936 Thread 0x00007f03cc1a0050 Exception <a 'java/lang/ClassNotFoundException'{0x00000000c6f681a8}: com/ascii274/practica/models/QuadreCustomizer> (0x00000000c6f681a8) 
thrown [open/src/hotspot/share/classfile/systemDictionary.cpp, line 256]
Event: 992,964 Thread 0x00007f03cc1a0050 Exception <a 'java/lang/reflect/InvocationTargetException'{0x00000000c6b95358}> (0x00000000c6b95358) 
thrown [open/src/hotspot/share/runtime/reflection.cpp, line 1155]

Events (20 events):
Event: 993,119 Thread 0x00007f03cc1a0050 Thread exited: 0x00007f03cc1a0050
Event: 993,119 Thread 0x00007f03f800fca0 Thread exited: 0x00007f03f800fca0
Event: 993,139 Thread 0x00007f04080017f0 Thread added: 0x00007f04080017f0
Event: 993,139 Protecting memory [0x00007f04289fa000,0x00007f04289fe000] with protection modes 0
Event: 993,147 Thread 0x00007f0404006a80 Thread added: 0x00007f0404006a80
Event: 993,147 Protecting memory [0x00007f04450fd000,0x00007f0445101000] with protection modes 0
Event: 993,147 Thread 0x00007f03ec002eb0 Thread added: 0x00007f03ec002eb0
Event: 993,147 Protecting memory [0x00007f0428bfc000,0x00007f0428c00000] with protection modes 0
Event: 993,147 Thread 0x00007f0404007ff0 Thread added: 0x00007f0404007ff0
Event: 993,147 Protecting memory [0x00007f0428eff000,0x00007f0428f03000] with protection modes 0
Event: 993,150 Thread 0x00007f03ec0033f0 Thread added: 0x00007f03ec0033f0
Event: 993,150 Protecting memory [0x00007f04443fc000,0x00007f0444400000] with protection modes 0
Event: 993,157 loading class java/util/concurrent/locks/ReentrantReadWriteLock$Sync$HoldCounter
Event: 993,159 loading class java/util/concurrent/locks/ReentrantReadWriteLock$Sync$HoldCounter done
Event: 993,160 Thread 0x00007f03ec0033f0 Thread exited: 0x00007f03ec0033f0
Event: 994,082 Executing  VM operation: Cleanup
Event: 994,082 Executing  VM operation: Cleanup done
Event: 994,253 Thread 0x00007f03ec002eb0 Thread exited: 0x00007f03ec002eb0
Event: 994,278 Thread 0x00007f03e8001520 Thread added: 0x00007f03e8001520
Event: 994,278 Protecting memory [0x00007f0428bfc000,0x00007f0428c00000] with protection modes 0


Dynamic libraries:
c3800000-c7700000 rw-p 00000000 00:00 0 
c7700000-c8e00000 ---p 00000000 00:00 0 
c8e00000-c9300000 rw-p 00000000 00:00 0 
c9300000-caf00000 ---p 00000000 00:00 0 
caf00000-cb000000 rw-p 00000000 00:00 0 
cb000000-100000000 ---p 00000000 00:00 0 
100000000-100020000 rw-p 00000000 00:00 0 
100020000-100040000 rw-p 00000000 00:00 0 
100040000-1000c0000 rw-p 00000000 00:00 0 
1000c0000-1000e0000 rw-p 00000000 00:00 0 
1000e0000-100140000 rw-p 00000000 00:00 0 
100140000-100160000 rw-p 00000000 00:00 0 
100160000-1001c0000 rw-p 00000000 00:00 0 
1001c0000-100200000 rw-p 00000000 00:00 0 
100200000-100480000 rw-p 00000000 00:00 0 
100480000-100900000 rw-p 00000000 00:00 0 
100900000-140000000 ---p 00000000 00:00 0 
563c666e3000-563c666e4000 r-xp 00000000 08:03 1455855                    /opt/eclipse/plugins/org.eclipse.justj.openjdk.hotspot.jre.full.linux.x86_64_16.0.1.v20210528-1205/jre/bin/java
563c666e5000-563c666e6000 r--p 00001000 08:03 1455855                    /opt/eclipse/plugins/org.eclipse.justj.openjdk.hotspot.jre.full.linux.x86_64_16.0.1.v20210528-1205/jre/bin/java
563c666e6000-563c666e7000 rw-p 00002000 08:03 1455855                    /opt/eclipse/plugins/org.eclipse.justj.openjdk.hotspot.jre.full.linux.x86_64_16.0.1.v20210528-1205/jre/bin/java
563c6683e000-563c66880000 rw-p 00000000 00:00 0                          [heap]
7f03cc000000-7f03cc1a3000 rw-p 00000000 00:00 0 
7f03cc1a3000-7f03d0000000 ---p 00000000 00:00 0 
7f03d3400000-7f03d34f0000 rw-p 00000000 00:00 0 
7f03d34f0000-7f03d3c00000 ---p 00000000 00:00 0 
7f03d4000000-7f03d4030000 rw-p 00000000 00:00 0 
7f03d4030000-7f03d8000000 ---p 00000000 00:00 0 
7f03d8000000-7f03d8031000 rw-p 00000000 00:00 0 
7f03d8031000-7f03dc000000 ---p 00000000 00:00 0 
7f03dc000000-7f03dc021000 rw-p 00000000 00:00 0 
7f03dc021000-7f03e0000000 ---p 00000000 00:00 0 
7f03e0000000-7f03e0e63000 rw-p 00000000 00:00 0 
7f03e0e63000-7f03e4000000 ---p 00000000 00:00 0 
7f03e4000000-7f03e4021000 rw-p 00000000 00:00 0 
7f03e4021000-7f03e8000000 ---p 00000000 00:00 0 
7f03e8000000-7f03e802e000 rw-p 00000000 00:00 0 
7f03e802e000-7f03ec000000 ---p 00000000 00:00 0 
7f03ec000000-7f03ec02d000 rw-p 00000000 00:00 0 
7f03ec02d000-7f03f0000000 ---p 00000000 00:00 0 
7f03f0000000-7f03f0021000 rw-p 00000000 00:00 0 
7f03f0021000-7f03f4000000 ---p 00000000 00:00 0 
7f03f4000000-7f03f4028000 rw-p 00000000 00:00 0 
7f03f4028000-7f03f8000000 ---p 00000000 00:00 0 
7f03f8000000-7f03f8021000 rw-p 00000000 00:00 0 
7f03f8021000-7f03fc000000 ---p 00000000 00:00 0 
7f03fc000000-7f03fc021000 rw-p 00000000 00:00 0 
7f03fc021000-7f0400000000 ---p 00000000 00:00 0 
7f0400000000-7f0400021000 rw-p 00000000 00:00 0 
7f0400021000-7f0404000000 ---p 00000000 00:00 0 
7f0404000000-7f0404021000 rw-p 00000000 00:00 0 
7f0404021000-7f0408000000 ---p 00000000 00:00 0 
7f0408000000-7f0408021000 rw-p 00000000 00:00 0 
7f0408021000-7f040c000000 ---p 00000000 00:00 0 
7f040c000000-7f040c021000 rw-p 00000000 00:00 0 
7f040c021000-7f0410000000 ---p 00000000 00:00 0 
7f0410000000-7f0410021000 rw-p 00000000 00:00 0 
7f0410021000-7f0414000000 ---p 00000000 00:00 0 
7f0414000000-7f0414542000 rw-p 00000000 00:00 0 
7f0414542000-7f0418000000 ---p 00000000 00:00 0 
7f0418000000-7f0418021000 rw-p 00000000 00:00 0 
7f0418021000-7f041c000000 ---p 00000000 00:00 0 
7f041c000000-7f041c021000 rw-p 00000000 00:00 0 
7f041c021000-7f0420000000 ---p 00000000 00:00 0 
7f0420000000-7f0420021000 rw-p 00000000 00:00 0 
7f0420021000-7f0424000000 ---p 00000000 00:00 0 
7f0424000000-7f0424021000 rw-p 00000000 00:00 0 
7f0424021000-7f0428000000 ---p 00000000 00:00 0 
7f04289fa000-7f04289fe000 ---p 00000000 00:00 0 
7f04289fe000-7f0428afb000 rw-p 00000000 00:00 0 
7f0428afb000-7f0428aff000 ---p 00000000 00:00 0 
7f0428aff000-7f0428bfc000 rw-p 00000000 00:00 0 
7f0428bfc000-7f0428c00000 ---p 00000000 00:00 0 
7f0428c00000-7f0428cfd000 rw-p 00000000 00:00 0 
7f0428cfd000-7f0428d01000 ---p 00000000 00:00 0 
7f0428d01000-7f0428dfe000 rw-p 00000000 00:00 0 
7f0428dfe000-7f0428e02000 ---p 00000000 00:00 0 
7f0428e02000-7f0428eff000 rw-p 00000000 00:00 0 
7f0428eff000-7f0428f03000 ---p 00000000 00:00 0 
7f0428f03000-7f0429800000 rw-p 00000000 00:00 0 
7f0429800000-7f042a000000 rw-p 00000000 00:00 0 
7f042a000000-7f042a700000 rw-p 00000000 00:00 0 
7f042a700000-7f042a7f0000 rw-p 00000000 00:00 0 
7f042a7f0000-7f042a800000 ---p 00000000 00:00 0 
7f042a8ce000-7f042a8d2000 ---p 00000000 00:00 0 
7f042a8d2000-7f042a9cf000 rw-p 00000000 00:00 0 
7f042a9cf000-7f042a9d3000 ---p 00000000 00:00 0 
7f042a9d3000-7f042aad0000 rw-p 00000000 00:00 0 
7f042aad0000-7f0438000000 r--p 00000000 08:03 131327                     /usr/lib/locale/locale-archive
7f0438000000-7f0438021000 rw-p 00000000 00:00 0 
7f0438021000-7f043c000000 ---p 00000000 00:00 0 
7f043c000000-7f043c1d8000 rw-p 00000000 00:00 0 
7f043c1d8000-7f0440000000 ---p 00000000 00:00 0 
7f0440000000-7f0440067000 rw-p 00000000 00:00 0 
7f0440067000-7f0444000000 ---p 00000000 00:00 0 
7f04440f9000-7f04440fd000 ---p 00000000 00:00 0 
7f04440fd000-7f04441fa000 rw-p 00000000 00:00 0 
7f04441fa000-7f04441fe000 ---p 00000000 00:00 0 
7f04441fe000-7f04442fb000 rw-p 00000000 00:00 0 
7f04442fb000-7f04442ff000 ---p 00000000 00:00 0 
7f04442ff000-7f04443fc000 rw-p 00000000 00:00 0 
7f04443fc000-7f0444400000 ---p 00000000 00:00 0 
7f0444400000-7f04444fd000 rw-p 00000000 00:00 0 
7f04444fd000-7f0444501000 ---p 00000000 00:00 0 
7f0444501000-7f04445fe000 rw-p 00000000 00:00 0 
7f04445fe000-7f0444602000 ---p 00000000 00:00 0 
7f0444602000-7f04446ff000 rw-p 00000000 00:00 0 
7f04446ff000-7f0444703000 ---p 00000000 00:00 0 
7f0444703000-7f0445000000 rw-p 00000000 00:00 0 
7f04450fd000-7f0445101000 ---p 00000000 00:00 0 
7f0445101000-7f04451fe000 rw-p 00000000 00:00 0 
7f04451fe000-7f0445202000 ---p 00000000 00:00 0 
7f0445202000-7f04452ff000 rw-p 00000000 00:00 0 
7f04452ff000-7f0445303000 ---p 00000000 00:00 0 
7f0445303000-7f0445700000 rw-p 00000000 00:00 0 
7f0445700000-7f0445800000 rw-p 00000000 00:00 0 
7f0445800000-7f0445c00000 rw-p 00000000 00:00 0 
7f0445c54000-7f0445c58000 ---p 00000000 00:00 0 
7f0445c58000-7f0445d55000 rw-p 00000000 00:00 0 
7f0445d55000-7f0445d59000 ---p 00000000 00:00 0 
7f0445d59000-7f0445e56000 rw-p 00000000 00:00 0 
7f0445e56000-7f0445e5a000 ---p 00000000 00:00 0 
7f0445e5a000-7f0445f57000 rw-p 00000000 00:00 0 
7f0445f57000-7f0445f5b000 ---p 00000000 00:00 0 
7f0445f5b000-7f0446058000 rw-p 00000000 00:00 0 
7f0446058000-7f044605c000 ---p 00000000 00:00 0 
7f044605c000-7f0446159000 rw-p 00000000 00:00 0 
7f0446159000-7f044615d000 ---p 00000000 00:00 0 
7f044615d000-7f044625a000 rw-p 00000000 00:00 0 
7f044625a000-7f044625b000 ---p 00000000 00:00 0 
7f044625b000-7f044635c000 rw-p 00000000 00:00 0 
7f044635c000-7f044635d000 ---p 00000000 00:00 0 
7f044635d000-7f044645e000 rw-p 00000000 00:00 0 
7f044645e000-7f044645f000 ---p 00000000 00:00 0 
7f044645f000-7f0446560000 rw-p 00000000 00:00 0 
7f0446560000-7f0446561000 ---p 00000000 00:00 0 
7f0446561000-7f0446662000 rw-p 00000000 00:00 0 
7f0446662000-7f0446663000 ---p 00000000 00:00 0 
7f0446663000-7f0446764000 rw-p 00000000 00:00 0 
7f0446764000-7f0446765000 ---p 00000000 00:00 0 
7f0446765000-7f0446866000 rw-p 00000000 00:00 0 
7f0446866000-7f044686a000 ---p 00000000 00:00 0 
7f044686a000-7f0446967000 rw-p 00000000 00:00 0 
7f0446967000-7f044696b000 ---p 00000000 00:00 0 
7f044696b000-7f0446a68000 rw-p 00000000 00:00 0 
7f0446a68000-7f0446a6c000 ---p 00000000 00:00 0 
7f0446a6c000-7f0446b69000 rw-p 00000000 00:00 0 
7f0446b69000-7f0446b6b000 r--p 00000000 08:03 144778                     /usr/lib64/libpcre2-8.so.0.10.1
7f0446b6b000-7f0446bd6000 r-xp 00002000 08:03 144778                     /usr/lib64/libpcre2-8.so.0.10.1
7f0446bd6000-7f0446bfd000 r--p 0006d000 08:03 144778                     /usr/lib64/libpcre2-8.so.0.10.1
7f0446bfd000-7f0446bfe000 ---p 00094000 08:03 144778                     /usr/lib64/libpcre2-8.so.0.10.1
7f0446bfe000-7f0446bff000 r--p 00094000 08:03 144778                     /usr/lib64/libpcre2-8.so.0.10.1
7f0446bff000-7f0446c00000 rw-p 00095000 08:03 144778                     /usr/lib64/libpcre2-8.so.0.10.1
7f0446c00000-7f0446d00000 rw-p 00000000 00:00 0 
7f0446d00000-7f0446d20000 rw-p 00000000 00:00 0 
7f0446d20000-7f0446d40000 rw-p 00000000 00:00 0 
7f0446d40000-7f0446d80000 rw-p 00000000 00:00 0 
7f0446d80000-7f0446f00000 rw-p 00000000 00:00 0 
7f0446f00000-7f0447000000 rw-p 00000000 00:00 0 
7f0447000000-7f0447100000 rw-p 00000000 00:00 0 
7f0447100000-7f0447200000 rw-p 00000000 00:00 0 
7f0447200000-7f0447300000 rw-p 00000000 00:00 0 
7f0447300000-7f0447400000 rw-p 00000000 00:00 0 
7f0447406000-7f044742e000 rw-p 00000000 00:00 0 
7f044742e000-7f044744f000 r--p 00000000 08:03 2099396                    /usr/share/locale/es/LC_MESSAGES/libc.mo
7f044744f000-7f0447452000 r--p 00000000 08:03 131227                     /usr/lib64/libgcc_s-11-20210728.so.1
7f0447452000-7f0447464000 r-xp 00003000 08:03 131227                     /usr/lib64/libgcc_s-11-20210728.so.1
7f0447464000-7f0447467000 r--p 00015000 08:03 131227                     /usr/lib64/libgcc_s-11-20210728.so.1
7f0447467000-7f0447468000 ---p 00018000 08:03 131227                     /usr/lib64/libgcc_s-11-20210728.so.1
7f0447468000-7f0447469000 r--p 00018000 08:03 131227                     /usr/lib64/libgcc_s-11-20210728.so.1
7f0447469000-7f044746a000 rw-p 00019000 08:03 131227                     /usr/lib64/libgcc_s-11-20210728.so.1
7f044746a000-7f0447470000 r--p 00000000 08:03 144893                     /usr/lib64/libselinux.so.1
7f0447470000-7f044748a000 r-xp 00006000 08:03 144893                     /usr/lib64/libselinux.so.1
7f044748a000-7f0447491000 r--p 00020000 08:03 144893                     /usr/lib64/libselinux.so.1
7f0447491000-7f0447492000 ---p 00027000 08:03 144893                     /usr/lib64/libselinux.so.1
7f0447492000-7f0447493000 r--p 00027000 08:03 144893                     /usr/lib64/libselinux.so.1
7f0447493000-7f0447494000 rw-p 00028000 08:03 144893                     /usr/lib64/libselinux.so.1
7f0447494000-7f0447496000 rw-p 00000000 00:00 0 
7f0447496000-7f044749a000 r--p 00000000 08:03 135970                     /usr/lib64/libnss_myhostname.so.2
7f044749a000-7f04474a9000 r-xp 00004000 08:03 135970                     /usr/lib64/libnss_myhostname.so.2
7f04474a9000-7f04474b2000 r--p 00013000 08:03 135970                     /usr/lib64/libnss_myhostname.so.2
7f04474b2000-7f04474b3000 ---p 0001c000 08:03 135970                     /usr/lib64/libnss_myhostname.so.2
7f04474b3000-7f04474b7000 r--p 0001c000 08:03 135970                     /usr/lib64/libnss_myhostname.so.2
7f04474b7000-7f04474b8000 rw-p 00020000 08:03 135970                     /usr/lib64/libnss_myhostname.so.2
7f04474b8000-7f04474bb000 r--p 00000000 08:03 144713                     /usr/lib64/libnss_files-2.33.so
7f04474bb000-7f04474c2000 r-xp 00003000 08:03 144713                     /usr/lib64/libnss_files-2.33.so
7f04474c2000-7f04474c4000 r--p 0000a000 08:03 144713                     /usr/lib64/libnss_files-2.33.so
7f04474c4000-7f04474c5000 r--p 0000b000 08:03 144713                     /usr/lib64/libnss_files-2.33.so
7f04474c5000-7f04474fd000 rw-p 00000000 00:00 0 
7f04474fd000-7f0447501000 ---p 00000000 00:00 0 
7f0447501000-7f04475fe000 rw-p 00000000 00:00 0 
7f04475fe000-7f0447602000 ---p 00000000 00:00 0 
7f0447602000-7f04476ff000 rw-p 00000000 00:00 0 
7f04476ff000-7f0447703000 ---p 00000000 00:00 0 
7f0447703000-7f0447c20000 rw-p 00000000 00:00 0 
7f0447c20000-7f0447c40000 rw-p 00000000 00:00 0 
7f0447c40000-7f0447c80000 rw-p 00000000 00:00 0 
7f0447c80000-7f0447d00000 rw-p 00000000 00:00 0 
7f0447d00000-7f0447f00000 rw-p 00000000 00:00 0 
7f0447f00000-7f0447f20000 rw-p 00000000 00:00 0 
7f0447f20000-7f0447f40000 rw-p 00000000 00:00 0 
7f0447f40000-7f0447f80000 rw-p 00000000 00:00 0 
7f0447f80000-7f0448000000 rw-p 00000000 00:00 0 
7f0448000000-7f0448021000 rw-p 00000000 00:00 0 
7f0448021000-7f044c000000 ---p 00000000 00:00 0 
7f044c000000-7f044c021000 rw-p 00000000 00:00 0 
7f044c021000-7f0450000000 ---p 00000000 00:00 0 
7f0450000000-7f0450021000 rw-p 00000000 00:00 0 
7f0450021000-7f0454000000 ---p 00000000 00:00 0 
7f0454000000-7f0454021000 rw-p 00000000 00:00 0 
7f0454021000-7f0458000000 ---p 00000000 00:00 0 
7f0458000000-7f0458021000 rw-p 00000000 00:00 0 
7f0458021000-7f045c000000 ---p 00000000 00:00 0 
7f045c00a000-7f045c011000 r--s 00000000 08:03 659224                     /usr/lib64/gconv/gconv-modules.cache
7f045c011000-7f045c01e000 r-xp 00000000 08:03 1189583                    /opt/eclipse/plugins/org.eclipse.justj.openjdk.hotspot.jre.full.linux.x86_64_16.0.1.v20210528-1205/jre/lib/libverify.so
7f045c01e000-7f045c020000 r--p 0000c000 08:03 1189583                    /opt/eclipse/plugins/org.eclipse.justj.openjdk.hotspot.jre.full.linux.x86_64_16.0.1.v20210528-1205/jre/lib/libverify.so
7f045c020000-7f045c021000 rw-p 0000e000 08:03 1189583                    /opt/eclipse/plugins/org.eclipse.justj.openjdk.hotspot.jre.full.linux.x86_64_16.0.1.v20210528-1205/jre/lib/libverify.so
7f045c021000-7f045c036000 r-xp 00000000 08:03 1189612                    /opt/eclipse/plugins/org.eclipse.justj.openjdk.hotspot.jre.full.linux.x86_64_16.0.1.v20210528-1205/jre/lib/libnet.so
7f045c036000-7f045c037000 r--p 00014000 08:03 1189612                    /opt/eclipse/plugins/org.eclipse.justj.openjdk.hotspot.jre.full.linux.x86_64_16.0.1.v20210528-1205/jre/lib/libnet.so
7f045c037000-7f045c038000 rw-p 00015000 08:03 1189612                    /opt/eclipse/plugins/org.eclipse.justj.openjdk.hotspot.jre.full.linux.x86_64_16.0.1.v20210528-1205/jre/lib/libnet.so
7f045c038000-7f045c03c000 ---p 00000000 00:00 0 
7f045c03c000-7f045c139000 rw-p 00000000 00:00 0 
7f045c139000-7f045c13d000 ---p 00000000 00:00 0 
7f045c13d000-7f045c23a000 rw-p 00000000 00:00 0 
7f045c23a000-7f045c23e000 ---p 00000000 00:00 0 
7f045c23e000-7f045c33b000 rw-p 00000000 00:00 0 
7f045c33b000-7f045c33f000 ---p 00000000 00:00 0 
7f045c33f000-7f045c43c000 rw-p 00000000 00:00 0 
7f045c43c000-7f045c440000 ---p 00000000 00:00 0 
7f045c440000-7f045c53d000 rw-p 00000000 00:00 0 
7f045c53d000-7f045c541000 ---p 00000000 00:00 0 
7f045c541000-7f045c63e000 rw-p 00000000 00:00 0 
7f045c63e000-7f045c63f000 ---p 00000000 00:00 0 
7f045c63f000-7f045c81c000 rw-p 00000000 00:00 0 
7f045c81c000-7f045c81d000 ---p 00000000 00:00 0 
7f045c81d000-7f045c91e000 rw-p 00000000 00:00 0 
7f045c91e000-7f045c91f000 ---p 00000000 00:00 0 
7f045c91f000-7f045ee24000 rw-p 00000000 00:00 0 
7f045ee24000-7f045ee25000 ---p 00000000 00:00 0 
7f045ee25000-7f045ef26000 rw-p 00000000 00:00 0 
7f045ef26000-7f045ef27000 ---p 00000000 00:00 0 
7f045ef27000-7f045f028000 rw-p 00000000 00:00 0 
7f045f028000-7f045f029000 ---p 00000000 00:00 0 
7f045f029000-7f045f226000 rw-p 00000000 00:00 0 
7f045f226000-7f045f282000 ---p 00000000 00:00 0 
7f045f282000-7f045f296000 rw-p 00000000 00:00 0 
7f045f296000-7f045f306000 ---p 00000000 00:00 0 
7f045f306000-7f045f30a000 rw-p 00000000 00:00 0 
7f045f30a000-7f046004a000 ---p 00000000 00:00 0 
7f046004a000-7f0460146000 rw-p 00000000 00:00 0 
7f0460146000-7f04601a2000 ---p 00000000 00:00 0 
7f04601a2000-7f04601b6000 rw-p 00000000 00:00 0 
7f04601b6000-7f0460226000 ---p 00000000 00:00 0 
7f0460226000-7f046022a000 rw-p 00000000 00:00 0 
7f046022a000-7f0460f6a000 ---p 00000000 00:00 0 
7f0460f6a000-7f0460f8a000 rw-p 00000000 00:00 0 
7f0460f8a000-7f0460f95000 ---p 00000000 00:00 0 
7f0460f95000-7f0460f98000 rw-p 00000000 00:00 0 
7f0460f98000-7f0460fa5000 ---p 00000000 00:00 0 
7f0460fa5000-7f0460fa6000 rw-p 00000000 00:00 0 
7f0460fa6000-7f046114e000 ---p 00000000 00:00 0 
7f046114e000-7f046116e000 rw-p 00000000 00:00 0 
7f046116e000-7f0461179000 ---p 00000000 00:00 0 
7f0461179000-7f046117c000 rw-p 00000000 00:00 0 
7f046117c000-7f0461189000 ---p 00000000 00:00 0 
7f0461189000-7f046118a000 rw-p 00000000 00:00 0 
7f046118a000-7f0461332000 ---p 00000000 00:00 0 
7f0461332000-7f0461352000 rw-p 00000000 00:00 0 
7f0461352000-7f046135d000 ---p 00000000 00:00 0 
7f046135d000-7f0461360000 rw-p 00000000 00:00 0 
7f0461360000-7f046136d000 ---p 00000000 00:00 0 
7f046136d000-7f046136e000 rw-p 00000000 00:00 0 
7f046136e000-7f0461516000 ---p 00000000 00:00 0 
7f0461516000-7f046192c000 rw-p 00000000 00:00 0 
7f046192c000-7f0461aed000 ---p 00000000 00:00 0 
7f0461aed000-7f0461d5d000 rwxp 00000000 00:00 0 
7f0461d5d000-7f0462194000 ---p 00000000 00:00 0 
7f0462194000-7f0462a74000 rwxp 00000000 00:00 0 
7f0462a74000-7f0470aed000 ---p 00000000 00:00 0 
7f0470aed000-7f0474000000 r--s 00000000 08:03 1189572                    /opt/eclipse/plugins/org.eclipse.justj.openjdk.hotspot.jre.full.linux.x86_64_16.0.1.v20210528-1205/jre/lib/modules
7f0474000000-7f04747de000 rw-p 00000000 00:00 0 
7f04747de000-7f0478000000 ---p 00000000 00:00 0 
7f0478000000-7f0478002000 r-xp 00000000 08:03 1189614                    /opt/eclipse/plugins/org.eclipse.justj.openjdk.hotspot.jre.full.linux.x86_64_16.0.1.v20210528-1205/jre/lib/libextnet.so
7f0478002000-7f0478003000 r--p 00001000 08:03 1189614                    /opt/eclipse/plugins/org.eclipse.justj.openjdk.hotspot.jre.full.linux.x86_64_16.0.1.v20210528-1205/jre/lib/libextnet.so
7f0478003000-7f0478004000 rw-p 00002000 08:03 1189614                    /opt/eclipse/plugins/org.eclipse.justj.openjdk.hotspot.jre.full.linux.x86_64_16.0.1.v20210528-1205/jre/lib/libextnet.so
7f0478004000-7f0478009000 r-xp 00000000 08:03 1189602                    /opt/eclipse/plugins/org.eclipse.justj.openjdk.hotspot.jre.full.linux.x86_64_16.0.1.v20210528-1205/jre/lib/libmanagement_ext.so
7f0478009000-7f047800a000 ---p 00005000 08:03 1189602                    /opt/eclipse/plugins/org.eclipse.justj.openjdk.hotspot.jre.full.linux.x86_64_16.0.1.v20210528-1205/jre/lib/libmanagement_ext.so
7f047800a000-7f047800b000 r--p 00005000 08:03 1189602                    /opt/eclipse/plugins/org.eclipse.justj.openjdk.hotspot.jre.full.linux.x86_64_16.0.1.v20210528-1205/jre/lib/libmanagement_ext.so
7f047800b000-7f047800c000 rw-p 00006000 08:03 1189602                    /opt/eclipse/plugins/org.eclipse.justj.openjdk.hotspot.jre.full.linux.x86_64_16.0.1.v20210528-1205/jre/lib/libmanagement_ext.so
7f047800c000-7f0478010000 r-xp 00000000 08:03 1189563                    /opt/eclipse/plugins/org.eclipse.justj.openjdk.hotspot.jre.full.linux.x86_64_16.0.1.v20210528-1205/jre/lib/libmanagement.so
7f0478010000-7f0478011000 r--p 00003000 08:03 1189563                    /opt/eclipse/plugins/org.eclipse.justj.openjdk.hotspot.jre.full.linux.x86_64_16.0.1.v20210528-1205/jre/lib/libmanagement.so
7f0478011000-7f0478012000 rw-p 00004000 08:03 1189563                    /opt/eclipse/plugins/org.eclipse.justj.openjdk.hotspot.jre.full.linux.x86_64_16.0.1.v20210528-1205/jre/lib/libmanagement.so
7f0478012000-7f0478025000 r-xp 00000000 08:03 1189597                    /opt/eclipse/plugins/org.eclipse.justj.openjdk.hotspot.jre.full.linux.x86_64_16.0.1.v20210528-1205/jre/lib/libnio.so
7f0478025000-7f0478026000 r--p 00012000 08:03 1189597                    /opt/eclipse/plugins/org.eclipse.justj.openjdk.hotspot.jre.full.linux.x86_64_16.0.1.v20210528-1205/jre/lib/libnio.so
7f0478026000-7f0478027000 rw-p 00013000 08:03 1189597                    /opt/eclipse/plugins/org.eclipse.justj.openjdk.hotspot.jre.full.linux.x86_64_16.0.1.v20210528-1205/jre/lib/libnio.so
7f0478027000-7f047802e000 r-xp 00000000 08:03 1189574                    /opt/eclipse/plugins/org.eclipse.justj.openjdk.hotspot.jre.full.linux.x86_64_16.0.1.v20210528-1205/jre/lib/libzip.so
7f047802e000-7f047802f000 ---p 00007000 08:03 1189574                    /opt/eclipse/plugins/org.eclipse.justj.openjdk.hotspot.jre.full.linux.x86_64_16.0.1.v20210528-1205/jre/lib/libzip.so
7f047802f000-7f0478030000 r--p 00007000 08:03 1189574                    /opt/eclipse/plugins/org.eclipse.justj.openjdk.hotspot.jre.full.linux.x86_64_16.0.1.v20210528-1205/jre/lib/libzip.so
7f0478030000-7f0478031000 rw-p 00008000 08:03 1189574                    /opt/eclipse/plugins/org.eclipse.justj.openjdk.hotspot.jre.full.linux.x86_64_16.0.1.v20210528-1205/jre/lib/libzip.so
7f0478031000-7f0478098000 rw-p 00000000 00:00 0 
7f0478098000-7f04780a1000 ---p 00000000 00:00 0 
7f04780a1000-7f04780c5000 r-xp 00000000 08:03 1189543                    /opt/eclipse/plugins/org.eclipse.justj.openjdk.hotspot.jre.full.linux.x86_64_16.0.1.v20210528-1205/jre/lib/libjava.so
7f04780c5000-7f04780c6000 ---p 00024000 08:03 1189543                    /opt/eclipse/plugins/org.eclipse.justj.openjdk.hotspot.jre.full.linux.x86_64_16.0.1.v20210528-1205/jre/lib/libjava.so
7f04780c6000-7f04780c7000 r--p 00024000 08:03 1189543                    /opt/eclipse/plugins/org.eclipse.justj.openjdk.hotspot.jre.full.linux.x86_64_16.0.1.v20210528-1205/jre/lib/libjava.so
7f04780c7000-7f04780c8000 rw-p 00025000 08:03 1189543                    /opt/eclipse/plugins/org.eclipse.justj.openjdk.hotspot.jre.full.linux.x86_64_16.0.1.v20210528-1205/jre/lib/libjava.so
7f04780c8000-7f04780c9000 rw-p 00000000 00:00 0 
7f04780c9000-7f047899d000 r--s 00000000 08:03 6947075                    /var/lib/sss/mc/passwd
7f047899d000-7f04789b8000 r-xp 00000000 08:03 1189605                    /opt/eclipse/plugins/org.eclipse.justj.openjdk.hotspot.jre.full.linux.x86_64_16.0.1.v20210528-1205/jre/lib/libjimage.so
7f04789b8000-7f04789b9000 ---p 0001b000 08:03 1189605                    /opt/eclipse/plugins/org.eclipse.justj.openjdk.hotspot.jre.full.linux.x86_64_16.0.1.v20210528-1205/jre/lib/libjimage.so
7f04789b9000-7f04789bb000 r--p 0001b000 08:03 1189605                    /opt/eclipse/plugins/org.eclipse.justj.openjdk.hotspot.jre.full.linux.x86_64_16.0.1.v20210528-1205/jre/lib/libjimage.so
7f04789bb000-7f04789bc000 rw-p 0001d000 08:03 1189605                    /opt/eclipse/plugins/org.eclipse.justj.openjdk.hotspot.jre.full.linux.x86_64_16.0.1.v20210528-1205/jre/lib/libjimage.so
7f04789bc000-7f04789bf000 r--p 00000000 08:03 146073                     /usr/lib64/librt-2.33.so
7f04789bf000-7f04789c3000 r-xp 00003000 08:03 146073                     /usr/lib64/librt-2.33.so
7f04789c3000-7f04789c5000 r--p 00007000 08:03 146073                     /usr/lib64/librt-2.33.so
7f04789c5000-7f04789c6000 r--p 00008000 08:03 146073                     /usr/lib64/librt-2.33.so
7f04789c6000-7f04789c7000 rw-p 00009000 08:03 146073                     /usr/lib64/librt-2.33.so
7f04789c7000-7f04789cb000 ---p 00000000 00:00 0 
7f04789cb000-7f0478ac8000 rw-p 00000000 00:00 0 
7f0478ac8000-7f0478ad7000 r--p 00000000 08:03 146069                     /usr/lib64/libm-2.33.so
7f0478ad7000-7f0478b71000 r-xp 0000f000 08:03 146069                     /usr/lib64/libm-2.33.so
7f0478b71000-7f0478c09000 r--p 000a9000 08:03 146069                     /usr/lib64/libm-2.33.so
7f0478c09000-7f0478c0a000 ---p 00141000 08:03 146069                     /usr/lib64/libm-2.33.so
7f0478c0a000-7f0478c0b000 r--p 00141000 08:03 146069                     /usr/lib64/libm-2.33.so
7f0478c0b000-7f0478c0c000 rw-p 00142000 08:03 146069                     /usr/lib64/libm-2.33.so
7f0478c0c000-7f0479d1a000 r-xp 00000000 08:03 1573536                    /opt/eclipse/plugins/org.eclipse.justj.openjdk.hotspot.jre.full.linux.x86_64_16.0.1.v20210528-1205/jre/lib/server/libjvm.so
7f0479d1a000-7f0479d1b000 ---p 0110e000 08:03 1573536                    /opt/eclipse/plugins/org.eclipse.justj.openjdk.hotspot.jre.full.linux.x86_64_16.0.1.v20210528-1205/jre/lib/server/libjvm.so
7f0479d1b000-7f0479dcc000 r--p 0110e000 08:03 1573536                    /opt/eclipse/plugins/org.eclipse.justj.openjdk.hotspot.jre.full.linux.x86_64_16.0.1.v20210528-1205/jre/lib/server/libjvm.so
7f0479dcc000-7f0479dff000 rw-p 011bf000 08:03 1573536                    /opt/eclipse/plugins/org.eclipse.justj.openjdk.hotspot.jre.full.linux.x86_64_16.0.1.v20210528-1205/jre/lib/server/libjvm.so
7f0479dff000-7f0479e5c000 rw-p 00000000 00:00 0 
7f0479e5c000-7f0479e82000 r--p 00000000 08:03 144102                     /usr/lib64/libc-2.33.so
7f0479e82000-7f0479fcf000 r-xp 00026000 08:03 144102                     /usr/lib64/libc-2.33.so
7f0479fcf000-7f047a01b000 r--p 00173000 08:03 144102                     /usr/lib64/libc-2.33.so
7f047a01b000-7f047a01c000 ---p 001bf000 08:03 144102                     /usr/lib64/libc-2.33.so
7f047a01c000-7f047a01f000 r--p 001bf000 08:03 144102                     /usr/lib64/libc-2.33.so
7f047a01f000-7f047a022000 rw-p 001c2000 08:03 144102                     /usr/lib64/libc-2.33.so
7f047a022000-7f047a02b000 rw-p 00000000 00:00 0 
7f047a02b000-7f047a02d000 r--p 00000000 08:03 146068                     /usr/lib64/libdl-2.33.so
7f047a02d000-7f047a02f000 r-xp 00002000 08:03 146068                     /usr/lib64/libdl-2.33.so
7f047a02f000-7f047a030000 r--p 00004000 08:03 146068                     /usr/lib64/libdl-2.33.so
7f047a030000-7f047a031000 r--p 00004000 08:03 146068                     /usr/lib64/libdl-2.33.so
7f047a031000-7f047a032000 rw-p 00000000 00:00 0 
7f047a032000-7f047a039000 r--p 00000000 08:03 146071                     /usr/lib64/libpthread-2.33.so
7f047a039000-7f047a048000 r-xp 00007000 08:03 146071                     /usr/lib64/libpthread-2.33.so
7f047a048000-7f047a04c000 r--p 00016000 08:03 146071                     /usr/lib64/libpthread-2.33.so
7f047a04c000-7f047a04d000 ---p 0001a000 08:03 146071                     /usr/lib64/libpthread-2.33.so
7f047a04d000-7f047a04e000 r--p 0001a000 08:03 146071                     /usr/lib64/libpthread-2.33.so
7f047a04e000-7f047a04f000 rw-p 0001b000 08:03 146071                     /usr/lib64/libpthread-2.33.so
7f047a04f000-7f047a053000 rw-p 00000000 00:00 0 
7f047a053000-7f047a062000 r-xp 00000000 08:03 1189577                    /opt/eclipse/plugins/org.eclipse.justj.openjdk.hotspot.jre.full.linux.x86_64_16.0.1.v20210528-1205/jre/lib/libjli.so
7f047a062000-7f047a063000 r--p 0000e000 08:03 1189577                    /opt/eclipse/plugins/org.eclipse.justj.openjdk.hotspot.jre.full.linux.x86_64_16.0.1.v20210528-1205/jre/lib/libjli.so
7f047a063000-7f047a064000 rw-p 0000f000 08:03 1189577                    /opt/eclipse/plugins/org.eclipse.justj.openjdk.hotspot.jre.full.linux.x86_64_16.0.1.v20210528-1205/jre/lib/libjli.so
7f047a064000-7f047a067000 r--p 00000000 08:03 145166                     /usr/lib64/libz.so.1.2.11
7f047a067000-7f047a075000 r-xp 00003000 08:03 145166                     /usr/lib64/libz.so.1.2.11
7f047a075000-7f047a07b000 r--p 00011000 08:03 145166                     /usr/lib64/libz.so.1.2.11
7f047a07b000-7f047a07c000 ---p 00017000 08:03 145166                     /usr/lib64/libz.so.1.2.11
7f047a07c000-7f047a07d000 r--p 00017000 08:03 145166                     /usr/lib64/libz.so.1.2.11
7f047a07d000-7f047a07e000 rw-p 00000000 00:00 0 
7f047a081000-7f047a089000 rw-s 00000000 00:23 2031                       /tmp/hsperfdata_joel/78523
7f047a089000-7f047a08b000 r--p 00000000 08:03 142853                     /usr/lib64/libnss_sss.so.2
7f047a08b000-7f047a092000 r-xp 00002000 08:03 142853                     /usr/lib64/libnss_sss.so.2
7f047a092000-7f047a094000 r--p 00009000 08:03 142853                     /usr/lib64/libnss_sss.so.2
7f047a094000-7f047a095000 r--p 0000a000 08:03 142853                     /usr/lib64/libnss_sss.so.2
7f047a095000-7f047a096000 rw-p 0000b000 08:03 142853                     /usr/lib64/libnss_sss.so.2
7f047a096000-7f047a097000 ---p 00000000 00:00 0 
7f047a097000-7f047a098000 r--p 00000000 00:00 0 
7f047a098000-7f047a099000 ---p 00000000 00:00 0 
7f047a099000-7f047a09b000 rw-p 00000000 00:00 0 
7f047a09b000-7f047a09c000 r--p 00000000 08:03 146066                     /usr/lib64/ld-2.33.so
7f047a09c000-7f047a0c1000 r-xp 00001000 08:03 146066                     /usr/lib64/ld-2.33.so
7f047a0c1000-7f047a0cb000 r--p 00026000 08:03 146066                     /usr/lib64/ld-2.33.so
7f047a0cb000-7f047a0cd000 r--p 0002f000 08:03 146066                     /usr/lib64/ld-2.33.so
7f047a0cd000-7f047a0cf000 rw-p 00031000 08:03 146066                     /usr/lib64/ld-2.33.so
7ffcc8b8b000-7ffcc8bae000 rw-p 00000000 00:00 0                          [stack]
7ffcc8bbd000-7ffcc8bc1000 r--p 00000000 00:00 0                          [vvar]
7ffcc8bc1000-7ffcc8bc3000 r-xp 00000000 00:00 0                          [vdso]
ffffffffff600000-ffffffffff601000 r-xp 00000000 00:00 0                  [vsyscall]


VM Arguments:
jvm_args: -Dcom.sun.management.jmxremote -Dcom.sun.management.jmxremote.port=42549 -Dcom.sun.management.jmxremote.authenticate=false -Dcom.sun.management.jmxremote.ssl=false -Djava.rmi.server.hostname=localhost -Dspring.jmx.enabled=true -Dspring.application.admin.enabled=true -Djava.security.egd=file:/dev/./urandom -XX:TieredStopAtLevel=1 -Dspring.boot.project.name=Mod14Nivel2_WhiteCollar_MySQL_Web -Dfile.encoding=UTF-8 -XX:+ShowCodeDetailsInExceptionMessages 
java_command: com.ascii274.practica.Mod14Nivel1Fase2MysqlApplication
java_class_path (initial): /home/joel/Programacion/Java_ItAcademy/It_Academy_Mod_8_en_Adelante/Mod14_SpringRestApi/Mod14Nivel2_WhiteCollar_MySQL_Web/target/classes:/home/joel/.m2/repository/org/springframework/boot/spring-boot-starter-web/2.5.6/spring-boot-starter-web-2.5.6.jar:/home/joel/.m2/repository/org/springframework/boot/spring-boot-starter-json/2.5.6/spring-boot-starter-json-2.5.6.jar:/home/joel/.m2/repository/com/fasterxml/jackson/core/jackson-databind/2.12.5/jackson-databind-2.12.5.jar:/home/joel/.m2/repository/com/fasterxml/jackson/core/jackson-annotations/2.12.5/jackson-annotations-2.12.5.jar:/home/joel/.m2/repository/com/fasterxml/jackson/core/jackson-core/2.12.5/jackson-core-2.12.5.jar:/home/joel/.m2/repository/com/fasterxml/jackson/datatype/jackson-datatype-jdk8/2.12.5/jackson-datatype-jdk8-2.12.5.jar:/home/joel/.m2/repository/com/fasterxml/jackson/datatype/jackson-datatype-jsr310/2.12.5/jackson-datatype-jsr310-2.12.5.jar:/home/joel/.m2/repository/com/fasterxml/jackson/module/jackson-module-parameter-names/2.12.5/jackson-module-parameter-names-2.12.5.jar:/home/joel/.m2/repository/org/springframework/boot/spring-boot-starter-tomcat/2.5.6/spring-boot-starter-tomcat-2.5.6.jar:/home/joel/.m2/repository/org/apache/tomcat/embed/tomcat-embed-core/9.0.54/tomcat-embed-core-9.0.54.jar:/home/joel/.m2/repository/org/apache/tomcat/embed/tomcat-embed-el/9.0.54/tomcat-embed-el-9.0.54.jar:/home/joel/.m2/repository/org/apache/tomcat/embed/tomcat-embed-websocket/9.0.54/tomcat-embed-websocket-9.0.54.jar:/home/joel/.m2/repository/org/springframework/spring-web/5.3.12/spring-web-5.3.12.jar:/home/joel/.m2/repository/org/springframework/spring-beans/5.3.12/spring-beans-5.3.12.jar:/home/joel/.m2/repository/org/springframework/spring-webmvc/5.3.12/spring-webmvc-5.3.12.jar:/home/joel/.m2/repository/org/springframework/spring-aop/5.3.12/spring-aop-5.3.12.jar:/home/joel/.m2/repository/org/springframework/spring-context/5.3.12/spring-context-5.3.12.jar:/home/joel/.m2/repository
Launcher Type: SUN_STANDARD

[Global flags]
     intx CICompilerCount                          = 3                                         {product} {ergonomic}
     uint ConcGCThreads                            = 1                                         {product} {ergonomic}
     uint G1ConcRefinementThreads                  = 4                                         {product} {ergonomic}
   size_t G1HeapRegionSize                         = 1048576                                   {product} {ergonomic}
    uintx GCDrainStackTargetSize                   = 64                                        {product} {ergonomic}
   size_t InitialHeapSize                          = 65011712                                  {product} {ergonomic}
     bool ManagementServer                         = true                                      {product} {command line}
   size_t MarkStackSize                            = 4194304                                   {product} {ergonomic}
   size_t MaxHeapSize                              = 1015021568                                {product} {ergonomic}
   size_t MaxNewSize                               = 608174080                                 {product} {ergonomic}
   size_t MinHeapDeltaBytes                        = 1048576                                   {product} {ergonomic}
   size_t MinHeapSize                              = 8388608                                   {product} {ergonomic}
    uintx NonNMethodCodeHeapSize                   = 6973028                                {pd product} {ergonomic}
    uintx NonProfiledCodeHeapSize                  = 244685212                              {pd product} {ergonomic}
    uintx ProfiledCodeHeapSize                     = 0                                      {pd product} {ergonomic}
    uintx ReservedCodeCacheSize                    = 251658240                              {pd product} {ergonomic}
     bool SegmentedCodeCache                       = true                                      {product} {ergonomic}
     bool ShowCodeDetailsInExceptionMessages       = true                                   {manageable} {command line}
   size_t SoftMaxHeapSize                          = 1015021568                             {manageable} {ergonomic}
     intx TieredStopAtLevel                        = 1                                         {product} {command line}
     bool UseCompressedClassPointers               = true                           {product lp64_product} {ergonomic}
     bool UseCompressedOops                        = true                           {product lp64_product} {ergonomic}
     bool UseG1GC                                  = true                                      {product} {ergonomic}

Logging:
Log output configuration:
 #0: stdout all=warning uptime,level,tags
 #1: stderr all=off uptime,level,tags

Environment Variables:
PATH=/home/joel/.sdkman/candidates/gradle/current/bin:/home/joel/.local/bin:/home/joel/bin:/usr/local/bin:/usr/bin:/bin:/usr/local/sbin:/usr/sbin:/home/joel/.composer/vendor/bin:/var/lib/snapd/snap/bin
SHELL=/bin/bash
DISPLAY=:0
LANG=es_ES.UTF-8

Signal Handlers:
SIGSEGV: [libjvm.so+0xdfef20], sa_mask[0]=11100100010111111101111111111110, sa_flags=SA_RESTART|SA_SIGINFO
SIGBUS: [libjvm.so+0xdfef20], sa_mask[0]=11100100010111111101111111111110, sa_flags=SA_RESTART|SA_SIGINFO
SIGFPE: [libjvm.so+0xdfef20], sa_mask[0]=11100100010111111101111111111110, sa_flags=SA_RESTART|SA_SIGINFO
SIGPIPE: [libjvm.so+0xca8980], sa_mask[0]=11100100010111111101111111111110, sa_flags=SA_RESTART|SA_SIGINFO
SIGXFSZ: [libjvm.so+0xca8980], sa_mask[0]=11100100010111111101111111111110, sa_flags=SA_RESTART|SA_SIGINFO
SIGILL: [libjvm.so+0xdfef20], sa_mask[0]=11100100010111111101111111111110, sa_flags=SA_RESTART|SA_SIGINFO
SIGUSR2: [libjvm.so+0xca8070], sa_mask[0]=00100000000000000000000000000000, sa_flags=SA_RESTART|SA_SIGINFO
SIGHUP: [libjvm.so+0xca7fa0], sa_mask[0]=11100100010111111101111111111110, sa_flags=SA_RESTART|SA_SIGINFO
SIGINT: [libjvm.so+0xca7fa0], sa_mask[0]=11100100010111111101111111111110, sa_flags=SA_RESTART|SA_SIGINFO
SIGTERM: [libjvm.so+0xca7fa0], sa_mask[0]=11100100010111111101111111111110, sa_flags=SA_RESTART|SA_SIGINFO
SIGQUIT: [libjvm.so+0xca7fa0], sa_mask[0]=11100100010111111101111111111110, sa_flags=SA_RESTART|SA_SIGINFO
SIGTRAP: [libjvm.so+0xdfef20], sa_mask[0]=11100100010111111101111111111110, sa_flags=SA_RESTART|SA_SIGINFO


---------------  S Y S T E M  ---------------

OS:
Fedora release 34 (Thirty Four)
uname: Linux 5.14.11-200.fc34.x86_64 #1 SMP Sun Oct 10 14:39:31 UTC 2021 x86_64
OS uptime: 0 days 15:12 hours
libc: glibc 2.33 NPTL 2.33 
rlimit (soft/hard): STACK 8192k/infinity , CORE infinity/infinity , NPROC 15309/15309 , NOFILE 524288/524288 , AS infinity/infinity , CPU infinity/infinity , DATA infinity/infinity , FSIZE infinity/infinity , MEMLOCK 64k/64k
load average: 1,27 1,10 1,52

/proc/meminfo:
MemTotal:        3958036 kB
MemFree:          101072 kB
MemAvailable:      96636 kB
Buffers:            6256 kB
Cached:           154676 kB
SwapCached:        28840 kB
Active:           780420 kB
Inactive:        1330388 kB
Active(anon):     698172 kB
Inactive(anon):  1260348 kB
Active(file):      82248 kB
Inactive(file):    70040 kB
Unevictable:        5756 kB
Mlocked:            5756 kB
SwapTotal:       9817080 kB
SwapFree:        4222904 kB
Dirty:               156 kB
Writeback:           656 kB
AnonPages:       1927788 kB
Mapped:           123028 kB
Shmem:              3600 kB
KReclaimable:      81564 kB
Slab:             244572 kB
SReclaimable:      81564 kB
SUnreclaim:       163008 kB
KernelStack:       28848 kB
PageTables:        76500 kB
NFS_Unstable:          0 kB
Bounce:                0 kB
WritebackTmp:          0 kB
CommitLimit:    11796096 kB
Committed_AS:   18138152 kB
VmallocTotal:   34359738367 kB
VmallocUsed:       82516 kB
VmallocChunk:          0 kB
Percpu:             4416 kB
HardwareCorrupted:     0 kB
AnonHugePages:         0 kB
ShmemHugePages:        0 kB
ShmemPmdMapped:        0 kB
FileHugePages:         0 kB
FilePmdMapped:         0 kB
CmaTotal:              0 kB
CmaFree:               0 kB
HugePages_Total:       0
HugePages_Free:        0
HugePages_Rsvd:        0
HugePages_Surp:        0
Hugepagesize:       2048 kB
Hugetlb:               0 kB
DirectMap4k:      625852 kB
DirectMap2M:     3518464 kB
DirectMap1G:     1048576 kB

/sys/kernel/mm/transparent_hugepage/enabled: always [madvise] never
/sys/kernel/mm/transparent_hugepage/defrag (defrag/compaction efforts parameter): always defer defer+madvise [madvise] never

Process Memory:
Virtual Size: 4821088K (peak: 4830328K)
Resident Set Size: 175956K (peak: 214056K) (anon: 166900K, file: 9024K, shmem: 32K)
Swapped out: 20424K
C-Heap outstanding allocations: 30608K

/proc/sys/kernel/threads-max (system-wide limit on the number of threads): 30619
/proc/sys/vm/max_map_count (maximum number of memory map areas a process may have): 65530
/proc/sys/kernel/pid_max (system-wide limit on number of process identifiers): 4194304

container (cgroup) information:
container_type: cgroupv2
cpu_cpuset_cpus: not supported
cpu_memory_nodes: not supported
active_processor_count: 4
cpu_quota: no quota
cpu_period: 100000
cpu_shares: no shares
memory_limit_in_bytes: unlimited
memory_and_swap_limit_in_bytes: unlimited
memory_soft_limit_in_bytes: unlimited
memory_usage_in_bytes: 1292500992
memory_max_usage_in_bytes: not supported

Steal ticks since vm start: 0
Steal ticks percentage since vm start:  0,000

CPU: total 4 (initial active 4) (4 cores per cpu, 1 threads per core) family 6 model 94 stepping 3 microcode 0xea, cx8, cmov, fxsr, mmx, 3dnowpref, sse, sse2, sse3, ssse3, sse4.1, sse4.2, popcnt, lzcnt, tsc, tscinvbit, avx, avx2, aes, erms, clmul, bmi1, bmi2, adx, fma, vzeroupper, clflush, clflushopt
CPU Model and flags from /proc/cpuinfo:
model name	: Intel(R) Core(TM) i5-6400 CPU @ 2.70GHz
flags		: fpu vme de pse tsc msr pae mce cx8 apic sep mtrr pge mca cmov pat pse36 clflush dts acpi mmx fxsr sse sse2 ss ht tm pbe syscall nx pdpe1gb rdtscp lm constant_tsc art arch_perfmon pebs bts rep_good nopl xtopology nonstop_tsc cpuid aperfmperf pni pclmulqdq dtes64 monitor ds_cpl vmx est tm2 ssse3 sdbg fma cx16 xtpr pdcm pcid sse4_1 sse4_2 x2apic movbe popcnt tsc_deadline_timer aes xsave avx f16c rdrand lahf_lm abm 3dnowprefetch cpuid_fault epb invpcid_single pti ssbd ibrs ibpb stibp tpr_shadow vnmi flexpriority ept vpid ept_ad fsgsbase tsc_adjust bmi1 avx2 smep bmi2 erms invpcid mpx rdseed adx smap clflushopt intel_pt xsaveopt xsavec xgetbv1 xsaves dtherm ida arat pln pts hwp hwp_notify hwp_act_window hwp_epp md_clear flush_l1d

Online cpus: 0-3
Offline cpus: 
BIOS frequency limitation: <Not Available>
Frequency switch latency (ns): 0
Available cpu frequencies: <Not Available>
Current governor: powersave
Core performance/turbo boost: <Not Available>

Memory: 4k page, physical 3958036k(100820k free), swap 9817080k(4223096k free)

vm_info: OpenJDK 64-Bit Server VM (16.0.1+9-24) for linux-amd64 JRE (16.0.1+9-24), built on Mar 26 2021 18:09:28 by "mach5one" with gcc 10.2.0

END.
