#
# A fatal error has been detected by the Java Runtime Environment:
#
#  SIGSEGV (0xb) at pc=0x00007f559f6ef5f0, pid=25230, tid=26105
#
# JRE version: OpenJDK Runtime Environment 18.9 (11.0.13+8) (build 11.0.13+8)
# Java VM: OpenJDK 64-Bit Server VM 18.9 (11.0.13+8, mixed mode, sharing, tiered, compressed oops, g1 gc, linux-amd64)
# Problematic frame:
# V  [libjvm.so+0xdd05f0]  SignatureIterator::iterate_parameters()+0x20
#
# Core dump will be written. Default location: Core dumps may be processed with "/usr/lib/systemd/systemd-coredump %P %u %g %s %t %c %h" (or dumping to /home/joel/Programacion/Java_ItAcademy/It_Academy_Mod_8_16/Mod16_JocDaus/Mod16.01Nivel1_JocDeDaus.MongoDB/core.25230)
#
# If you would like to submit a bug report, please visit:
#   https://bugzilla.redhat.com/enter_bug.cgi?product=Fedora&component=java-11-openjdk&version=34
#

---------------  S U M M A R Y ------------

Command Line: -Dcom.sun.management.jmxremote -Dcom.sun.management.jmxremote.port=45315 -Dcom.sun.management.jmxremote.authenticate=false -Dcom.sun.management.jmxremote.ssl=false -Djava.rmi.server.hostname=localhost -Dspring.jmx.enabled=true -Dspring.application.admin.enabled=true -Djava.security.egd=file:/dev/./urandom -XX:TieredStopAtLevel=1 -Dspring.boot.project.name=Mod16.01Nivel1_JocDeDaus.MongoDB.JWT -Dfile.encoding=UTF-8 com.ascii274.practicas.Application

Host: Intel(R) Core(TM) i5-6400 CPU @ 2.70GHz, 4 cores, 3G, Fedora release 34 (Thirty Four)
Time: Wed Nov 10 12:37:39 2021 CET elapsed time: 528.140794 seconds (0d 0h 8m 48s)

---------------  T H R E A D  ---------------

Current thread (0x00007f5504002000):  JavaThread "restartedMain" [_thread_in_vm, id=26105, stack(0x00007f554d2b8000,0x00007f554d3b9000)]

Stack: [0x00007f554d2b8000,0x00007f554d3b9000],  sp=0x00007f554d3b6a80,  free space=1018k
Native frames: (J=compiled Java code, A=aot compiled Java code, j=interpreted, Vv=VM code, C=native code)
V  [libjvm.so+0xdd05f0]  SignatureIterator::iterate_parameters()+0x20
V  [libjvm.so+0x784535]  frame::interpreter_callee_receiver_addr(Symbol*)+0x55
V  [libjvm.so+0x8bce8a]  InterpreterRuntime::resolve_invoke(JavaThread*, Bytecodes::Code)+0x2da
V  [libjvm.so+0x8bd421]  InterpreterRuntime::resolve_from_cache(JavaThread*, Bytecodes::Code)+0x41
j  org.springframework.context.annotation.ClassPathBeanDefinitionScanner.<init>(Lorg/springframework/beans/factory/support/BeanDefinitionRegistry;)V+3
j  org.springframework.boot.web.servlet.context.AnnotationConfigServletWebServerApplicationContext.<init>()V+33
j  org.springframework.boot.ApplicationContextFactory.lambda$static$0(Lorg/springframework/boot/WebApplicationType;)Lorg/springframework/context/ConfigurableApplicationContext;+40
j  org.springframework.boot.ApplicationContextFactory$$Lambda$114.create(Lorg/springframework/boot/WebApplicationType;)Lorg/springframework/context/ConfigurableApplicationContext;+1
j  org.springframework.boot.SpringApplication.createApplicationContext()Lorg/springframework/context/ConfigurableApplicationContext;+8
j  org.springframework.boot.SpringApplication.run([Ljava/lang/String;)Lorg/springframework/context/ConfigurableApplicationContext;+77
j  org.springframework.boot.SpringApplication.run([Ljava/lang/Class;[Ljava/lang/String;)Lorg/springframework/context/ConfigurableApplicationContext;+9
j  org.springframework.boot.SpringApplication.run(Ljava/lang/Class;[Ljava/lang/String;)Lorg/springframework/context/ConfigurableApplicationContext;+9
j  com.ascii274.practicas.Application.main([Ljava/lang/String;)V+3
v  ~StubRoutines::call_stub
V  [libjvm.so+0x8c3d8b]  JavaCalls::call_helper(JavaValue*, methodHandle const&, JavaCallArguments*, Thread*)+0x3bb
V  [libjvm.so+0xd04007]  invoke(InstanceKlass*, methodHandle const&, Handle, bool, objArrayHandle, BasicType, objArrayHandle, bool, Thread*) [clone .constprop.0]+0x567
V  [libjvm.so+0xd04fa4]  Reflection::invoke_method(oopDesc*, Handle, objArrayHandle, Thread*)+0x164
V  [libjvm.so+0x9888f3]  JVM_InvokeMethod+0x233
J 2777  jdk.internal.reflect.NativeMethodAccessorImpl.invoke0(Ljava/lang/reflect/Method;Ljava/lang/Object;[Ljava/lang/Object;)Ljava/lang/Object; java.base@11.0.13 (0 bytes) @ 0x00007f558131c1c0 [0x00007f558131c0c0+0x0000000000000100]
J 2776 c1 jdk.internal.reflect.NativeMethodAccessorImpl.invoke(Ljava/lang/Object;[Ljava/lang/Object;)Ljava/lang/Object; java.base@11.0.13 (104 bytes) @ 0x00007f558131d25c [0x00007f558131cea0+0x00000000000003bc]
J 2253 c1 jdk.internal.reflect.DelegatingMethodAccessorImpl.invoke(Ljava/lang/Object;[Ljava/lang/Object;)Ljava/lang/Object; java.base@11.0.13 (10 bytes) @ 0x00007f5581234c24 [0x00007f5581234bc0+0x0000000000000064]
J 2256 c1 java.lang.reflect.Method.invoke(Ljava/lang/Object;[Ljava/lang/Object;)Ljava/lang/Object; java.base@11.0.13 (65 bytes) @ 0x00007f5581235804 [0x00007f55812356e0+0x0000000000000124]
j  org.springframework.boot.devtools.restart.RestartLauncher.run()V+42
v  ~StubRoutines::call_stub
V  [libjvm.so+0x8c3d8b]  JavaCalls::call_helper(JavaValue*, methodHandle const&, JavaCallArguments*, Thread*)+0x3bb
V  [libjvm.so+0x8c2146]  JavaCalls::call_virtual(JavaValue*, Handle, Klass*, Symbol*, Symbol*, Thread*)+0x1a6
V  [libjvm.so+0x97bdb2]  thread_entry(JavaThread*, Thread*)+0xb2
V  [libjvm.so+0xe90ffe]  JavaThread::thread_main_inner()+0x26e
V  [libjvm.so+0xe8d20f]  Thread::call_run()+0x14f
V  [libjvm.so+0xc68a56]  thread_native_entry(Thread*)+0xf6

Java frames: (J=compiled Java code, j=interpreted, Vv=VM code)
j  org.springframework.context.annotation.ClassPathBeanDefinitionScanner.<init>(Lorg/springframework/beans/factory/support/BeanDefinitionRegistry;)V+3
j  org.springframework.boot.web.servlet.context.AnnotationConfigServletWebServerApplicationContext.<init>()V+33
j  org.springframework.boot.ApplicationContextFactory.lambda$static$0(Lorg/springframework/boot/WebApplicationType;)Lorg/springframework/context/ConfigurableApplicationContext;+40
j  org.springframework.boot.ApplicationContextFactory$$Lambda$114.create(Lorg/springframework/boot/WebApplicationType;)Lorg/springframework/context/ConfigurableApplicationContext;+1
j  org.springframework.boot.SpringApplication.createApplicationContext()Lorg/springframework/context/ConfigurableApplicationContext;+8
j  org.springframework.boot.SpringApplication.run([Ljava/lang/String;)Lorg/springframework/context/ConfigurableApplicationContext;+77
j  org.springframework.boot.SpringApplication.run([Ljava/lang/Class;[Ljava/lang/String;)Lorg/springframework/context/ConfigurableApplicationContext;+9
j  org.springframework.boot.SpringApplication.run(Ljava/lang/Class;[Ljava/lang/String;)Lorg/springframework/context/ConfigurableApplicationContext;+9
j  com.ascii274.practicas.Application.main([Ljava/lang/String;)V+3
v  ~StubRoutines::call_stub
J 2777  jdk.internal.reflect.NativeMethodAccessorImpl.invoke0(Ljava/lang/reflect/Method;Ljava/lang/Object;[Ljava/lang/Object;)Ljava/lang/Object; java.base@11.0.13 (0 bytes) @ 0x00007f558131c147 [0x00007f558131c0c0+0x0000000000000087]
J 2776 c1 jdk.internal.reflect.NativeMethodAccessorImpl.invoke(Ljava/lang/Object;[Ljava/lang/Object;)Ljava/lang/Object; java.base@11.0.13 (104 bytes) @ 0x00007f558131d25c [0x00007f558131cea0+0x00000000000003bc]
J 2253 c1 jdk.internal.reflect.DelegatingMethodAccessorImpl.invoke(Ljava/lang/Object;[Ljava/lang/Object;)Ljava/lang/Object; java.base@11.0.13 (10 bytes) @ 0x00007f5581234c24 [0x00007f5581234bc0+0x0000000000000064]
J 2256 c1 java.lang.reflect.Method.invoke(Ljava/lang/Object;[Ljava/lang/Object;)Ljava/lang/Object; java.base@11.0.13 (65 bytes) @ 0x00007f5581235804 [0x00007f55812356e0+0x0000000000000124]
j  org.springframework.boot.devtools.restart.RestartLauncher.run()V+42
v  ~StubRoutines::call_stub

siginfo: si_signo: 11 (SIGSEGV), si_code: 1 (SEGV_MAPERR), si_addr: 0x0000000000000006

Register to memory mapping:

RAX=0x00007f559faf0f40: <offset 0x00000000011d1f40> in /usr/lib/jvm/java-11-openjdk-11.0.13.0.8-1.fc34.x86_64/lib/server/libjvm.so at 0x00007f559e91f000
RBX=0x00007f554d3b6ab0 is pointing into the stack for thread: 0x00007f5504002000
RCX=0x0000000000000006 is an unknown value
RDX=0x0 is NULL
RSP=0x00007f554d3b6a80 is pointing into the stack for thread: 0x00007f5504002000
RBP=0x00007f554d3b6aa0 is pointing into the stack for thread: 0x00007f5504002000
RSI=0x0 is NULL
RDI=0x00007f554d3b6ab0 is pointing into the stack for thread: 0x00007f5504002000
R8 =0x00007f554d54da08 is pointing into metadata
R9 =0x00007f558085eb00 points into unknown readable memory: 0x000000000000035a | 5a 03 00 00 00 00 00 00
R10=0x00007f559db5a000 points into unknown readable memory: 0x0100050403020100 | 00 01 02 03 04 05 00 01
R11=0x00000000af87a2b5 is an unknown value
R12=0x00007f554d3b6b60 is pointing into the stack for thread: 0x00007f5504002000
R13=0x00007f554d3b6ab0 is pointing into the stack for thread: 0x00007f5504002000
R14=0x00007f5504002000 is a thread
R15=0x00007f554d3b6b90 is pointing into the stack for thread: 0x00007f5504002000


Registers:
RAX=0x00007f559faf0f40, RBX=0x00007f554d3b6ab0, RCX=0x0000000000000006, RDX=0x0000000000000000
RSP=0x00007f554d3b6a80, RBP=0x00007f554d3b6aa0, RSI=0x0000000000000000, RDI=0x00007f554d3b6ab0
R8 =0x00007f554d54da08, R9 =0x00007f558085eb00, R10=0x00007f559db5a000, R11=0x00000000af87a2b5
R12=0x00007f554d3b6b60, R13=0x00007f554d3b6ab0, R14=0x00007f5504002000, R15=0x00007f554d3b6b90
RIP=0x00007f559f6ef5f0, EFLAGS=0x0000000000010202, CSGSFS=0x002b000000000033, ERR=0x0000000000000004
  TRAPNO=0x000000000000000e

Top of Stack: (sp=0x00007f554d3b6a80)
0x00007f554d3b6a80:   00007f554d3b6a98 00007f54fc1fffb0
0x00007f554d3b6a90:   00007f554d3b6b60 00007f554d3b6ab0
0x00007f554d3b6aa0:   00007f554d3b6af0 00007f559f0a3535
0x00007f554d3b6ab0:   00007f559faf0f40 0000000000000000 

Instructions: (pc=0x00007f559f6ef5f0)
0x00007f559f6ef4f0:   85 c8 00 00 00 b8 02 00 00 00 66 0f 1f 44 00 00
0x00007f559f6ef500:   89 43 10 89 c2 48 83 c0 01 0f b6 74 01 05 40 80
0x00007f559f6ef510:   fe 5b 74 ec 83 c2 01 40 80 fe 4c 0f 84 7f 00 00
0x00007f559f6ef520:   00 89 53 10 48 8b 03 be 01 00 00 00 48 89 df ff
0x00007f559f6ef530:   50 50 8b 43 14 85 c0 0f 89 16 fe ff ff c7 43 18
0x00007f559f6ef540:   0d 00 00 00 8b 43 10 e9 0a fe ff ff 0f 1f 40 00
0x00007f559f6ef550:   b8 02 00 00 00 0f 1f 00 89 43 10 89 c2 48 83 c0
0x00007f559f6ef560:   01 80 7c 01 04 3b 75 f0 48 8b 03 be 01 00 00 00
0x00007f559f6ef570:   48 89 df ff 50 48 8b 53 14 85 d2 0f 89 d2 fd ff
0x00007f559f6ef580:   ff c7 43 18 0c 00 00 00 8b 43 10 e9 c6 fd ff ff
0x00007f559f6ef590:   c7 43 18 08 00 00 00 e9 ec fd ff ff 0f 1f 40 00
0x00007f559f6ef5a0:   48 63 c2 0f 1f 44 00 00 89 43 10 89 c2 48 83 c0
0x00007f559f6ef5b0:   01 80 7c 01 04 3b 75 f0 e9 67 ff ff ff ba 01 00
0x00007f559f6ef5c0:   00 00 e9 4d ff ff ff 90 0f 1f 84 00 00 00 00 00
0x00007f559f6ef5d0:   f3 0f 1e fa 55 48 89 e5 41 55 41 54 53 48 89 fb
0x00007f559f6ef5e0:   48 83 ec 08 48 8b 57 08 48 c7 47 10 00 00 00 00
0x00007f559f6ef5f0:   80 7a 06 28 0f 85 66 03 00 00 be 01 00 00 00 b8
0x00007f559f6ef600:   01 00 00 00 89 43 10 48 8d 4a 06 0f b6 54 32 06
0x00007f559f6ef610:   80 fa 29 74 73 4c 8d 2d 04 fb 22 00 4c 8d 25 f5
0x00007f559f6ef620:   fb 22 00 0f 1f 44 00 00 83 ea 42 80 fa 19 77 10
0x00007f559f6ef630:   0f b6 d2 49 63 14 94 4c 01 e2 3e ff e2 0f 1f 00
0x00007f559f6ef640:   48 8d 05 41 75 4c 00 be 6d 00 00 00 4c 89 ef 48
0x00007f559f6ef650:   8b 00 c6 00 58 e8 66 9a 8f ff e8 51 f8 e8 ff 8b
0x00007f559f6ef660:   43 14 8d 50 ff 8b 43 10 0f 1f 84 00 00 00 00 00
0x00007f559f6ef670:   89 53 14 48 8b 53 08 48 63 f0 48 8d 4a 06 0f b6
0x00007f559f6ef680:   54 32 06 80 fa 29 75 a0 83 c0 01 c7 43 14 00 00
0x00007f559f6ef690:   00 00 89 43 10 48 83 c4 08 5b 41 5c 41 5d 5d c3
0x00007f559f6ef6a0:   44 8d 40 01 49 63 d0 44 89 43 10 0f b6 34 11 40
0x00007f559f6ef6b0:   80 fe 5b 0f 85 f0 02 00 00 83 c0 02 48 98 66 90
0x00007f559f6ef6c0:   89 43 10 89 c2 48 83 c0 01 0f b6 74 01 ff 40 80
0x00007f559f6ef6d0:   fe 5b 74 ec 83 c2 01 40 80 fe 4c 0f 84 5f 02 00
0x00007f559f6ef6e0:   00 89 53 10 48 8b 03 44 89 c6 48 89 df ff 50 50 


Stack slot to memory mapping:
stack at sp + 0 slots: 0x00007f554d3b6a98 is pointing into the stack for thread: 0x00007f5504002000
stack at sp + 1 slots: 0x00007f54fc1fffb0 points into unknown readable memory: 0x0000000700000002 | 02 00 00 00 07 00 00 00
stack at sp + 2 slots: 0x00007f554d3b6b60 is pointing into the stack for thread: 0x00007f5504002000
stack at sp + 3 slots: 0x00007f554d3b6ab0 is pointing into the stack for thread: 0x00007f5504002000
stack at sp + 4 slots: 0x00007f554d3b6af0 is pointing into the stack for thread: 0x00007f5504002000
stack at sp + 5 slots: 0x00007f559f0a3535: <offset 0x0000000000784535> in /usr/lib/jvm/java-11-openjdk-11.0.13.0.8-1.fc34.x86_64/lib/server/libjvm.so at 0x00007f559e91f000
stack at sp + 6 slots: 0x00007f559faf0f40: <offset 0x00000000011d1f40> in /usr/lib/jvm/java-11-openjdk-11.0.13.0.8-1.fc34.x86_64/lib/server/libjvm.so at 0x00007f559e91f000
stack at sp + 7 slots: 0x0 is NULL


---------------  P R O C E S S  ---------------

Threads class SMR info:
_java_thread_list=0x00007f550401b320, length=27, elements={
0x00007f55980c2000, 0x00007f55980c4800, 0x00007f55980ca000, 0x00007f55980cc000,
0x00007f55980ce000, 0x00007f55980d0000, 0x00007f55980fe000, 0x00007f5598507800,
0x00007f5598510000, 0x00007f5534001800, 0x00007f5598523800, 0x00007f5528021000,
0x00007f5530001800, 0x00007f551800b800, 0x00007f5548001000, 0x00007f550c7da000,
0x00007f550c821800, 0x00007f5598019800, 0x00007f5534003000, 0x00007f5534004800,
0x00007f5534006800, 0x00007f5530003000, 0x00007f5530005000, 0x00007f5530007000,
0x00007f553000d000, 0x00007f5568118800, 0x00007f5504002000
}

Java Threads: ( => current thread )
  0x00007f55980c2000 JavaThread "Reference Handler" daemon [_thread_blocked, id=25242, stack(0x00007f559c35f000,0x00007f559c460000)]
  0x00007f55980c4800 JavaThread "Finalizer" daemon [_thread_blocked, id=25243, stack(0x00007f559c25e000,0x00007f559c35f000)]
  0x00007f55980ca000 JavaThread "Signal Dispatcher" daemon [_thread_blocked, id=25244, stack(0x00007f559c15d000,0x00007f559c25e000)]
  0x00007f55980cc000 JavaThread "Service Thread" daemon [_thread_blocked, id=25245, stack(0x00007f559c05c000,0x00007f559c15d000)]
  0x00007f55980ce000 JavaThread "C1 CompilerThread0" daemon [_thread_blocked, id=25246, stack(0x00007f55780bf000,0x00007f55781c0000)]
  0x00007f55980d0000 JavaThread "Sweeper thread" daemon [_thread_blocked, id=25247, stack(0x00007f554e9cf000,0x00007f554ead0000)]
  0x00007f55980fe000 JavaThread "Common-Cleaner" daemon [_thread_blocked, id=25248, stack(0x00007f554e8ce000,0x00007f554e9cf000)]
  0x00007f5598507800 JavaThread "RMI TCP Accept-0" daemon [_thread_in_native, id=25249, stack(0x00007f554e5cc000,0x00007f554e6cd000)]
  0x00007f5598510000 JavaThread "RMI TCP Accept-45315" daemon [_thread_in_native, id=25250, stack(0x00007f554e4cb000,0x00007f554e5cc000)]
  0x00007f5534001800 JavaThread "RMI TCP Connection(1)-127.0.0.1" daemon [_thread_in_native, id=25251, stack(0x00007f554e3ca000,0x00007f554e4cb000)]
  0x00007f5598523800 JavaThread "RMI TCP Accept-0" daemon [_thread_in_native, id=25252, stack(0x00007f554e2c9000,0x00007f554e3ca000)]
  0x00007f5528021000 JavaThread "RMI Scheduler(0)" daemon [_thread_blocked, id=25254, stack(0x00007f554e0c6000,0x00007f554e1c7000)]
  0x00007f5530001800 JavaThread "RMI TCP Connection(2)-127.0.0.1" daemon [_thread_in_native, id=25256, stack(0x00007f554dfc5000,0x00007f554e0c6000)]
  0x00007f551800b800 JavaThread "JMX server connection timeout 18" daemon [_thread_blocked, id=25257, stack(0x00007f554dec4000,0x00007f554dfc5000)]
  0x00007f5548001000 JavaThread "Attach Listener" daemon [_thread_blocked, id=25263, stack(0x00007f554d7bd000,0x00007f554d8be000)]
  0x00007f550c7da000 JavaThread "mysql-cj-abandoned-connection-cleanup" daemon [_thread_blocked, id=25282, stack(0x00007f54f7eff000,0x00007f54f8000000)]
  0x00007f550c821800 JavaThread "Live Reload Server" daemon [_thread_in_native, id=25290, stack(0x00007f54f6bfa000,0x00007f54f6cfb000)]
  0x00007f5598019800 JavaThread "DestroyJavaVM" [_thread_blocked, id=25235, stack(0x00007f559e4a0000,0x00007f559e5a1000)]
  0x00007f5534003000 JavaThread "RMI TCP Connection(3)-127.0.0.1" daemon [_thread_in_native, id=25296, stack(0x00007f554dabe000,0x00007f554dbbf000)]
  0x00007f5534004800 JavaThread "RMI TCP Connection(4)-127.0.0.1" daemon [_thread_in_native, id=25297, stack(0x00007f54f61f6000,0x00007f54f62f7000)]
  0x00007f5534006800 JavaThread "RMI TCP Connection(5)-127.0.0.1" daemon [_thread_in_native, id=25298, stack(0x00007f54f60f5000,0x00007f54f61f6000)]
  0x00007f5530003000 JavaThread "RMI TCP Connection(6)-127.0.0.1" daemon [_thread_in_native, id=25301, stack(0x00007f54f5ef3000,0x00007f54f5ff4000)]
  0x00007f5530005000 JavaThread "RMI TCP Connection(8)-127.0.0.1" daemon [_thread_in_native, id=25302, stack(0x00007f54f5df2000,0x00007f54f5ef3000)]
  0x00007f5530007000 JavaThread "RMI TCP Connection(7)-127.0.0.1" daemon [_thread_in_native, id=25303, stack(0x00007f54f5cf1000,0x00007f54f5df2000)]
  0x00007f553000d000 JavaThread "RMI TCP Connection(idle)" daemon [_thread_blocked, id=25778, stack(0x00007f54f4fe8000,0x00007f54f50e9000)]
  0x00007f5568118800 JavaThread "Thread-12" [_thread_blocked, id=26096, stack(0x00007f54f7bfe000,0x00007f54f7cff000)]
=>0x00007f5504002000 JavaThread "restartedMain" [_thread_in_vm, id=26105, stack(0x00007f554d2b8000,0x00007f554d3b9000)]

Other Threads:
  0x00007f55980bf800 VMThread "VM Thread" [stack: 0x00007f559c462000,0x00007f559c562000] [id=25241]
  0x00007f5598526000 WatcherThread [stack: 0x00007f554e1c9000,0x00007f554e2c9000] [id=25253]
  0x00007f5598031000 GCTaskThread "GC Thread#0" [stack: 0x00007f559d887000,0x00007f559d987000] [id=25236]
  0x00007f5568001000 GCTaskThread "GC Thread#1" [stack: 0x00007f554ddc4000,0x00007f554dec4000] [id=25258]
  0x00007f5568014000 GCTaskThread "GC Thread#2" [stack: 0x00007f554d6bd000,0x00007f554d7bd000] [id=25264]
  0x00007f5568015800 GCTaskThread "GC Thread#3" [stack: 0x00007f554d5bb000,0x00007f554d6bb000] [id=25265]
  0x00007f559804b800 ConcurrentGCThread "G1 Main Marker" [stack: 0x00007f559cdb4000,0x00007f559ceb4000] [id=25237]
  0x00007f559804d800 ConcurrentGCThread "G1 Conc#0" [stack: 0x00007f559ccb2000,0x00007f559cdb2000] [id=25238]
  0x00007f5598091000 ConcurrentGCThread "G1 Refine#0" [stack: 0x00007f559c7ac000,0x00007f559c8ac000] [id=25239]
  0x00007f5570001000 ConcurrentGCThread "G1 Refine#1" [stack: 0x00007f554dcc2000,0x00007f554ddc2000] [id=25259]
  0x00007f5598093000 ConcurrentGCThread "G1 Young RemSet Sampling" [stack: 0x00007f559c6aa000,0x00007f559c7aa000] [id=25240]

Threads with active compile tasks:

VM state:not at safepoint (normal execution)

VM Mutex/Monitor currently owned by a thread: None

Heap address: 0x00000000c3800000, size: 968 MB, Compressed Oops mode: 32-bit
Narrow klass base: 0x0000000800000000, Narrow klass shift: 3
Compressed class space size: 1073741824 Address: 0x0000000840000000

Heap:
 garbage-first heap   total 89088K, used 27625K [0x00000000c3800000, 0x0000000100000000)
  region size 1024K, 5 young (5120K), 0 survivors (0K)
 Metaspace       used 58693K, capacity 60837K, committed 61084K, reserved 1101824K
  class space    used 8041K, capacity 8938K, committed 8956K, reserved 1048576K
Heap Regions: E=young(eden), S=young(survivor), O=old, HS=humongous(starts), HC=humongous(continues), CS=collection set, F=free, A=archive, TAMS=top-at-mark-start (previous, next)
|   0|0x00000000c3800000, 0x00000000c3900000, 0x00000000c3900000|100%|HS|  |TAMS 0x00000000c3800000, 0x00000000c3800000| Untracked 
|   1|0x00000000c3900000, 0x00000000c39fff18, 0x00000000c3a00000| 99%| O|  |TAMS 0x00000000c3900000, 0x00000000c3900000| Untracked 
|   2|0x00000000c3a00000, 0x00000000c3afeba8, 0x00000000c3b00000| 99%| O|  |TAMS 0x00000000c3a00000, 0x00000000c3a00000| Untracked 
|   3|0x00000000c3b00000, 0x00000000c3bfffe8, 0x00000000c3c00000| 99%| O|  |TAMS 0x00000000c3b00000, 0x00000000c3b00000| Untracked 
|   4|0x00000000c3c00000, 0x00000000c3d00000, 0x00000000c3d00000|100%| O|  |TAMS 0x00000000c3c00000, 0x00000000c3c00000| Untracked 
|   5|0x00000000c3d00000, 0x00000000c3dfd2c0, 0x00000000c3e00000| 98%| O|  |TAMS 0x00000000c3d00000, 0x00000000c3d00000| Untracked 
|   6|0x00000000c3e00000, 0x00000000c3effff8, 0x00000000c3f00000| 99%| O|  |TAMS 0x00000000c3e00000, 0x00000000c3e00000| Untracked 
|   7|0x00000000c3f00000, 0x00000000c4000000, 0x00000000c4000000|100%| O|  |TAMS 0x00000000c3f00000, 0x00000000c3f00000| Untracked 
|   8|0x00000000c4000000, 0x00000000c40ffff0, 0x00000000c4100000| 99%| O|  |TAMS 0x00000000c4000000, 0x00000000c4000000| Untracked 
|   9|0x00000000c4100000, 0x00000000c41ffff8, 0x00000000c4200000| 99%| O|  |TAMS 0x00000000c4100000, 0x00000000c4100000| Untracked 
|  10|0x00000000c4200000, 0x00000000c42fff78, 0x00000000c4300000| 99%| O|  |TAMS 0x00000000c4200000, 0x00000000c4200000| Untracked 
|  11|0x00000000c4300000, 0x00000000c43ffff0, 0x00000000c4400000| 99%| O|  |TAMS 0x00000000c4300000, 0x00000000c4300000| Untracked 
|  12|0x00000000c4400000, 0x00000000c44fffa8, 0x00000000c4500000| 99%| O|  |TAMS 0x00000000c4400000, 0x00000000c4400000| Untracked 
|  13|0x00000000c4500000, 0x00000000c45fffe0, 0x00000000c4600000| 99%| O|  |TAMS 0x00000000c4500000, 0x00000000c4500000| Untracked 
|  14|0x00000000c4600000, 0x00000000c46ffff0, 0x00000000c4700000| 99%| O|  |TAMS 0x00000000c4600000, 0x00000000c4600000| Untracked 
|  15|0x00000000c4700000, 0x00000000c4800000, 0x00000000c4800000|100%| O|  |TAMS 0x00000000c4700000, 0x00000000c4700000| Untracked 
|  16|0x00000000c4800000, 0x00000000c48fffd0, 0x00000000c4900000| 99%| O|  |TAMS 0x00000000c4800000, 0x00000000c4800000| Untracked 
|  17|0x00000000c4900000, 0x00000000c4a00000, 0x00000000c4a00000|100%| O|  |TAMS 0x00000000c4900000, 0x00000000c4900000| Untracked 
|  18|0x00000000c4a00000, 0x00000000c4affff0, 0x00000000c4b00000| 99%| O|  |TAMS 0x00000000c4a00000, 0x00000000c4a00000| Untracked 
|  19|0x00000000c4b00000, 0x00000000c4bffff0, 0x00000000c4c00000| 99%| O|  |TAMS 0x00000000c4b00000, 0x00000000c4b00000| Untracked 
|  20|0x00000000c4c00000, 0x00000000c4c92f70, 0x00000000c4d00000| 57%| O|  |TAMS 0x00000000c4c00000, 0x00000000c4c00000| Untracked 
|  21|0x00000000c4d00000, 0x00000000c4d00000, 0x00000000c4e00000|  0%| F|  |TAMS 0x00000000c4d00000, 0x00000000c4d00000| Untracked 
|  22|0x00000000c4e00000, 0x00000000c4e00000, 0x00000000c4f00000|  0%| F|  |TAMS 0x00000000c4e00000, 0x00000000c4e00000| Untracked 
|  23|0x00000000c4f00000, 0x00000000c4f00000, 0x00000000c5000000|  0%| F|  |TAMS 0x00000000c4f00000, 0x00000000c4f00000| Untracked 
|  24|0x00000000c5000000, 0x00000000c5000000, 0x00000000c5100000|  0%| F|  |TAMS 0x00000000c5000000, 0x00000000c5000000| Untracked 
|  25|0x00000000c5100000, 0x00000000c5100000, 0x00000000c5200000|  0%| F|  |TAMS 0x00000000c5100000, 0x00000000c5100000| Untracked 
|  26|0x00000000c5200000, 0x00000000c5200000, 0x00000000c5300000|  0%| F|  |TAMS 0x00000000c5200000, 0x00000000c5200000| Untracked 
|  27|0x00000000c5300000, 0x00000000c5300000, 0x00000000c5400000|  0%| F|  |TAMS 0x00000000c5300000, 0x00000000c5300000| Untracked 
|  28|0x00000000c5400000, 0x00000000c5400000, 0x00000000c5500000|  0%| F|  |TAMS 0x00000000c5400000, 0x00000000c5400000| Untracked 
|  29|0x00000000c5500000, 0x00000000c5500000, 0x00000000c5600000|  0%| F|  |TAMS 0x00000000c5500000, 0x00000000c5500000| Untracked 
|  30|0x00000000c5600000, 0x00000000c5600000, 0x00000000c5700000|  0%| F|  |TAMS 0x00000000c5600000, 0x00000000c5600000| Untracked 
|  31|0x00000000c5700000, 0x00000000c577e200, 0x00000000c5800000| 49%| O|  |TAMS 0x00000000c5700000, 0x00000000c5700000| Untracked 
|  32|0x00000000c5800000, 0x00000000c5800000, 0x00000000c5900000|  0%| F|  |TAMS 0x00000000c5800000, 0x00000000c5800000| Untracked 
|  33|0x00000000c5900000, 0x00000000c59ffff8, 0x00000000c5a00000| 99%| O|  |TAMS 0x00000000c5900000, 0x00000000c5900000| Untracked 
|  34|0x00000000c5a00000, 0x00000000c5a3b9c0, 0x00000000c5b00000| 23%| O|  |TAMS 0x00000000c5a00000, 0x00000000c5a00000| Untracked 
|  35|0x00000000c5b00000, 0x00000000c5b00000, 0x00000000c5c00000|  0%| F|  |TAMS 0x00000000c5b00000, 0x00000000c5b00000| Untracked 
|  36|0x00000000c5c00000, 0x00000000c5c00000, 0x00000000c5d00000|  0%| F|  |TAMS 0x00000000c5c00000, 0x00000000c5c00000| Untracked 
|  37|0x00000000c5d00000, 0x00000000c5d00000, 0x00000000c5e00000|  0%| F|  |TAMS 0x00000000c5d00000, 0x00000000c5d00000| Untracked 
|  38|0x00000000c5e00000, 0x00000000c5e00000, 0x00000000c5f00000|  0%| F|  |TAMS 0x00000000c5e00000, 0x00000000c5e00000| Untracked 
|  39|0x00000000c5f00000, 0x00000000c5f00000, 0x00000000c6000000|  0%| F|  |TAMS 0x00000000c5f00000, 0x00000000c5f00000| Untracked 
|  40|0x00000000c6000000, 0x00000000c6000000, 0x00000000c6100000|  0%| F|  |TAMS 0x00000000c6000000, 0x00000000c6000000| Untracked 
|  41|0x00000000c6100000, 0x00000000c6100000, 0x00000000c6200000|  0%| F|  |TAMS 0x00000000c6100000, 0x00000000c6100000| Untracked 
|  42|0x00000000c6200000, 0x00000000c6200000, 0x00000000c6300000|  0%| F|  |TAMS 0x00000000c6200000, 0x00000000c6200000| Untracked 
|  43|0x00000000c6300000, 0x00000000c6300000, 0x00000000c6400000|  0%| F|  |TAMS 0x00000000c6300000, 0x00000000c6300000| Untracked 
|  44|0x00000000c6400000, 0x00000000c6400000, 0x00000000c6500000|  0%| F|  |TAMS 0x00000000c6400000, 0x00000000c6400000| Untracked 
|  45|0x00000000c6500000, 0x00000000c6500000, 0x00000000c6600000|  0%| F|  |TAMS 0x00000000c6500000, 0x00000000c6500000| Untracked 
|  46|0x00000000c6600000, 0x00000000c6600000, 0x00000000c6700000|  0%| F|  |TAMS 0x00000000c6600000, 0x00000000c6600000| Untracked 
|  47|0x00000000c6700000, 0x00000000c6700000, 0x00000000c6800000|  0%| F|  |TAMS 0x00000000c6700000, 0x00000000c6700000| Untracked 
|  48|0x00000000c6800000, 0x00000000c6800000, 0x00000000c6900000|  0%| F|  |TAMS 0x00000000c6800000, 0x00000000c6800000| Untracked 
|  49|0x00000000c6900000, 0x00000000c6900000, 0x00000000c6a00000|  0%| F|  |TAMS 0x00000000c6900000, 0x00000000c6900000| Untracked 
|  50|0x00000000c6a00000, 0x00000000c6a00000, 0x00000000c6b00000|  0%| F|  |TAMS 0x00000000c6a00000, 0x00000000c6a00000| Untracked 
|  51|0x00000000c6b00000, 0x00000000c6b00000, 0x00000000c6c00000|  0%| F|  |TAMS 0x00000000c6b00000, 0x00000000c6b00000| Untracked 
|  52|0x00000000c6c00000, 0x00000000c6c00000, 0x00000000c6d00000|  0%| F|  |TAMS 0x00000000c6c00000, 0x00000000c6c00000| Untracked 
|  53|0x00000000c6d00000, 0x00000000c6d00000, 0x00000000c6e00000|  0%| F|  |TAMS 0x00000000c6d00000, 0x00000000c6d00000| Untracked 
|  54|0x00000000c6e00000, 0x00000000c6e00000, 0x00000000c6f00000|  0%| F|  |TAMS 0x00000000c6e00000, 0x00000000c6e00000| Untracked 
|  55|0x00000000c6f00000, 0x00000000c6f00000, 0x00000000c7000000|  0%| F|  |TAMS 0x00000000c6f00000, 0x00000000c6f00000| Untracked 
|  56|0x00000000c7000000, 0x00000000c7000000, 0x00000000c7100000|  0%| F|  |TAMS 0x00000000c7000000, 0x00000000c7000000| Untracked 
|  57|0x00000000c7100000, 0x00000000c7100000, 0x00000000c7200000|  0%| F|  |TAMS 0x00000000c7100000, 0x00000000c7100000| Untracked 
|  58|0x00000000c7200000, 0x00000000c7200000, 0x00000000c7300000|  0%| F|  |TAMS 0x00000000c7200000, 0x00000000c7200000| Untracked 
|  59|0x00000000c7300000, 0x00000000c7300000, 0x00000000c7400000|  0%| F|  |TAMS 0x00000000c7300000, 0x00000000c7300000| Untracked 
|  60|0x00000000c7400000, 0x00000000c7400000, 0x00000000c7500000|  0%| F|  |TAMS 0x00000000c7400000, 0x00000000c7400000| Untracked 
|  61|0x00000000c7500000, 0x00000000c7500000, 0x00000000c7600000|  0%| F|  |TAMS 0x00000000c7500000, 0x00000000c7500000| Untracked 
|  62|0x00000000c7600000, 0x00000000c7600000, 0x00000000c7700000|  0%| F|  |TAMS 0x00000000c7600000, 0x00000000c7600000| Untracked 
|  63|0x00000000c7700000, 0x00000000c7700000, 0x00000000c7800000|  0%| F|  |TAMS 0x00000000c7700000, 0x00000000c7700000| Untracked 
|  64|0x00000000c7800000, 0x00000000c7800000, 0x00000000c7900000|  0%| F|  |TAMS 0x00000000c7800000, 0x00000000c7800000| Untracked 
|  65|0x00000000c7900000, 0x00000000c7900000, 0x00000000c7a00000|  0%| F|  |TAMS 0x00000000c7900000, 0x00000000c7900000| Untracked 
|  66|0x00000000c7a00000, 0x00000000c7a00000, 0x00000000c7b00000|  0%| F|  |TAMS 0x00000000c7a00000, 0x00000000c7a00000| Untracked 
|  67|0x00000000c7b00000, 0x00000000c7b00000, 0x00000000c7c00000|  0%| F|  |TAMS 0x00000000c7b00000, 0x00000000c7b00000| Untracked 
|  68|0x00000000c7c00000, 0x00000000c7c00000, 0x00000000c7d00000|  0%| F|  |TAMS 0x00000000c7c00000, 0x00000000c7c00000| Untracked 
|  69|0x00000000c7d00000, 0x00000000c7d00000, 0x00000000c7e00000|  0%| F|  |TAMS 0x00000000c7d00000, 0x00000000c7d00000| Untracked 
|  70|0x00000000c7e00000, 0x00000000c7e00000, 0x00000000c7f00000|  0%| F|  |TAMS 0x00000000c7e00000, 0x00000000c7e00000| Untracked 
|  71|0x00000000c7f00000, 0x00000000c7f00000, 0x00000000c8000000|  0%| F|  |TAMS 0x00000000c7f00000, 0x00000000c7f00000| Untracked 
|  72|0x00000000c8000000, 0x00000000c8000000, 0x00000000c8100000|  0%| F|  |TAMS 0x00000000c8000000, 0x00000000c8000000| Untracked 
|  73|0x00000000c8100000, 0x00000000c8100000, 0x00000000c8200000|  0%| F|  |TAMS 0x00000000c8100000, 0x00000000c8100000| Untracked 
|  74|0x00000000c8200000, 0x00000000c8200000, 0x00000000c8300000|  0%| F|  |TAMS 0x00000000c8200000, 0x00000000c8200000| Untracked 
|  75|0x00000000c8300000, 0x00000000c8300000, 0x00000000c8400000|  0%| F|  |TAMS 0x00000000c8300000, 0x00000000c8300000| Untracked 
|  76|0x00000000c8400000, 0x00000000c8400000, 0x00000000c8500000|  0%| F|  |TAMS 0x00000000c8400000, 0x00000000c8400000| Untracked 
|  77|0x00000000c8500000, 0x00000000c8500000, 0x00000000c8600000|  0%| F|  |TAMS 0x00000000c8500000, 0x00000000c8500000| Untracked 
|  78|0x00000000c8600000, 0x00000000c8600000, 0x00000000c8700000|  0%| F|  |TAMS 0x00000000c8600000, 0x00000000c8600000| Untracked 
|  79|0x00000000c8700000, 0x00000000c8700000, 0x00000000c8800000|  0%| F|  |TAMS 0x00000000c8700000, 0x00000000c8700000| Untracked 
|  80|0x00000000c8800000, 0x00000000c8878050, 0x00000000c8900000| 46%| E|  |TAMS 0x00000000c8800000, 0x00000000c8800000| Complete 
|  81|0x00000000c8900000, 0x00000000c8a00000, 0x00000000c8a00000|100%| E|CS|TAMS 0x00000000c8900000, 0x00000000c8900000| Complete 
|  82|0x00000000c8a00000, 0x00000000c8b00000, 0x00000000c8b00000|100%| E|CS|TAMS 0x00000000c8a00000, 0x00000000c8a00000| Complete 
|  83|0x00000000c8b00000, 0x00000000c8c00000, 0x00000000c8c00000|100%| E|CS|TAMS 0x00000000c8b00000, 0x00000000c8b00000| Complete 
|  84|0x00000000c8c00000, 0x00000000c8d00000, 0x00000000c8d00000|100%| E|CS|TAMS 0x00000000c8c00000, 0x00000000c8c00000| Complete 
| 966|0x00000000ffe00000, 0x00000000ffe47000, 0x00000000fff00000| 27%|OA|  |TAMS 0x00000000ffe47000, 0x00000000ffe00000| Untracked 
| 967|0x00000000fff00000, 0x00000000fff6b000, 0x0000000100000000| 41%|CA|  |TAMS 0x00000000fff6b000, 0x00000000fff00000| Untracked 

Card table byte_map: [0x00007f559d0b9000,0x00007f559d29d000] _byte_map_base: 0x00007f559ca9d000

Marking Bits (Prev, Next): (CMBitMap*) 0x00007f5598046ff0, (CMBitMap*) 0x00007f5598046fb8
 Prev Bits: [0x00007f557a1c0000, 0x00007f557b0e0000)
 Next Bits: [0x00007f557b0e0000, 0x00007f557c000000)

Polling page: 0x00007f559e464000

Metaspace:

Usage:
  Non-class:     50,68 MB capacity,    49,47 MB ( 98%) used,  1009,80 KB (  2%) free+waste,   236,94 KB ( <1%) overhead. 
      Class:      8,73 MB capacity,     7,85 MB ( 90%) used,   778,30 KB (  9%) free+waste,   118,38 KB (  1%) overhead. 
       Both:     59,41 MB capacity,    57,32 MB ( 96%) used,     1,75 MB (  3%) free+waste,   355,31 KB ( <1%) overhead. 

Virtual space:
  Non-class space:       52,00 MB reserved,      50,91 MB ( 98%) committed 
      Class space:        1,00 GB reserved,       8,75 MB ( <1%) committed 
             Both:        1,05 GB reserved,      59,65 MB (  6%) committed 

Chunk freelists:
   Non-Class:  1,00 KB
       Class:  0 bytes
        Both:  1,00 KB

MaxMetaspaceSize: unlimited
CompressedClassSpaceSize: 1,00 GB
Initial GC threshold: 20,80 MB
Current GC threshold: 99,42 MB
CDS: on

CodeHeap 'non-profiled nmethods': size=238948Kb used=10857Kb max_used=10857Kb free=228090Kb
 bounds [0x00007f5580efd000, 0x00007f558199d000, 0x00007f558f856000]
CodeHeap 'non-nmethods': size=6812Kb used=1289Kb max_used=1289Kb free=5522Kb
 bounds [0x00007f5580856000, 0x00007f5580ac6000, 0x00007f5580efd000]
 total_blobs=7135 nmethods=6543 adapters=519
 compilation: enabled
              stopped_count=0, restarted_count=0
 full_count=0

Compilation events (20 events):
Event: 527,595 Thread 0x00007f55980ce000 6536       1       java.util.Spliterators$ArraySpliterator::forEachRemaining (68 bytes)
Event: 527,596 Thread 0x00007f55980ce000 nmethod 6536 0x00007f5581994810 code [0x00007f55819949e0, 0x00007f5581994c30]
Event: 527,596 Thread 0x00007f55980ce000 6535       1       org.springframework.core.io.FileUrlResource::getFile (23 bytes)
Event: 527,596 Thread 0x00007f55980ce000 nmethod 6535 0x00007f5581994d90 code [0x00007f5581994f80, 0x00007f55819951d0]
Event: 527,598 Thread 0x00007f55980ce000 6537       1       org.springframework.core.log.LogMessage::format (10 bytes)
Event: 527,598 Thread 0x00007f55980ce000 nmethod 6537 0x00007f5581995390 code [0x00007f5581995560, 0x00007f5581995800]
Event: 527,598 Thread 0x00007f55980ce000 6538       1       org.springframework.core.log.LogMessage$FormatMessage1::<init> (11 bytes)
Event: 527,599 Thread 0x00007f55980ce000 nmethod 6538 0x00007f5581995910 code [0x00007f5581995ae0, 0x00007f5581995d40]
Event: 527,601 Thread 0x00007f55980ce000 6539       1       org.springframework.boot.devtools.system.DevToolsEnablementDeducer::isSkippedStackElement (46 bytes)
Event: 527,602 Thread 0x00007f55980ce000 nmethod 6539 0x00007f5581995e10 code [0x00007f5581996000, 0x00007f5581996310]
Event: 527,602 Thread 0x00007f55980ce000 6540       1       org.springframework.boot.logging.DeferredLog::logTo (102 bytes)
Event: 527,602 Thread 0x00007f55980ce000 nmethod 6540 0x00007f5581996510 code [0x00007f5581996720, 0x00007f5581996950]
Event: 527,665 Thread 0x00007f55980ce000 6541       1       java.util.HashMap::<init> (17 bytes)
Event: 527,665 Thread 0x00007f55980ce000 nmethod 6541 0x00007f5581996b10 code [0x00007f5581996cc0, 0x00007f5581996dc0]
Event: 527,668 Thread 0x00007f55980ce000 6542       1       ch.qos.logback.core.pattern.parser.Token::getValue (5 bytes)
Event: 527,668 Thread 0x00007f55980ce000 nmethod 6542 0x00007f5581996e90 code [0x00007f5581997040, 0x00007f5581997110]
Event: 527,674 Thread 0x00007f55980ce000 6543       1       org.springframework.boot.context.properties.source.FilteredConfigurationPropertiesSource::getSource (5 bytes)
Event: 527,674 Thread 0x00007f55980ce000 nmethod 6543 0x00007f5581997190 code [0x00007f5581997340, 0x00007f5581997410]
Event: 527,674 Thread 0x00007f55980ce000 6544       1       org.springframework.boot.context.properties.source.FilteredConfigurationPropertiesSource::getFilter (5 bytes)
Event: 527,674 Thread 0x00007f55980ce000 nmethod 6544 0x00007f5581997490 code [0x00007f5581997640, 0x00007f5581997710]

GC Heap History (20 events):
Event: 5,021 GC heap before
{Heap before GC invocations=11 (full 0):
 garbage-first heap   total 103424K, used 71237K [0x00000000c3800000, 0x0000000100000000)
  region size 1024K, 60 young (61440K), 6 survivors (6144K)
 Metaspace       used 33346K, capacity 34748K, committed 35068K, reserved 1079296K
  class space    used 4450K, capacity 5011K, committed 5116K, reserved 1048576K
}
Event: 5,033 GC heap after
{Heap after GC invocations=12 (full 0):
 garbage-first heap   total 103424K, used 18640K [0x00000000c3800000, 0x0000000100000000)
  region size 1024K, 5 young (5120K), 5 survivors (5120K)
 Metaspace       used 33346K, capacity 34748K, committed 35068K, reserved 1079296K
  class space    used 4450K, capacity 5011K, committed 5116K, reserved 1048576K
}
Event: 5,138 GC heap before
{Heap before GC invocations=12 (full 0):
 garbage-first heap   total 103424K, used 22736K [0x00000000c3800000, 0x0000000100000000)
  region size 1024K, 10 young (10240K), 5 survivors (5120K)
 Metaspace       used 34469K, capacity 35854K, committed 36048K, reserved 1081344K
  class space    used 4540K, capacity 5081K, committed 5116K, reserved 1048576K
}
Event: 5,179 GC heap after
{Heap after GC invocations=13 (full 0):
 garbage-first heap   total 103424K, used 19393K [0x00000000c3800000, 0x0000000100000000)
  region size 1024K, 3 young (3072K), 3 survivors (3072K)
 Metaspace       used 34469K, capacity 35854K, committed 36048K, reserved 1081344K
  class space    used 4540K, capacity 5081K, committed 5116K, reserved 1048576K
}
Event: 5,945 GC heap before
{Heap before GC invocations=14 (full 0):
 garbage-first heap   total 103424K, used 71617K [0x00000000c3800000, 0x0000000100000000)
  region size 1024K, 54 young (55296K), 3 survivors (3072K)
 Metaspace       used 42964K, capacity 44388K, committed 44828K, reserved 1087488K
  class space    used 5852K, capacity 6431K, committed 6524K, reserved 1048576K
}
Event: 5,951 GC heap after
{Heap after GC invocations=15 (full 0):
 garbage-first heap   total 144384K, used 20817K [0x00000000c3800000, 0x0000000100000000)
  region size 1024K, 4 young (4096K), 4 survivors (4096K)
 Metaspace       used 42964K, capacity 44388K, committed 44828K, reserved 1087488K
  class space    used 5852K, capacity 6431K, committed 6524K, reserved 1048576K
}
Event: 7,307 GC heap before
{Heap before GC invocations=16 (full 0):
 garbage-first heap   total 144384K, used 98641K [0x00000000c3800000, 0x0000000100000000)
  region size 1024K, 80 young (81920K), 4 survivors (4096K)
 Metaspace       used 50712K, capacity 52458K, committed 52764K, reserved 1093632K
  class space    used 7040K, capacity 7761K, committed 7804K, reserved 1048576K
}
Event: 7,315 GC heap after
{Heap after GC invocations=17 (full 0):
 garbage-first heap   total 144384K, used 24827K [0x00000000c3800000, 0x0000000100000000)
  region size 1024K, 8 young (8192K), 8 survivors (8192K)
 Metaspace       used 50712K, capacity 52458K, committed 52764K, reserved 1093632K
  class space    used 7040K, capacity 7761K, committed 7804K, reserved 1048576K
}
Event: 91,090 GC heap before
{Heap before GC invocations=17 (full 0):
 garbage-first heap   total 144384K, used 82171K [0x00000000c3800000, 0x0000000100000000)
  region size 1024K, 65 young (66560K), 8 survivors (8192K)
 Metaspace       used 57972K, capacity 60051K, committed 60444K, reserved 1101824K
  class space    used 7950K, capacity 8792K, committed 8828K, reserved 1048576K
}
Event: 91,489 GC heap after
{Heap after GC invocations=18 (full 1):
 garbage-first heap   total 89088K, used 23160K [0x00000000c3800000, 0x0000000100000000)
  region size 1024K, 0 young (0K), 0 survivors (0K)
 Metaspace       used 57954K, capacity 60023K, committed 60444K, reserved 1101824K
  class space    used 7946K, capacity 8784K, committed 8828K, reserved 1048576K
}
Event: 91,919 GC heap before
{Heap before GC invocations=18 (full 1):
 garbage-first heap   total 89088K, used 65144K [0x00000000c3800000, 0x0000000100000000)
  region size 1024K, 41 young (41984K), 0 survivors (0K)
 Metaspace       used 58024K, capacity 60141K, committed 60444K, reserved 1101824K
  class space    used 7958K, capacity 8800K, committed 8828K, reserved 1048576K
}
Event: 91,925 GC heap after
{Heap after GC invocations=19 (full 1):
 garbage-first heap   total 89088K, used 26232K [0x00000000c3800000, 0x0000000100000000)
  region size 1024K, 3 young (3072K), 3 survivors (3072K)
 Metaspace       used 58024K, capacity 60141K, committed 60444K, reserved 1101824K
  class space    used 7958K, capacity 8800K, committed 8828K, reserved 1048576K
}
Event: 284,035 GC heap before
{Heap before GC invocations=19 (full 1):
 garbage-first heap   total 89088K, used 65144K [0x00000000c3800000, 0x0000000100000000)
  region size 1024K, 42 young (43008K), 3 survivors (3072K)
 Metaspace       used 58228K, capacity 60349K, committed 60572K, reserved 1101824K
  class space    used 7976K, capacity 8846K, committed 8956K, reserved 1048576K
}
Event: 284,122 GC heap after
{Heap after GC invocations=20 (full 1):
 garbage-first heap   total 89088K, used 28448K [0x00000000c3800000, 0x0000000100000000)
  region size 1024K, 6 young (6144K), 6 survivors (6144K)
 Metaspace       used 58228K, capacity 60349K, committed 60572K, reserved 1101824K
  class space    used 7976K, capacity 8846K, committed 8956K, reserved 1048576K
}
Event: 380,540 GC heap before
{Heap before GC invocations=20 (full 1):
 garbage-first heap   total 89088K, used 35616K [0x00000000c3800000, 0x0000000100000000)
  region size 1024K, 14 young (14336K), 6 survivors (6144K)
 Metaspace       used 58492K, capacity 60596K, committed 60828K, reserved 1101824K
  class space    used 8018K, capacity 8885K, committed 8956K, reserved 1048576K
}
Event: 380,845 GC heap after
{Heap after GC invocations=21 (full 2):
 garbage-first heap   total 89088K, used 23703K [0x00000000c3800000, 0x0000000100000000)
  region size 1024K, 0 young (0K), 0 survivors (0K)
 Metaspace       used 58485K, capacity 60584K, committed 60828K, reserved 1101824K
  class space    used 8017K, capacity 8882K, committed 8956K, reserved 1048576K
}
Event: 381,307 GC heap before
{Heap before GC invocations=21 (full 2):
 garbage-first heap   total 89088K, used 64663K [0x00000000c3800000, 0x0000000100000000)
  region size 1024K, 41 young (41984K), 0 survivors (0K)
 Metaspace       used 58544K, capacity 60687K, committed 60828K, reserved 1101824K
  class space    used 8026K, capacity 8894K, committed 8956K, reserved 1048576K
}
Event: 381,312 GC heap after
{Heap after GC invocations=22 (full 2):
 garbage-first heap   total 89088K, used 26545K [0x00000000c3800000, 0x0000000100000000)
  region size 1024K, 3 young (3072K), 3 survivors (3072K)
 Metaspace       used 58544K, capacity 60687K, committed 60828K, reserved 1101824K
  class space    used 8026K, capacity 8894K, committed 8956K, reserved 1048576K
}
Event: 523,734 GC heap before
{Heap before GC invocations=22 (full 2):
 garbage-first heap   total 89088K, used 62385K [0x00000000c3800000, 0x0000000100000000)
  region size 1024K, 40 young (40960K), 3 survivors (3072K)
 Metaspace       used 58694K, capacity 60837K, committed 61084K, reserved 1101824K
  class space    used 8041K, capacity 8938K, committed 8956K, reserved 1048576K
}
Event: 527,079 GC heap after
{Heap after GC invocations=23 (full 3):
 garbage-first heap   total 89088K, used 23529K [0x00000000c3800000, 0x0000000100000000)
  region size 1024K, 0 young (0K), 0 survivors (0K)
 Metaspace       used 58688K, capacity 60825K, committed 61084K, reserved 1101824K
  class space    used 8040K, capacity 8935K, committed 8956K, reserved 1048576K
}

Deoptimization events (6 events):
Event: 3,170 Thread 0x00007f5508007800 DEOPT PACKING pc=0x00007f5581222e14 sp=0x00007f554dbbb7c0
Event: 3,170 Thread 0x00007f5508007800 DEOPT UNPACKING pc=0x00007f55808a064a sp=0x00007f554dbbad48 mode 0
Event: 4,864 Thread 0x00007f5508007800 DEOPT PACKING pc=0x00007f55810903bc sp=0x00007f554dbb8690
Event: 4,864 Thread 0x00007f5508007800 DEOPT UNPACKING pc=0x00007f55808a064a sp=0x00007f554dbb7bc8 mode 0
Event: 6,799 Thread 0x00007f5508007800 DEOPT PACKING pc=0x00007f55811f9625 sp=0x00007f554dbb69e0
Event: 6,799 Thread 0x00007f5508007800 DEOPT UNPACKING pc=0x00007f55808a064a sp=0x00007f554dbb5f08 mode 3

Classes redefined (0 events):
No events

Internal exceptions (20 events):
Event: 381,168 Thread 0x00007f553c005000 Exception <a 'java/lang/NoClassDefFoundError'{0x00000000c6a752f8}: org/quartz/Scheduler> (0x00000000c6a752f8) thrown at [src/hotspot/share/oops/constantPool.cpp, line 775]
Event: 381,168 Thread 0x00007f553c005000 Exception <a 'java/lang/NoClassDefFoundError'{0x00000000c6a75630}: org/springframework/session/jdbc/JdbcIndexedSessionRepository> (0x00000000c6a75630) thrown at [src/hotspot/share/oops/constantPool.cpp, line 775]
Event: 381,277 Thread 0x00007f553c005000 Exception <a 'java/io/FileNotFoundException'{0x00000000c6651f30}> (0x00000000c6651f30) thrown at [src/hotspot/share/prims/jni.cpp, line 616]
Event: 381,299 Thread 0x00007f553c005000 Exception <a 'java/io/FileNotFoundException'{0x00000000c642fc10}> (0x00000000c642fc10) thrown at [src/hotspot/share/prims/jni.cpp, line 616]
Event: 381,397 Thread 0x00007f553c005000 Exception <a 'java/lang/ClassNotFoundException'{0x00000000c83e7168}: java/lang/ObjectCustomizer> (0x00000000c83e7168) thrown at [src/hotspot/share/classfile/systemDictionary.cpp, line 231]
Event: 381,397 Thread 0x00007f553c005000 Exception <a 'java/lang/ClassNotFoundException'{0x00000000c83fcac8}: com/ascii274/practicas/models/PartidaCustomizer> (0x00000000c83fcac8) thrown at [src/hotspot/share/classfile/systemDictionary.cpp, line 231]
Event: 381,411 Thread 0x00007f553c005000 Exception <a 'java/lang/ClassNotFoundException'{0x00000000c82f9d68}: java/lang/ObjectCustomizer> (0x00000000c82f9d68) thrown at [src/hotspot/share/classfile/systemDictionary.cpp, line 231]
Event: 381,412 Thread 0x00007f553c005000 Exception <a 'java/lang/ClassNotFoundException'{0x00000000c810fc28}: com/ascii274/practicas/models/JugadorCustomizer> (0x00000000c810fc28) thrown at [src/hotspot/share/classfile/systemDictionary.cpp, line 231]
Event: 381,458 Thread 0x00007f553c005000 Exception <a 'java/lang/ClassNotFoundException'{0x00000000c7d24260}: java/lang/ObjectCustomizer> (0x00000000c7d24260) thrown at [src/hotspot/share/classfile/systemDictionary.cpp, line 231]
Event: 381,458 Thread 0x00007f553c005000 Exception <a 'java/lang/ClassNotFoundException'{0x00000000c7d3ee90}: org/springframework/security/config/annotation/web/configuration/WebSecurityConfigurerAdapterCustomizer> (0x00000000c7d3ee90) thrown at [src/hotspot/share/classfile/systemDictionary.cpp, line 231]
Event: 381,459 Thread 0x00007f553c005000 Exception <a 'java/lang/ClassNotFoundException'{0x00000000c7d5aa98}: com/ascii274/practicas/Application$WebSecurtiyConfigCustomizer> (0x00000000c7d5aa98) thrown at [src/hotspot/share/classfile/systemDictionary.cpp, line 231]
Event: 381,459 Thread 0x00007f553c005000 Exception <a 'java/lang/ClassNotFoundException'{0x00000000c7d75360}: com/ascii274/practicas/Application$WebSecurtiyConfig$$EnhancerBySpringCGLIB$$77aa6d2eCustomizer> (0x00000000c7d75360) thrown at [src/hotspot/share/classfile/systemDictionary.cpp, line 231]
Event: 381,460 Thread 0x00007f553c005000 Exception <a 'java/lang/ClassNotFoundException'{0x00000000c7d98780}: org/springframework/context/annotation/ConfigurationClassEnhancer$EnhancedConfigurationCustomizer> (0x00000000c7d98780) thrown at [src/hotspot/share/classfile/systemDictionary.cpp, line 231]
Event: 381,460 Thread 0x00007f553c005000 Exception <a 'java/lang/ClassNotFoundException'{0x00000000c7daabb8}: org/springframework/beans/factory/BeanFactoryAwareCustomizer> (0x00000000c7daabb8) thrown at [src/hotspot/share/classfile/systemDictionary.cpp, line 231]
Event: 381,460 Thread 0x00007f553c005000 Exception <a 'java/lang/ClassNotFoundException'{0x00000000c7dbc808}: org/springframework/beans/factory/AwareCustomizer> (0x00000000c7dbc808) thrown at [src/hotspot/share/classfile/systemDictionary.cpp, line 231]
Event: 381,460 Thread 0x00007f553c005000 Exception <a 'java/lang/ClassNotFoundException'{0x00000000c7dd17e8}: org/springframework/security/config/annotation/web/WebSecurityConfigurerCustomizer> (0x00000000c7dd17e8) thrown at [src/hotspot/share/classfile/systemDictionary.cpp, line 231]
Event: 381,461 Thread 0x00007f553c005000 Exception <a 'java/lang/ClassNotFoundException'{0x00000000c7de5fe0}: org/springframework/security/config/annotation/SecurityConfigurerCustomizer> (0x00000000c7de5fe0) thrown at [src/hotspot/share/classfile/systemDictionary.cpp, line 231]
Event: 523,152 Thread 0x00007f550ccef000 Exception <a 'java/lang/InterruptedException'{0x00000000c68726e0}: sleep interrupted> (0x00000000c68726e0) thrown at [src/hotspot/share/prims/jvm.cpp, line 3125]
Event: 523,228 Thread 0x00007f550cffa000 Exception <a 'java/lang/InterruptedException'{0x00000000c695f7f8}: sleep interrupted> (0x00000000c695f7f8) thrown at [src/hotspot/share/prims/jvm.cpp, line 3125]
Event: 527,445 Thread 0x00007f5504002000 Exception <a 'java/io/FileNotFoundException'{0x00000000c8b3fa18}> (0x00000000c8b3fa18) thrown at [src/hotspot/share/prims/jni.cpp, line 616]

Events (20 events):
Event: 527,672 Executing VM operation: RevokeBias
Event: 527,672 Executing VM operation: RevokeBias done
Event: 527,672 Executing VM operation: RevokeBias
Event: 527,672 Executing VM operation: RevokeBias done
Event: 527,672 Executing VM operation: RevokeBias
Event: 527,672 Executing VM operation: RevokeBias done
Event: 527,672 Executing VM operation: RevokeBias
Event: 527,672 Executing VM operation: RevokeBias done
Event: 527,672 Executing VM operation: RevokeBias
Event: 527,672 Executing VM operation: RevokeBias done
Event: 527,672 Executing VM operation: RevokeBias
Event: 527,672 Executing VM operation: RevokeBias done
Event: 527,673 Executing VM operation: RevokeBias
Event: 527,673 Executing VM operation: RevokeBias done
Event: 527,673 Executing VM operation: BulkRevokeBias
Event: 527,673 Executing VM operation: BulkRevokeBias done
Event: 527,679 loading class javax/inject/Qualifier
Event: 527,679 loading class javax/inject/Qualifier done
Event: 527,679 loading class javax/inject$Qualifier
Event: 527,679 loading class javax/inject$Qualifier done


Dynamic libraries:
c3800000-c8d00000 rw-p 00000000 00:00 0 
c8d00000-ffe00000 ---p 00000000 00:00 0 
ffe00000-ffe47000 rw-p 0110c000 08:03 3020898                            /usr/lib/jvm/java-11-openjdk-11.0.13.0.8-1.fc34.x86_64/lib/server/classes.jsa
ffe47000-fff00000 rw-p 00000000 00:00 0 
fff00000-fff6b000 rw-p 010a1000 08:03 3020898                            /usr/lib/jvm/java-11-openjdk-11.0.13.0.8-1.fc34.x86_64/lib/server/classes.jsa
fff6b000-100000000 rw-p 00000000 00:00 0 
800000000-800002000 rwxp 00001000 08:03 3020898                          /usr/lib/jvm/java-11-openjdk-11.0.13.0.8-1.fc34.x86_64/lib/server/classes.jsa
800002000-8003b5000 rw-p 00003000 08:03 3020898                          /usr/lib/jvm/java-11-openjdk-11.0.13.0.8-1.fc34.x86_64/lib/server/classes.jsa
8003b5000-800a92000 r--p 003b6000 08:03 3020898                          /usr/lib/jvm/java-11-openjdk-11.0.13.0.8-1.fc34.x86_64/lib/server/classes.jsa
800a92000-800a93000 rw-p 00a93000 08:03 3020898                          /usr/lib/jvm/java-11-openjdk-11.0.13.0.8-1.fc34.x86_64/lib/server/classes.jsa
800a93000-8010a0000 r--p 00a94000 08:03 3020898                          /usr/lib/jvm/java-11-openjdk-11.0.13.0.8-1.fc34.x86_64/lib/server/classes.jsa
840000000-8408bf000 rw-p 00000000 00:00 0 
8408bf000-880000000 ---p 00000000 00:00 0 
564b60354000-564b60355000 r--p 00000000 08:03 796722                     /usr/lib/jvm/java-11-openjdk-11.0.13.0.8-1.fc34.x86_64/bin/java
564b60355000-564b60356000 r-xp 00001000 08:03 796722                     /usr/lib/jvm/java-11-openjdk-11.0.13.0.8-1.fc34.x86_64/bin/java
564b60356000-564b60357000 r--p 00002000 08:03 796722                     /usr/lib/jvm/java-11-openjdk-11.0.13.0.8-1.fc34.x86_64/bin/java
564b60357000-564b60358000 r--p 00002000 08:03 796722                     /usr/lib/jvm/java-11-openjdk-11.0.13.0.8-1.fc34.x86_64/bin/java
564b60358000-564b60359000 rw-p 00003000 08:03 796722                     /usr/lib/jvm/java-11-openjdk-11.0.13.0.8-1.fc34.x86_64/bin/java
564b60e18000-564b60e5e000 rw-p 00000000 00:00 0                          [heap]
7f54f0000000-7f54f0021000 rw-p 00000000 00:00 0 
7f54f0021000-7f54f4000000 ---p 00000000 00:00 0 
7f54f4403000-7f54f4ee7000 rw-p 00000000 00:00 0 
7f54f4ee7000-7f54f4eeb000 ---p 00000000 00:00 0 
7f54f4eeb000-7f54f4fe8000 rw-p 00000000 00:00 0 
7f54f4fe8000-7f54f4fec000 ---p 00000000 00:00 0 
7f54f4fec000-7f54f50e9000 rw-p 00000000 00:00 0 
7f54f50e9000-7f54f50ed000 ---p 00000000 00:00 0 
7f54f50ed000-7f54f51ea000 rw-p 00000000 00:00 0 
7f54f51ea000-7f54f51ee000 ---p 00000000 00:00 0 
7f54f51ee000-7f54f52eb000 rw-p 00000000 00:00 0 
7f54f52eb000-7f54f52ef000 ---p 00000000 00:00 0 
7f54f52ef000-7f54f53ec000 rw-p 00000000 00:00 0 
7f54f53ec000-7f54f53f0000 ---p 00000000 00:00 0 
7f54f53f0000-7f54f55ed000 rw-p 00000000 00:00 0 
7f54f55ed000-7f54f56f1000 ---p 00000000 00:00 0 
7f54f56f1000-7f54f57ee000 rw-p 00000000 00:00 0 
7f54f57ee000-7f54f57f2000 ---p 00000000 00:00 0 
7f54f57f2000-7f54f5aef000 rw-p 00000000 00:00 0 
7f54f5aef000-7f54f5af3000 ---p 00000000 00:00 0 
7f54f5af3000-7f54f5bf0000 rw-p 00000000 00:00 0 
7f54f5bf0000-7f54f5bf4000 ---p 00000000 00:00 0 
7f54f5bf4000-7f54f5cf1000 rw-p 00000000 00:00 0 
7f54f5cf1000-7f54f5cf5000 ---p 00000000 00:00 0 
7f54f5cf5000-7f54f5df2000 rw-p 00000000 00:00 0 
7f54f5df2000-7f54f5df6000 ---p 00000000 00:00 0 
7f54f5df6000-7f54f5ef3000 rw-p 00000000 00:00 0 
7f54f5ef3000-7f54f5ef7000 ---p 00000000 00:00 0 
7f54f5ef7000-7f54f5ff4000 rw-p 00000000 00:00 0 
7f54f5ff4000-7f54f5ff8000 ---p 00000000 00:00 0 
7f54f5ff8000-7f54f60f5000 rw-p 00000000 00:00 0 
7f54f60f5000-7f54f60f9000 ---p 00000000 00:00 0 
7f54f60f9000-7f54f61f6000 rw-p 00000000 00:00 0 
7f54f61f6000-7f54f61fa000 ---p 00000000 00:00 0 
7f54f61fa000-7f54f64f7000 rw-p 00000000 00:00 0 
7f54f64f7000-7f54f64fb000 ---p 00000000 00:00 0 
7f54f64fb000-7f54f65f8000 rw-p 00000000 00:00 0 
7f54f65f8000-7f54f65fc000 ---p 00000000 00:00 0 
7f54f65fc000-7f54f66f9000 rw-p 00000000 00:00 0 
7f54f66f9000-7f54f66fd000 ---p 00000000 00:00 0 
7f54f66fd000-7f54f69fa000 rw-p 00000000 00:00 0 
7f54f69fa000-7f54f6bfa000 rw-p 00000000 00:00 0 
7f54f6bfa000-7f54f6bfe000 ---p 00000000 00:00 0 
7f54f6bfe000-7f54f6efb000 rw-p 00000000 00:00 0 
7f54f6efb000-7f54f6eff000 ---p 00000000 00:00 0 
7f54f6eff000-7f54f6ffc000 rw-p 00000000 00:00 0 
7f54f6ffc000-7f54f7000000 ---p 00000000 00:00 0 
7f54f7000000-7f54f72fd000 rw-p 00000000 00:00 0 
7f54f72fd000-7f54f74fd000 rw-p 00000000 00:00 0 
7f54f74fd000-7f54f76fd000 rw-p 00000000 00:00 0 
7f54f76fd000-7f54f78fd000 rw-p 00000000 00:00 0 
7f54f78fd000-7f54f7901000 ---p 00000000 00:00 0 
7f54f7901000-7f54f7be6000 rw-p 00000000 00:00 0 
7f54f7be6000-7f54f7bfe000 ---p 00000000 00:00 0 
7f54f7bfe000-7f54f7c02000 ---p 00000000 00:00 0 
7f54f7c02000-7f54f7eff000 rw-p 00000000 00:00 0 
7f54f7eff000-7f54f7f03000 ---p 00000000 00:00 0 
7f54f7f03000-7f54f8000000 rw-p 00000000 00:00 0 
7f54f8000000-7f54f8034000 rw-p 00000000 00:00 0 
7f54f8034000-7f54fc000000 ---p 00000000 00:00 0 
7f54fc000000-7f54fc24e000 rw-p 00000000 00:00 0 
7f54fc24e000-7f5500000000 ---p 00000000 00:00 0 
7f5500000000-7f5500027000 rw-p 00000000 00:00 0 
7f5500027000-7f5504000000 ---p 00000000 00:00 0 
7f5504000000-7f550406e000 rw-p 00000000 00:00 0 
7f550406e000-7f5508000000 ---p 00000000 00:00 0 
7f5508000000-7f5508021000 rw-p 00000000 00:00 0 
7f5508021000-7f550c000000 ---p 00000000 00:00 0 
7f550c000000-7f550d16d000 rw-p 00000000 00:00 0 
7f550d16d000-7f5510000000 ---p 00000000 00:00 0 
7f5510000000-7f5510077000 rw-p 00000000 00:00 0 
7f5510077000-7f5514000000 ---p 00000000 00:00 0 
7f5514000000-7f5514021000 rw-p 00000000 00:00 0 
7f5514021000-7f5518000000 ---p 00000000 00:00 0 
7f5518000000-7f5518024000 rw-p 00000000 00:00 0 
7f5518024000-7f551c000000 ---p 00000000 00:00 0 
7f551c000000-7f551c021000 rw-p 00000000 00:00 0 
7f551c021000-7f5520000000 ---p 00000000 00:00 0 
7f5520000000-7f5520021000 rw-p 00000000 00:00 0 
7f5520021000-7f5524000000 ---p 00000000 00:00 0 
7f5524000000-7f5524021000 rw-p 00000000 00:00 0 
7f5524021000-7f5528000000 ---p 00000000 00:00 0 
7f5528000000-7f5528025000 rw-p 00000000 00:00 0 
7f5528025000-7f552c000000 ---p 00000000 00:00 0 
7f552c000000-7f552c021000 rw-p 00000000 00:00 0 
7f552c021000-7f5530000000 ---p 00000000 00:00 0 
7f5530000000-7f5530021000 rw-p 00000000 00:00 0 
7f5530021000-7f5534000000 ---p 00000000 00:00 0 
7f5534000000-7f5534021000 rw-p 00000000 00:00 0 
7f5534021000-7f5538000000 ---p 00000000 00:00 0 
7f5538000000-7f5538021000 rw-p 00000000 00:00 0 
7f5538021000-7f553c000000 ---p 00000000 00:00 0 
7f553c000000-7f553c021000 rw-p 00000000 00:00 0 
7f553c021000-7f5540000000 ---p 00000000 00:00 0 
7f5540000000-7f5540021000 rw-p 00000000 00:00 0 
7f5540021000-7f5544000000 ---p 00000000 00:00 0 
7f5544000000-7f55444e2000 rw-p 00000000 00:00 0 
7f55444e2000-7f5548000000 ---p 00000000 00:00 0 
7f5548000000-7f5548078000 rw-p 00000000 00:00 0 
7f5548078000-7f554c000000 ---p 00000000 00:00 0 
7f554c06e000-7f554c070000 r--p 00000000 08:03 275395                     /usr/lib/jvm/java-11-openjdk-11.0.13.0.8-1.fc34.x86_64/lib/libsunec.so
7f554c070000-7f554c086000 r-xp 00002000 08:03 275395                     /usr/lib/jvm/java-11-openjdk-11.0.13.0.8-1.fc34.x86_64/lib/libsunec.so
7f554c086000-7f554c08a000 r--p 00018000 08:03 275395                     /usr/lib/jvm/java-11-openjdk-11.0.13.0.8-1.fc34.x86_64/lib/libsunec.so
7f554c08a000-7f554c08b000 ---p 0001c000 08:03 275395                     /usr/lib/jvm/java-11-openjdk-11.0.13.0.8-1.fc34.x86_64/lib/libsunec.so
7f554c08b000-7f554c08c000 r--p 0001c000 08:03 275395                     /usr/lib/jvm/java-11-openjdk-11.0.13.0.8-1.fc34.x86_64/lib/libsunec.so
7f554c08c000-7f554c08e000 rw-p 0001d000 08:03 275395                     /usr/lib/jvm/java-11-openjdk-11.0.13.0.8-1.fc34.x86_64/lib/libsunec.so
7f554c08e000-7f554c2b6000 rw-p 00000000 00:00 0 
7f554c2b6000-7f554c2ba000 ---p 00000000 00:00 0 
7f554c2ba000-7f554c3b7000 rw-p 00000000 00:00 0 
7f554c3b7000-7f554c3bb000 ---p 00000000 00:00 0 
7f554c3bb000-7f554c6b8000 rw-p 00000000 00:00 0 
7f554c6b8000-7f554c8b8000 rw-p 00000000 00:00 0 
7f554c8b8000-7f554cab8000 rw-p 00000000 00:00 0 
7f554cab8000-7f554ccb8000 rw-p 00000000 00:00 0 
7f554ccb8000-7f554ceb8000 rw-p 00000000 00:00 0 
7f554ceb8000-7f554d0b8000 rw-p 00000000 00:00 0 
7f554d0b8000-7f554d2b8000 rw-p 00000000 00:00 0 
7f554d2b8000-7f554d2bc000 ---p 00000000 00:00 0 
7f554d2bc000-7f554d5b9000 rw-p 00000000 00:00 0 
7f554d5b9000-7f554d5ba000 ---p 00000000 00:00 0 
7f554d5ba000-7f554d6bb000 rw-p 00000000 00:00 0 
7f554d6bb000-7f554d6bc000 ---p 00000000 00:00 0 
7f554d6bc000-7f554d7bd000 rw-p 00000000 00:00 0 
7f554d7bd000-7f554d7c1000 ---p 00000000 00:00 0 
7f554d7c1000-7f554dabe000 rw-p 00000000 00:00 0 
7f554dabe000-7f554dac2000 ---p 00000000 00:00 0 
7f554dac2000-7f554dbbf000 rw-p 00000000 00:00 0 
7f554dbbf000-7f554dbc3000 ---p 00000000 00:00 0 
7f554dbc3000-7f554dcc0000 rw-p 00000000 00:00 0 
7f554dcc0000-7f554dcc1000 ---p 00000000 00:00 0 
7f554dcc1000-7f554ddc2000 rw-p 00000000 00:00 0 
7f554ddc2000-7f554ddc3000 ---p 00000000 00:00 0 
7f554ddc3000-7f554dec4000 rw-p 00000000 00:00 0 
7f554dec4000-7f554dec8000 ---p 00000000 00:00 0 
7f554dec8000-7f554dfc5000 rw-p 00000000 00:00 0 
7f554dfc5000-7f554dfc9000 ---p 00000000 00:00 0 
7f554dfc9000-7f554e0c6000 rw-p 00000000 00:00 0 
7f554e0c6000-7f554e0ca000 ---p 00000000 00:00 0 
7f554e0ca000-7f554e1c7000 rw-p 00000000 00:00 0 
7f554e1c7000-7f554e1c8000 ---p 00000000 00:00 0 
7f554e1c8000-7f554e2c9000 rw-p 00000000 00:00 0 
7f554e2c9000-7f554e2cd000 ---p 00000000 00:00 0 
7f554e2cd000-7f554e3ca000 rw-p 00000000 00:00 0 
7f554e3ca000-7f554e3ce000 ---p 00000000 00:00 0 
7f554e3ce000-7f554e4cb000 rw-p 00000000 00:00 0 
7f554e4cb000-7f554e4cf000 ---p 00000000 00:00 0 
7f554e4cf000-7f554e5cc000 rw-p 00000000 00:00 0 
7f554e5cc000-7f554e5d0000 ---p 00000000 00:00 0 
7f554e5d0000-7f554e6cd000 rw-p 00000000 00:00 0 
7f554e6cd000-7f554e6cf000 r--p 00000000 08:03 144778                     /usr/lib64/libpcre2-8.so.0.10.1
7f554e6cf000-7f554e73a000 r-xp 00002000 08:03 144778                     /usr/lib64/libpcre2-8.so.0.10.1
7f554e73a000-7f554e761000 r--p 0006d000 08:03 144778                     /usr/lib64/libpcre2-8.so.0.10.1
7f554e761000-7f554e762000 ---p 00094000 08:03 144778                     /usr/lib64/libpcre2-8.so.0.10.1
7f554e762000-7f554e763000 r--p 00094000 08:03 144778                     /usr/lib64/libpcre2-8.so.0.10.1
7f554e763000-7f554e764000 rw-p 00095000 08:03 144778                     /usr/lib64/libpcre2-8.so.0.10.1
7f554e764000-7f554e76a000 r--p 00000000 08:03 144893                     /usr/lib64/libselinux.so.1
7f554e76a000-7f554e784000 r-xp 00006000 08:03 144893                     /usr/lib64/libselinux.so.1
7f554e784000-7f554e78b000 r--p 00020000 08:03 144893                     /usr/lib64/libselinux.so.1
7f554e78b000-7f554e78c000 ---p 00027000 08:03 144893                     /usr/lib64/libselinux.so.1
7f554e78c000-7f554e78d000 r--p 00027000 08:03 144893                     /usr/lib64/libselinux.so.1
7f554e78d000-7f554e78e000 rw-p 00028000 08:03 144893                     /usr/lib64/libselinux.so.1
7f554e78e000-7f554e790000 rw-p 00000000 00:00 0 
7f554e790000-7f554e7a9000 r--p 00000000 08:03 148491                     /usr/lib64/libnss3.so
7f554e7a9000-7f554e88a000 r-xp 00019000 08:03 148491                     /usr/lib64/libnss3.so
7f554e88a000-7f554e8c4000 r--p 000fa000 08:03 148491                     /usr/lib64/libnss3.so
7f554e8c4000-7f554e8c5000 ---p 00134000 08:03 148491                     /usr/lib64/libnss3.so
7f554e8c5000-7f554e8ca000 r--p 00134000 08:03 148491                     /usr/lib64/libnss3.so
7f554e8ca000-7f554e8cd000 rw-p 00139000 08:03 148491                     /usr/lib64/libnss3.so
7f554e8cd000-7f554e8ce000 rw-p 00000000 00:00 0 
7f554e8ce000-7f554e8d2000 ---p 00000000 00:00 0 
7f554e8d2000-7f554e9cf000 rw-p 00000000 00:00 0 
7f554e9cf000-7f554e9d3000 ---p 00000000 00:00 0 
7f554e9d3000-7f554ead0000 rw-p 00000000 00:00 0 
7f554ead0000-7f555c000000 r--p 00000000 08:03 131327                     /usr/lib/locale/locale-archive
7f555c000000-7f555c021000 rw-p 00000000 00:00 0 
7f555c021000-7f5560000000 ---p 00000000 00:00 0 
7f5560000000-7f5560021000 rw-p 00000000 00:00 0 
7f5560021000-7f5564000000 ---p 00000000 00:00 0 
7f5564000000-7f5564021000 rw-p 00000000 00:00 0 
7f5564021000-7f5568000000 ---p 00000000 00:00 0 
7f5568000000-7f5568b37000 rw-p 00000000 00:00 0 
7f5568b37000-7f556c000000 ---p 00000000 00:00 0 
7f556c000000-7f556c021000 rw-p 00000000 00:00 0 
7f556c021000-7f5570000000 ---p 00000000 00:00 0 
7f5570000000-7f5570021000 rw-p 00000000 00:00 0 
7f5570021000-7f5574000000 ---p 00000000 00:00 0 
7f5574000000-7f5574021000 rw-p 00000000 00:00 0 
7f5574021000-7f5578000000 ---p 00000000 00:00 0 
7f5578013000-7f5578017000 r--p 00000000 08:03 141933                     /usr/lib64/libnss_myhostname.so.2
7f5578017000-7f5578026000 r-xp 00004000 08:03 141933                     /usr/lib64/libnss_myhostname.so.2
7f5578026000-7f557802f000 r--p 00013000 08:03 141933                     /usr/lib64/libnss_myhostname.so.2
7f557802f000-7f5578030000 ---p 0001c000 08:03 141933                     /usr/lib64/libnss_myhostname.so.2
7f5578030000-7f5578034000 r--p 0001c000 08:03 141933                     /usr/lib64/libnss_myhostname.so.2
7f5578034000-7f5578035000 rw-p 00020000 08:03 141933                     /usr/lib64/libnss_myhostname.so.2
7f5578035000-7f5578038000 r--p 00000000 08:03 144713                     /usr/lib64/libnss_files-2.33.so
7f5578038000-7f557803f000 r-xp 00003000 08:03 144713                     /usr/lib64/libnss_files-2.33.so
7f557803f000-7f5578041000 r--p 0000a000 08:03 144713                     /usr/lib64/libnss_files-2.33.so
7f5578041000-7f5578042000 r--p 0000b000 08:03 144713                     /usr/lib64/libnss_files-2.33.so
7f5578042000-7f5578049000 rw-p 00000000 00:00 0 
7f5578049000-7f5578055000 r--p 00000000 08:03 146487                     /usr/lib64/libnspr4.so
7f5578055000-7f557807a000 r-xp 0000c000 08:03 146487                     /usr/lib64/libnspr4.so
7f557807a000-7f5578087000 r--p 00031000 08:03 146487                     /usr/lib64/libnspr4.so
7f5578087000-7f5578088000 r--p 0003d000 08:03 146487                     /usr/lib64/libnspr4.so
7f5578088000-7f557808a000 rw-p 0003e000 08:03 146487                     /usr/lib64/libnspr4.so
7f557808a000-7f557808c000 rw-p 00000000 00:00 0 
7f557808c000-7f5578099000 r--p 00000000 08:03 146489                     /usr/lib64/libnssutil3.so
7f5578099000-7f55780ab000 r-xp 0000d000 08:03 146489                     /usr/lib64/libnssutil3.so
7f55780ab000-7f55780b7000 r--p 0001f000 08:03 146489                     /usr/lib64/libnssutil3.so
7f55780b7000-7f55780be000 r--p 0002a000 08:03 146489                     /usr/lib64/libnssutil3.so
7f55780be000-7f55780bf000 rw-p 00031000 08:03 146489                     /usr/lib64/libnssutil3.so
7f55780bf000-7f55780c3000 ---p 00000000 00:00 0 
7f55780c3000-7f557a314000 rw-p 00000000 00:00 0 
7f557a314000-7f557b0d8000 ---p 00000000 00:00 0 
7f557b0d8000-7f557b234000 rw-p 00000000 00:00 0 
7f557b234000-7f557bff8000 ---p 00000000 00:00 0 
7f557bff8000-7f557c000000 rw-p 00000000 00:00 0 
7f557c000000-7f557c036000 rw-p 00000000 00:00 0 
7f557c036000-7f5580000000 ---p 00000000 00:00 0 
7f5580004000-7f5580025000 r--p 00000000 08:03 2099396                    /usr/share/locale/es/LC_MESSAGES/libc.mo
7f5580025000-7f5580856000 rw-p 00000000 00:00 0 
7f5580856000-7f5580ac6000 rwxp 00000000 00:00 0 
7f5580ac6000-7f5580efd000 ---p 00000000 00:00 0 
7f5580efd000-7f558199d000 rwxp 00000000 00:00 0 
7f558199d000-7f558f856000 ---p 00000000 00:00 0 
7f558f856000-7f5598000000 r--s 00000000 08:03 275400                     /usr/lib/jvm/java-11-openjdk-11.0.13.0.8-1.fc34.x86_64/lib/modules
7f5598000000-7f55986df000 rw-p 00000000 00:00 0 
7f55986df000-7f559c000000 ---p 00000000 00:00 0 
7f559c001000-7f559c002000 r--p 00000000 08:03 138358                     /usr/lib64/libplds4.so
7f559c002000-7f559c003000 r-xp 00001000 08:03 138358                     /usr/lib64/libplds4.so
7f559c003000-7f559c004000 r--p 00002000 08:03 138358                     /usr/lib64/libplds4.so
7f559c004000-7f559c005000 r--p 00002000 08:03 138358                     /usr/lib64/libplds4.so
7f559c005000-7f559c006000 rw-p 00003000 08:03 138358                     /usr/lib64/libplds4.so
7f559c006000-7f559c008000 r--p 00000000 08:03 146488                     /usr/lib64/libplc4.so
7f559c008000-7f559c00a000 r-xp 00002000 08:03 146488                     /usr/lib64/libplc4.so
7f559c00a000-7f559c00b000 r--p 00004000 08:03 146488                     /usr/lib64/libplc4.so
7f559c00b000-7f559c00c000 r--p 00004000 08:03 146488                     /usr/lib64/libplc4.so
7f559c00c000-7f559c00d000 rw-p 00005000 08:03 146488                     /usr/lib64/libplc4.so
7f559c013000-7f559c01a000 r--s 00000000 08:03 659224                     /usr/lib64/gconv/gconv-modules.cache
7f559c01a000-7f559c01b000 r--p 00000000 08:03 275122                     /usr/lib/jvm/java-11-openjdk-11.0.13.0.8-1.fc34.x86_64/lib/libextnet.so
7f559c01b000-7f559c01c000 r-xp 00001000 08:03 275122                     /usr/lib/jvm/java-11-openjdk-11.0.13.0.8-1.fc34.x86_64/lib/libextnet.so
7f559c01c000-7f559c01d000 r--p 00002000 08:03 275122                     /usr/lib/jvm/java-11-openjdk-11.0.13.0.8-1.fc34.x86_64/lib/libextnet.so
7f559c01d000-7f559c01e000 r--p 00002000 08:03 275122                     /usr/lib/jvm/java-11-openjdk-11.0.13.0.8-1.fc34.x86_64/lib/libextnet.so
7f559c01e000-7f559c01f000 rw-p 00000000 00:00 0 
7f559c01f000-7f559c021000 r--p 00000000 08:03 275387                     /usr/lib/jvm/java-11-openjdk-11.0.13.0.8-1.fc34.x86_64/lib/libmanagement_ext.so
7f559c021000-7f559c024000 r-xp 00002000 08:03 275387                     /usr/lib/jvm/java-11-openjdk-11.0.13.0.8-1.fc34.x86_64/lib/libmanagement_ext.so
7f559c024000-7f559c025000 r--p 00005000 08:03 275387                     /usr/lib/jvm/java-11-openjdk-11.0.13.0.8-1.fc34.x86_64/lib/libmanagement_ext.so
7f559c025000-7f559c026000 ---p 00006000 08:03 275387                     /usr/lib/jvm/java-11-openjdk-11.0.13.0.8-1.fc34.x86_64/lib/libmanagement_ext.so
7f559c026000-7f559c027000 r--p 00006000 08:03 275387                     /usr/lib/jvm/java-11-openjdk-11.0.13.0.8-1.fc34.x86_64/lib/libmanagement_ext.so
7f559c027000-7f559c028000 rw-p 00000000 00:00 0 
7f559c028000-7f559c029000 r--p 00000000 08:03 275396                     /usr/lib/jvm/java-11-openjdk-11.0.13.0.8-1.fc34.x86_64/lib/libsystemconf.so
7f559c029000-7f559c02a000 r-xp 00001000 08:03 275396                     /usr/lib/jvm/java-11-openjdk-11.0.13.0.8-1.fc34.x86_64/lib/libsystemconf.so
7f559c02a000-7f559c02b000 r--p 00002000 08:03 275396                     /usr/lib/jvm/java-11-openjdk-11.0.13.0.8-1.fc34.x86_64/lib/libsystemconf.so
7f559c02b000-7f559c02c000 r--p 00002000 08:03 275396                     /usr/lib/jvm/java-11-openjdk-11.0.13.0.8-1.fc34.x86_64/lib/libsystemconf.so
7f559c02c000-7f559c02d000 rw-p 00000000 00:00 0 
7f559c02d000-7f559c031000 r--p 00000000 08:03 275389                     /usr/lib/jvm/java-11-openjdk-11.0.13.0.8-1.fc34.x86_64/lib/libnet.so
7f559c031000-7f559c042000 r-xp 00004000 08:03 275389                     /usr/lib/jvm/java-11-openjdk-11.0.13.0.8-1.fc34.x86_64/lib/libnet.so
7f559c042000-7f559c046000 r--p 00015000 08:03 275389                     /usr/lib/jvm/java-11-openjdk-11.0.13.0.8-1.fc34.x86_64/lib/libnet.so
7f559c046000-7f559c047000 r--p 00018000 08:03 275389                     /usr/lib/jvm/java-11-openjdk-11.0.13.0.8-1.fc34.x86_64/lib/libnet.so
7f559c047000-7f559c048000 rw-p 00019000 08:03 275389                     /usr/lib/jvm/java-11-openjdk-11.0.13.0.8-1.fc34.x86_64/lib/libnet.so
7f559c048000-7f559c04f000 r--p 00000000 08:03 275390                     /usr/lib/jvm/java-11-openjdk-11.0.13.0.8-1.fc34.x86_64/lib/libnio.so
7f559c04f000-7f559c057000 r-xp 00007000 08:03 275390                     /usr/lib/jvm/java-11-openjdk-11.0.13.0.8-1.fc34.x86_64/lib/libnio.so
7f559c057000-7f559c05a000 r--p 0000f000 08:03 275390                     /usr/lib/jvm/java-11-openjdk-11.0.13.0.8-1.fc34.x86_64/lib/libnio.so
7f559c05a000-7f559c05b000 r--p 00011000 08:03 275390                     /usr/lib/jvm/java-11-openjdk-11.0.13.0.8-1.fc34.x86_64/lib/libnio.so
7f559c05b000-7f559c05c000 rw-p 00012000 08:03 275390                     /usr/lib/jvm/java-11-openjdk-11.0.13.0.8-1.fc34.x86_64/lib/libnio.so
7f559c05c000-7f559c060000 ---p 00000000 00:00 0 
7f559c060000-7f559c15d000 rw-p 00000000 00:00 0 
7f559c15d000-7f559c161000 ---p 00000000 00:00 0 
7f559c161000-7f559c25e000 rw-p 00000000 00:00 0 
7f559c25e000-7f559c262000 ---p 00000000 00:00 0 
7f559c262000-7f559c35f000 rw-p 00000000 00:00 0 
7f559c35f000-7f559c363000 ---p 00000000 00:00 0 
7f559c363000-7f559c460000 rw-p 00000000 00:00 0 
7f559c460000-7f559c461000 ---p 00000000 00:00 0 
7f559c461000-7f559c6a8000 rw-p 00000000 00:00 0 
7f559c6a8000-7f559c6a9000 ---p 00000000 00:00 0 
7f559c6a9000-7f559c7aa000 rw-p 00000000 00:00 0 
7f559c7aa000-7f559c7ab000 ---p 00000000 00:00 0 
7f559c7ab000-7f559ccb0000 rw-p 00000000 00:00 0 
7f559ccb0000-7f559ccb1000 ---p 00000000 00:00 0 
7f559ccb1000-7f559cdb2000 rw-p 00000000 00:00 0 
7f559cdb2000-7f559cdb3000 ---p 00000000 00:00 0 
7f559cdb3000-7f559cf00000 rw-p 00000000 00:00 0 
7f559cf00000-7f559d0b8000 ---p 00000000 00:00 0 
7f559d0b8000-7f559d0e4000 rw-p 00000000 00:00 0 
7f559d0e4000-7f559d29c000 ---p 00000000 00:00 0 
7f559d29c000-7f559d2c8000 rw-p 00000000 00:00 0 
7f559d2c8000-7f559d480000 ---p 00000000 00:00 0 
7f559d480000-7f559d885000 rw-p 00000000 00:00 0 
7f559d885000-7f559d886000 ---p 00000000 00:00 0 
7f559d886000-7f559d99d000 rw-p 00000000 00:00 0 
7f559d99d000-7f559db5a000 ---p 00000000 00:00 0 
7f559db5a000-7f559db5f000 rw-p 00000000 00:00 0 
7f559db5f000-7f559db68000 ---p 00000000 00:00 0 
7f559db68000-7f559e43c000 r--s 00000000 08:03 6947314                    /var/lib/sss/mc/passwd
7f559e43c000-7f559e43e000 r--p 00000000 08:03 142853                     /usr/lib64/libnss_sss.so.2
7f559e43e000-7f559e445000 r-xp 00002000 08:03 142853                     /usr/lib64/libnss_sss.so.2
7f559e445000-7f559e447000 r--p 00009000 08:03 142853                     /usr/lib64/libnss_sss.so.2
7f559e447000-7f559e448000 r--p 0000a000 08:03 142853                     /usr/lib64/libnss_sss.so.2
7f559e448000-7f559e449000 rw-p 0000b000 08:03 142853                     /usr/lib64/libnss_sss.so.2
7f559e44b000-7f559e44e000 r--p 00000000 08:03 275385                     /usr/lib/jvm/java-11-openjdk-11.0.13.0.8-1.fc34.x86_64/lib/libmanagement.so
7f559e44e000-7f559e44f000 r-xp 00003000 08:03 275385                     /usr/lib/jvm/java-11-openjdk-11.0.13.0.8-1.fc34.x86_64/lib/libmanagement.so
7f559e44f000-7f559e450000 r--p 00004000 08:03 275385                     /usr/lib/jvm/java-11-openjdk-11.0.13.0.8-1.fc34.x86_64/lib/libmanagement.so
7f559e450000-7f559e451000 r--p 00004000 08:03 275385                     /usr/lib/jvm/java-11-openjdk-11.0.13.0.8-1.fc34.x86_64/lib/libmanagement.so
7f559e451000-7f559e452000 rw-p 00000000 00:00 0 
7f559e452000-7f559e454000 r--p 00000000 08:03 275399                     /usr/lib/jvm/java-11-openjdk-11.0.13.0.8-1.fc34.x86_64/lib/libzip.so
7f559e454000-7f559e458000 r-xp 00002000 08:03 275399                     /usr/lib/jvm/java-11-openjdk-11.0.13.0.8-1.fc34.x86_64/lib/libzip.so
7f559e458000-7f559e45a000 r--p 00006000 08:03 275399                     /usr/lib/jvm/java-11-openjdk-11.0.13.0.8-1.fc34.x86_64/lib/libzip.so
7f559e45a000-7f559e45b000 r--p 00007000 08:03 275399                     /usr/lib/jvm/java-11-openjdk-11.0.13.0.8-1.fc34.x86_64/lib/libzip.so
7f559e45b000-7f559e45c000 rw-p 00000000 00:00 0 
7f559e45c000-7f559e464000 rw-s 00000000 00:23 750                        /tmp/hsperfdata_joel/25230
7f559e464000-7f559e465000 ---p 00000000 00:00 0 
7f559e465000-7f559e466000 r--p 00000000 00:00 0 
7f559e466000-7f559e474000 r--p 00000000 08:03 275378                     /usr/lib/jvm/java-11-openjdk-11.0.13.0.8-1.fc34.x86_64/lib/libjava.so
7f559e474000-7f559e48b000 r-xp 0000e000 08:03 275378                     /usr/lib/jvm/java-11-openjdk-11.0.13.0.8-1.fc34.x86_64/lib/libjava.so
7f559e48b000-7f559e491000 r--p 00025000 08:03 275378                     /usr/lib/jvm/java-11-openjdk-11.0.13.0.8-1.fc34.x86_64/lib/libjava.so
7f559e491000-7f559e492000 ---p 0002b000 08:03 275378                     /usr/lib/jvm/java-11-openjdk-11.0.13.0.8-1.fc34.x86_64/lib/libjava.so
7f559e492000-7f559e493000 r--p 0002b000 08:03 275378                     /usr/lib/jvm/java-11-openjdk-11.0.13.0.8-1.fc34.x86_64/lib/libjava.so
7f559e493000-7f559e494000 rw-p 0002c000 08:03 275378                     /usr/lib/jvm/java-11-openjdk-11.0.13.0.8-1.fc34.x86_64/lib/libjava.so
7f559e494000-7f559e495000 rw-p 00000000 00:00 0 
7f559e495000-7f559e498000 r--p 00000000 08:03 146073                     /usr/lib64/librt-2.33.so
7f559e498000-7f559e49c000 r-xp 00003000 08:03 146073                     /usr/lib64/librt-2.33.so
7f559e49c000-7f559e49e000 r--p 00007000 08:03 146073                     /usr/lib64/librt-2.33.so
7f559e49e000-7f559e49f000 r--p 00008000 08:03 146073                     /usr/lib64/librt-2.33.so
7f559e49f000-7f559e4a0000 rw-p 00009000 08:03 146073                     /usr/lib64/librt-2.33.so
7f559e4a0000-7f559e4a4000 ---p 00000000 00:00 0 
7f559e4a4000-7f559e5a1000 rw-p 00000000 00:00 0 
7f559e5a1000-7f559e5a4000 r--p 00000000 08:03 131227                     /usr/lib64/libgcc_s-11-20210728.so.1
7f559e5a4000-7f559e5b6000 r-xp 00003000 08:03 131227                     /usr/lib64/libgcc_s-11-20210728.so.1
7f559e5b6000-7f559e5b9000 r--p 00015000 08:03 131227                     /usr/lib64/libgcc_s-11-20210728.so.1
7f559e5b9000-7f559e5ba000 ---p 00018000 08:03 131227                     /usr/lib64/libgcc_s-11-20210728.so.1
7f559e5ba000-7f559e5bb000 r--p 00018000 08:03 131227                     /usr/lib64/libgcc_s-11-20210728.so.1
7f559e5bb000-7f559e5bc000 rw-p 00019000 08:03 131227                     /usr/lib64/libgcc_s-11-20210728.so.1
7f559e5bc000-7f559e5cb000 r--p 00000000 08:03 146069                     /usr/lib64/libm-2.33.so
7f559e5cb000-7f559e665000 r-xp 0000f000 08:03 146069                     /usr/lib64/libm-2.33.so
7f559e665000-7f559e6fd000 r--p 000a9000 08:03 146069                     /usr/lib64/libm-2.33.so
7f559e6fd000-7f559e6fe000 ---p 00141000 08:03 146069                     /usr/lib64/libm-2.33.so
7f559e6fe000-7f559e6ff000 r--p 00141000 08:03 146069                     /usr/lib64/libm-2.33.so
7f559e6ff000-7f559e700000 rw-p 00142000 08:03 146069                     /usr/lib64/libm-2.33.so
7f559e700000-7f559e799000 r--p 00000000 08:03 132004                     /usr/lib64/libstdc++.so.6.0.29
7f559e799000-7f559e89b000 r-xp 00099000 08:03 132004                     /usr/lib64/libstdc++.so.6.0.29
7f559e89b000-7f559e90e000 r--p 0019b000 08:03 132004                     /usr/lib64/libstdc++.so.6.0.29
7f559e90e000-7f559e919000 r--p 0020d000 08:03 132004                     /usr/lib64/libstdc++.so.6.0.29
7f559e919000-7f559e91c000 rw-p 00218000 08:03 132004                     /usr/lib64/libstdc++.so.6.0.29
7f559e91c000-7f559e91f000 rw-p 00000000 00:00 0 
7f559e91f000-7f559eba2000 r--p 00000000 08:03 3020897                    /usr/lib/jvm/java-11-openjdk-11.0.13.0.8-1.fc34.x86_64/lib/server/libjvm.so
7f559eba2000-7f559f893000 r-xp 00283000 08:03 3020897                    /usr/lib/jvm/java-11-openjdk-11.0.13.0.8-1.fc34.x86_64/lib/server/libjvm.so
7f559f893000-7f559faed000 r--p 00f74000 08:03 3020897                    /usr/lib/jvm/java-11-openjdk-11.0.13.0.8-1.fc34.x86_64/lib/server/libjvm.so
7f559faed000-7f559faee000 ---p 011ce000 08:03 3020897                    /usr/lib/jvm/java-11-openjdk-11.0.13.0.8-1.fc34.x86_64/lib/server/libjvm.so
7f559faee000-7f559fbb2000 r--p 011ce000 08:03 3020897                    /usr/lib/jvm/java-11-openjdk-11.0.13.0.8-1.fc34.x86_64/lib/server/libjvm.so
7f559fbb2000-7f559fbed000 rw-p 01292000 08:03 3020897                    /usr/lib/jvm/java-11-openjdk-11.0.13.0.8-1.fc34.x86_64/lib/server/libjvm.so
7f559fbed000-7f559fc46000 rw-p 00000000 00:00 0 
7f559fc46000-7f559fc4d000 r--p 00000000 08:03 146071                     /usr/lib64/libpthread-2.33.so
7f559fc4d000-7f559fc5c000 r-xp 00007000 08:03 146071                     /usr/lib64/libpthread-2.33.so
7f559fc5c000-7f559fc60000 r--p 00016000 08:03 146071                     /usr/lib64/libpthread-2.33.so
7f559fc60000-7f559fc61000 ---p 0001a000 08:03 146071                     /usr/lib64/libpthread-2.33.so
7f559fc61000-7f559fc62000 r--p 0001a000 08:03 146071                     /usr/lib64/libpthread-2.33.so
7f559fc62000-7f559fc63000 rw-p 0001b000 08:03 146071                     /usr/lib64/libpthread-2.33.so
7f559fc63000-7f559fc67000 rw-p 00000000 00:00 0 
7f559fc67000-7f559fc69000 r--p 00000000 08:03 146068                     /usr/lib64/libdl-2.33.so
7f559fc69000-7f559fc6b000 r-xp 00002000 08:03 146068                     /usr/lib64/libdl-2.33.so
7f559fc6b000-7f559fc6c000 r--p 00004000 08:03 146068                     /usr/lib64/libdl-2.33.so
7f559fc6c000-7f559fc6d000 r--p 00004000 08:03 146068                     /usr/lib64/libdl-2.33.so
7f559fc6d000-7f559fc6e000 rw-p 00000000 00:00 0 
7f559fc6e000-7f559fc71000 r--p 00000000 08:03 145166                     /usr/lib64/libz.so.1.2.11
7f559fc71000-7f559fc7f000 r-xp 00003000 08:03 145166                     /usr/lib64/libz.so.1.2.11
7f559fc7f000-7f559fc85000 r--p 00011000 08:03 145166                     /usr/lib64/libz.so.1.2.11
7f559fc85000-7f559fc86000 ---p 00017000 08:03 145166                     /usr/lib64/libz.so.1.2.11
7f559fc86000-7f559fc87000 r--p 00017000 08:03 145166                     /usr/lib64/libz.so.1.2.11
7f559fc87000-7f559fc88000 rw-p 00000000 00:00 0 
7f559fc88000-7f559fcae000 r--p 00000000 08:03 144102                     /usr/lib64/libc-2.33.so
7f559fcae000-7f559fdfb000 r-xp 00026000 08:03 144102                     /usr/lib64/libc-2.33.so
7f559fdfb000-7f559fe47000 r--p 00173000 08:03 144102                     /usr/lib64/libc-2.33.so
7f559fe47000-7f559fe48000 ---p 001bf000 08:03 144102                     /usr/lib64/libc-2.33.so
7f559fe48000-7f559fe4b000 r--p 001bf000 08:03 144102                     /usr/lib64/libc-2.33.so
7f559fe4b000-7f559fe4e000 rw-p 001c2000 08:03 144102                     /usr/lib64/libc-2.33.so
7f559fe4e000-7f559fe57000 rw-p 00000000 00:00 0 
7f559fe58000-7f559fe5a000 r--p 00000000 08:03 275381                     /usr/lib/jvm/java-11-openjdk-11.0.13.0.8-1.fc34.x86_64/lib/libjimage.so
7f559fe5a000-7f559fe5d000 r-xp 00002000 08:03 275381                     /usr/lib/jvm/java-11-openjdk-11.0.13.0.8-1.fc34.x86_64/lib/libjimage.so
7f559fe5d000-7f559fe5e000 r--p 00005000 08:03 275381                     /usr/lib/jvm/java-11-openjdk-11.0.13.0.8-1.fc34.x86_64/lib/libjimage.so
7f559fe5e000-7f559fe5f000 ---p 00006000 08:03 275381                     /usr/lib/jvm/java-11-openjdk-11.0.13.0.8-1.fc34.x86_64/lib/libjimage.so
7f559fe5f000-7f559fe60000 r--p 00006000 08:03 275381                     /usr/lib/jvm/java-11-openjdk-11.0.13.0.8-1.fc34.x86_64/lib/libjimage.so
7f559fe60000-7f559fe61000 rw-p 00007000 08:03 275381                     /usr/lib/jvm/java-11-openjdk-11.0.13.0.8-1.fc34.x86_64/lib/libjimage.so
7f559fe61000-7f559fe66000 r--p 00000000 08:03 275398                     /usr/lib/jvm/java-11-openjdk-11.0.13.0.8-1.fc34.x86_64/lib/libverify.so
7f559fe66000-7f559fe6d000 r-xp 00005000 08:03 275398                     /usr/lib/jvm/java-11-openjdk-11.0.13.0.8-1.fc34.x86_64/lib/libverify.so
7f559fe6d000-7f559fe6f000 r--p 0000c000 08:03 275398                     /usr/lib/jvm/java-11-openjdk-11.0.13.0.8-1.fc34.x86_64/lib/libverify.so
7f559fe6f000-7f559fe71000 r--p 0000d000 08:03 275398                     /usr/lib/jvm/java-11-openjdk-11.0.13.0.8-1.fc34.x86_64/lib/libverify.so
7f559fe71000-7f559fe72000 rw-p 00000000 00:00 0 
7f559fe72000-7f559fe75000 r--p 00000000 08:03 796731                     /usr/lib/jvm/java-11-openjdk-11.0.13.0.8-1.fc34.x86_64/lib/jli/libjli.so
7f559fe75000-7f559fe7f000 r-xp 00003000 08:03 796731                     /usr/lib/jvm/java-11-openjdk-11.0.13.0.8-1.fc34.x86_64/lib/jli/libjli.so
7f559fe7f000-7f559fe82000 r--p 0000d000 08:03 796731                     /usr/lib/jvm/java-11-openjdk-11.0.13.0.8-1.fc34.x86_64/lib/jli/libjli.so
7f559fe82000-7f559fe83000 ---p 00010000 08:03 796731                     /usr/lib/jvm/java-11-openjdk-11.0.13.0.8-1.fc34.x86_64/lib/jli/libjli.so
7f559fe83000-7f559fe84000 r--p 00010000 08:03 796731                     /usr/lib/jvm/java-11-openjdk-11.0.13.0.8-1.fc34.x86_64/lib/jli/libjli.so
7f559fe84000-7f559fe85000 rw-p 00011000 08:03 796731                     /usr/lib/jvm/java-11-openjdk-11.0.13.0.8-1.fc34.x86_64/lib/jli/libjli.so
7f559fe85000-7f559fe87000 rw-p 00000000 00:00 0 
7f559fe87000-7f559fe88000 r--p 00000000 08:03 146066                     /usr/lib64/ld-2.33.so
7f559fe88000-7f559fead000 r-xp 00001000 08:03 146066                     /usr/lib64/ld-2.33.so
7f559fead000-7f559feb7000 r--p 00026000 08:03 146066                     /usr/lib64/ld-2.33.so
7f559feb7000-7f559feb9000 r--p 0002f000 08:03 146066                     /usr/lib64/ld-2.33.so
7f559feb9000-7f559febb000 rw-p 00031000 08:03 146066                     /usr/lib64/ld-2.33.so
7ffc996a0000-7ffc996c3000 rw-p 00000000 00:00 0                          [stack]
7ffc997a4000-7ffc997a8000 r--p 00000000 00:00 0                          [vvar]
7ffc997a8000-7ffc997aa000 r-xp 00000000 00:00 0                          [vdso]
ffffffffff600000-ffffffffff601000 r-xp 00000000 00:00 0                  [vsyscall]


VM Arguments:
jvm_args: -Dcom.sun.management.jmxremote -Dcom.sun.management.jmxremote.port=45315 -Dcom.sun.management.jmxremote.authenticate=false -Dcom.sun.management.jmxremote.ssl=false -Djava.rmi.server.hostname=localhost -Dspring.jmx.enabled=true -Dspring.application.admin.enabled=true -Djava.security.egd=file:/dev/./urandom -XX:TieredStopAtLevel=1 -Dspring.boot.project.name=Mod16.01Nivel1_JocDeDaus.MongoDB.JWT -Dfile.encoding=UTF-8 
java_command: com.ascii274.practicas.Application
java_class_path (initial): /home/joel/Programacion/Java_ItAcademy/It_Academy_Mod_8_16/Mod16_JocDaus/Mod16.01Nivel1_JocDeDaus.MongoDB/target/classes:/home/joel/.m2/repository/org/springframework/boot/spring-boot-starter-web/2.5.6/spring-boot-starter-web-2.5.6.jar:/home/joel/.m2/repository/org/springframework/boot/spring-boot-starter-json/2.5.6/spring-boot-starter-json-2.5.6.jar:/home/joel/.m2/repository/com/fasterxml/jackson/datatype/jackson-datatype-jdk8/2.12.5/jackson-datatype-jdk8-2.12.5.jar:/home/joel/.m2/repository/com/fasterxml/jackson/datatype/jackson-datatype-jsr310/2.12.5/jackson-datatype-jsr310-2.12.5.jar:/home/joel/.m2/repository/com/fasterxml/jackson/module/jackson-module-parameter-names/2.12.5/jackson-module-parameter-names-2.12.5.jar:/home/joel/.m2/repository/org/springframework/boot/spring-boot-starter-tomcat/2.5.6/spring-boot-starter-tomcat-2.5.6.jar:/home/joel/.m2/repository/org/apache/tomcat/embed/tomcat-embed-core/9.0.54/tomcat-embed-core-9.0.54.jar:/home/joel/.m2/repository/org/apache/tomcat/embed/tomcat-embed-el/9.0.54/tomcat-embed-el-9.0.54.jar:/home/joel/.m2/repository/org/apache/tomcat/embed/tomcat-embed-websocket/9.0.54/tomcat-embed-websocket-9.0.54.jar:/home/joel/.m2/repository/org/springframework/spring-web/5.3.12/spring-web-5.3.12.jar:/home/joel/.m2/repository/org/springframework/spring-beans/5.3.12/spring-beans-5.3.12.jar:/home/joel/.m2/repository/org/springframework/spring-webmvc/5.3.12/spring-webmvc-5.3.12.jar:/home/joel/.m2/repository/org/springframework/spring-context/5.3.12/spring-context-5.3.12.jar:/home/joel/.m2/repository/org/springframework/spring-expression/5.3.12/spring-expression-5.3.12.jar:/home/joel/.m2/repository/org/springframework/boot/spring-boot-devtools/2.5.6/spring-boot-devtools-2.5.6.jar:/home/joel/.m2/repository/org/springframework/boot/spring-boot/2.5.6/spring-boot-2.5.6.jar:/home/joel/.m2/repository/org/springframework/boot/spring-boot-autoconfigure/2.5.6/spring-boot-autoconfigure-2.5.6.jar:/home/joel/.m2/reposi
Launcher Type: SUN_STANDARD

[Global flags]
     intx CICompilerCount                          = 3                                         {product} {ergonomic}
     uint ConcGCThreads                            = 1                                         {product} {ergonomic}
     uint G1ConcRefinementThreads                  = 4                                         {product} {ergonomic}
   size_t G1HeapRegionSize                         = 1048576                                   {product} {ergonomic}
    uintx GCDrainStackTargetSize                   = 64                                        {product} {ergonomic}
   size_t InitialHeapSize                          = 65011712                                  {product} {ergonomic}
     bool ManagementServer                         = true                                      {product} {command line}
   size_t MarkStackSize                            = 4194304                                   {product} {ergonomic}
   size_t MaxHeapSize                              = 1015021568                                {product} {ergonomic}
   size_t MaxNewSize                               = 608174080                                 {product} {ergonomic}
   size_t MinHeapDeltaBytes                        = 1048576                                   {product} {ergonomic}
    uintx NonNMethodCodeHeapSize                   = 6973028                                {pd product} {ergonomic}
    uintx NonProfiledCodeHeapSize                  = 244685212                              {pd product} {ergonomic}
    uintx ProfiledCodeHeapSize                     = 0                                      {pd product} {ergonomic}
    uintx ReservedCodeCacheSize                    = 251658240                              {pd product} {ergonomic}
     bool SegmentedCodeCache                       = true                                      {product} {ergonomic}
     intx TieredStopAtLevel                        = 1                                         {product} {command line}
     bool UseCompressedClassPointers               = true                                 {lp64_product} {ergonomic}
     bool UseCompressedOops                        = true                                 {lp64_product} {ergonomic}
     bool UseG1GC                                  = true                                      {product} {ergonomic}

Logging:
Log output configuration:
 #0: stdout all=warning uptime,level,tags
 #1: stderr all=off uptime,level,tags

Environment Variables:
PATH=/home/joel/.sdkman/candidates/gradle/current/bin:/home/joel/.local/bin:/home/joel/bin:/usr/local/bin:/usr/bin:/bin:/usr/local/sbin:/usr/sbin:/home/joel/.composer/vendor/bin:/var/lib/snapd/snap/bin
SHELL=/bin/bash
DISPLAY=:0
LANG=es_ES.UTF-8

Signal Handlers:
SIGSEGV: [libjvm.so+0xefe790], sa_mask[0]=11111111011111111101111111111110, sa_flags=SA_RESTART|SA_SIGINFO
SIGBUS: [libjvm.so+0xefe790], sa_mask[0]=11111111011111111101111111111110, sa_flags=SA_RESTART|SA_SIGINFO
SIGFPE: [libjvm.so+0xefe790], sa_mask[0]=11111111011111111101111111111110, sa_flags=SA_RESTART|SA_SIGINFO
SIGPIPE: [libjvm.so+0xc5e290], sa_mask[0]=11111111011111111101111111111110, sa_flags=SA_RESTART|SA_SIGINFO
SIGXFSZ: [libjvm.so+0xc5e290], sa_mask[0]=11111111011111111101111111111110, sa_flags=SA_RESTART|SA_SIGINFO
SIGILL: [libjvm.so+0xefe790], sa_mask[0]=11111111011111111101111111111110, sa_flags=SA_RESTART|SA_SIGINFO
SIGUSR2: [libjvm.so+0xc5e110], sa_mask[0]=00100000000000000000000000000000, sa_flags=SA_RESTART|SA_SIGINFO
SIGHUP: [libjvm.so+0xc5e6f0], sa_mask[0]=11111111011111111101111111111110, sa_flags=SA_RESTART|SA_SIGINFO
SIGINT: [libjvm.so+0xc5e6f0], sa_mask[0]=11111111011111111101111111111110, sa_flags=SA_RESTART|SA_SIGINFO
SIGTERM: [libjvm.so+0xc5e6f0], sa_mask[0]=11111111011111111101111111111110, sa_flags=SA_RESTART|SA_SIGINFO
SIGQUIT: [libjvm.so+0xc5e6f0], sa_mask[0]=11111111011111111101111111111110, sa_flags=SA_RESTART|SA_SIGINFO


---------------  S Y S T E M  ---------------

OS:Fedora release 34 (Thirty Four)
uname:Linux 5.14.16-201.fc34.x86_64 #1 SMP Wed Nov 3 13:57:29 UTC 2021 x86_64
OS uptime: 0 days 3:41 hours
libc:glibc 2.33 NPTL 2.33 
rlimit (soft/hard): STACK 8192k/infinity , CORE infinity/infinity , NPROC 15309/15309 , NOFILE 524288/524288 , AS infinity/infinity , CPU infinity/infinity , DATA infinity/infinity , FSIZE infinity/infinity , MEMLOCK 64k/64k
load average:1,95 1,90 2,23

/proc/meminfo:
MemTotal:        3958036 kB
MemFree:          109036 kB
MemAvailable:     222668 kB
Buffers:            4324 kB
Cached:           289656 kB
SwapCached:        42576 kB
Active:           802612 kB
Inactive:        1267016 kB
Active(anon):     644360 kB
Inactive(anon):  1148840 kB
Active(file):     158252 kB
Inactive(file):   118176 kB
Unevictable:        5736 kB
Mlocked:            5736 kB
SwapTotal:       9817080 kB
SwapFree:        3732788 kB
Dirty:               300 kB
Writeback:            76 kB
AnonPages:       1741544 kB
Mapped:           195176 kB
Shmem:             25276 kB
KReclaimable:      86052 kB
Slab:             257920 kB
SReclaimable:      86052 kB
SUnreclaim:       171868 kB
KernelStack:       32400 kB
PageTables:        93396 kB
NFS_Unstable:          0 kB
Bounce:                0 kB
WritebackTmp:          0 kB
CommitLimit:    11796096 kB
Committed_AS:   20658044 kB
VmallocTotal:   34359738367 kB
VmallocUsed:       86396 kB
VmallocChunk:          0 kB
Percpu:             4416 kB
HardwareCorrupted:     0 kB
AnonHugePages:         0 kB
ShmemHugePages:        0 kB
ShmemPmdMapped:        0 kB
FileHugePages:         0 kB
FilePmdMapped:         0 kB
CmaTotal:              0 kB
CmaFree:               0 kB
HugePages_Total:       0
HugePages_Free:        0
HugePages_Rsvd:        0
HugePages_Surp:        0
Hugepagesize:       2048 kB
Hugetlb:               0 kB
DirectMap4k:      591036 kB
DirectMap2M:     3553280 kB
DirectMap1G:     1048576 kB

/sys/kernel/mm/transparent_hugepage/enabled:
always [madvise] never
/sys/kernel/mm/transparent_hugepage/defrag (defrag/compaction efforts parameter):
always defer defer+madvise [madvise] never

Process Memory:
Virtual Size: 4934900K (peak: 12393352K)
Resident Set Size: 160576K (peak: 258692K) (anon: 146012K, file: 14532K, shmem: 32K)
Swapped out: 65420K
C-Heap outstanding allocations: 30669K

/proc/sys/kernel/threads-max (system-wide limit on the number of threads):
30618
/proc/sys/vm/max_map_count (maximum number of memory map areas a process may have):
65530
/proc/sys/kernel/pid_max (system-wide limit on number of process identifiers):
4194304

Steal ticks since vm start: 0
Steal ticks percentage since vm start:  0,000

CPU:total 4 (initial active 4) (4 cores per cpu, 1 threads per core) family 6 model 94 stepping 3 microcode 0xea, cmov, cx8, fxsr, mmx, sse, sse2, sse3, ssse3, sse4.1, sse4.2, popcnt, avx, avx2, aes, clmul, erms, 3dnowpref, lzcnt, tsc, tscinvbit, bmi1, bmi2, adx, fma
CPU Model and flags from /proc/cpuinfo:
model name	: Intel(R) Core(TM) i5-6400 CPU @ 2.70GHz
flags		: fpu vme de pse tsc msr pae mce cx8 apic sep mtrr pge mca cmov pat pse36 clflush dts acpi mmx fxsr sse sse2 ss ht tm pbe syscall nx pdpe1gb rdtscp lm constant_tsc art arch_perfmon pebs bts rep_good nopl xtopology nonstop_tsc cpuid aperfmperf pni pclmulqdq dtes64 monitor ds_cpl vmx est tm2 ssse3 sdbg fma cx16 xtpr pdcm pcid sse4_1 sse4_2 x2apic movbe popcnt tsc_deadline_timer aes xsave avx f16c rdrand lahf_lm abm 3dnowprefetch cpuid_fault epb invpcid_single pti ssbd ibrs ibpb stibp tpr_shadow vnmi flexpriority ept vpid ept_ad fsgsbase tsc_adjust bmi1 avx2 smep bmi2 erms invpcid mpx rdseed adx smap clflushopt intel_pt xsaveopt xsavec xgetbv1 xsaves dtherm ida arat pln pts hwp hwp_notify hwp_act_window hwp_epp md_clear flush_l1d
Online cpus:
0-3
Offline cpus:

BIOS frequency limitation:
<Not Available>
Frequency switch latency (ns):
0
Available cpu frequencies:
<Not Available>
Current governor:
powersave
Core performance/turbo boost:
<Not Available>

Memory: 4k page, physical 3958036k(109288k free), swap 9817080k(3733072k free)

vm_info: OpenJDK 64-Bit Server VM (11.0.13+8) for linux-amd64 JRE (11.0.13+8), built on Oct 13 2021 00:00:00 by "mockbuild" with gcc 11.2.1 20210728 (Red Hat 11.2.1-1)

END.
