#
# A fatal error has been detected by the Java Runtime Environment:
#
#  SIGSEGV (0xb) at pc=0x00007f03762659c8, pid=23955, tid=23963
#
# JRE version: OpenJDK Runtime Environment 18.9 (11.0.13+8) (build 11.0.13+8)
# Java VM: OpenJDK 64-Bit Server VM 18.9 (11.0.13+8, mixed mode, sharing, tiered, compressed oops, g1 gc, linux-amd64)
# Problematic frame:
# V  [libjvm.so+0x89a9c8]  InstanceKlass::clean_weak_instanceklass_links()+0x58
#
# Core dump will be written. Default location: Core dumps may be processed with "/usr/lib/systemd/systemd-coredump %P %u %g %s %t %c %h" (or dumping to /home/joel/Programacion/Java_ItAcademy/It_Academy_Mod_8_16/Mod16_JocDaus/Mod16.01Nivel1_JocDeDaus.MongoDB/core.23955)
#
# If you would like to submit a bug report, please visit:
#   https://bugzilla.redhat.com/enter_bug.cgi?product=Fedora&component=java-11-openjdk&version=34
#

---------------  S U M M A R Y ------------

Command Line: -Dcom.sun.management.jmxremote -Dcom.sun.management.jmxremote.port=43323 -Dcom.sun.management.jmxremote.authenticate=false -Dcom.sun.management.jmxremote.ssl=false -Djava.rmi.server.hostname=localhost -Dspring.jmx.enabled=true -Dspring.application.admin.enabled=true -Djava.security.egd=file:/dev/./urandom -XX:TieredStopAtLevel=1 -Dspring.boot.project.name=Mod16.01Nivel1_JocDeDaus.MongoDB.JWT -Dfile.encoding=UTF-8 com.ascii274.practicas.Application

Host: Intel(R) Core(TM) i5-6400 CPU @ 2.70GHz, 4 cores, 3G, Fedora release 34 (Thirty Four)
Time: Wed Nov 10 12:28:14 2021 CET elapsed time: 422.667001 seconds (0d 0h 7m 2s)

---------------  T H R E A D  ---------------

Current thread (0x00007f0370031000):  GCTaskThread "GC Thread#0" [stack: 0x00007f0374933000,0x00007f0374a33000] [id=23963]

Stack: [0x00007f0374933000,0x00007f0374a33000],  sp=0x00007f0374a31cd0,  free space=1019k
Native frames: (J=compiled Java code, A=aot compiled Java code, j=interpreted, Vv=VM code, C=native code)
V  [libjvm.so+0x89a9c8]  InstanceKlass::clean_weak_instanceklass_links()+0x58
V  [libjvm.so+0x7a8620]  G1ParallelCleaningTask::work(unsigned int)+0x2d0
V  [libjvm.so+0xf2cd3e]  GangWorker::loop()+0x5e
V  [libjvm.so+0xe8d20f]  Thread::call_run()+0x14f
V  [libjvm.so+0xc68a56]  thread_native_entry(Thread*)+0xf6


siginfo: si_signo: 11 (SIGSEGV), si_code: 1 (SEGV_MAPERR), si_addr: 0x0000000000000010

Register to memory mapping:

RAX=0x00007f0343a73fa8 is pointing into metadata
RBX=0x000000000000000a is an unknown value
RCX=0x0000000000000016 is an unknown value
RDX=0x0 is NULL
RSP=0x00007f0374a31cd0 points into unknown readable memory: 0x00000008400511c0 | c0 11 05 40 08 00 00 00
RBP=0x00007f0374a31cf0 points into unknown readable memory: 0x00007f0374a31d60 | 60 1d a3 74 03 7f 00 00
RSI=0x0 is NULL
RDI=0x0 is NULL
R8 =0x0000000840050e58 is a pointer to class: 
com.sun.jmx.remote.util.EnvHelp {0x0000000840050e58}
R9 =0x00000000000000a0 is an unknown value
R10=0x00007f037009f900 points into unknown readable memory: 0x0000000000000000 | 00 00 00 00 00 00 00 00
R11=0x0000000000000001 is an unknown value
R12=0x0000000840050e58 is a pointer to class: 
com.sun.jmx.remote.util.EnvHelp {0x0000000840050e58}
R13=0x00007f03700260f0 points into unknown readable memory: 0x0000000000000000 | 00 00 00 00 00 00 00 00
R14=0x00007f03700264d8 points into unknown readable memory: 0x0000000000000035 | 35 00 00 00 00 00 00 00
R15=0x00000000000003d8 is an unknown value


Registers:
RAX=0x00007f0343a73fa8, RBX=0x000000000000000a, RCX=0x0000000000000016, RDX=0x0000000000000000
RSP=0x00007f0374a31cd0, RBP=0x00007f0374a31cf0, RSI=0x0000000000000000, RDI=0x0000000000000000
R8 =0x0000000840050e58, R9 =0x00000000000000a0, R10=0x00007f037009f900, R11=0x0000000000000001
R12=0x0000000840050e58, R13=0x00007f03700260f0, R14=0x00007f03700264d8, R15=0x00000000000003d8
RIP=0x00007f03762659c8, EFLAGS=0x0000000000010283, CSGSFS=0x002b000000000033, ERR=0x0000000000000004
  TRAPNO=0x000000000000000e

Top of Stack: (sp=0x00007f0374a31cd0)
0x00007f0374a31cd0:   00000008400511c0 5f0f94838ab44100
0x00007f0374a31ce0:   00007f034377cfd0 00007f0370031450
0x00007f0374a31cf0:   00007f0374a31d60 00007f0376173620
0x00007f0374a31d00:   00007f03700260f0 00007f0370026100 

Instructions: (pc=0x00007f03762659c8)
0x00007f03762658c8:   0f 1f 84 00 00 00 00 00 f3 0f 1e fa 55 48 81 c7
0x00007f03762658d8:   60 01 00 00 31 d2 48 89 e5 48 83 ec 10 64 48 8b
0x00007f03762658e8:   04 25 28 00 00 00 48 89 45 f8 31 c0 48 89 7d f0
0x00007f03762658f8:   48 8d 7d f0 e8 5f da e4 ff 48 8b 45 f8 64 48 2b
0x00007f0376265908:   04 25 28 00 00 00 75 02 c9 c3 e8 39 8a 9e ff 90
0x00007f0376265918:   0f 1f 84 00 00 00 00 00 f3 0f 1e fa 55 48 81 c7
0x00007f0376265928:   60 01 00 00 0f b6 d2 48 89 e5 48 83 ec 10 64 48
0x00007f0376265938:   8b 04 25 28 00 00 00 48 89 45 f8 31 c0 48 89 7d
0x00007f0376265948:   f0 48 8d 7d f0 e8 ce da e4 ff 48 8b 45 f8 64 48
0x00007f0376265958:   2b 04 25 28 00 00 00 75 02 c9 c3 e8 e8 89 9e ff
0x00007f0376265968:   0f 1f 84 00 00 00 00 00 f3 0f 1e fa 55 48 89 e5
0x00007f0376265978:   41 54 49 89 fc 53 48 83 ec 10 64 48 8b 04 25 28
0x00007f0376265988:   00 00 00 48 89 45 e8 31 c0 f6 87 a5 00 00 00 02
0x00007f0376265998:   74 10 48 8d 05 9b e7 9f 00 80 38 00 0f 85 86 00
0x00007f03762659a8:   00 00 49 8b 84 24 98 01 00 00 31 db 8b 08 85 c9
0x00007f03762659b8:   7e 2f 66 0f 1f 44 00 00 48 63 d3 48 8b 54 d0 08
0x00007f03762659c8:   48 8b 7a 10 48 85 ff 74 4f 31 f6 83 c3 01 e8 25
0x00007f03762659d8:   f8 35 00 49 8b 84 24 98 01 00 00 8b 08 39 cb 7c
0x00007f03762659e8:   d7 49 81 c4 60 01 00 00 48 8d 7d e0 4c 89 65 e0
0x00007f03762659f8:   e8 63 d8 e4 ff 48 8b 45 e8 64 48 2b 04 25 28 00
0x00007f0376265a08:   00 00 0f 85 c1 00 00 00 48 83 c4 10 5b 41 5c 5d
0x00007f0376265a18:   c3 0f 1f 80 00 00 00 00 83 c3 01 39 cb 7c 99 eb
0x00007f0376265a28:   c0 0f 1f 80 00 00 00 00 e8 1b ca 1f 00 49 63 94
0x00007f0376265a38:   24 34 01 00 00 49 89 c0 49 63 84 24 c4 00 00 00
0x00007f0376265a48:   48 01 d0 41 8b 94 24 30 01 00 00 48 01 d0 49 8d
0x00007f0376265a58:   04 c0 48 85 c0 0f 84 47 ff ff ff 48 8b 00 48 85
0x00007f0376265a68:   c0 0f 84 3b ff ff ff 48 8b 80 98 00 00 00 80 78
0x00007f0376265a78:   20 00 0f 84 2a ff ff ff 41 f6 84 24 a5 00 00 00
0x00007f0376265a88:   02 0f 84 1b ff ff ff 4c 89 e7 e8 b9 c9 1f 00 49
0x00007f0376265a98:   63 94 24 34 01 00 00 49 89 c0 49 63 84 24 c4 00
0x00007f0376265aa8:   00 00 48 01 d0 41 8b 94 24 30 01 00 00 48 01 d0
0x00007f0376265ab8:   49 8d 04 c0 48 85 c0 0f 84 e5 fe ff ff 48 c7 00 


Stack slot to memory mapping:
stack at sp + 0 slots: 0x00000008400511c0 is pointing into metadata
stack at sp + 1 slots: 0x5f0f94838ab44100 is an unknown value
stack at sp + 2 slots: 0x00007f034377cfd0 points into unknown readable memory: 0x0000000840041be8 | e8 1b 04 40 08 00 00 00
stack at sp + 3 slots: 0x00007f0370031450 points into unknown readable memory: 0x0000000000000002 | 02 00 00 00 00 00 00 00
stack at sp + 4 slots: 0x00007f0374a31d60 points into unknown readable memory: 0x00007f0374a31da0 | a0 1d a3 74 03 7f 00 00
stack at sp + 5 slots: 0x00007f0376173620: <offset 0x00000000007a8620> in /usr/lib/jvm/java-11-openjdk-11.0.13.0.8-1.fc34.x86_64/lib/server/libjvm.so at 0x00007f03759cb000
stack at sp + 6 slots: 0x00007f03700260f0 points into unknown readable memory: 0x0000000000000000 | 00 00 00 00 00 00 00 00
stack at sp + 7 slots: 0x00007f0370026100 points into unknown readable memory: 0x2e6e75732e6d6f63 | 63 6f 6d 2e 73 75 6e 2e


---------------  P R O C E S S  ---------------

Threads class SMR info:
_java_thread_list=0x00007f02e4056cb0, length=23, elements={
0x00007f03700c2000, 0x00007f03700c4800, 0x00007f03700ca000, 0x00007f03700cc000,
0x00007f03700ce000, 0x00007f03700d0000, 0x00007f03700e6000, 0x00007f03704f8000,
0x00007f03704fe000, 0x00007f0370518800, 0x00007f02ec00f800, 0x00007f02e400d800,
0x00007f031c001000, 0x00007f02e0804800, 0x00007f02e0851000, 0x00007f0370019800,
0x00007f0308007800, 0x00007f0308005800, 0x00007f0304009000, 0x00007f0308001800,
0x00007f030400c000, 0x00007f02e4057800, 0x00007f02fc001800
}

Java Threads: ( => current thread )
  0x00007f03700c2000 JavaThread "Reference Handler" daemon [_thread_blocked, id=23969, stack(0x00007f034357c000,0x00007f034367d000)]
  0x00007f03700c4800 JavaThread "Finalizer" daemon [_thread_blocked, id=23970, stack(0x00007f034347b000,0x00007f034357c000)]
  0x00007f03700ca000 JavaThread "Signal Dispatcher" daemon [_thread_blocked, id=23971, stack(0x00007f034337a000,0x00007f034347b000)]
  0x00007f03700cc000 JavaThread "Service Thread" daemon [_thread_blocked, id=23972, stack(0x00007f0343279000,0x00007f034337a000)]
  0x00007f03700ce000 JavaThread "C1 CompilerThread0" daemon [_thread_blocked, id=23973, stack(0x00007f0343178000,0x00007f0343279000)]
  0x00007f03700d0000 JavaThread "Sweeper thread" daemon [_thread_blocked, id=23974, stack(0x00007f0343077000,0x00007f0343178000)]
  0x00007f03700e6000 JavaThread "Common-Cleaner" daemon [_thread_blocked, id=23975, stack(0x00007f0342f76000,0x00007f0343077000)]
  0x00007f03704f8000 JavaThread "RMI TCP Accept-0" daemon [_thread_blocked, id=23976, stack(0x00007f0342bc8000,0x00007f0342cc9000)]
  0x00007f03704fe000 JavaThread "RMI TCP Accept-43323" daemon [_thread_in_native, id=23977, stack(0x00007f0342ac7000,0x00007f0342bc8000)]
  0x00007f0370518800 JavaThread "RMI TCP Accept-0" daemon [_thread_in_native, id=23978, stack(0x00007f03429c6000,0x00007f0342ac7000)]
  0x00007f02ec00f800 JavaThread "RMI Scheduler(0)" daemon [_thread_blocked, id=23985, stack(0x00007f03424b7000,0x00007f03425b8000)]
  0x00007f02e400d800 JavaThread "JMX server connection timeout 18" daemon [_thread_blocked, id=23990, stack(0x00007f03422b5000,0x00007f03423b6000)]
  0x00007f031c001000 JavaThread "Attach Listener" daemon [_thread_blocked, id=23996, stack(0x00007f0341db2000,0x00007f0341eb3000)]
  0x00007f02e0804800 JavaThread "mysql-cj-abandoned-connection-cleanup" daemon [_thread_blocked, id=24004, stack(0x00007f03405aa000,0x00007f03406ab000)]
  0x00007f02e0851000 JavaThread "Live Reload Server" daemon [_thread_in_native, id=24012, stack(0x00007f0321ccc000,0x00007f0321dcd000)]
  0x00007f0370019800 JavaThread "DestroyJavaVM" [_thread_blocked, id=23961, stack(0x00007f037554c000,0x00007f037564d000)]
  0x00007f0308007800 JavaThread "RMI TCP Connection(14)-127.0.0.1" daemon [_thread_in_native, id=24212, stack(0x00007f03210c6000,0x00007f03211c7000)]
  0x00007f0308005800 JavaThread "RMI TCP Connection(idle)" daemon [_thread_blocked, id=24449, stack(0x00007f03408ab000,0x00007f03409ac000)]
  0x00007f0304009000 JavaThread "RMI TCP Connection(idle)" daemon [_thread_blocked, id=24450, stack(0x00007f0320dc3000,0x00007f0320ec4000)]
  0x00007f0308001800 JavaThread "RMI TCP Connection(idle)" daemon [_thread_blocked, id=24549, stack(0x00007f03420b3000,0x00007f03421b4000)]
  0x00007f030400c000 JavaThread "RMI TCP Connection(idle)" daemon [_thread_blocked, id=24551, stack(0x00007f03423b6000,0x00007f03424b7000)]
  0x00007f02e4057800 JavaThread "File Watcher" daemon [_thread_blocked, id=24711, stack(0x00007f03402a9000,0x00007f03403aa000)]
  0x00007f02fc001800 JavaThread "Thread-20" [_thread_blocked, id=24925, stack(0x00007f0341aad000,0x00007f0341bae000)]

Other Threads:
  0x00007f03700bf800 VMThread "VM Thread" [stack: 0x00007f034367f000,0x00007f034377f000] [id=23968]
  0x00007f037051b000 WatcherThread [stack: 0x00007f03428c6000,0x00007f03429c6000] [id=23979]
=>0x00007f0370031000 GCTaskThread "GC Thread#0" [stack: 0x00007f0374933000,0x00007f0374a33000] [id=23963]
  0x00007f0338001000 GCTaskThread "GC Thread#1" [stack: 0x00007f03427c4000,0x00007f03428c4000] [id=23980]
  0x00007f0338004000 GCTaskThread "GC Thread#2" [stack: 0x00007f0341cb2000,0x00007f0341db2000] [id=23997]
  0x00007f0338005800 GCTaskThread "GC Thread#3" [stack: 0x00007f0341bb0000,0x00007f0341cb0000] [id=23998]
  0x00007f037004b800 ConcurrentGCThread "G1 Main Marker" [stack: 0x00007f0374044000,0x00007f0374144000] [id=23964]
  0x00007f037004d800 ConcurrentGCThread "G1 Conc#0" [stack: 0x00007f0358572000,0x00007f0358672000] [id=23965]
  0x00007f0370091000 ConcurrentGCThread "G1 Refine#0" [stack: 0x00007f035806c000,0x00007f035816c000] [id=23966]
  0x00007f0348001000 ConcurrentGCThread "G1 Refine#1" [stack: 0x00007f03426c2000,0x00007f03427c2000] [id=23981]
  0x00007f0370093000 ConcurrentGCThread "G1 Young RemSet Sampling" [stack: 0x00007f03500c0000,0x00007f03501c0000] [id=23967]

Threads with active compile tasks:

VM state:at safepoint (normal execution)

VM Mutex/Monitor currently owned by a thread:  ([mutex/lock_event])
[0x00007f03700156a0] Threads_lock - owner thread: 0x00007f03700bf800
[0x00007f0370015e80] Heap_lock - owner thread: 0x00007f02fc001800

Heap address: 0x00000000c3800000, size: 968 MB, Compressed Oops mode: 32-bit
Narrow klass base: 0x0000000800000000, Narrow klass shift: 3
Compressed class space size: 1073741824 Address: 0x0000000840000000

Heap:
 garbage-first heap   total 89088K, used 30550K [0x00000000c3800000, 0x0000000100000000)
  region size 1024K, 6 young (6144K), 5 survivors (5120K)
 Metaspace       used 59260K, capacity 61527K, committed 61596K, reserved 1101824K
  class space    used 8118K, capacity 9095K, committed 9160K, reserved 1048576K
Heap Regions: E=young(eden), S=young(survivor), O=old, HS=humongous(starts), HC=humongous(continues), CS=collection set, F=free, A=archive, TAMS=top-at-mark-start (previous, next)
|   0|0x00000000c3800000, 0x00000000c3900000, 0x00000000c3900000|100%|HS|  |TAMS 0x00000000c3800000, 0x00000000c3800000| Untracked 
|   1|0x00000000c3900000, 0x00000000c39ffff8, 0x00000000c3a00000| 99%| O|  |TAMS 0x00000000c3900000, 0x00000000c3900000| Untracked 
|   2|0x00000000c3a00000, 0x00000000c3b00000, 0x00000000c3b00000|100%| O|  |TAMS 0x00000000c3a00000, 0x00000000c3a00000| Untracked 
|   3|0x00000000c3b00000, 0x00000000c3bfffe8, 0x00000000c3c00000| 99%| O|  |TAMS 0x00000000c3b00000, 0x00000000c3b00000| Untracked 
|   4|0x00000000c3c00000, 0x00000000c3d00000, 0x00000000c3d00000|100%| O|  |TAMS 0x00000000c3c00000, 0x00000000c3c00000| Untracked 
|   5|0x00000000c3d00000, 0x00000000c3df4470, 0x00000000c3e00000| 95%| O|  |TAMS 0x00000000c3d00000, 0x00000000c3d00000| Untracked 
|   6|0x00000000c3e00000, 0x00000000c3f00000, 0x00000000c3f00000|100%| O|  |TAMS 0x00000000c3e00000, 0x00000000c3e00000| Untracked 
|   7|0x00000000c3f00000, 0x00000000c3fffff0, 0x00000000c4000000| 99%| O|  |TAMS 0x00000000c3f00000, 0x00000000c3f00000| Untracked 
|   8|0x00000000c4000000, 0x00000000c40ffff0, 0x00000000c4100000| 99%| O|  |TAMS 0x00000000c4000000, 0x00000000c4000000| Untracked 
|   9|0x00000000c4100000, 0x00000000c41ffff8, 0x00000000c4200000| 99%| O|  |TAMS 0x00000000c4100000, 0x00000000c4100000| Untracked 
|  10|0x00000000c4200000, 0x00000000c42fffc8, 0x00000000c4300000| 99%| O|  |TAMS 0x00000000c4200000, 0x00000000c4200000| Untracked 
|  11|0x00000000c4300000, 0x00000000c43ffbf0, 0x00000000c4400000| 99%| O|  |TAMS 0x00000000c4300000, 0x00000000c4300000| Untracked 
|  12|0x00000000c4400000, 0x00000000c44ffff8, 0x00000000c4500000| 99%| O|  |TAMS 0x00000000c4400000, 0x00000000c4400000| Untracked 
|  13|0x00000000c4500000, 0x00000000c45fffd0, 0x00000000c4600000| 99%| O|  |TAMS 0x00000000c4500000, 0x00000000c4500000| Untracked 
|  14|0x00000000c4600000, 0x00000000c46fffc0, 0x00000000c4700000| 99%| O|  |TAMS 0x00000000c4600000, 0x00000000c4600000| Untracked 
|  15|0x00000000c4700000, 0x00000000c4800000, 0x00000000c4800000|100%| O|  |TAMS 0x00000000c4700000, 0x00000000c4700000| Untracked 
|  16|0x00000000c4800000, 0x00000000c4900000, 0x00000000c4900000|100%| O|  |TAMS 0x00000000c4800000, 0x00000000c4800000| Untracked 
|  17|0x00000000c4900000, 0x00000000c4a00000, 0x00000000c4a00000|100%| O|  |TAMS 0x00000000c4900000, 0x00000000c4900000| Untracked 
|  18|0x00000000c4a00000, 0x00000000c4afffc8, 0x00000000c4b00000| 99%| O|  |TAMS 0x00000000c4a00000, 0x00000000c4a00000| Untracked 
|  19|0x00000000c4b00000, 0x00000000c4bffff8, 0x00000000c4c00000| 99%| O|  |TAMS 0x00000000c4b00000, 0x00000000c4b00000| Untracked 
|  20|0x00000000c4c00000, 0x00000000c4ca8558, 0x00000000c4d00000| 65%| O|  |TAMS 0x00000000c4c00000, 0x00000000c4c00000| Untracked 
|  21|0x00000000c4d00000, 0x00000000c4dfffe8, 0x00000000c4e00000| 99%| O|  |TAMS 0x00000000c4d00000, 0x00000000c4d00000| Untracked 
|  22|0x00000000c4e00000, 0x00000000c4f00000, 0x00000000c4f00000|100%| O|  |TAMS 0x00000000c4e00000, 0x00000000c4e00000| Untracked 
|  23|0x00000000c4f00000, 0x00000000c4f427b8, 0x00000000c5000000| 25%| O|  |TAMS 0x00000000c4f00000, 0x00000000c4f00000| Untracked 
|  24|0x00000000c5000000, 0x00000000c5100000, 0x00000000c5100000|100%| O|  |TAMS 0x00000000c5000000, 0x00000000c5000000| Untracked 
|  25|0x00000000c5100000, 0x00000000c5115e00, 0x00000000c5200000|  8%| O|  |TAMS 0x00000000c5100000, 0x00000000c5100000| Untracked 
|  26|0x00000000c5200000, 0x00000000c5200000, 0x00000000c5300000|  0%| F|  |TAMS 0x00000000c5200000, 0x00000000c5200000| Untracked 
|  27|0x00000000c5300000, 0x00000000c5300000, 0x00000000c5400000|  0%| F|  |TAMS 0x00000000c5300000, 0x00000000c5300000| Untracked 
|  28|0x00000000c5400000, 0x00000000c5400000, 0x00000000c5500000|  0%| F|  |TAMS 0x00000000c5400000, 0x00000000c5400000| Untracked 
|  29|0x00000000c5500000, 0x00000000c5500000, 0x00000000c5600000|  0%| F|  |TAMS 0x00000000c5500000, 0x00000000c5500000| Untracked 
|  30|0x00000000c5600000, 0x00000000c5600000, 0x00000000c5700000|  0%| F|  |TAMS 0x00000000c5600000, 0x00000000c5600000| Untracked 
|  31|0x00000000c5700000, 0x00000000c5700000, 0x00000000c5800000|  0%| F|  |TAMS 0x00000000c5700000, 0x00000000c5700000| Untracked 
|  32|0x00000000c5800000, 0x00000000c5800000, 0x00000000c5900000|  0%| F|  |TAMS 0x00000000c5800000, 0x00000000c5800000| Untracked 
|  33|0x00000000c5900000, 0x00000000c5900000, 0x00000000c5a00000|  0%| F|  |TAMS 0x00000000c5900000, 0x00000000c5900000| Untracked 
|  34|0x00000000c5a00000, 0x00000000c5a00000, 0x00000000c5b00000|  0%| F|  |TAMS 0x00000000c5a00000, 0x00000000c5a00000| Untracked 
|  35|0x00000000c5b00000, 0x00000000c5b00000, 0x00000000c5c00000|  0%| F|  |TAMS 0x00000000c5b00000, 0x00000000c5b00000| Untracked 
|  36|0x00000000c5c00000, 0x00000000c5c00000, 0x00000000c5d00000|  0%| F|  |TAMS 0x00000000c5c00000, 0x00000000c5c00000| Untracked 
|  37|0x00000000c5d00000, 0x00000000c5d8fdc0, 0x00000000c5e00000| 56%| S|  |TAMS 0x00000000c5d00000, 0x00000000c5d00000| Complete 
|  38|0x00000000c5e00000, 0x00000000c5f00000, 0x00000000c5f00000|100%| S|  |TAMS 0x00000000c5e00000, 0x00000000c5e00000| Complete 
|  39|0x00000000c5f00000, 0x00000000c6000000, 0x00000000c6000000|100%| S|  |TAMS 0x00000000c5f00000, 0x00000000c5f00000| Complete 
|  40|0x00000000c6000000, 0x00000000c6000000, 0x00000000c6100000|  0%| F|  |TAMS 0x00000000c6000000, 0x00000000c6000000| Untracked 
|  41|0x00000000c6100000, 0x00000000c6120b20, 0x00000000c6200000| 12%| O|  |TAMS 0x00000000c6100000, 0x00000000c6100000| Untracked 
|  42|0x00000000c6200000, 0x00000000c6200000, 0x00000000c6300000|  0%| F|  |TAMS 0x00000000c6200000, 0x00000000c6200000| Untracked 
|  43|0x00000000c6300000, 0x00000000c6400000, 0x00000000c6400000|100%| S|  |TAMS 0x00000000c6300000, 0x00000000c6300000| Complete 
|  44|0x00000000c6400000, 0x00000000c6500000, 0x00000000c6500000|100%| S|  |TAMS 0x00000000c6400000, 0x00000000c6400000| Complete 
|  45|0x00000000c6500000, 0x00000000c6500000, 0x00000000c6600000|  0%| F|  |TAMS 0x00000000c6500000, 0x00000000c6500000| Untracked 
|  46|0x00000000c6600000, 0x00000000c6600000, 0x00000000c6700000|  0%| F|  |TAMS 0x00000000c6600000, 0x00000000c6600000| Untracked 
|  47|0x00000000c6700000, 0x00000000c6700000, 0x00000000c6800000|  0%| F|  |TAMS 0x00000000c6700000, 0x00000000c6700000| Untracked 
|  48|0x00000000c6800000, 0x00000000c6800000, 0x00000000c6900000|  0%| F|  |TAMS 0x00000000c6800000, 0x00000000c6800000| Untracked 
|  49|0x00000000c6900000, 0x00000000c6900000, 0x00000000c6a00000|  0%| F|  |TAMS 0x00000000c6900000, 0x00000000c6900000| Untracked 
|  50|0x00000000c6a00000, 0x00000000c6a00000, 0x00000000c6b00000|  0%| F|  |TAMS 0x00000000c6a00000, 0x00000000c6a00000| Untracked 
|  51|0x00000000c6b00000, 0x00000000c6b00000, 0x00000000c6c00000|  0%| F|  |TAMS 0x00000000c6b00000, 0x00000000c6b00000| Untracked 
|  52|0x00000000c6c00000, 0x00000000c6c00000, 0x00000000c6d00000|  0%| F|  |TAMS 0x00000000c6c00000, 0x00000000c6c00000| Untracked 
|  53|0x00000000c6d00000, 0x00000000c6d00000, 0x00000000c6e00000|  0%| F|  |TAMS 0x00000000c6d00000, 0x00000000c6d00000| Untracked 
|  54|0x00000000c6e00000, 0x00000000c6e00000, 0x00000000c6f00000|  0%| F|  |TAMS 0x00000000c6e00000, 0x00000000c6e00000| Untracked 
|  55|0x00000000c6f00000, 0x00000000c6f00000, 0x00000000c7000000|  0%| F|  |TAMS 0x00000000c6f00000, 0x00000000c6f00000| Untracked 
|  56|0x00000000c7000000, 0x00000000c7000000, 0x00000000c7100000|  0%| F|  |TAMS 0x00000000c7000000, 0x00000000c7000000| Untracked 
|  57|0x00000000c7100000, 0x00000000c7100000, 0x00000000c7200000|  0%| F|  |TAMS 0x00000000c7100000, 0x00000000c7100000| Untracked 
|  58|0x00000000c7200000, 0x00000000c7200000, 0x00000000c7300000|  0%| F|  |TAMS 0x00000000c7200000, 0x00000000c7200000| Untracked 
|  59|0x00000000c7300000, 0x00000000c7300000, 0x00000000c7400000|  0%| F|  |TAMS 0x00000000c7300000, 0x00000000c7300000| Untracked 
|  60|0x00000000c7400000, 0x00000000c7400000, 0x00000000c7500000|  0%| F|  |TAMS 0x00000000c7400000, 0x00000000c7400000| Untracked 
|  61|0x00000000c7500000, 0x00000000c7500000, 0x00000000c7600000|  0%| F|  |TAMS 0x00000000c7500000, 0x00000000c7500000| Untracked 
|  62|0x00000000c7600000, 0x00000000c7600000, 0x00000000c7700000|  0%| F|  |TAMS 0x00000000c7600000, 0x00000000c7600000| Untracked 
|  63|0x00000000c7700000, 0x00000000c7700000, 0x00000000c7800000|  0%| F|  |TAMS 0x00000000c7700000, 0x00000000c7700000| Untracked 
|  64|0x00000000c7800000, 0x00000000c7800000, 0x00000000c7900000|  0%| F|  |TAMS 0x00000000c7800000, 0x00000000c7800000| Untracked 
|  65|0x00000000c7900000, 0x00000000c7900000, 0x00000000c7a00000|  0%| F|  |TAMS 0x00000000c7900000, 0x00000000c7900000| Untracked 
|  66|0x00000000c7a00000, 0x00000000c7a00000, 0x00000000c7b00000|  0%| F|  |TAMS 0x00000000c7a00000, 0x00000000c7a00000| Untracked 
|  67|0x00000000c7b00000, 0x00000000c7b00000, 0x00000000c7c00000|  0%| F|  |TAMS 0x00000000c7b00000, 0x00000000c7b00000| Untracked 
|  68|0x00000000c7c00000, 0x00000000c7c00000, 0x00000000c7d00000|  0%| F|  |TAMS 0x00000000c7c00000, 0x00000000c7c00000| Untracked 
|  69|0x00000000c7d00000, 0x00000000c7d00000, 0x00000000c7e00000|  0%| F|  |TAMS 0x00000000c7d00000, 0x00000000c7d00000| Untracked 
|  70|0x00000000c7e00000, 0x00000000c7e00000, 0x00000000c7f00000|  0%| F|  |TAMS 0x00000000c7e00000, 0x00000000c7e00000| Untracked 
|  71|0x00000000c7f00000, 0x00000000c7f00000, 0x00000000c8000000|  0%| F|  |TAMS 0x00000000c7f00000, 0x00000000c7f00000| Untracked 
|  72|0x00000000c8000000, 0x00000000c8000000, 0x00000000c8100000|  0%| F|  |TAMS 0x00000000c8000000, 0x00000000c8000000| Untracked 
|  73|0x00000000c8100000, 0x00000000c8100000, 0x00000000c8200000|  0%| F|  |TAMS 0x00000000c8100000, 0x00000000c8100000| Untracked 
|  74|0x00000000c8200000, 0x00000000c8200000, 0x00000000c8300000|  0%| F|  |TAMS 0x00000000c8200000, 0x00000000c8200000| Untracked 
|  75|0x00000000c8300000, 0x00000000c8300000, 0x00000000c8400000|  0%| F|  |TAMS 0x00000000c8300000, 0x00000000c8300000| Untracked 
|  76|0x00000000c8400000, 0x00000000c8400000, 0x00000000c8500000|  0%| F|  |TAMS 0x00000000c8400000, 0x00000000c8400000| Untracked 
|  77|0x00000000c8500000, 0x00000000c8500000, 0x00000000c8600000|  0%| F|  |TAMS 0x00000000c8500000, 0x00000000c8500000| Untracked 
|  78|0x00000000c8600000, 0x00000000c8600000, 0x00000000c8700000|  0%| F|  |TAMS 0x00000000c8600000, 0x00000000c8600000| Untracked 
|  79|0x00000000c8700000, 0x00000000c8700000, 0x00000000c8800000|  0%| F|  |TAMS 0x00000000c8700000, 0x00000000c8700000| Untracked 
|  80|0x00000000c8800000, 0x00000000c8800000, 0x00000000c8900000|  0%| F|  |TAMS 0x00000000c8800000, 0x00000000c8800000| Untracked 
|  81|0x00000000c8900000, 0x00000000c8900000, 0x00000000c8a00000|  0%| F|  |TAMS 0x00000000c8900000, 0x00000000c8900000| Untracked 
|  82|0x00000000c8a00000, 0x00000000c8a00000, 0x00000000c8b00000|  0%| F|  |TAMS 0x00000000c8a00000, 0x00000000c8a00000| Untracked 
|  83|0x00000000c8b00000, 0x00000000c8b00000, 0x00000000c8c00000|  0%| F|  |TAMS 0x00000000c8b00000, 0x00000000c8b00000| Untracked 
|  84|0x00000000c8c00000, 0x00000000c8c7e838, 0x00000000c8d00000| 49%| E|  |TAMS 0x00000000c8c00000, 0x00000000c8c00000| Complete 
| 966|0x00000000ffe00000, 0x00000000ffe47000, 0x00000000fff00000| 27%|OA|  |TAMS 0x00000000ffe47000, 0x00000000ffe00000| Untracked 
| 967|0x00000000fff00000, 0x00000000fff6b000, 0x0000000100000000| 41%|CA|  |TAMS 0x00000000fff6b000, 0x00000000fff00000| Untracked 

Card table byte_map: [0x00007f0374165000,0x00007f0374349000] _byte_map_base: 0x00007f0373b49000

Marking Bits (Prev, Next): (CMBitMap*) 0x00007f0370046ff0, (CMBitMap*) 0x00007f0370046fb8
 Prev Bits: [0x00007f03521c0000, 0x00007f03530e0000)
 Next Bits: [0x00007f03530e0000, 0x00007f0354000000)

Polling page: 0x00007f0375510000

Metaspace:

Usage:
  Non-class:     51,20 MB capacity,    49,94 MB ( 98%) used,     1,02 MB (  2%) free+waste,   242,31 KB ( <1%) overhead. 
      Class:      8,88 MB capacity,     7,93 MB ( 89%) used,   855,02 KB (  9%) free+waste,   121,56 KB (  1%) overhead. 
       Both:     60,08 MB capacity,    57,87 MB ( 96%) used,     1,86 MB (  3%) free+waste,   363,88 KB ( <1%) overhead. 

Virtual space:
  Non-class space:       52,00 MB reserved,      51,21 MB ( 98%) committed 
      Class space:        1,00 GB reserved,       8,95 MB ( <1%) committed 
             Both:        1,05 GB reserved,      60,15 MB (  6%) committed 

Chunk freelists:
   Non-Class:  0 bytes
       Class:  25,00 KB
        Both:  25,00 KB

MaxMetaspaceSize: unlimited
CompressedClassSpaceSize: 1,00 GB
Initial GC threshold: 20,80 MB
Current GC threshold: 99,63 MB
CDS: on

CodeHeap 'non-profiled nmethods': size=238948Kb used=11813Kb max_used=11813Kb free=227134Kb
 bounds [0x00007f0358efd000, 0x00007f0359a8d000, 0x00007f0367856000]
CodeHeap 'non-nmethods': size=6812Kb used=1289Kb max_used=1289Kb free=5522Kb
 bounds [0x00007f0358856000, 0x00007f0358ac6000, 0x00007f0358efd000]
 total_blobs=7606 nmethods=7014 adapters=519
 compilation: enabled
              stopped_count=0, restarted_count=0
 full_count=0

Compilation events (20 events):
Event: 390,844 Thread 0x00007f03700ce000 7004       1       sun.rmi.transport.DGCImpl$2$$Lambda$82/0x000000084008c440::checkInput (5 bytes)
Event: 390,844 Thread 0x00007f03700ce000 nmethod 7004 0x00007f0359a83590 code [0x00007f0359a83740, 0x00007f0359a83820]
Event: 390,844 Thread 0x00007f03700ce000 7005       1       sun.rmi.transport.DGCImpl$2::lambda$run$0 (5 bytes)
Event: 390,844 Thread 0x00007f03700ce000 nmethod 7005 0x00007f0359a83910 code [0x00007f0359a83ac0, 0x00007f0359a83b60]
Event: 409,030 Thread 0x00007f03700ce000 7007       1       org.apache.catalina.webresources.Cache$EvictionOrder::compare (13 bytes)
Event: 409,030 Thread 0x00007f03700ce000 nmethod 7007 0x00007f0359a84010 code [0x00007f0359a841c0, 0x00007f0359a84390]
Event: 409,030 Thread 0x00007f03700ce000 7008       1       org.apache.catalina.webresources.Cache$EvictionOrder::compare (31 bytes)
Event: 409,030 Thread 0x00007f03700ce000 nmethod 7008 0x00007f0359a84490 code [0x00007f0359a84640, 0x00007f0359a84790]
Event: 409,420 Thread 0x00007f03700ce000 7009       1       com.mongodb.connection.ClusterSettings::getRequiredClusterType (5 bytes)
Event: 409,420 Thread 0x00007f03700ce000 nmethod 7009 0x00007f0359a84890 code [0x00007f0359a84a40, 0x00007f0359a84b10]
Event: 415,907 Thread 0x00007f03700ce000 7010   !   1       org.springframework.context.event.SimpleApplicationEventMulticaster::doInvokeListener (130 bytes)
Event: 416,256 Thread 0x00007f03700ce000 nmethod 7010 0x00007f0359a84b90 code [0x00007f0359a84e00, 0x00007f0359a854e0]
Event: 417,319 Thread 0x00007f03700ce000 7011       1       sun.util.calendar.ZoneInfo::getOffsets (8 bytes)
Event: 417,319 Thread 0x00007f03700ce000 nmethod 7011 0x00007f0359a85890 code [0x00007f0359a85a40, 0x00007f0359a85b40]
Event: 417,319 Thread 0x00007f03700ce000 7012       1       sun.util.calendar.CalendarDate::getDayOfWeek (18 bytes)
Event: 417,319 Thread 0x00007f03700ce000 nmethod 7012 0x00007f0359a85c10 code [0x00007f0359a85dc0, 0x00007f0359a85eb0]
Event: 417,319 Thread 0x00007f03700ce000 7013       1       sun.util.calendar.Gregorian$Date::getNormalizedYear (5 bytes)
Event: 417,320 Thread 0x00007f03700ce000 nmethod 7013 0x00007f0359a85f10 code [0x00007f0359a860c0, 0x00007f0359a86190]
Event: 417,863 Thread 0x00007f03700ce000 7014       1       java.util.concurrent.ConcurrentHashMap::mappingCount (17 bytes)
Event: 417,863 Thread 0x00007f03700ce000 nmethod 7014 0x00007f0359a86210 code [0x00007f0359a863c0, 0x00007f0359a864c0]

GC Heap History (20 events):
Event: 130,473 GC heap after
{Heap after GC invocations=17 (full 1):
 garbage-first heap   total 89088K, used 23326K [0x00000000c3800000, 0x0000000100000000)
  region size 1024K, 0 young (0K), 0 survivors (0K)
 Metaspace       used 58167K, capacity 60146K, committed 60572K, reserved 1101824K
  class space    used 7978K, capacity 8787K, committed 8904K, reserved 1048576K
}
Event: 131,101 GC heap before
{Heap before GC invocations=17 (full 1):
 garbage-first heap   total 89088K, used 69406K [0x00000000c3800000, 0x0000000100000000)
  region size 1024K, 45 young (46080K), 0 survivors (0K)
 Metaspace       used 58236K, capacity 60264K, committed 60572K, reserved 1101824K
  class space    used 7991K, capacity 8803K, committed 8904K, reserved 1048576K
}
Event: 131,117 GC heap after
{Heap after GC invocations=18 (full 1):
 garbage-first heap   total 89088K, used 26778K [0x00000000c3800000, 0x0000000100000000)
  region size 1024K, 4 young (4096K), 4 survivors (4096K)
 Metaspace       used 58236K, capacity 60264K, committed 60572K, reserved 1101824K
  class space    used 7991K, capacity 8803K, committed 8904K, reserved 1048576K
}
Event: 275,539 GC heap before
{Heap before GC invocations=18 (full 1):
 garbage-first heap   total 89088K, used 58522K [0x00000000c3800000, 0x0000000100000000)
  region size 1024K, 37 young (37888K), 4 survivors (4096K)
 Metaspace       used 58378K, capacity 60414K, committed 60572K, reserved 1101824K
  class space    used 8006K, capacity 8851K, committed 8904K, reserved 1048576K
}
Event: 276,207 GC heap after
{Heap after GC invocations=19 (full 2):
 garbage-first heap   total 89088K, used 22972K [0x00000000c3800000, 0x0000000100000000)
  region size 1024K, 0 young (0K), 0 survivors (0K)
 Metaspace       used 58371K, capacity 60402K, committed 60572K, reserved 1101824K
  class space    used 8005K, capacity 8848K, committed 8904K, reserved 1048576K
}
Event: 276,706 GC heap before
{Heap before GC invocations=19 (full 2):
 garbage-first heap   total 89088K, used 68028K [0x00000000c3800000, 0x0000000100000000)
  region size 1024K, 44 young (45056K), 0 survivors (0K)
 Metaspace       used 58428K, capacity 60505K, committed 60828K, reserved 1101824K
  class space    used 8014K, capacity 8860K, committed 8904K, reserved 1048576K
}
Event: 276,713 GC heap after
{Heap after GC invocations=20 (full 2):
 garbage-first heap   total 89088K, used 25990K [0x00000000c3800000, 0x0000000100000000)
  region size 1024K, 3 young (3072K), 3 survivors (3072K)
 Metaspace       used 58428K, capacity 60505K, committed 60828K, reserved 1101824K
  class space    used 8014K, capacity 8860K, committed 8904K, reserved 1048576K
}
Event: 311,061 GC heap before
{Heap before GC invocations=20 (full 2):
 garbage-first heap   total 89088K, used 55686K [0x00000000c3800000, 0x0000000100000000)
  region size 1024K, 34 young (34816K), 3 survivors (3072K)
 Metaspace       used 58572K, capacity 60655K, committed 60828K, reserved 1101824K
  class space    used 8028K, capacity 8904K, committed 8904K, reserved 1048576K
}
Event: 311,139 GC heap after
{Heap after GC invocations=21 (full 3):
 garbage-first heap   total 89088K, used 23166K [0x00000000c3800000, 0x0000000100000000)
  region size 1024K, 0 young (0K), 0 survivors (0K)
 Metaspace       used 58565K, capacity 60643K, committed 60828K, reserved 1101824K
  class space    used 8026K, capacity 8901K, committed 8904K, reserved 1048576K
}
Event: 311,456 GC heap before
{Heap before GC invocations=21 (full 3):
 garbage-first heap   total 89088K, used 67198K [0x00000000c3800000, 0x0000000100000000)
  region size 1024K, 44 young (45056K), 0 survivors (0K)
 Metaspace       used 58636K, capacity 60761K, committed 60956K, reserved 1101824K
  class space    used 8038K, capacity 8918K, committed 9032K, reserved 1048576K
}
Event: 311,473 GC heap after
{Heap after GC invocations=22 (full 3):
 garbage-first heap   total 89088K, used 26095K [0x00000000c3800000, 0x0000000100000000)
  region size 1024K, 3 young (3072K), 3 survivors (3072K)
 Metaspace       used 58636K, capacity 60761K, committed 60956K, reserved 1101824K
  class space    used 8038K, capacity 8918K, committed 9032K, reserved 1048576K
}
Event: 360,800 GC heap before
{Heap before GC invocations=22 (full 3):
 garbage-first heap   total 89088K, used 55791K [0x00000000c3800000, 0x0000000100000000)
  region size 1024K, 34 young (34816K), 3 survivors (3072K)
 Metaspace       used 58787K, capacity 60927K, committed 61212K, reserved 1101824K
  class space    used 8054K, capacity 8966K, committed 9032K, reserved 1048576K
}
Event: 361,627 GC heap after
{Heap after GC invocations=23 (full 4):
 garbage-first heap   total 89088K, used 23237K [0x00000000c3800000, 0x0000000100000000)
  region size 1024K, 0 young (0K), 0 survivors (0K)
 Metaspace       used 58781K, capacity 60915K, committed 61212K, reserved 1101824K
  class space    used 8053K, capacity 8963K, committed 9032K, reserved 1048576K
}
Event: 362,338 GC heap before
{Heap before GC invocations=23 (full 4):
 garbage-first heap   total 89088K, used 67269K [0x00000000c3800000, 0x0000000100000000)
  region size 1024K, 44 young (45056K), 0 survivors (0K)
 Metaspace       used 58829K, capacity 61009K, committed 61212K, reserved 1101824K
  class space    used 8060K, capacity 8973K, committed 9032K, reserved 1048576K
}
Event: 362,368 GC heap after
{Heap after GC invocations=24 (full 4):
 garbage-first heap   total 89088K, used 26231K [0x00000000c3800000, 0x0000000100000000)
  region size 1024K, 3 young (3072K), 3 survivors (3072K)
 Metaspace       used 58829K, capacity 61009K, committed 61212K, reserved 1101824K
  class space    used 8060K, capacity 8973K, committed 9032K, reserved 1048576K
}
Event: 378,916 GC heap before
{Heap before GC invocations=24 (full 4):
 garbage-first heap   total 89088K, used 68215K [0x00000000c3800000, 0x0000000100000000)
  region size 1024K, 45 young (46080K), 3 survivors (3072K)
 Metaspace       used 59128K, capacity 61402K, committed 61596K, reserved 1101824K
  class space    used 8106K, capacity 9055K, committed 9160K, reserved 1048576K
}
Event: 378,949 GC heap after
{Heap after GC invocations=25 (full 4):
 garbage-first heap   total 89088K, used 27864K [0x00000000c3800000, 0x0000000100000000)
  region size 1024K, 5 young (5120K), 5 survivors (5120K)
 Metaspace       used 59128K, capacity 61402K, committed 61596K, reserved 1101824K
  class space    used 8106K, capacity 9055K, committed 9160K, reserved 1048576K
}
Event: 414,530 GC heap before
{Heap before GC invocations=25 (full 4):
 garbage-first heap   total 89088K, used 68824K [0x00000000c3800000, 0x0000000100000000)
  region size 1024K, 45 young (46080K), 5 survivors (5120K)
 Metaspace       used 59257K, capacity 61521K, committed 61596K, reserved 1101824K
  class space    used 8117K, capacity 9093K, committed 9160K, reserved 1048576K
}
Event: 415,877 GC heap after
{Heap after GC invocations=26 (full 4):
 garbage-first heap   total 89088K, used 30044K [0x00000000c3800000, 0x0000000100000000)
  region size 1024K, 5 young (5120K), 5 survivors (5120K)
 Metaspace       used 59257K, capacity 61521K, committed 61596K, reserved 1101824K
  class space    used 8117K, capacity 9093K, committed 9160K, reserved 1048576K
}
Event: 417,877 GC heap before
{Heap before GC invocations=26 (full 4):
 garbage-first heap   total 89088K, used 30044K [0x00000000c3800000, 0x0000000100000000)
  region size 1024K, 6 young (6144K), 5 survivors (5120K)
 Metaspace       used 59260K, capacity 61527K, committed 61596K, reserved 1101824K
  class space    used 8118K, capacity 9095K, committed 9160K, reserved 1048576K
}

Deoptimization events (6 events):
Event: 2,869 Thread 0x00007f02dc007800 DEOPT PACKING pc=0x00007f0359218914 sp=0x00007f03421b07c0
Event: 2,869 Thread 0x00007f02dc007800 DEOPT UNPACKING pc=0x00007f03588a064a sp=0x00007f03421afd48 mode 0
Event: 4,138 Thread 0x00007f02dc007800 DEOPT PACKING pc=0x00007f0359049cbc sp=0x00007f03421ad690
Event: 4,138 Thread 0x00007f02dc007800 DEOPT UNPACKING pc=0x00007f03588a064a sp=0x00007f03421acbc8 mode 0
Event: 5,589 Thread 0x00007f02dc007800 DEOPT PACKING pc=0x00007f035922c525 sp=0x00007f03421ab9e0
Event: 5,589 Thread 0x00007f02dc007800 DEOPT UNPACKING pc=0x00007f03588a064a sp=0x00007f03421aaf08 mode 3

Classes redefined (0 events):
No events

Internal exceptions (20 events):
Event: 378,969 Thread 0x00007f02e4054800 Exception <a 'java/lang/NoClassDefFoundError'{0x00000000c8cdddc0}: org/springframework/batch/core/repository/JobRepository> (0x00000000c8cdddc0) thrown at [src/hotspot/share/oops/constantPool.cpp, line 775]
Event: 378,969 Thread 0x00007f02e4054800 Exception <a 'java/lang/NoClassDefFoundError'{0x00000000c8cde0f8}: org/quartz/Scheduler> (0x00000000c8cde0f8) thrown at [src/hotspot/share/oops/constantPool.cpp, line 775]
Event: 378,969 Thread 0x00007f02e4054800 Exception <a 'java/lang/NoClassDefFoundError'{0x00000000c8cde430}: org/springframework/session/jdbc/JdbcIndexedSessionRepository> (0x00000000c8cde430) thrown at [src/hotspot/share/oops/constantPool.cpp, line 775]
Event: 379,013 Thread 0x00007f02e4054800 Exception <a 'java/io/FileNotFoundException'{0x00000000c88b8130}> (0x00000000c88b8130) thrown at [src/hotspot/share/prims/jni.cpp, line 616]
Event: 379,027 Thread 0x00007f02e4054800 Exception <a 'java/io/FileNotFoundException'{0x00000000c8695630}> (0x00000000c8695630) thrown at [src/hotspot/share/prims/jni.cpp, line 616]
Event: 379,194 Thread 0x00007f02e4054800 Exception <a 'java/lang/ClassNotFoundException'{0x00000000c7b676b8}: java/lang/ObjectCustomizer> (0x00000000c7b676b8) thrown at [src/hotspot/share/classfile/systemDictionary.cpp, line 231]
Event: 379,195 Thread 0x00007f02e4054800 Exception <a 'java/lang/ClassNotFoundException'{0x00000000c7b7d268}: com/ascii274/practicas/models/PartidaCustomizer> (0x00000000c7b7d268) thrown at [src/hotspot/share/classfile/systemDictionary.cpp, line 231]
Event: 379,210 Thread 0x00007f02e4054800 Exception <a 'java/lang/ClassNotFoundException'{0x00000000c7a65ba8}: java/lang/ObjectCustomizer> (0x00000000c7a65ba8) thrown at [src/hotspot/share/classfile/systemDictionary.cpp, line 231]
Event: 379,210 Thread 0x00007f02e4054800 Exception <a 'java/lang/ClassNotFoundException'{0x00000000c7a7b508}: com/ascii274/practicas/models/JugadorCustomizer> (0x00000000c7a7b508) thrown at [src/hotspot/share/classfile/systemDictionary.cpp, line 231]
Event: 379,265 Thread 0x00007f02e4054800 Exception <a 'java/lang/ClassNotFoundException'{0x00000000c7668658}: java/lang/ObjectCustomizer> (0x00000000c7668658) thrown at [src/hotspot/share/classfile/systemDictionary.cpp, line 231]
Event: 379,265 Thread 0x00007f02e4054800 Exception <a 'java/lang/ClassNotFoundException'{0x00000000c7683288}: org/springframework/security/config/annotation/web/configuration/WebSecurityConfigurerAdapterCustomizer> (0x00000000c7683288) thrown at [src/hotspot/share/classfile/systemDictionary.cpp, line 231]
Event: 379,266 Thread 0x00007f02e4054800 Exception <a 'java/lang/ClassNotFoundException'{0x00000000c769ee90}: com/ascii274/practicas/Application$WebSecurtiyConfigCustomizer> (0x00000000c769ee90) thrown at [src/hotspot/share/classfile/systemDictionary.cpp, line 231]
Event: 379,267 Thread 0x00007f02e4054800 Exception <a 'java/lang/ClassNotFoundException'{0x00000000c76b9780}: com/ascii274/practicas/Application$WebSecurtiyConfig$$EnhancerBySpringCGLIB$$ed6ed8a2Customizer> (0x00000000c76b9780) thrown at [src/hotspot/share/classfile/systemDictionary.cpp, line 231]
Event: 379,267 Thread 0x00007f02e4054800 Exception <a 'java/lang/ClassNotFoundException'{0x00000000c76dd130}: org/springframework/context/annotation/ConfigurationClassEnhancer$EnhancedConfigurationCustomizer> (0x00000000c76dd130) thrown at [src/hotspot/share/classfile/systemDictionary.cpp, line 231]
Event: 379,268 Thread 0x00007f02e4054800 Exception <a 'java/lang/ClassNotFoundException'{0x00000000c76ef568}: org/springframework/beans/factory/BeanFactoryAwareCustomizer> (0x00000000c76ef568) thrown at [src/hotspot/share/classfile/systemDictionary.cpp, line 231]
Event: 379,268 Thread 0x00007f02e4054800 Exception <a 'java/lang/ClassNotFoundException'{0x00000000c7501668}: org/springframework/beans/factory/AwareCustomizer> (0x00000000c7501668) thrown at [src/hotspot/share/classfile/systemDictionary.cpp, line 231]
Event: 379,268 Thread 0x00007f02e4054800 Exception <a 'java/lang/ClassNotFoundException'{0x00000000c7516648}: org/springframework/security/config/annotation/web/WebSecurityConfigurerCustomizer> (0x00000000c7516648) thrown at [src/hotspot/share/classfile/systemDictionary.cpp, line 231]
Event: 379,269 Thread 0x00007f02e4054800 Exception <a 'java/lang/ClassNotFoundException'{0x00000000c752abd0}: org/springframework/security/config/annotation/SecurityConfigurerCustomizer> (0x00000000c752abd0) thrown at [src/hotspot/share/classfile/systemDictionary.cpp, line 231]
Event: 417,262 Thread 0x00007f02e0fd4000 Exception <a 'java/lang/InterruptedException'{0x00000000c8c2e488}: sleep interrupted> (0x00000000c8c2e488) thrown at [src/hotspot/share/prims/jvm.cpp, line 3125]
Event: 417,272 Thread 0x00007f02e0f9d000 Exception <a 'java/lang/InterruptedException'{0x00000000c8c601f8}: sleep interrupted> (0x00000000c8c601f8) thrown at [src/hotspot/share/prims/jvm.cpp, line 3125]

Events (20 events):
Event: 417,871 Executing VM operation: RevokeBias
Event: 417,871 Executing VM operation: RevokeBias done
Event: 417,872 Executing VM operation: RevokeBias
Event: 417,872 Executing VM operation: RevokeBias done
Event: 417,872 Executing VM operation: RevokeBias
Event: 417,872 Executing VM operation: RevokeBias done
Event: 417,872 Executing VM operation: RevokeBias
Event: 417,872 Executing VM operation: RevokeBias done
Event: 417,872 Executing VM operation: RevokeBias
Event: 417,873 Executing VM operation: RevokeBias done
Event: 417,873 Executing VM operation: RevokeBias
Event: 417,873 Executing VM operation: RevokeBias done
Event: 417,873 Executing VM operation: RevokeBias
Event: 417,873 Executing VM operation: RevokeBias done
Event: 417,873 Executing VM operation: RevokeBias
Event: 417,873 Executing VM operation: RevokeBias done
Event: 417,873 Executing VM operation: RevokeBias
Event: 417,874 Executing VM operation: RevokeBias done
Event: 417,874 Thread 0x00007f0318035800 Thread exited: 0x00007f0318035800
Event: 417,876 Executing VM operation: G1CollectFull


Dynamic libraries:
c3800000-c8d00000 rw-p 00000000 00:00 0 
c8d00000-ffe00000 ---p 00000000 00:00 0 
ffe00000-ffe47000 rw-p 0110c000 08:03 3020898                            /usr/lib/jvm/java-11-openjdk-11.0.13.0.8-1.fc34.x86_64/lib/server/classes.jsa
ffe47000-fff00000 rw-p 00000000 00:00 0 
fff00000-fff6b000 rw-p 010a1000 08:03 3020898                            /usr/lib/jvm/java-11-openjdk-11.0.13.0.8-1.fc34.x86_64/lib/server/classes.jsa
fff6b000-100000000 rw-p 00000000 00:00 0 
800000000-800002000 rwxp 00001000 08:03 3020898                          /usr/lib/jvm/java-11-openjdk-11.0.13.0.8-1.fc34.x86_64/lib/server/classes.jsa
800002000-8003b5000 rw-p 00003000 08:03 3020898                          /usr/lib/jvm/java-11-openjdk-11.0.13.0.8-1.fc34.x86_64/lib/server/classes.jsa
8003b5000-800a92000 r--p 003b6000 08:03 3020898                          /usr/lib/jvm/java-11-openjdk-11.0.13.0.8-1.fc34.x86_64/lib/server/classes.jsa
800a92000-800a93000 rw-p 00a93000 08:03 3020898                          /usr/lib/jvm/java-11-openjdk-11.0.13.0.8-1.fc34.x86_64/lib/server/classes.jsa
800a93000-8010a0000 r--p 00a94000 08:03 3020898                          /usr/lib/jvm/java-11-openjdk-11.0.13.0.8-1.fc34.x86_64/lib/server/classes.jsa
840000000-8408f2000 rw-p 00000000 00:00 0 
8408f2000-880000000 ---p 00000000 00:00 0 
561008907000-561008908000 r--p 00000000 08:03 796722                     /usr/lib/jvm/java-11-openjdk-11.0.13.0.8-1.fc34.x86_64/bin/java
561008908000-561008909000 r-xp 00001000 08:03 796722                     /usr/lib/jvm/java-11-openjdk-11.0.13.0.8-1.fc34.x86_64/bin/java
561008909000-56100890a000 r--p 00002000 08:03 796722                     /usr/lib/jvm/java-11-openjdk-11.0.13.0.8-1.fc34.x86_64/bin/java
56100890a000-56100890b000 r--p 00002000 08:03 796722                     /usr/lib/jvm/java-11-openjdk-11.0.13.0.8-1.fc34.x86_64/bin/java
56100890b000-56100890c000 rw-p 00003000 08:03 796722                     /usr/lib/jvm/java-11-openjdk-11.0.13.0.8-1.fc34.x86_64/bin/java
5610090db000-5610090fc000 rw-p 00000000 00:00 0                          [heap]
7f02c4000000-7f02c4021000 rw-p 00000000 00:00 0 
7f02c4021000-7f02c8000000 ---p 00000000 00:00 0 
7f02cb891000-7f02cc000000 rw-p 00000000 00:00 0 
7f02cc000000-7f02cc031000 rw-p 00000000 00:00 0 
7f02cc031000-7f02d0000000 ---p 00000000 00:00 0 
7f02d0000000-7f02d0276000 rw-p 00000000 00:00 0 
7f02d0276000-7f02d4000000 ---p 00000000 00:00 0 
7f02d4000000-7f02d402c000 rw-p 00000000 00:00 0 
7f02d402c000-7f02d8000000 ---p 00000000 00:00 0 
7f02d8000000-7f02d8069000 rw-p 00000000 00:00 0 
7f02d8069000-7f02dc000000 ---p 00000000 00:00 0 
7f02dc000000-7f02dc021000 rw-p 00000000 00:00 0 
7f02dc021000-7f02e0000000 ---p 00000000 00:00 0 
7f02e0000000-7f02e0fef000 rw-p 00000000 00:00 0 
7f02e0fef000-7f02e4000000 ---p 00000000 00:00 0 
7f02e4000000-7f02e4076000 rw-p 00000000 00:00 0 
7f02e4076000-7f02e8000000 ---p 00000000 00:00 0 
7f02e8000000-7f02e8021000 rw-p 00000000 00:00 0 
7f02e8021000-7f02ec000000 ---p 00000000 00:00 0 
7f02ec000000-7f02ec043000 rw-p 00000000 00:00 0 
7f02ec043000-7f02f0000000 ---p 00000000 00:00 0 
7f02f0000000-7f02f0021000 rw-p 00000000 00:00 0 
7f02f0021000-7f02f4000000 ---p 00000000 00:00 0 
7f02f4000000-7f02f4077000 rw-p 00000000 00:00 0 
7f02f4077000-7f02f8000000 ---p 00000000 00:00 0 
7f02f8000000-7f02f8021000 rw-p 00000000 00:00 0 
7f02f8021000-7f02fc000000 ---p 00000000 00:00 0 
7f02fc000000-7f02fc021000 rw-p 00000000 00:00 0 
7f02fc021000-7f0300000000 ---p 00000000 00:00 0 
7f0300000000-7f0300021000 rw-p 00000000 00:00 0 
7f0300021000-7f0304000000 ---p 00000000 00:00 0 
7f0304000000-7f0304021000 rw-p 00000000 00:00 0 
7f0304021000-7f0308000000 ---p 00000000 00:00 0 
7f0308000000-7f0308021000 rw-p 00000000 00:00 0 
7f0308021000-7f030c000000 ---p 00000000 00:00 0 
7f030c000000-7f030c021000 rw-p 00000000 00:00 0 
7f030c021000-7f0310000000 ---p 00000000 00:00 0 
7f0310000000-7f0310021000 rw-p 00000000 00:00 0 
7f0310021000-7f0314000000 ---p 00000000 00:00 0 
7f0314000000-7f0314293000 rw-p 00000000 00:00 0 
7f0314293000-7f0318000000 ---p 00000000 00:00 0 
7f0318000000-7f031853d000 rw-p 00000000 00:00 0 
7f031853d000-7f031c000000 ---p 00000000 00:00 0 
7f031c000000-7f031c021000 rw-p 00000000 00:00 0 
7f031c021000-7f0320000000 ---p 00000000 00:00 0 
7f032044c000-7f0320901000 rw-p 00000000 00:00 0 
7f0320901000-7f03209c1000 ---p 00000000 00:00 0 
7f03209c1000-7f0320bc1000 rw-p 00000000 00:00 0 
7f0320bc1000-7f0320bc5000 ---p 00000000 00:00 0 
7f0320bc5000-7f0320cc2000 rw-p 00000000 00:00 0 
7f0320cc2000-7f0320cc6000 ---p 00000000 00:00 0 
7f0320cc6000-7f0320dc3000 rw-p 00000000 00:00 0 
7f0320dc3000-7f0320dc7000 ---p 00000000 00:00 0 
7f0320dc7000-7f0320ec4000 rw-p 00000000 00:00 0 
7f0320ec4000-7f0320ec8000 ---p 00000000 00:00 0 
7f0320ec8000-7f0320fc5000 rw-p 00000000 00:00 0 
7f0320fc5000-7f0320fc9000 ---p 00000000 00:00 0 
7f0320fc9000-7f03210c6000 rw-p 00000000 00:00 0 
7f03210c6000-7f03210ca000 ---p 00000000 00:00 0 
7f03210ca000-7f03211c7000 rw-p 00000000 00:00 0 
7f03211c7000-7f03211cb000 ---p 00000000 00:00 0 
7f03211cb000-7f03212c8000 rw-p 00000000 00:00 0 
7f03212c8000-7f03212cc000 ---p 00000000 00:00 0 
7f03212cc000-7f03215c9000 rw-p 00000000 00:00 0 
7f03215c9000-7f03215cd000 ---p 00000000 00:00 0 
7f03215cd000-7f03216ca000 rw-p 00000000 00:00 0 
7f03216ca000-7f03216ce000 ---p 00000000 00:00 0 
7f03216ce000-7f03217cb000 rw-p 00000000 00:00 0 
7f03217cb000-7f03217cf000 ---p 00000000 00:00 0 
7f03217cf000-7f0321acc000 rw-p 00000000 00:00 0 
7f0321acc000-7f0321ccc000 rw-p 00000000 00:00 0 
7f0321ccc000-7f0321cd0000 ---p 00000000 00:00 0 
7f0321cd0000-7f0321fcd000 rw-p 00000000 00:00 0 
7f0321fcd000-7f0321fd1000 ---p 00000000 00:00 0 
7f0321fd1000-7f03220ce000 rw-p 00000000 00:00 0 
7f03220ce000-7f03220d2000 ---p 00000000 00:00 0 
7f03220d2000-7f03223cf000 rw-p 00000000 00:00 0 
7f03223cf000-7f03225cf000 rw-p 00000000 00:00 0 
7f03225cf000-7f03227cf000 rw-p 00000000 00:00 0 
7f03227cf000-7f03229cf000 rw-p 00000000 00:00 0 
7f03229cf000-7f03229d3000 ---p 00000000 00:00 0 
7f03229d3000-7f0322ad0000 rw-p 00000000 00:00 0 
7f0322ad0000-7f0330000000 r--p 00000000 08:03 131327                     /usr/lib/locale/locale-archive
7f0330000000-7f0330021000 rw-p 00000000 00:00 0 
7f0330021000-7f0334000000 ---p 00000000 00:00 0 
7f0334000000-7f0334021000 rw-p 00000000 00:00 0 
7f0334021000-7f0338000000 ---p 00000000 00:00 0 
7f0338000000-7f0338c4e000 rw-p 00000000 00:00 0 
7f0338c4e000-7f033c000000 ---p 00000000 00:00 0 
7f033c000000-7f033c021000 rw-p 00000000 00:00 0 
7f033c021000-7f0340000000 ---p 00000000 00:00 0 
7f0340061000-7f0340063000 r--p 00000000 08:03 275395                     /usr/lib/jvm/java-11-openjdk-11.0.13.0.8-1.fc34.x86_64/lib/libsunec.so
7f0340063000-7f0340079000 r-xp 00002000 08:03 275395                     /usr/lib/jvm/java-11-openjdk-11.0.13.0.8-1.fc34.x86_64/lib/libsunec.so
7f0340079000-7f034007d000 r--p 00018000 08:03 275395                     /usr/lib/jvm/java-11-openjdk-11.0.13.0.8-1.fc34.x86_64/lib/libsunec.so
7f034007d000-7f034007e000 ---p 0001c000 08:03 275395                     /usr/lib/jvm/java-11-openjdk-11.0.13.0.8-1.fc34.x86_64/lib/libsunec.so
7f034007e000-7f034007f000 r--p 0001c000 08:03 275395                     /usr/lib/jvm/java-11-openjdk-11.0.13.0.8-1.fc34.x86_64/lib/libsunec.so
7f034007f000-7f0340081000 rw-p 0001d000 08:03 275395                     /usr/lib/jvm/java-11-openjdk-11.0.13.0.8-1.fc34.x86_64/lib/libsunec.so
7f0340081000-7f034029e000 rw-p 00000000 00:00 0 
7f034029e000-7f03402a9000 ---p 00000000 00:00 0 
7f03402a9000-7f03402ad000 ---p 00000000 00:00 0 
7f03402ad000-7f03405aa000 rw-p 00000000 00:00 0 
7f03405aa000-7f03405ae000 ---p 00000000 00:00 0 
7f03405ae000-7f03408ab000 rw-p 00000000 00:00 0 
7f03408ab000-7f03408af000 ---p 00000000 00:00 0 
7f03408af000-7f03409ac000 rw-p 00000000 00:00 0 
7f03409ac000-7f03409b0000 ---p 00000000 00:00 0 
7f03409b0000-7f0340cad000 rw-p 00000000 00:00 0 
7f0340cad000-7f0340ead000 rw-p 00000000 00:00 0 
7f0340ead000-7f03410ad000 rw-p 00000000 00:00 0 
7f03410ad000-7f03412ad000 rw-p 00000000 00:00 0 
7f03412ad000-7f03414ad000 rw-p 00000000 00:00 0 
7f03414ad000-7f03416ad000 rw-p 00000000 00:00 0 
7f03416ad000-7f03418ad000 rw-p 00000000 00:00 0 
7f03418ad000-7f0341aad000 rw-p 00000000 00:00 0 
7f0341aad000-7f0341ab1000 ---p 00000000 00:00 0 
7f0341ab1000-7f0341bae000 rw-p 00000000 00:00 0 
7f0341bae000-7f0341baf000 ---p 00000000 00:00 0 
7f0341baf000-7f0341cb0000 rw-p 00000000 00:00 0 
7f0341cb0000-7f0341cb1000 ---p 00000000 00:00 0 
7f0341cb1000-7f0341db2000 rw-p 00000000 00:00 0 
7f0341db2000-7f0341db6000 ---p 00000000 00:00 0 
7f0341db6000-7f03420b3000 rw-p 00000000 00:00 0 
7f03420b3000-7f03420b7000 ---p 00000000 00:00 0 
7f03420b7000-7f03421b4000 rw-p 00000000 00:00 0 
7f03421b4000-7f03421b8000 ---p 00000000 00:00 0 
7f03421b8000-7f03422b5000 rw-p 00000000 00:00 0 
7f03422b5000-7f03422b9000 ---p 00000000 00:00 0 
7f03422b9000-7f03423b6000 rw-p 00000000 00:00 0 
7f03423b6000-7f03423ba000 ---p 00000000 00:00 0 
7f03423ba000-7f03424b7000 rw-p 00000000 00:00 0 
7f03424b7000-7f03424bb000 ---p 00000000 00:00 0 
7f03424bb000-7f03425b8000 rw-p 00000000 00:00 0 
7f03425b8000-7f03425bc000 ---p 00000000 00:00 0 
7f03425bc000-7f03426b9000 rw-p 00000000 00:00 0 
7f03426b9000-7f03426c0000 r--s 00000000 08:03 659224                     /usr/lib64/gconv/gconv-modules.cache
7f03426c0000-7f03426c1000 ---p 00000000 00:00 0 
7f03426c1000-7f03427c2000 rw-p 00000000 00:00 0 
7f03427c2000-7f03427c3000 ---p 00000000 00:00 0 
7f03427c3000-7f03428c4000 rw-p 00000000 00:00 0 
7f03428c4000-7f03428c5000 ---p 00000000 00:00 0 
7f03428c5000-7f03429c6000 rw-p 00000000 00:00 0 
7f03429c6000-7f03429ca000 ---p 00000000 00:00 0 
7f03429ca000-7f0342ac7000 rw-p 00000000 00:00 0 
7f0342ac7000-7f0342acb000 ---p 00000000 00:00 0 
7f0342acb000-7f0342bc8000 rw-p 00000000 00:00 0 
7f0342bc8000-7f0342bcc000 ---p 00000000 00:00 0 
7f0342bcc000-7f0342cc9000 rw-p 00000000 00:00 0 
7f0342cc9000-7f0342ccb000 r--p 00000000 08:03 144778                     /usr/lib64/libpcre2-8.so.0.10.1
7f0342ccb000-7f0342d36000 r-xp 00002000 08:03 144778                     /usr/lib64/libpcre2-8.so.0.10.1
7f0342d36000-7f0342d5d000 r--p 0006d000 08:03 144778                     /usr/lib64/libpcre2-8.so.0.10.1
7f0342d5d000-7f0342d5e000 ---p 00094000 08:03 144778                     /usr/lib64/libpcre2-8.so.0.10.1
7f0342d5e000-7f0342d5f000 r--p 00094000 08:03 144778                     /usr/lib64/libpcre2-8.so.0.10.1
7f0342d5f000-7f0342d60000 rw-p 00095000 08:03 144778                     /usr/lib64/libpcre2-8.so.0.10.1
7f0342d60000-7f0342d66000 r--p 00000000 08:03 144893                     /usr/lib64/libselinux.so.1
7f0342d66000-7f0342d80000 r-xp 00006000 08:03 144893                     /usr/lib64/libselinux.so.1
7f0342d80000-7f0342d87000 r--p 00020000 08:03 144893                     /usr/lib64/libselinux.so.1
7f0342d87000-7f0342d88000 ---p 00027000 08:03 144893                     /usr/lib64/libselinux.so.1
7f0342d88000-7f0342d89000 r--p 00027000 08:03 144893                     /usr/lib64/libselinux.so.1
7f0342d89000-7f0342d8a000 rw-p 00028000 08:03 144893                     /usr/lib64/libselinux.so.1
7f0342d8a000-7f0342d8c000 rw-p 00000000 00:00 0 
7f0342d8c000-7f0342d90000 r--p 00000000 08:03 141933                     /usr/lib64/libnss_myhostname.so.2
7f0342d90000-7f0342d9f000 r-xp 00004000 08:03 141933                     /usr/lib64/libnss_myhostname.so.2
7f0342d9f000-7f0342da8000 r--p 00013000 08:03 141933                     /usr/lib64/libnss_myhostname.so.2
7f0342da8000-7f0342da9000 ---p 0001c000 08:03 141933                     /usr/lib64/libnss_myhostname.so.2
7f0342da9000-7f0342dad000 r--p 0001c000 08:03 141933                     /usr/lib64/libnss_myhostname.so.2
7f0342dad000-7f0342dae000 rw-p 00020000 08:03 141933                     /usr/lib64/libnss_myhostname.so.2
7f0342dae000-7f0342db1000 r--p 00000000 08:03 144713                     /usr/lib64/libnss_files-2.33.so
7f0342db1000-7f0342db8000 r-xp 00003000 08:03 144713                     /usr/lib64/libnss_files-2.33.so
7f0342db8000-7f0342dba000 r--p 0000a000 08:03 144713                     /usr/lib64/libnss_files-2.33.so
7f0342dba000-7f0342dbb000 r--p 0000b000 08:03 144713                     /usr/lib64/libnss_files-2.33.so
7f0342dbb000-7f0342dc2000 rw-p 00000000 00:00 0 
7f0342dc2000-7f0342dce000 r--p 00000000 08:03 146487                     /usr/lib64/libnspr4.so
7f0342dce000-7f0342df3000 r-xp 0000c000 08:03 146487                     /usr/lib64/libnspr4.so
7f0342df3000-7f0342e00000 r--p 00031000 08:03 146487                     /usr/lib64/libnspr4.so
7f0342e00000-7f0342e01000 r--p 0003d000 08:03 146487                     /usr/lib64/libnspr4.so
7f0342e01000-7f0342e03000 rw-p 0003e000 08:03 146487                     /usr/lib64/libnspr4.so
7f0342e03000-7f0342e05000 rw-p 00000000 00:00 0 
7f0342e05000-7f0342e12000 r--p 00000000 08:03 146489                     /usr/lib64/libnssutil3.so
7f0342e12000-7f0342e24000 r-xp 0000d000 08:03 146489                     /usr/lib64/libnssutil3.so
7f0342e24000-7f0342e30000 r--p 0001f000 08:03 146489                     /usr/lib64/libnssutil3.so
7f0342e30000-7f0342e37000 r--p 0002a000 08:03 146489                     /usr/lib64/libnssutil3.so
7f0342e37000-7f0342e38000 rw-p 00031000 08:03 146489                     /usr/lib64/libnssutil3.so
7f0342e38000-7f0342e51000 r--p 00000000 08:03 148491                     /usr/lib64/libnss3.so
7f0342e51000-7f0342f32000 r-xp 00019000 08:03 148491                     /usr/lib64/libnss3.so
7f0342f32000-7f0342f6c000 r--p 000fa000 08:03 148491                     /usr/lib64/libnss3.so
7f0342f6c000-7f0342f6d000 ---p 00134000 08:03 148491                     /usr/lib64/libnss3.so
7f0342f6d000-7f0342f72000 r--p 00134000 08:03 148491                     /usr/lib64/libnss3.so
7f0342f72000-7f0342f75000 rw-p 00139000 08:03 148491                     /usr/lib64/libnss3.so
7f0342f75000-7f0342f76000 rw-p 00000000 00:00 0 
7f0342f76000-7f0342f7a000 ---p 00000000 00:00 0 
7f0342f7a000-7f0343077000 rw-p 00000000 00:00 0 
7f0343077000-7f034307b000 ---p 00000000 00:00 0 
7f034307b000-7f0343178000 rw-p 00000000 00:00 0 
7f0343178000-7f034317c000 ---p 00000000 00:00 0 
7f034317c000-7f0343279000 rw-p 00000000 00:00 0 
7f0343279000-7f034327d000 ---p 00000000 00:00 0 
7f034327d000-7f034337a000 rw-p 00000000 00:00 0 
7f034337a000-7f034337e000 ---p 00000000 00:00 0 
7f034337e000-7f034347b000 rw-p 00000000 00:00 0 
7f034347b000-7f034347f000 ---p 00000000 00:00 0 
7f034347f000-7f034357c000 rw-p 00000000 00:00 0 
7f034357c000-7f0343580000 ---p 00000000 00:00 0 
7f0343580000-7f034367d000 rw-p 00000000 00:00 0 
7f034367d000-7f034367e000 ---p 00000000 00:00 0 
7f034367e000-7f0344000000 rw-p 00000000 00:00 0 
7f0344000000-7f0344021000 rw-p 00000000 00:00 0 
7f0344021000-7f0348000000 ---p 00000000 00:00 0 
7f0348000000-7f0348021000 rw-p 00000000 00:00 0 
7f0348021000-7f034c000000 ---p 00000000 00:00 0 
7f034c000000-7f034c021000 rw-p 00000000 00:00 0 
7f034c021000-7f0350000000 ---p 00000000 00:00 0 
7f0350003000-7f0350024000 r--p 00000000 08:03 2099396                    /usr/share/locale/es/LC_MESSAGES/libc.mo
7f0350024000-7f0350025000 r--p 00000000 08:03 275122                     /usr/lib/jvm/java-11-openjdk-11.0.13.0.8-1.fc34.x86_64/lib/libextnet.so
7f0350025000-7f0350026000 r-xp 00001000 08:03 275122                     /usr/lib/jvm/java-11-openjdk-11.0.13.0.8-1.fc34.x86_64/lib/libextnet.so
7f0350026000-7f0350027000 r--p 00002000 08:03 275122                     /usr/lib/jvm/java-11-openjdk-11.0.13.0.8-1.fc34.x86_64/lib/libextnet.so
7f0350027000-7f0350028000 r--p 00002000 08:03 275122                     /usr/lib/jvm/java-11-openjdk-11.0.13.0.8-1.fc34.x86_64/lib/libextnet.so
7f0350028000-7f0350029000 rw-p 00000000 00:00 0 
7f0350029000-7f035002b000 r--p 00000000 08:03 275387                     /usr/lib/jvm/java-11-openjdk-11.0.13.0.8-1.fc34.x86_64/lib/libmanagement_ext.so
7f035002b000-7f035002e000 r-xp 00002000 08:03 275387                     /usr/lib/jvm/java-11-openjdk-11.0.13.0.8-1.fc34.x86_64/lib/libmanagement_ext.so
7f035002e000-7f035002f000 r--p 00005000 08:03 275387                     /usr/lib/jvm/java-11-openjdk-11.0.13.0.8-1.fc34.x86_64/lib/libmanagement_ext.so
7f035002f000-7f0350030000 ---p 00006000 08:03 275387                     /usr/lib/jvm/java-11-openjdk-11.0.13.0.8-1.fc34.x86_64/lib/libmanagement_ext.so
7f0350030000-7f0350031000 r--p 00006000 08:03 275387                     /usr/lib/jvm/java-11-openjdk-11.0.13.0.8-1.fc34.x86_64/lib/libmanagement_ext.so
7f0350031000-7f03500be000 rw-p 00000000 00:00 0 
7f03500be000-7f03500bf000 ---p 00000000 00:00 0 
7f03500bf000-7f0352314000 rw-p 00000000 00:00 0 
7f0352314000-7f03530d8000 ---p 00000000 00:00 0 
7f03530d8000-7f0353234000 rw-p 00000000 00:00 0 
7f0353234000-7f0353ff8000 ---p 00000000 00:00 0 
7f0353ff8000-7f0354000000 rw-p 00000000 00:00 0 
7f0354000000-7f035405d000 rw-p 00000000 00:00 0 
7f035405d000-7f0358000000 ---p 00000000 00:00 0 
7f0358002000-7f0358003000 r--p 00000000 08:03 138358                     /usr/lib64/libplds4.so
7f0358003000-7f0358004000 r-xp 00001000 08:03 138358                     /usr/lib64/libplds4.so
7f0358004000-7f0358005000 r--p 00002000 08:03 138358                     /usr/lib64/libplds4.so
7f0358005000-7f0358006000 r--p 00002000 08:03 138358                     /usr/lib64/libplds4.so
7f0358006000-7f0358007000 rw-p 00003000 08:03 138358                     /usr/lib64/libplds4.so
7f0358007000-7f0358009000 r--p 00000000 08:03 146488                     /usr/lib64/libplc4.so
7f0358009000-7f035800b000 r-xp 00002000 08:03 146488                     /usr/lib64/libplc4.so
7f035800b000-7f035800c000 r--p 00004000 08:03 146488                     /usr/lib64/libplc4.so
7f035800c000-7f035800d000 r--p 00004000 08:03 146488                     /usr/lib64/libplc4.so
7f035800d000-7f035800e000 rw-p 00005000 08:03 146488                     /usr/lib64/libplc4.so
7f035800e000-7f035800f000 r--p 00000000 08:03 275396                     /usr/lib/jvm/java-11-openjdk-11.0.13.0.8-1.fc34.x86_64/lib/libsystemconf.so
7f035800f000-7f0358010000 r-xp 00001000 08:03 275396                     /usr/lib/jvm/java-11-openjdk-11.0.13.0.8-1.fc34.x86_64/lib/libsystemconf.so
7f0358010000-7f0358011000 r--p 00002000 08:03 275396                     /usr/lib/jvm/java-11-openjdk-11.0.13.0.8-1.fc34.x86_64/lib/libsystemconf.so
7f0358011000-7f0358012000 r--p 00002000 08:03 275396                     /usr/lib/jvm/java-11-openjdk-11.0.13.0.8-1.fc34.x86_64/lib/libsystemconf.so
7f0358012000-7f0358013000 rw-p 00000000 00:00 0 
7f0358013000-7f0358017000 r--p 00000000 08:03 275389                     /usr/lib/jvm/java-11-openjdk-11.0.13.0.8-1.fc34.x86_64/lib/libnet.so
7f0358017000-7f0358028000 r-xp 00004000 08:03 275389                     /usr/lib/jvm/java-11-openjdk-11.0.13.0.8-1.fc34.x86_64/lib/libnet.so
7f0358028000-7f035802c000 r--p 00015000 08:03 275389                     /usr/lib/jvm/java-11-openjdk-11.0.13.0.8-1.fc34.x86_64/lib/libnet.so
7f035802c000-7f035802d000 r--p 00018000 08:03 275389                     /usr/lib/jvm/java-11-openjdk-11.0.13.0.8-1.fc34.x86_64/lib/libnet.so
7f035802d000-7f035802e000 rw-p 00019000 08:03 275389                     /usr/lib/jvm/java-11-openjdk-11.0.13.0.8-1.fc34.x86_64/lib/libnet.so
7f035802e000-7f0358035000 r--p 00000000 08:03 275390                     /usr/lib/jvm/java-11-openjdk-11.0.13.0.8-1.fc34.x86_64/lib/libnio.so
7f0358035000-7f035803d000 r-xp 00007000 08:03 275390                     /usr/lib/jvm/java-11-openjdk-11.0.13.0.8-1.fc34.x86_64/lib/libnio.so
7f035803d000-7f0358040000 r--p 0000f000 08:03 275390                     /usr/lib/jvm/java-11-openjdk-11.0.13.0.8-1.fc34.x86_64/lib/libnio.so
7f0358040000-7f0358041000 r--p 00011000 08:03 275390                     /usr/lib/jvm/java-11-openjdk-11.0.13.0.8-1.fc34.x86_64/lib/libnio.so
7f0358041000-7f0358042000 rw-p 00012000 08:03 275390                     /usr/lib/jvm/java-11-openjdk-11.0.13.0.8-1.fc34.x86_64/lib/libnio.so
7f0358042000-7f035806a000 rw-p 00000000 00:00 0 
7f035806a000-7f035806b000 ---p 00000000 00:00 0 
7f035806b000-7f0358570000 rw-p 00000000 00:00 0 
7f0358570000-7f0358571000 ---p 00000000 00:00 0 
7f0358571000-7f035869d000 rw-p 00000000 00:00 0 
7f035869d000-7f0358855000 ---p 00000000 00:00 0 
7f0358855000-7f0358856000 rw-p 00000000 00:00 0 
7f0358856000-7f0358ac6000 rwxp 00000000 00:00 0 
7f0358ac6000-7f0358efd000 ---p 00000000 00:00 0 
7f0358efd000-7f0359a8d000 rwxp 00000000 00:00 0 
7f0359a8d000-7f0367856000 ---p 00000000 00:00 0 
7f0367856000-7f0370000000 r--s 00000000 08:03 275400                     /usr/lib/jvm/java-11-openjdk-11.0.13.0.8-1.fc34.x86_64/lib/modules
7f0370000000-7f03706d1000 rw-p 00000000 00:00 0 
7f03706d1000-7f0374000000 ---p 00000000 00:00 0 
7f0374000000-7f0374042000 rw-p 00000000 00:00 0 
7f0374042000-7f0374043000 ---p 00000000 00:00 0 
7f0374043000-7f0374190000 rw-p 00000000 00:00 0 
7f0374190000-7f0374348000 ---p 00000000 00:00 0 
7f0374348000-7f0374374000 rw-p 00000000 00:00 0 
7f0374374000-7f037452c000 ---p 00000000 00:00 0 
7f037452c000-7f0374931000 rw-p 00000000 00:00 0 
7f0374931000-7f0374932000 ---p 00000000 00:00 0 
7f0374932000-7f0374a4b000 rw-p 00000000 00:00 0 
7f0374a4b000-7f0374c06000 ---p 00000000 00:00 0 
7f0374c06000-7f0374c0b000 rw-p 00000000 00:00 0 
7f0374c0b000-7f0374c14000 ---p 00000000 00:00 0 
7f0374c14000-7f03754e8000 r--s 00000000 08:03 6947314                    /var/lib/sss/mc/passwd
7f03754e8000-7f03754ea000 r--p 00000000 08:03 142853                     /usr/lib64/libnss_sss.so.2
7f03754ea000-7f03754f1000 r-xp 00002000 08:03 142853                     /usr/lib64/libnss_sss.so.2
7f03754f1000-7f03754f3000 r--p 00009000 08:03 142853                     /usr/lib64/libnss_sss.so.2
7f03754f3000-7f03754f4000 r--p 0000a000 08:03 142853                     /usr/lib64/libnss_sss.so.2
7f03754f4000-7f03754f5000 rw-p 0000b000 08:03 142853                     /usr/lib64/libnss_sss.so.2
7f03754f7000-7f03754fa000 r--p 00000000 08:03 275385                     /usr/lib/jvm/java-11-openjdk-11.0.13.0.8-1.fc34.x86_64/lib/libmanagement.so
7f03754fa000-7f03754fb000 r-xp 00003000 08:03 275385                     /usr/lib/jvm/java-11-openjdk-11.0.13.0.8-1.fc34.x86_64/lib/libmanagement.so
7f03754fb000-7f03754fc000 r--p 00004000 08:03 275385                     /usr/lib/jvm/java-11-openjdk-11.0.13.0.8-1.fc34.x86_64/lib/libmanagement.so
7f03754fc000-7f03754fd000 r--p 00004000 08:03 275385                     /usr/lib/jvm/java-11-openjdk-11.0.13.0.8-1.fc34.x86_64/lib/libmanagement.so
7f03754fd000-7f03754fe000 rw-p 00000000 00:00 0 
7f03754fe000-7f0375500000 r--p 00000000 08:03 275399                     /usr/lib/jvm/java-11-openjdk-11.0.13.0.8-1.fc34.x86_64/lib/libzip.so
7f0375500000-7f0375504000 r-xp 00002000 08:03 275399                     /usr/lib/jvm/java-11-openjdk-11.0.13.0.8-1.fc34.x86_64/lib/libzip.so
7f0375504000-7f0375506000 r--p 00006000 08:03 275399                     /usr/lib/jvm/java-11-openjdk-11.0.13.0.8-1.fc34.x86_64/lib/libzip.so
7f0375506000-7f0375507000 r--p 00007000 08:03 275399                     /usr/lib/jvm/java-11-openjdk-11.0.13.0.8-1.fc34.x86_64/lib/libzip.so
7f0375507000-7f0375508000 rw-p 00000000 00:00 0 
7f0375508000-7f0375510000 rw-s 00000000 00:23 690                        /tmp/hsperfdata_joel/23955
7f0375510000-7f0375511000 ---p 00000000 00:00 0 
7f0375511000-7f0375512000 r--p 00000000 00:00 0 
7f0375512000-7f0375520000 r--p 00000000 08:03 275378                     /usr/lib/jvm/java-11-openjdk-11.0.13.0.8-1.fc34.x86_64/lib/libjava.so
7f0375520000-7f0375537000 r-xp 0000e000 08:03 275378                     /usr/lib/jvm/java-11-openjdk-11.0.13.0.8-1.fc34.x86_64/lib/libjava.so
7f0375537000-7f037553d000 r--p 00025000 08:03 275378                     /usr/lib/jvm/java-11-openjdk-11.0.13.0.8-1.fc34.x86_64/lib/libjava.so
7f037553d000-7f037553e000 ---p 0002b000 08:03 275378                     /usr/lib/jvm/java-11-openjdk-11.0.13.0.8-1.fc34.x86_64/lib/libjava.so
7f037553e000-7f037553f000 r--p 0002b000 08:03 275378                     /usr/lib/jvm/java-11-openjdk-11.0.13.0.8-1.fc34.x86_64/lib/libjava.so
7f037553f000-7f0375540000 rw-p 0002c000 08:03 275378                     /usr/lib/jvm/java-11-openjdk-11.0.13.0.8-1.fc34.x86_64/lib/libjava.so
7f0375540000-7f0375541000 rw-p 00000000 00:00 0 
7f0375541000-7f0375544000 r--p 00000000 08:03 146073                     /usr/lib64/librt-2.33.so
7f0375544000-7f0375548000 r-xp 00003000 08:03 146073                     /usr/lib64/librt-2.33.so
7f0375548000-7f037554a000 r--p 00007000 08:03 146073                     /usr/lib64/librt-2.33.so
7f037554a000-7f037554b000 r--p 00008000 08:03 146073                     /usr/lib64/librt-2.33.so
7f037554b000-7f037554c000 rw-p 00009000 08:03 146073                     /usr/lib64/librt-2.33.so
7f037554c000-7f0375550000 ---p 00000000 00:00 0 
7f0375550000-7f037564d000 rw-p 00000000 00:00 0 
7f037564d000-7f0375650000 r--p 00000000 08:03 131227                     /usr/lib64/libgcc_s-11-20210728.so.1
7f0375650000-7f0375662000 r-xp 00003000 08:03 131227                     /usr/lib64/libgcc_s-11-20210728.so.1
7f0375662000-7f0375665000 r--p 00015000 08:03 131227                     /usr/lib64/libgcc_s-11-20210728.so.1
7f0375665000-7f0375666000 ---p 00018000 08:03 131227                     /usr/lib64/libgcc_s-11-20210728.so.1
7f0375666000-7f0375667000 r--p 00018000 08:03 131227                     /usr/lib64/libgcc_s-11-20210728.so.1
7f0375667000-7f0375668000 rw-p 00019000 08:03 131227                     /usr/lib64/libgcc_s-11-20210728.so.1
7f0375668000-7f0375677000 r--p 00000000 08:03 146069                     /usr/lib64/libm-2.33.so
7f0375677000-7f0375711000 r-xp 0000f000 08:03 146069                     /usr/lib64/libm-2.33.so
7f0375711000-7f03757a9000 r--p 000a9000 08:03 146069                     /usr/lib64/libm-2.33.so
7f03757a9000-7f03757aa000 ---p 00141000 08:03 146069                     /usr/lib64/libm-2.33.so
7f03757aa000-7f03757ab000 r--p 00141000 08:03 146069                     /usr/lib64/libm-2.33.so
7f03757ab000-7f03757ac000 rw-p 00142000 08:03 146069                     /usr/lib64/libm-2.33.so
7f03757ac000-7f0375845000 r--p 00000000 08:03 132004                     /usr/lib64/libstdc++.so.6.0.29
7f0375845000-7f0375947000 r-xp 00099000 08:03 132004                     /usr/lib64/libstdc++.so.6.0.29
7f0375947000-7f03759ba000 r--p 0019b000 08:03 132004                     /usr/lib64/libstdc++.so.6.0.29
7f03759ba000-7f03759c5000 r--p 0020d000 08:03 132004                     /usr/lib64/libstdc++.so.6.0.29
7f03759c5000-7f03759c8000 rw-p 00218000 08:03 132004                     /usr/lib64/libstdc++.so.6.0.29
7f03759c8000-7f03759cb000 rw-p 00000000 00:00 0 
7f03759cb000-7f0375c4e000 r--p 00000000 08:03 3020897                    /usr/lib/jvm/java-11-openjdk-11.0.13.0.8-1.fc34.x86_64/lib/server/libjvm.so
7f0375c4e000-7f037693f000 r-xp 00283000 08:03 3020897                    /usr/lib/jvm/java-11-openjdk-11.0.13.0.8-1.fc34.x86_64/lib/server/libjvm.so
7f037693f000-7f0376b99000 r--p 00f74000 08:03 3020897                    /usr/lib/jvm/java-11-openjdk-11.0.13.0.8-1.fc34.x86_64/lib/server/libjvm.so
7f0376b99000-7f0376b9a000 ---p 011ce000 08:03 3020897                    /usr/lib/jvm/java-11-openjdk-11.0.13.0.8-1.fc34.x86_64/lib/server/libjvm.so
7f0376b9a000-7f0376c5e000 r--p 011ce000 08:03 3020897                    /usr/lib/jvm/java-11-openjdk-11.0.13.0.8-1.fc34.x86_64/lib/server/libjvm.so
7f0376c5e000-7f0376c99000 rw-p 01292000 08:03 3020897                    /usr/lib/jvm/java-11-openjdk-11.0.13.0.8-1.fc34.x86_64/lib/server/libjvm.so
7f0376c99000-7f0376cf2000 rw-p 00000000 00:00 0 
7f0376cf2000-7f0376cf9000 r--p 00000000 08:03 146071                     /usr/lib64/libpthread-2.33.so
7f0376cf9000-7f0376d08000 r-xp 00007000 08:03 146071                     /usr/lib64/libpthread-2.33.so
7f0376d08000-7f0376d0c000 r--p 00016000 08:03 146071                     /usr/lib64/libpthread-2.33.so
7f0376d0c000-7f0376d0d000 ---p 0001a000 08:03 146071                     /usr/lib64/libpthread-2.33.so
7f0376d0d000-7f0376d0e000 r--p 0001a000 08:03 146071                     /usr/lib64/libpthread-2.33.so
7f0376d0e000-7f0376d0f000 rw-p 0001b000 08:03 146071                     /usr/lib64/libpthread-2.33.so
7f0376d0f000-7f0376d13000 rw-p 00000000 00:00 0 
7f0376d13000-7f0376d15000 r--p 00000000 08:03 146068                     /usr/lib64/libdl-2.33.so
7f0376d15000-7f0376d17000 r-xp 00002000 08:03 146068                     /usr/lib64/libdl-2.33.so
7f0376d17000-7f0376d18000 r--p 00004000 08:03 146068                     /usr/lib64/libdl-2.33.so
7f0376d18000-7f0376d19000 r--p 00004000 08:03 146068                     /usr/lib64/libdl-2.33.so
7f0376d19000-7f0376d1a000 rw-p 00000000 00:00 0 
7f0376d1a000-7f0376d1d000 r--p 00000000 08:03 145166                     /usr/lib64/libz.so.1.2.11
7f0376d1d000-7f0376d2b000 r-xp 00003000 08:03 145166                     /usr/lib64/libz.so.1.2.11
7f0376d2b000-7f0376d31000 r--p 00011000 08:03 145166                     /usr/lib64/libz.so.1.2.11
7f0376d31000-7f0376d32000 ---p 00017000 08:03 145166                     /usr/lib64/libz.so.1.2.11
7f0376d32000-7f0376d33000 r--p 00017000 08:03 145166                     /usr/lib64/libz.so.1.2.11
7f0376d33000-7f0376d34000 rw-p 00000000 00:00 0 
7f0376d34000-7f0376d5a000 r--p 00000000 08:03 144102                     /usr/lib64/libc-2.33.so
7f0376d5a000-7f0376ea7000 r-xp 00026000 08:03 144102                     /usr/lib64/libc-2.33.so
7f0376ea7000-7f0376ef3000 r--p 00173000 08:03 144102                     /usr/lib64/libc-2.33.so
7f0376ef3000-7f0376ef4000 ---p 001bf000 08:03 144102                     /usr/lib64/libc-2.33.so
7f0376ef4000-7f0376ef7000 r--p 001bf000 08:03 144102                     /usr/lib64/libc-2.33.so
7f0376ef7000-7f0376efa000 rw-p 001c2000 08:03 144102                     /usr/lib64/libc-2.33.so
7f0376efa000-7f0376f03000 rw-p 00000000 00:00 0 
7f0376f04000-7f0376f06000 r--p 00000000 08:03 275381                     /usr/lib/jvm/java-11-openjdk-11.0.13.0.8-1.fc34.x86_64/lib/libjimage.so
7f0376f06000-7f0376f09000 r-xp 00002000 08:03 275381                     /usr/lib/jvm/java-11-openjdk-11.0.13.0.8-1.fc34.x86_64/lib/libjimage.so
7f0376f09000-7f0376f0a000 r--p 00005000 08:03 275381                     /usr/lib/jvm/java-11-openjdk-11.0.13.0.8-1.fc34.x86_64/lib/libjimage.so
7f0376f0a000-7f0376f0b000 ---p 00006000 08:03 275381                     /usr/lib/jvm/java-11-openjdk-11.0.13.0.8-1.fc34.x86_64/lib/libjimage.so
7f0376f0b000-7f0376f0c000 r--p 00006000 08:03 275381                     /usr/lib/jvm/java-11-openjdk-11.0.13.0.8-1.fc34.x86_64/lib/libjimage.so
7f0376f0c000-7f0376f0d000 rw-p 00007000 08:03 275381                     /usr/lib/jvm/java-11-openjdk-11.0.13.0.8-1.fc34.x86_64/lib/libjimage.so
7f0376f0d000-7f0376f12000 r--p 00000000 08:03 275398                     /usr/lib/jvm/java-11-openjdk-11.0.13.0.8-1.fc34.x86_64/lib/libverify.so
7f0376f12000-7f0376f19000 r-xp 00005000 08:03 275398                     /usr/lib/jvm/java-11-openjdk-11.0.13.0.8-1.fc34.x86_64/lib/libverify.so
7f0376f19000-7f0376f1b000 r--p 0000c000 08:03 275398                     /usr/lib/jvm/java-11-openjdk-11.0.13.0.8-1.fc34.x86_64/lib/libverify.so
7f0376f1b000-7f0376f1d000 r--p 0000d000 08:03 275398                     /usr/lib/jvm/java-11-openjdk-11.0.13.0.8-1.fc34.x86_64/lib/libverify.so
7f0376f1d000-7f0376f1e000 rw-p 00000000 00:00 0 
7f0376f1e000-7f0376f21000 r--p 00000000 08:03 796731                     /usr/lib/jvm/java-11-openjdk-11.0.13.0.8-1.fc34.x86_64/lib/jli/libjli.so
7f0376f21000-7f0376f2b000 r-xp 00003000 08:03 796731                     /usr/lib/jvm/java-11-openjdk-11.0.13.0.8-1.fc34.x86_64/lib/jli/libjli.so
7f0376f2b000-7f0376f2e000 r--p 0000d000 08:03 796731                     /usr/lib/jvm/java-11-openjdk-11.0.13.0.8-1.fc34.x86_64/lib/jli/libjli.so
7f0376f2e000-7f0376f2f000 ---p 00010000 08:03 796731                     /usr/lib/jvm/java-11-openjdk-11.0.13.0.8-1.fc34.x86_64/lib/jli/libjli.so
7f0376f2f000-7f0376f30000 r--p 00010000 08:03 796731                     /usr/lib/jvm/java-11-openjdk-11.0.13.0.8-1.fc34.x86_64/lib/jli/libjli.so
7f0376f30000-7f0376f31000 rw-p 00011000 08:03 796731                     /usr/lib/jvm/java-11-openjdk-11.0.13.0.8-1.fc34.x86_64/lib/jli/libjli.so
7f0376f31000-7f0376f33000 rw-p 00000000 00:00 0 
7f0376f33000-7f0376f34000 r--p 00000000 08:03 146066                     /usr/lib64/ld-2.33.so
7f0376f34000-7f0376f59000 r-xp 00001000 08:03 146066                     /usr/lib64/ld-2.33.so
7f0376f59000-7f0376f63000 r--p 00026000 08:03 146066                     /usr/lib64/ld-2.33.so
7f0376f63000-7f0376f65000 r--p 0002f000 08:03 146066                     /usr/lib64/ld-2.33.so
7f0376f65000-7f0376f67000 rw-p 00031000 08:03 146066                     /usr/lib64/ld-2.33.so
7ffda2387000-7ffda23aa000 rw-p 00000000 00:00 0                          [stack]
7ffda23f7000-7ffda23fb000 r--p 00000000 00:00 0                          [vvar]
7ffda23fb000-7ffda23fd000 r-xp 00000000 00:00 0                          [vdso]
ffffffffff600000-ffffffffff601000 r-xp 00000000 00:00 0                  [vsyscall]


VM Arguments:
jvm_args: -Dcom.sun.management.jmxremote -Dcom.sun.management.jmxremote.port=43323 -Dcom.sun.management.jmxremote.authenticate=false -Dcom.sun.management.jmxremote.ssl=false -Djava.rmi.server.hostname=localhost -Dspring.jmx.enabled=true -Dspring.application.admin.enabled=true -Djava.security.egd=file:/dev/./urandom -XX:TieredStopAtLevel=1 -Dspring.boot.project.name=Mod16.01Nivel1_JocDeDaus.MongoDB.JWT -Dfile.encoding=UTF-8 
java_command: com.ascii274.practicas.Application
java_class_path (initial): /home/joel/Programacion/Java_ItAcademy/It_Academy_Mod_8_16/Mod16_JocDaus/Mod16.01Nivel1_JocDeDaus.MongoDB/target/classes:/home/joel/.m2/repository/org/springframework/boot/spring-boot-starter-web/2.5.6/spring-boot-starter-web-2.5.6.jar:/home/joel/.m2/repository/org/springframework/boot/spring-boot-starter-json/2.5.6/spring-boot-starter-json-2.5.6.jar:/home/joel/.m2/repository/com/fasterxml/jackson/datatype/jackson-datatype-jdk8/2.12.5/jackson-datatype-jdk8-2.12.5.jar:/home/joel/.m2/repository/com/fasterxml/jackson/datatype/jackson-datatype-jsr310/2.12.5/jackson-datatype-jsr310-2.12.5.jar:/home/joel/.m2/repository/com/fasterxml/jackson/module/jackson-module-parameter-names/2.12.5/jackson-module-parameter-names-2.12.5.jar:/home/joel/.m2/repository/org/springframework/boot/spring-boot-starter-tomcat/2.5.6/spring-boot-starter-tomcat-2.5.6.jar:/home/joel/.m2/repository/org/apache/tomcat/embed/tomcat-embed-core/9.0.54/tomcat-embed-core-9.0.54.jar:/home/joel/.m2/repository/org/apache/tomcat/embed/tomcat-embed-el/9.0.54/tomcat-embed-el-9.0.54.jar:/home/joel/.m2/repository/org/apache/tomcat/embed/tomcat-embed-websocket/9.0.54/tomcat-embed-websocket-9.0.54.jar:/home/joel/.m2/repository/org/springframework/spring-web/5.3.12/spring-web-5.3.12.jar:/home/joel/.m2/repository/org/springframework/spring-beans/5.3.12/spring-beans-5.3.12.jar:/home/joel/.m2/repository/org/springframework/spring-webmvc/5.3.12/spring-webmvc-5.3.12.jar:/home/joel/.m2/repository/org/springframework/spring-context/5.3.12/spring-context-5.3.12.jar:/home/joel/.m2/repository/org/springframework/spring-expression/5.3.12/spring-expression-5.3.12.jar:/home/joel/.m2/repository/org/springframework/boot/spring-boot-devtools/2.5.6/spring-boot-devtools-2.5.6.jar:/home/joel/.m2/repository/org/springframework/boot/spring-boot/2.5.6/spring-boot-2.5.6.jar:/home/joel/.m2/repository/org/springframework/boot/spring-boot-autoconfigure/2.5.6/spring-boot-autoconfigure-2.5.6.jar:/home/joel/.m2/reposi
Launcher Type: SUN_STANDARD

[Global flags]
     intx CICompilerCount                          = 3                                         {product} {ergonomic}
     uint ConcGCThreads                            = 1                                         {product} {ergonomic}
     uint G1ConcRefinementThreads                  = 4                                         {product} {ergonomic}
   size_t G1HeapRegionSize                         = 1048576                                   {product} {ergonomic}
    uintx GCDrainStackTargetSize                   = 64                                        {product} {ergonomic}
   size_t InitialHeapSize                          = 65011712                                  {product} {ergonomic}
     bool ManagementServer                         = true                                      {product} {command line}
   size_t MarkStackSize                            = 4194304                                   {product} {ergonomic}
   size_t MaxHeapSize                              = 1015021568                                {product} {ergonomic}
   size_t MaxNewSize                               = 608174080                                 {product} {ergonomic}
   size_t MinHeapDeltaBytes                        = 1048576                                   {product} {ergonomic}
    uintx NonNMethodCodeHeapSize                   = 6973028                                {pd product} {ergonomic}
    uintx NonProfiledCodeHeapSize                  = 244685212                              {pd product} {ergonomic}
    uintx ProfiledCodeHeapSize                     = 0                                      {pd product} {ergonomic}
    uintx ReservedCodeCacheSize                    = 251658240                              {pd product} {ergonomic}
     bool SegmentedCodeCache                       = true                                      {product} {ergonomic}
     intx TieredStopAtLevel                        = 1                                         {product} {command line}
     bool UseCompressedClassPointers               = true                                 {lp64_product} {ergonomic}
     bool UseCompressedOops                        = true                                 {lp64_product} {ergonomic}
     bool UseG1GC                                  = true                                      {product} {ergonomic}

Logging:
Log output configuration:
 #0: stdout all=warning uptime,level,tags
 #1: stderr all=off uptime,level,tags

Environment Variables:
PATH=/home/joel/.sdkman/candidates/gradle/current/bin:/home/joel/.local/bin:/home/joel/bin:/usr/local/bin:/usr/bin:/bin:/usr/local/sbin:/usr/sbin:/home/joel/.composer/vendor/bin:/var/lib/snapd/snap/bin
SHELL=/bin/bash
DISPLAY=:0
LANG=es_ES.UTF-8

Signal Handlers:
SIGSEGV: [libjvm.so+0xefe790], sa_mask[0]=11111111011111111101111111111110, sa_flags=SA_RESTART|SA_SIGINFO
SIGBUS: [libjvm.so+0xefe790], sa_mask[0]=11111111011111111101111111111110, sa_flags=SA_RESTART|SA_SIGINFO
SIGFPE: [libjvm.so+0xefe790], sa_mask[0]=11111111011111111101111111111110, sa_flags=SA_RESTART|SA_SIGINFO
SIGPIPE: [libjvm.so+0xc5e290], sa_mask[0]=11111111011111111101111111111110, sa_flags=SA_RESTART|SA_SIGINFO
SIGXFSZ: [libjvm.so+0xc5e290], sa_mask[0]=11111111011111111101111111111110, sa_flags=SA_RESTART|SA_SIGINFO
SIGILL: [libjvm.so+0xefe790], sa_mask[0]=11111111011111111101111111111110, sa_flags=SA_RESTART|SA_SIGINFO
SIGUSR2: [libjvm.so+0xc5e110], sa_mask[0]=00100000000000000000000000000000, sa_flags=SA_RESTART|SA_SIGINFO
SIGHUP: [libjvm.so+0xc5e6f0], sa_mask[0]=11111111011111111101111111111110, sa_flags=SA_RESTART|SA_SIGINFO
SIGINT: [libjvm.so+0xc5e6f0], sa_mask[0]=11111111011111111101111111111110, sa_flags=SA_RESTART|SA_SIGINFO
SIGTERM: [libjvm.so+0xc5e6f0], sa_mask[0]=11111111011111111101111111111110, sa_flags=SA_RESTART|SA_SIGINFO
SIGQUIT: [libjvm.so+0xc5e6f0], sa_mask[0]=11111111011111111101111111111110, sa_flags=SA_RESTART|SA_SIGINFO


---------------  S Y S T E M  ---------------

OS:Fedora release 34 (Thirty Four)
uname:Linux 5.14.16-201.fc34.x86_64 #1 SMP Wed Nov 3 13:57:29 UTC 2021 x86_64
OS uptime: 0 days 3:31 hours
libc:glibc 2.33 NPTL 2.33 
rlimit (soft/hard): STACK 8192k/infinity , CORE infinity/infinity , NPROC 15309/15309 , NOFILE 524288/524288 , AS infinity/infinity , CPU infinity/infinity , DATA infinity/infinity , FSIZE infinity/infinity , MEMLOCK 64k/64k
load average:7,59 2,72 2,31

/proc/meminfo:
MemTotal:        3958036 kB
MemFree:           92392 kB
MemAvailable:     484812 kB
Buffers:            8812 kB
Cached:           596048 kB
SwapCached:        36168 kB
Active:           886568 kB
Inactive:        1190164 kB
Active(anon):     709976 kB
Inactive(anon):   812788 kB
Active(file):     176592 kB
Inactive(file):   377376 kB
Unevictable:        5704 kB
Mlocked:            5704 kB
SwapTotal:       9817080 kB
SwapFree:        4123744 kB
Dirty:            107444 kB
Writeback:         11936 kB
AnonPages:       1444276 kB
Mapped:           301792 kB
Shmem:             46264 kB
KReclaimable:      88552 kB
Slab:             259008 kB
SReclaimable:      88552 kB
SUnreclaim:       170456 kB
KernelStack:       30896 kB
PageTables:        81268 kB
NFS_Unstable:          0 kB
Bounce:                0 kB
WritebackTmp:          0 kB
CommitLimit:    11796096 kB
Committed_AS:   19116712 kB
VmallocTotal:   34359738367 kB
VmallocUsed:       84884 kB
VmallocChunk:          0 kB
Percpu:             4416 kB
HardwareCorrupted:     0 kB
AnonHugePages:         0 kB
ShmemHugePages:        0 kB
ShmemPmdMapped:        0 kB
FileHugePages:         0 kB
FilePmdMapped:         0 kB
CmaTotal:              0 kB
CmaFree:               0 kB
HugePages_Total:       0
HugePages_Free:        0
HugePages_Rsvd:        0
HugePages_Surp:        0
Hugepagesize:       2048 kB
Hugetlb:               0 kB
DirectMap4k:      586940 kB
DirectMap2M:     3557376 kB
DirectMap1G:     1048576 kB

/sys/kernel/mm/transparent_hugepage/enabled:
always [madvise] never
/sys/kernel/mm/transparent_hugepage/defrag (defrag/compaction efforts parameter):
always defer defer+madvise [madvise] never

Process Memory:
Virtual Size: 4926528K (peak: 12393352K)
Resident Set Size: 163672K (peak: 267716K) (anon: 153052K, file: 10588K, shmem: 32K)
Swapped out: 64192K
C-Heap outstanding allocations: 39657K

/proc/sys/kernel/threads-max (system-wide limit on the number of threads):
30618
/proc/sys/vm/max_map_count (maximum number of memory map areas a process may have):
65530
/proc/sys/kernel/pid_max (system-wide limit on number of process identifiers):
4194304

Steal ticks since vm start: 0
Steal ticks percentage since vm start:  0,000

CPU:total 4 (initial active 4) (4 cores per cpu, 1 threads per core) family 6 model 94 stepping 3 microcode 0xea, cmov, cx8, fxsr, mmx, sse, sse2, sse3, ssse3, sse4.1, sse4.2, popcnt, avx, avx2, aes, clmul, erms, 3dnowpref, lzcnt, tsc, tscinvbit, bmi1, bmi2, adx, fma
CPU Model and flags from /proc/cpuinfo:
model name	: Intel(R) Core(TM) i5-6400 CPU @ 2.70GHz
flags		: fpu vme de pse tsc msr pae mce cx8 apic sep mtrr pge mca cmov pat pse36 clflush dts acpi mmx fxsr sse sse2 ss ht tm pbe syscall nx pdpe1gb rdtscp lm constant_tsc art arch_perfmon pebs bts rep_good nopl xtopology nonstop_tsc cpuid aperfmperf pni pclmulqdq dtes64 monitor ds_cpl vmx est tm2 ssse3 sdbg fma cx16 xtpr pdcm pcid sse4_1 sse4_2 x2apic movbe popcnt tsc_deadline_timer aes xsave avx f16c rdrand lahf_lm abm 3dnowprefetch cpuid_fault epb invpcid_single pti ssbd ibrs ibpb stibp tpr_shadow vnmi flexpriority ept vpid ept_ad fsgsbase tsc_adjust bmi1 avx2 smep bmi2 erms invpcid mpx rdseed adx smap clflushopt intel_pt xsaveopt xsavec xgetbv1 xsaves dtherm ida arat pln pts hwp hwp_notify hwp_act_window hwp_epp md_clear flush_l1d
Online cpus:
0-3
Offline cpus:

BIOS frequency limitation:
<Not Available>
Frequency switch latency (ns):
0
Available cpu frequencies:
<Not Available>
Current governor:
powersave
Core performance/turbo boost:
<Not Available>

Memory: 4k page, physical 3958036k(112812k free), swap 9817080k(4131072k free)

vm_info: OpenJDK 64-Bit Server VM (11.0.13+8) for linux-amd64 JRE (11.0.13+8), built on Oct 13 2021 00:00:00 by "mockbuild" with gcc 11.2.1 20210728 (Red Hat 11.2.1-1)

END.
