#
# A fatal error has been detected by the Java Runtime Environment:
#
#  SIGSEGV (0xb) at pc=0x00007fc3ab9217e0, pid=51140, tid=54529
#
# JRE version: OpenJDK Runtime Environment 18.9 (11.0.12+7) (build 11.0.12+7)
# Java VM: OpenJDK 64-Bit Server VM 18.9 (11.0.12+7, mixed mode, sharing, tiered, compressed oops, g1 gc, linux-amd64)
# Problematic frame:
# V  [libjvm.so+0xde27e0]  SignatureIterator::iterate_parameters()+0x20
#
# Core dump will be written. Default location: Core dumps may be processed with "/usr/lib/systemd/systemd-coredump %P %u %g %s %t %c %h" (or dumping to /home/joel/Programacion/Java_ItAcademy/It_Academy_Mod_8_en_Adelante/MOd_13_CRUD_Spring/Mot13_SimpleHttpService/core.51140)
#
# If you would like to submit a bug report, please visit:
#   https://bugzilla.redhat.com/enter_bug.cgi?product=Fedora&component=java-11-openjdk&version=34
#

---------------  S U M M A R Y ------------

Command Line: -Dcom.sun.management.jmxremote -Dcom.sun.management.jmxremote.port=40795 -Dcom.sun.management.jmxremote.authenticate=false -Dcom.sun.management.jmxremote.ssl=false -Djava.rmi.server.hostname=localhost -Dspring.jmx.enabled=true -Dspring.application.admin.enabled=true -Djava.security.egd=file:/dev/./urandom -XX:TieredStopAtLevel=1 -Dspring.boot.project.name=Mot13_SimpleHttpService -Dfile.encoding=UTF-8 com.ascii274.practica.Mot13SimpleHttpServiceApplication

Host: Intel(R) Core(TM) i5-6400 CPU @ 2.70GHz, 4 cores, 3G, Fedora release 34 (Thirty Four)
Time: Fri Oct 15 23:56:06 2021 CEST elapsed time: 1954.808123 seconds (0d 0h 32m 34s)

---------------  T H R E A D  ---------------

Current thread (0x00007fc2fc2ab000):  JavaThread "restartedMain" [_thread_in_vm, id=54529, stack(0x00007fc3580c1000,0x00007fc3581c2000)]

Stack: [0x00007fc3580c1000,0x00007fc3581c2000],  sp=0x00007fc3581bf230,  free space=1016k
Native frames: (J=compiled Java code, A=aot compiled Java code, j=interpreted, Vv=VM code, C=native code)
V  [libjvm.so+0xde27e0]  SignatureIterator::iterate_parameters()+0x20
V  [libjvm.so+0x78a2f5]  frame::interpreter_callee_receiver_addr(Symbol*)+0x55
V  [libjvm.so+0x8c47ba]  InterpreterRuntime::resolve_invoke(JavaThread*, Bytecodes::Code)+0x2da
V  [libjvm.so+0x8c4d51]  InterpreterRuntime::resolve_from_cache(JavaThread*, Bytecodes::Code)+0x41
j  org.springframework.data.util.Lazy.of(Ljava/util/function/Supplier;)Lorg/springframework/data/util/Lazy;+5
j  org.springframework.data.repository.config.CustomRepositoryImplementationDetector.<init>(Lorg/springframework/core/env/Environment;Lorg/springframework/core/io/ResourceLoader;Lorg/springframework/data/repository/config/ImplementationDetectionConfiguration;)V+40
j  org.springframework.data.repository.config.RepositoryBeanDefinitionBuilder.<init>(Lorg/springframework/beans/factory/support/BeanDefinitionRegistry;Lorg/springframework/data/repository/config/RepositoryConfigurationExtension;Lorg/springframework/data/repository/config/RepositoryConfigurationSource;Lorg/springframework/core/io/ResourceLoader;Lorg/springframework/core/env/Environment;)V+87
j  org.springframework.data.repository.config.RepositoryConfigurationDelegate.registerRepositoriesIn(Lorg/springframework/beans/factory/support/BeanDefinitionRegistry;Lorg/springframework/data/repository/config/RepositoryConfigurationExtension;)Ljava/util/List;+71
j  org.springframework.boot.autoconfigure.data.AbstractRepositoryConfigurationSourceSupport.registerBeanDefinitions(Lorg/springframework/core/type/AnnotationMetadata;Lorg/springframework/beans/factory/support/BeanDefinitionRegistry;Lorg/springframework/beans/factory/support/BeanNameGenerator;)V+30
J 6419 c1 org.springframework.context.annotation.ConfigurationClassBeanDefinitionReader$$Lambda$431.accept(Ljava/lang/Object;Ljava/lang/Object;)V (16 bytes) @ 0x00007fc38d99c3fc [0x00007fc38d99c2e0+0x000000000000011c]
J 2570 c1 java.util.LinkedHashMap.forEach(Ljava/util/function/BiConsumer;)V java.base@11.0.12 (65 bytes) @ 0x00007fc38d2d749c [0x00007fc38d2d7400+0x000000000000009c]
J 5056 c1 org.springframework.context.annotation.ConfigurationClassBeanDefinitionReader.loadBeanDefinitionsForConfigurationClass(Lorg/springframework/context/annotation/ConfigurationClass;Lorg/springframework/context/annotation/ConfigurationClassBeanDefinitionReader$TrackedConditionEvaluator;)V (130 bytes) @ 0x00007fc38d73684c [0x00007fc38d736420+0x000000000000042c]
j  org.springframework.context.annotation.ConfigurationClassBeanDefinitionReader.loadBeanDefinitions(Ljava/util/Set;)V+41
j  org.springframework.context.annotation.ConfigurationClassPostProcessor.processConfigBeanDefinitions(Lorg/springframework/beans/factory/support/BeanDefinitionRegistry;)V+386
j  org.springframework.context.annotation.ConfigurationClassPostProcessor.postProcessBeanDefinitionRegistry(Lorg/springframework/beans/factory/support/BeanDefinitionRegistry;)V+107
j  org.springframework.context.support.PostProcessorRegistrationDelegate.invokeBeanDefinitionRegistryPostProcessors(Ljava/util/Collection;Lorg/springframework/beans/factory/support/BeanDefinitionRegistry;Lorg/springframework/core/metrics/ApplicationStartup;)V+59
j  org.springframework.context.support.PostProcessorRegistrationDelegate.invokeBeanFactoryPostProcessors(Lorg/springframework/beans/factory/config/ConfigurableListableBeanFactory;Ljava/util/List;)V+235
j  org.springframework.context.support.AbstractApplicationContext.invokeBeanFactoryPostProcessors(Lorg/springframework/beans/factory/config/ConfigurableListableBeanFactory;)V+5
j  org.springframework.context.support.AbstractApplicationContext.refresh()V+53
j  org.springframework.boot.web.servlet.context.ServletWebServerApplicationContext.refresh()V+1
j  org.springframework.boot.SpringApplication.refresh(Lorg/springframework/context/ConfigurableApplicationContext;)V+1
j  org.springframework.boot.SpringApplication.refreshContext(Lorg/springframework/context/ConfigurableApplicationContext;)V+16
j  org.springframework.boot.SpringApplication.run([Ljava/lang/String;)Lorg/springframework/context/ConfigurableApplicationContext;+111
j  org.springframework.boot.SpringApplication.run([Ljava/lang/Class;[Ljava/lang/String;)Lorg/springframework/context/ConfigurableApplicationContext;+9
j  org.springframework.boot.SpringApplication.run(Ljava/lang/Class;[Ljava/lang/String;)Lorg/springframework/context/ConfigurableApplicationContext;+9
j  com.ascii274.practica.Mot13SimpleHttpServiceApplication.main([Ljava/lang/String;)V+3
v  ~StubRoutines::call_stub
V  [libjvm.so+0x8cb939]  JavaCalls::call_helper(JavaValue*, methodHandle const&, JavaCallArguments*, Thread*)+0x3d9
V  [libjvm.so+0xd14b47]  invoke(InstanceKlass*, methodHandle const&, Handle, bool, objArrayHandle, BasicType, objArrayHandle, bool, Thread*) [clone .constprop.0]+0x567
V  [libjvm.so+0xd15ae4]  Reflection::invoke_method(oopDesc*, Handle, objArrayHandle, Thread*)+0x164
V  [libjvm.so+0x993283]  JVM_InvokeMethod+0x233
J 2723  jdk.internal.reflect.NativeMethodAccessorImpl.invoke0(Ljava/lang/reflect/Method;Ljava/lang/Object;[Ljava/lang/Object;)Ljava/lang/Object; java.base@11.0.12 (0 bytes) @ 0x00007fc38d31e640 [0x00007fc38d31e540+0x0000000000000100]
J 2722 c1 jdk.internal.reflect.NativeMethodAccessorImpl.invoke(Ljava/lang/Object;[Ljava/lang/Object;)Ljava/lang/Object; java.base@11.0.12 (104 bytes) @ 0x00007fc38d31fc5c [0x00007fc38d31f8a0+0x00000000000003bc]
J 2490 c1 jdk.internal.reflect.DelegatingMethodAccessorImpl.invoke(Ljava/lang/Object;[Ljava/lang/Object;)Ljava/lang/Object; java.base@11.0.12 (10 bytes) @ 0x00007fc38d2b7e24 [0x00007fc38d2b7dc0+0x0000000000000064]
J 2317 c1 java.lang.reflect.Method.invoke(Ljava/lang/Object;[Ljava/lang/Object;)Ljava/lang/Object; java.base@11.0.12 (65 bytes) @ 0x00007fc38d262b04 [0x00007fc38d2629e0+0x0000000000000124]
j  org.springframework.boot.devtools.restart.RestartLauncher.run()V+42
v  ~StubRoutines::call_stub
V  [libjvm.so+0x8cb939]  JavaCalls::call_helper(JavaValue*, methodHandle const&, JavaCallArguments*, Thread*)+0x3d9
V  [libjvm.so+0x8c9cd6]  JavaCalls::call_virtual(JavaValue*, Handle, Klass*, Symbol*, Symbol*, Thread*)+0x1a6
V  [libjvm.so+0x986482]  thread_entry(JavaThread*, Thread*)+0xb2
V  [libjvm.so+0xea3a6e]  JavaThread::thread_main_inner()+0x26e
V  [libjvm.so+0xe9f8af]  Thread::call_run()+0x14f
V  [libjvm.so+0xc78a86]  thread_native_entry(Thread*)+0xf6

Java frames: (J=compiled Java code, j=interpreted, Vv=VM code)
j  org.springframework.data.util.Lazy.of(Ljava/util/function/Supplier;)Lorg/springframework/data/util/Lazy;+5
j  org.springframework.data.repository.config.CustomRepositoryImplementationDetector.<init>(Lorg/springframework/core/env/Environment;Lorg/springframework/core/io/ResourceLoader;Lorg/springframework/data/repository/config/ImplementationDetectionConfiguration;)V+40
j  org.springframework.data.repository.config.RepositoryBeanDefinitionBuilder.<init>(Lorg/springframework/beans/factory/support/BeanDefinitionRegistry;Lorg/springframework/data/repository/config/RepositoryConfigurationExtension;Lorg/springframework/data/repository/config/RepositoryConfigurationSource;Lorg/springframework/core/io/ResourceLoader;Lorg/springframework/core/env/Environment;)V+87
j  org.springframework.data.repository.config.RepositoryConfigurationDelegate.registerRepositoriesIn(Lorg/springframework/beans/factory/support/BeanDefinitionRegistry;Lorg/springframework/data/repository/config/RepositoryConfigurationExtension;)Ljava/util/List;+71
j  org.springframework.boot.autoconfigure.data.AbstractRepositoryConfigurationSourceSupport.registerBeanDefinitions(Lorg/springframework/core/type/AnnotationMetadata;Lorg/springframework/beans/factory/support/BeanDefinitionRegistry;Lorg/springframework/beans/factory/support/BeanNameGenerator;)V+30
J 6419 c1 org.springframework.context.annotation.ConfigurationClassBeanDefinitionReader$$Lambda$431.accept(Ljava/lang/Object;Ljava/lang/Object;)V (16 bytes) @ 0x00007fc38d99c3fc [0x00007fc38d99c2e0+0x000000000000011c]
J 2570 c1 java.util.LinkedHashMap.forEach(Ljava/util/function/BiConsumer;)V java.base@11.0.12 (65 bytes) @ 0x00007fc38d2d749c [0x00007fc38d2d7400+0x000000000000009c]
J 5056 c1 org.springframework.context.annotation.ConfigurationClassBeanDefinitionReader.loadBeanDefinitionsForConfigurationClass(Lorg/springframework/context/annotation/ConfigurationClass;Lorg/springframework/context/annotation/ConfigurationClassBeanDefinitionReader$TrackedConditionEvaluator;)V (130 bytes) @ 0x00007fc38d73684c [0x00007fc38d736420+0x000000000000042c]
j  org.springframework.context.annotation.ConfigurationClassBeanDefinitionReader.loadBeanDefinitions(Ljava/util/Set;)V+41
j  org.springframework.context.annotation.ConfigurationClassPostProcessor.processConfigBeanDefinitions(Lorg/springframework/beans/factory/support/BeanDefinitionRegistry;)V+386
j  org.springframework.context.annotation.ConfigurationClassPostProcessor.postProcessBeanDefinitionRegistry(Lorg/springframework/beans/factory/support/BeanDefinitionRegistry;)V+107
j  org.springframework.context.support.PostProcessorRegistrationDelegate.invokeBeanDefinitionRegistryPostProcessors(Ljava/util/Collection;Lorg/springframework/beans/factory/support/BeanDefinitionRegistry;Lorg/springframework/core/metrics/ApplicationStartup;)V+59
j  org.springframework.context.support.PostProcessorRegistrationDelegate.invokeBeanFactoryPostProcessors(Lorg/springframework/beans/factory/config/ConfigurableListableBeanFactory;Ljava/util/List;)V+235
j  org.springframework.context.support.AbstractApplicationContext.invokeBeanFactoryPostProcessors(Lorg/springframework/beans/factory/config/ConfigurableListableBeanFactory;)V+5
j  org.springframework.context.support.AbstractApplicationContext.refresh()V+53
j  org.springframework.boot.web.servlet.context.ServletWebServerApplicationContext.refresh()V+1
j  org.springframework.boot.SpringApplication.refresh(Lorg/springframework/context/ConfigurableApplicationContext;)V+1
j  org.springframework.boot.SpringApplication.refreshContext(Lorg/springframework/context/ConfigurableApplicationContext;)V+16
j  org.springframework.boot.SpringApplication.run([Ljava/lang/String;)Lorg/springframework/context/ConfigurableApplicationContext;+111
j  org.springframework.boot.SpringApplication.run([Ljava/lang/Class;[Ljava/lang/String;)Lorg/springframework/context/ConfigurableApplicationContext;+9
j  org.springframework.boot.SpringApplication.run(Ljava/lang/Class;[Ljava/lang/String;)Lorg/springframework/context/ConfigurableApplicationContext;+9
j  com.ascii274.practica.Mot13SimpleHttpServiceApplication.main([Ljava/lang/String;)V+3
v  ~StubRoutines::call_stub
J 2723  jdk.internal.reflect.NativeMethodAccessorImpl.invoke0(Ljava/lang/reflect/Method;Ljava/lang/Object;[Ljava/lang/Object;)Ljava/lang/Object; java.base@11.0.12 (0 bytes) @ 0x00007fc38d31e5c7 [0x00007fc38d31e540+0x0000000000000087]
J 2722 c1 jdk.internal.reflect.NativeMethodAccessorImpl.invoke(Ljava/lang/Object;[Ljava/lang/Object;)Ljava/lang/Object; java.base@11.0.12 (104 bytes) @ 0x00007fc38d31fc5c [0x00007fc38d31f8a0+0x00000000000003bc]
J 2490 c1 jdk.internal.reflect.DelegatingMethodAccessorImpl.invoke(Ljava/lang/Object;[Ljava/lang/Object;)Ljava/lang/Object; java.base@11.0.12 (10 bytes) @ 0x00007fc38d2b7e24 [0x00007fc38d2b7dc0+0x0000000000000064]
J 2317 c1 java.lang.reflect.Method.invoke(Ljava/lang/Object;[Ljava/lang/Object;)Ljava/lang/Object; java.base@11.0.12 (65 bytes) @ 0x00007fc38d262b04 [0x00007fc38d2629e0+0x0000000000000124]
j  org.springframework.boot.devtools.restart.RestartLauncher.run()V+42
v  ~StubRoutines::call_stub

siginfo: si_signo: 11 (SIGSEGV), si_code: 1 (SEGV_MAPERR), si_addr: 0x0000000000000006

Register to memory mapping:

RAX=0x00007fc3abd24fc0: <offset 0x00000000011e5fc0> in /usr/lib/jvm/java-11-openjdk-11.0.12.0.7-4.fc34.x86_64/lib/server/libjvm.so at 0x00007fc3aab3f000
RBX=0x00007fc3581bf260 is pointing into the stack for thread: 0x00007fc2fc2ab000
RCX=0x0000000000000006 is an unknown value
RDX=0x0 is NULL
RSP=0x00007fc3581bf230 is pointing into the stack for thread: 0x00007fc2fc2ab000
RBP=0x00007fc3581bf250 is pointing into the stack for thread: 0x00007fc2fc2ab000
RSI=0x0 is NULL
RDI=0x00007fc3581bf260 is pointing into the stack for thread: 0x00007fc2fc2ab000
R8 =0x00007fc358d82320 is pointing into metadata
R9 =0x00007fc38c86fb00 points into unknown readable memory: 0x000000000000037c | 7c 03 00 00 00 00 00 00
R10=0x00007fc3a9d7a000 points into unknown readable memory: 0x0100050403020100 | 00 01 02 03 04 05 00 01
R11=0x00007fc3abae3e8e: <offset 0x0000000000fa4e8e> in /usr/lib/jvm/java-11-openjdk-11.0.12.0.7-4.fc34.x86_64/lib/server/libjvm.so at 0x00007fc3aab3f000
R12=0x00007fc3581bf310 is pointing into the stack for thread: 0x00007fc2fc2ab000
R13=0x00007fc3581bf260 is pointing into the stack for thread: 0x00007fc2fc2ab000
R14=0x00007fc2fc2ab000 is a thread
R15=0x00007fc3581bf340 is pointing into the stack for thread: 0x00007fc2fc2ab000


Registers:
RAX=0x00007fc3abd24fc0, RBX=0x00007fc3581bf260, RCX=0x0000000000000006, RDX=0x0000000000000000
RSP=0x00007fc3581bf230, RBP=0x00007fc3581bf250, RSI=0x0000000000000000, RDI=0x00007fc3581bf260
R8 =0x00007fc358d82320, R9 =0x00007fc38c86fb00, R10=0x00007fc3a9d7a000, R11=0x00007fc3abae3e8e
R12=0x00007fc3581bf310, R13=0x00007fc3581bf260, R14=0x00007fc2fc2ab000, R15=0x00007fc3581bf340
RIP=0x00007fc3ab9217e0, EFLAGS=0x0000000000010206, CSGSFS=0x002b000000000033, ERR=0x0000000000000004
  TRAPNO=0x000000000000000e

Top of Stack: (sp=0x00007fc3581bf230)
0x00007fc3581bf230:   00000000c60be3f0 00007fc340001eb0
0x00007fc3581bf240:   00007fc3581bf310 00007fc3581bf260
0x00007fc3581bf250:   00007fc3581bf2a0 00007fc3ab2c92f5
0x00007fc3581bf260:   00007fc3abd24fc0 0000000000000000 

Instructions: (pc=0x00007fc3ab9217e0)
0x00007fc3ab9216e0:   85 c8 00 00 00 b8 02 00 00 00 66 0f 1f 44 00 00
0x00007fc3ab9216f0:   89 43 10 89 c2 48 83 c0 01 0f b6 74 01 05 40 80
0x00007fc3ab921700:   fe 5b 74 ec 83 c2 01 40 80 fe 4c 0f 84 7f 00 00
0x00007fc3ab921710:   00 89 53 10 48 8b 03 be 01 00 00 00 48 89 df ff
0x00007fc3ab921720:   50 50 8b 43 14 85 c0 0f 89 16 fe ff ff c7 43 18
0x00007fc3ab921730:   0d 00 00 00 8b 43 10 e9 0a fe ff ff 0f 1f 40 00
0x00007fc3ab921740:   b8 02 00 00 00 0f 1f 00 89 43 10 89 c2 48 83 c0
0x00007fc3ab921750:   01 80 7c 01 04 3b 75 f0 48 8b 03 be 01 00 00 00
0x00007fc3ab921760:   48 89 df ff 50 48 8b 53 14 85 d2 0f 89 d2 fd ff
0x00007fc3ab921770:   ff c7 43 18 0c 00 00 00 8b 43 10 e9 c6 fd ff ff
0x00007fc3ab921780:   c7 43 18 08 00 00 00 e9 ec fd ff ff 0f 1f 40 00
0x00007fc3ab921790:   48 63 c2 0f 1f 44 00 00 89 43 10 89 c2 48 83 c0
0x00007fc3ab9217a0:   01 80 7c 01 04 3b 75 f0 e9 67 ff ff ff ba 01 00
0x00007fc3ab9217b0:   00 00 e9 4d ff ff ff 90 0f 1f 84 00 00 00 00 00
0x00007fc3ab9217c0:   f3 0f 1e fa 55 48 89 e5 41 55 41 54 53 48 89 fb
0x00007fc3ab9217d0:   48 83 ec 08 48 8b 57 08 48 c7 47 10 00 00 00 00
0x00007fc3ab9217e0:   80 7a 06 28 0f 85 66 03 00 00 be 01 00 00 00 b8
0x00007fc3ab9217f0:   01 00 00 00 89 43 10 48 8d 4a 06 0f b6 54 32 06
0x00007fc3ab921800:   80 fa 29 74 73 4c 8d 2d a4 22 23 00 4c 8d 25 95
0x00007fc3ab921810:   23 23 00 0f 1f 44 00 00 83 ea 42 80 fa 19 77 10
0x00007fc3ab921820:   0f b6 d2 49 63 14 94 4c 01 e2 3e ff e2 0f 1f 00
0x00007fc3ab921830:   48 8d 05 31 93 4c 00 be 6d 00 00 00 4c 89 ef 48
0x00007fc3ab921840:   8b 00 c6 00 58 e8 96 d5 8e ff e8 b1 d5 e8 ff 8b
0x00007fc3ab921850:   43 14 8d 50 ff 8b 43 10 0f 1f 84 00 00 00 00 00
0x00007fc3ab921860:   89 53 14 48 8b 53 08 48 63 f0 48 8d 4a 06 0f b6
0x00007fc3ab921870:   54 32 06 80 fa 29 75 a0 83 c0 01 c7 43 14 00 00
0x00007fc3ab921880:   00 00 89 43 10 48 83 c4 08 5b 41 5c 41 5d 5d c3
0x00007fc3ab921890:   44 8d 40 01 49 63 d0 44 89 43 10 0f b6 34 11 40
0x00007fc3ab9218a0:   80 fe 5b 0f 85 ea 02 00 00 83 c0 02 48 98 66 90
0x00007fc3ab9218b0:   89 43 10 89 c2 48 83 c0 01 0f b6 74 01 ff 40 80
0x00007fc3ab9218c0:   fe 5b 74 ec 83 c2 01 40 80 fe 4c 0f 84 5f 02 00
0x00007fc3ab9218d0:   00 89 53 10 48 8b 03 44 89 c6 48 89 df ff 50 50 


Stack slot to memory mapping:
stack at sp + 0 slots: 0x00000000c60be3f0 points into unknown readable memory: 0x0000000000000001 | 01 00 00 00 00 00 00 00
stack at sp + 1 slots: 0x00007fc340001eb0 points into unknown readable memory: 0x00007fc500000002 | 02 00 00 00 c5 7f 00 00
stack at sp + 2 slots: 0x00007fc3581bf310 is pointing into the stack for thread: 0x00007fc2fc2ab000
stack at sp + 3 slots: 0x00007fc3581bf260 is pointing into the stack for thread: 0x00007fc2fc2ab000
stack at sp + 4 slots: 0x00007fc3581bf2a0 is pointing into the stack for thread: 0x00007fc2fc2ab000
stack at sp + 5 slots: 0x00007fc3ab2c92f5: <offset 0x000000000078a2f5> in /usr/lib/jvm/java-11-openjdk-11.0.12.0.7-4.fc34.x86_64/lib/server/libjvm.so at 0x00007fc3aab3f000
stack at sp + 6 slots: 0x00007fc3abd24fc0: <offset 0x00000000011e5fc0> in /usr/lib/jvm/java-11-openjdk-11.0.12.0.7-4.fc34.x86_64/lib/server/libjvm.so at 0x00007fc3aab3f000
stack at sp + 7 slots: 0x0 is NULL


---------------  P R O C E S S  ---------------

Threads class SMR info:
_java_thread_list=0x00007fc344003410, length=25, elements={
0x00007fc3a40c1800, 0x00007fc3a40c4000, 0x00007fc3a40c9800, 0x00007fc3a40cb800,
0x00007fc3a40cd800, 0x00007fc3a40cf800, 0x00007fc3a40fd800, 0x00007fc3a4499800,
0x00007fc3a44a0000, 0x00007fc3a44ba000, 0x00007fc354001000, 0x00007fc32c00d800,
0x00007fc33c003800, 0x00007fc32000b800, 0x00007fc30ce0b000, 0x00007fc3a4019000,
0x00007fc33c005000, 0x00007fc33c007000, 0x00007fc33c009000, 0x00007fc33c01a000,
0x00007fc340001800, 0x00007fc33c019000, 0x00007fc33c01b000, 0x00007fc32400b800,
0x00007fc2fc2ab000
}

Java Threads: ( => current thread )
  0x00007fc3a40c1800 JavaThread "Reference Handler" daemon [_thread_blocked, id=51154, stack(0x00007fc3846dd000,0x00007fc3847de000)]
  0x00007fc3a40c4000 JavaThread "Finalizer" daemon [_thread_blocked, id=51155, stack(0x00007fc3845dc000,0x00007fc3846dd000)]
  0x00007fc3a40c9800 JavaThread "Signal Dispatcher" daemon [_thread_blocked, id=51156, stack(0x00007fc3844db000,0x00007fc3845dc000)]
  0x00007fc3a40cb800 JavaThread "Service Thread" daemon [_thread_blocked, id=51157, stack(0x00007fc3843da000,0x00007fc3844db000)]
  0x00007fc3a40cd800 JavaThread "C1 CompilerThread0" daemon [_thread_blocked, id=51158, stack(0x00007fc3842d9000,0x00007fc3843da000)]
  0x00007fc3a40cf800 JavaThread "Sweeper thread" daemon [_thread_blocked, id=51159, stack(0x00007fc3841d8000,0x00007fc3842d9000)]
  0x00007fc3a40fd800 JavaThread "Common-Cleaner" daemon [_thread_blocked, id=51160, stack(0x00007fc3840d7000,0x00007fc3841d8000)]
  0x00007fc3a4499800 JavaThread "RMI TCP Accept-0" daemon [_thread_in_native, id=51161, stack(0x00007fc35a7fa000,0x00007fc35a8fb000)]
  0x00007fc3a44a0000 JavaThread "RMI TCP Accept-40795" daemon [_thread_in_native, id=51162, stack(0x00007fc35a6f9000,0x00007fc35a7fa000)]
  0x00007fc3a44ba000 JavaThread "RMI TCP Accept-0" daemon [_thread_in_native, id=51163, stack(0x00007fc35a5f8000,0x00007fc35a6f9000)]
  0x00007fc354001000 JavaThread "Attach Listener" daemon [_thread_blocked, id=51168, stack(0x00007fc35a0f0000,0x00007fc35a1f1000)]
  0x00007fc32c00d800 JavaThread "RMI Scheduler(0)" daemon [_thread_blocked, id=51172, stack(0x00007fc359fce000,0x00007fc35a0cf000)]
  0x00007fc33c003800 JavaThread "RMI TCP Connection(8)-127.0.0.1" daemon [_thread_in_native, id=51174, stack(0x00007fc359ecd000,0x00007fc359fce000)]
  0x00007fc32000b800 JavaThread "JMX server connection timeout 19" daemon [_thread_blocked, id=51175, stack(0x00007fc359dcc000,0x00007fc359ecd000)]
  0x00007fc30ce0b000 JavaThread "Live Reload Server" daemon [_thread_in_native, id=51198, stack(0x00007fc3031fe000,0x00007fc3032ff000)]
  0x00007fc3a4019000 JavaThread "DestroyJavaVM" [_thread_blocked, id=51147, stack(0x00007fc3aa6c0000,0x00007fc3aa7c1000)]
  0x00007fc33c005000 JavaThread "RMI TCP Connection(9)-127.0.0.1" daemon [_thread_in_native, id=51204, stack(0x00007fc302dfa000,0x00007fc302efb000)]
  0x00007fc33c007000 JavaThread "RMI TCP Connection(10)-127.0.0.1" daemon [_thread_in_native, id=51205, stack(0x00007fc302cf9000,0x00007fc302dfa000)]
  0x00007fc33c009000 JavaThread "RMI TCP Connection(11)-127.0.0.1" daemon [_thread_in_native, id=51207, stack(0x00007fc302bf8000,0x00007fc302cf9000)]
  0x00007fc33c01a000 JavaThread "RMI TCP Connection(idle)" daemon [_thread_blocked, id=54151, stack(0x00007fc3030fd000,0x00007fc3031fe000)]
  0x00007fc340001800 JavaThread "RMI TCP Connection(idle)" daemon [_thread_blocked, id=54416, stack(0x00007fc3029f6000,0x00007fc302af7000)]
  0x00007fc33c019000 JavaThread "RMI TCP Connection(idle)" daemon [_thread_blocked, id=54417, stack(0x00007fc3028f5000,0x00007fc3029f6000)]
  0x00007fc33c01b000 JavaThread "RMI TCP Connection(idle)" daemon [_thread_blocked, id=54418, stack(0x00007fc359bca000,0x00007fc359ccb000)]
  0x00007fc32400b800 JavaThread "Thread-56" [_thread_blocked, id=54526, stack(0x00007fc3594c5000,0x00007fc3595c6000)]
=>0x00007fc2fc2ab000 JavaThread "restartedMain" [_thread_in_vm, id=54529, stack(0x00007fc3580c1000,0x00007fc3581c2000)]

Other Threads:
  0x00007fc3a40bf000 VMThread "VM Thread" [stack: 0x00007fc3847e0000,0x00007fc3848e0000] [id=51153]
  0x00007fc3a44bd000 WatcherThread [stack: 0x00007fc35a4f8000,0x00007fc35a5f8000] [id=51164]
  0x00007fc3a4030800 GCTaskThread "GC Thread#0" [stack: 0x00007fc3a9aa7000,0x00007fc3a9ba7000] [id=51148]
  0x00007fc374001000 GCTaskThread "GC Thread#1" [stack: 0x00007fc35a2f5000,0x00007fc35a3f5000] [id=51166]
  0x00007fc374034000 GCTaskThread "GC Thread#2" [stack: 0x00007fc359aca000,0x00007fc359bca000] [id=51179]
  0x00007fc374035000 GCTaskThread "GC Thread#3" [stack: 0x00007fc3599c8000,0x00007fc359ac8000] [id=51180]
  0x00007fc3a404b000 ConcurrentGCThread "G1 Main Marker" [stack: 0x00007fc3a80b4000,0x00007fc3a81b4000] [id=51149]
  0x00007fc3a404d000 ConcurrentGCThread "G1 Conc#0" [stack: 0x00007fc38c767000,0x00007fc38c867000] [id=51150]
  0x00007fc3a4090800 ConcurrentGCThread "G1 Refine#0" [stack: 0x00007fc38c261000,0x00007fc38c361000] [id=51151]
  0x00007fc37c001000 ConcurrentGCThread "G1 Refine#1" [stack: 0x00007fc35a1f3000,0x00007fc35a2f3000] [id=51167]
  0x00007fc3a4092800 ConcurrentGCThread "G1 Young RemSet Sampling" [stack: 0x00007fc38c15f000,0x00007fc38c25f000] [id=51152]

Threads with active compile tasks:

VM state:not at safepoint (normal execution)

VM Mutex/Monitor currently owned by a thread: None

Heap address: 0x00000000c3800000, size: 968 MB, Compressed Oops mode: 32-bit
Narrow klass base: 0x0000000800000000, Narrow klass shift: 3
Compressed class space size: 1073741824 Address: 0x0000000840000000

Heap:
 garbage-first heap   total 71680K, used 47810K [0x00000000c3800000, 0x0000000100000000)
  region size 1024K, 29 young (29696K), 0 survivors (0K)
 Metaspace       used 51658K, capacity 53827K, committed 54448K, reserved 1095680K
  class space    used 6996K, capacity 7686K, committed 7936K, reserved 1048576K
Heap Regions: E=young(eden), S=young(survivor), O=old, HS=humongous(starts), HC=humongous(continues), CS=collection set, F=free, A=archive, TAMS=top-at-mark-start (previous, next)
|   0|0x00000000c3800000, 0x00000000c3900000, 0x00000000c3900000|100%|HS|  |TAMS 0x00000000c3800000, 0x00000000c3800000| Untracked 
|   1|0x00000000c3900000, 0x00000000c3a00000, 0x00000000c3a00000|100%| O|  |TAMS 0x00000000c3900000, 0x00000000c3900000| Untracked 
|   2|0x00000000c3a00000, 0x00000000c3affff0, 0x00000000c3b00000| 99%| O|  |TAMS 0x00000000c3a00000, 0x00000000c3a00000| Untracked 
|   3|0x00000000c3b00000, 0x00000000c3bffee0, 0x00000000c3c00000| 99%| O|  |TAMS 0x00000000c3b00000, 0x00000000c3b00000| Untracked 
|   4|0x00000000c3c00000, 0x00000000c3cff3c8, 0x00000000c3d00000| 99%| O|  |TAMS 0x00000000c3c00000, 0x00000000c3c00000| Untracked 
|   5|0x00000000c3d00000, 0x00000000c3e00000, 0x00000000c3e00000|100%| O|  |TAMS 0x00000000c3d00000, 0x00000000c3d00000| Untracked 
|   6|0x00000000c3e00000, 0x00000000c3efffc0, 0x00000000c3f00000| 99%| O|  |TAMS 0x00000000c3e00000, 0x00000000c3e00000| Untracked 
|   7|0x00000000c3f00000, 0x00000000c3ffffd8, 0x00000000c4000000| 99%| O|  |TAMS 0x00000000c3f00000, 0x00000000c3f00000| Untracked 
|   8|0x00000000c4000000, 0x00000000c40fffd8, 0x00000000c4100000| 99%| O|  |TAMS 0x00000000c4000000, 0x00000000c4000000| Untracked 
|   9|0x00000000c4100000, 0x00000000c41ffff8, 0x00000000c4200000| 99%| O|  |TAMS 0x00000000c4100000, 0x00000000c4100000| Untracked 
|  10|0x00000000c4200000, 0x00000000c42ff148, 0x00000000c4300000| 99%| O|  |TAMS 0x00000000c4200000, 0x00000000c4200000| Untracked 
|  11|0x00000000c4300000, 0x00000000c43ffff0, 0x00000000c4400000| 99%| O|  |TAMS 0x00000000c4300000, 0x00000000c4300000| Untracked 
|  12|0x00000000c4400000, 0x00000000c44ffff0, 0x00000000c4500000| 99%| O|  |TAMS 0x00000000c4400000, 0x00000000c4400000| Untracked 
|  13|0x00000000c4500000, 0x00000000c45ffff0, 0x00000000c4600000| 99%| O|  |TAMS 0x00000000c4500000, 0x00000000c4500000| Untracked 
|  14|0x00000000c4600000, 0x00000000c46fffd0, 0x00000000c4700000| 99%| O|  |TAMS 0x00000000c4600000, 0x00000000c4600000| Untracked 
|  15|0x00000000c4700000, 0x00000000c47ffff8, 0x00000000c4800000| 99%| O|  |TAMS 0x00000000c4700000, 0x00000000c4700000| Untracked 
|  16|0x00000000c4800000, 0x00000000c48ffea0, 0x00000000c4900000| 99%| O|  |TAMS 0x00000000c4800000, 0x00000000c4800000| Untracked 
|  17|0x00000000c4900000, 0x00000000c499c3d0, 0x00000000c4a00000| 61%| O|  |TAMS 0x00000000c4900000, 0x00000000c4900000| Untracked 
|  18|0x00000000c4a00000, 0x00000000c4a00000, 0x00000000c4b00000|  0%| F|  |TAMS 0x00000000c4a00000, 0x00000000c4a00000| Untracked 
|  19|0x00000000c4b00000, 0x00000000c4b644b0, 0x00000000c4c00000| 39%| O|  |TAMS 0x00000000c4b00000, 0x00000000c4b00000| Untracked 
|  20|0x00000000c4c00000, 0x00000000c4c00000, 0x00000000c4d00000|  0%| F|  |TAMS 0x00000000c4c00000, 0x00000000c4c00000| Untracked 
|  21|0x00000000c4d00000, 0x00000000c4d00000, 0x00000000c4e00000|  0%| F|  |TAMS 0x00000000c4d00000, 0x00000000c4d00000| Untracked 
|  22|0x00000000c4e00000, 0x00000000c4e00000, 0x00000000c4f00000|  0%| F|  |TAMS 0x00000000c4e00000, 0x00000000c4e00000| Untracked 
|  23|0x00000000c4f00000, 0x00000000c4f00000, 0x00000000c5000000|  0%| F|  |TAMS 0x00000000c4f00000, 0x00000000c4f00000| Untracked 
|  24|0x00000000c5000000, 0x00000000c5000000, 0x00000000c5100000|  0%| F|  |TAMS 0x00000000c5000000, 0x00000000c5000000| Untracked 
|  25|0x00000000c5100000, 0x00000000c5100000, 0x00000000c5200000|  0%| F|  |TAMS 0x00000000c5100000, 0x00000000c5100000| Untracked 
|  26|0x00000000c5200000, 0x00000000c5200000, 0x00000000c5300000|  0%| F|  |TAMS 0x00000000c5200000, 0x00000000c5200000| Untracked 
|  27|0x00000000c5300000, 0x00000000c5300000, 0x00000000c5400000|  0%| F|  |TAMS 0x00000000c5300000, 0x00000000c5300000| Untracked 
|  28|0x00000000c5400000, 0x00000000c5400000, 0x00000000c5500000|  0%| F|  |TAMS 0x00000000c5400000, 0x00000000c5400000| Untracked 
|  29|0x00000000c5500000, 0x00000000c5500000, 0x00000000c5600000|  0%| F|  |TAMS 0x00000000c5500000, 0x00000000c5500000| Untracked 
|  30|0x00000000c5600000, 0x00000000c5600000, 0x00000000c5700000|  0%| F|  |TAMS 0x00000000c5600000, 0x00000000c5600000| Untracked 
|  31|0x00000000c5700000, 0x00000000c5700000, 0x00000000c5800000|  0%| F|  |TAMS 0x00000000c5700000, 0x00000000c5700000| Untracked 
|  32|0x00000000c5800000, 0x00000000c5800000, 0x00000000c5900000|  0%| F|  |TAMS 0x00000000c5800000, 0x00000000c5800000| Untracked 
|  33|0x00000000c5900000, 0x00000000c5900000, 0x00000000c5a00000|  0%| F|  |TAMS 0x00000000c5900000, 0x00000000c5900000| Untracked 
|  34|0x00000000c5a00000, 0x00000000c5a00000, 0x00000000c5b00000|  0%| F|  |TAMS 0x00000000c5a00000, 0x00000000c5a00000| Untracked 
|  35|0x00000000c5b00000, 0x00000000c5b00000, 0x00000000c5c00000|  0%| F|  |TAMS 0x00000000c5b00000, 0x00000000c5b00000| Untracked 
|  36|0x00000000c5c00000, 0x00000000c5c00000, 0x00000000c5d00000|  0%| F|  |TAMS 0x00000000c5c00000, 0x00000000c5c00000| Untracked 
|  37|0x00000000c5d00000, 0x00000000c5d00000, 0x00000000c5e00000|  0%| F|  |TAMS 0x00000000c5d00000, 0x00000000c5d00000| Untracked 
|  38|0x00000000c5e00000, 0x00000000c5e00000, 0x00000000c5f00000|  0%| F|  |TAMS 0x00000000c5e00000, 0x00000000c5e00000| Untracked 
|  39|0x00000000c5f00000, 0x00000000c5f25668, 0x00000000c6000000| 14%| E|  |TAMS 0x00000000c5f00000, 0x00000000c5f00000| Complete 
|  40|0x00000000c6000000, 0x00000000c6100000, 0x00000000c6100000|100%| E|CS|TAMS 0x00000000c6000000, 0x00000000c6000000| Complete 
|  41|0x00000000c6100000, 0x00000000c6200000, 0x00000000c6200000|100%| E|CS|TAMS 0x00000000c6100000, 0x00000000c6100000| Complete 
|  42|0x00000000c6200000, 0x00000000c6300000, 0x00000000c6300000|100%| E|CS|TAMS 0x00000000c6200000, 0x00000000c6200000| Complete 
|  43|0x00000000c6300000, 0x00000000c6400000, 0x00000000c6400000|100%| E|CS|TAMS 0x00000000c6300000, 0x00000000c6300000| Complete 
|  44|0x00000000c6400000, 0x00000000c6500000, 0x00000000c6500000|100%| E|CS|TAMS 0x00000000c6400000, 0x00000000c6400000| Complete 
|  45|0x00000000c6500000, 0x00000000c6600000, 0x00000000c6600000|100%| E|CS|TAMS 0x00000000c6500000, 0x00000000c6500000| Complete 
|  46|0x00000000c6600000, 0x00000000c6700000, 0x00000000c6700000|100%| E|CS|TAMS 0x00000000c6600000, 0x00000000c6600000| Complete 
|  47|0x00000000c6700000, 0x00000000c6800000, 0x00000000c6800000|100%| E|CS|TAMS 0x00000000c6700000, 0x00000000c6700000| Complete 
|  48|0x00000000c6800000, 0x00000000c6900000, 0x00000000c6900000|100%| E|CS|TAMS 0x00000000c6800000, 0x00000000c6800000| Complete 
|  49|0x00000000c6900000, 0x00000000c6a00000, 0x00000000c6a00000|100%| E|CS|TAMS 0x00000000c6900000, 0x00000000c6900000| Complete 
|  50|0x00000000c6a00000, 0x00000000c6b00000, 0x00000000c6b00000|100%| E|CS|TAMS 0x00000000c6a00000, 0x00000000c6a00000| Complete 
|  51|0x00000000c6b00000, 0x00000000c6c00000, 0x00000000c6c00000|100%| E|CS|TAMS 0x00000000c6b00000, 0x00000000c6b00000| Complete 
|  52|0x00000000c6c00000, 0x00000000c6d00000, 0x00000000c6d00000|100%| E|CS|TAMS 0x00000000c6c00000, 0x00000000c6c00000| Complete 
|  53|0x00000000c6d00000, 0x00000000c6e00000, 0x00000000c6e00000|100%| E|CS|TAMS 0x00000000c6d00000, 0x00000000c6d00000| Complete 
|  54|0x00000000c6e00000, 0x00000000c6f00000, 0x00000000c6f00000|100%| E|CS|TAMS 0x00000000c6e00000, 0x00000000c6e00000| Complete 
|  55|0x00000000c6f00000, 0x00000000c7000000, 0x00000000c7000000|100%| E|CS|TAMS 0x00000000c6f00000, 0x00000000c6f00000| Complete 
|  56|0x00000000c7000000, 0x00000000c7100000, 0x00000000c7100000|100%| E|CS|TAMS 0x00000000c7000000, 0x00000000c7000000| Complete 
|  57|0x00000000c7100000, 0x00000000c7200000, 0x00000000c7200000|100%| E|CS|TAMS 0x00000000c7100000, 0x00000000c7100000| Complete 
|  58|0x00000000c7200000, 0x00000000c7300000, 0x00000000c7300000|100%| E|CS|TAMS 0x00000000c7200000, 0x00000000c7200000| Complete 
|  59|0x00000000c7300000, 0x00000000c7400000, 0x00000000c7400000|100%| E|CS|TAMS 0x00000000c7300000, 0x00000000c7300000| Complete 
|  60|0x00000000c7400000, 0x00000000c7500000, 0x00000000c7500000|100%| E|CS|TAMS 0x00000000c7400000, 0x00000000c7400000| Complete 
|  61|0x00000000c7500000, 0x00000000c7600000, 0x00000000c7600000|100%| E|CS|TAMS 0x00000000c7500000, 0x00000000c7500000| Complete 
|  62|0x00000000c7600000, 0x00000000c7700000, 0x00000000c7700000|100%| E|CS|TAMS 0x00000000c7600000, 0x00000000c7600000| Complete 
|  63|0x00000000c7700000, 0x00000000c7800000, 0x00000000c7800000|100%| E|CS|TAMS 0x00000000c7700000, 0x00000000c7700000| Complete 
|  64|0x00000000c7800000, 0x00000000c7900000, 0x00000000c7900000|100%| E|CS|TAMS 0x00000000c7800000, 0x00000000c7800000| Complete 
|  65|0x00000000c7900000, 0x00000000c7a00000, 0x00000000c7a00000|100%| E|CS|TAMS 0x00000000c7900000, 0x00000000c7900000| Complete 
|  66|0x00000000c7a00000, 0x00000000c7b00000, 0x00000000c7b00000|100%| E|CS|TAMS 0x00000000c7a00000, 0x00000000c7a00000| Complete 
|  67|0x00000000c7b00000, 0x00000000c7c00000, 0x00000000c7c00000|100%| E|CS|TAMS 0x00000000c7b00000, 0x00000000c7b00000| Complete 
| 966|0x00000000ffe00000, 0x00000000ffe47000, 0x00000000fff00000| 27%|OA|  |TAMS 0x00000000ffe47000, 0x00000000ffe00000| Untracked 
| 967|0x00000000fff00000, 0x00000000fff6b000, 0x0000000100000000| 41%|CA|  |TAMS 0x00000000fff6b000, 0x00000000fff00000| Untracked 

Card table byte_map: [0x00007fc3a92d9000,0x00007fc3a94bd000] _byte_map_base: 0x00007fc3a8cbd000

Marking Bits (Prev, Next): (CMBitMap*) 0x00007fc3a40467b0, (CMBitMap*) 0x00007fc3a4046778
 Prev Bits: [0x00007fc3870e0000, 0x00007fc388000000)
 Next Bits: [0x00007fc3a81d5000, 0x00007fc3a90f5000)

Polling page: 0x00007fc3aa684000

Metaspace:

Usage:
  Non-class:     45,06 MB capacity,    43,62 MB ( 97%) used,     1,26 MB (  3%) free+waste,   187,75 KB ( <1%) overhead. 
      Class:      7,51 MB capacity,     6,83 MB ( 91%) used,   597,08 KB (  8%) free+waste,    92,81 KB (  1%) overhead. 
       Both:     52,57 MB capacity,    50,45 MB ( 96%) used,     1,84 MB (  4%) free+waste,   280,56 KB ( <1%) overhead. 

Virtual space:
  Non-class space:       46,00 MB reserved,      45,42 MB ( 99%) committed 
      Class space:        1,00 GB reserved,       7,75 MB ( <1%) committed 
             Both:        1,04 GB reserved,      53,17 MB (  5%) committed 

Chunk freelists:
   Non-Class:  351,00 KB
       Class:  154,00 KB
        Both:  505,00 KB

MaxMetaspaceSize: unlimited
CompressedClassSpaceSize: 1,00 GB
Initial GC threshold: 20,80 MB
Current GC threshold: 88,62 MB
CDS: on

CodeHeap 'non-profiled nmethods': size=238948Kb used=13017Kb max_used=13017Kb free=225930Kb
 bounds [0x00007fc38cf0e000, 0x00007fc38dbce000, 0x00007fc39b867000]
CodeHeap 'non-nmethods': size=6812Kb used=1300Kb max_used=1300Kb free=5511Kb
 bounds [0x00007fc38c867000, 0x00007fc38cad7000, 0x00007fc38cf0e000]
 total_blobs=8207 nmethods=7607 adapters=527
 compilation: enabled
              stopped_count=0, restarted_count=0
 full_count=0

Compilation events (20 events):
Event: 1954,510 Thread 0x00007fc3a40cd800 7599       1       java.util.Calendar::isPartiallyNormalized (20 bytes)
Event: 1954,510 Thread 0x00007fc3a40cd800 nmethod 7599 0x00007fc38dbbee90 code [0x00007fc38dbbf040, 0x00007fc38dbbf150]
Event: 1954,510 Thread 0x00007fc3a40cd800 7600       1       org.springframework.beans.factory.support.DefaultListableBeanFactory::registerSingleton (28 bytes)
Event: 1954,511 Thread 0x00007fc3a40cd800 nmethod 7600 0x00007fc38dbbf190 code [0x00007fc38dbbf380, 0x00007fc38dbbf710]
Event: 1954,511 Thread 0x00007fc3a40cd800 7601   !   1       org.springframework.beans.factory.support.DefaultSingletonBeanRegistry::registerSingleton (106 bytes)
Event: 1954,511 Thread 0x00007fc3a40cd800 nmethod 7601 0x00007fc38dbbf910 code [0x00007fc38dbbfbc0, 0x00007fc38dbc0520]
Event: 1954,511 Thread 0x00007fc3a40cd800 7602       1       org.springframework.beans.factory.support.DefaultListableBeanFactory$$Lambda$300/0x00000008401fc840::get$Lambda (9 bytes)
Event: 1954,512 Thread 0x00007fc3a40cd800 nmethod 7602 0x00007fc38dbc0b90 code [0x00007fc38dbc0d40, 0x00007fc38dbc0e90]
Event: 1954,512 Thread 0x00007fc3a40cd800 7603       1       org.springframework.beans.factory.support.DefaultListableBeanFactory$$Lambda$300/0x00000008401fc840::<init> (10 bytes)
Event: 1954,512 Thread 0x00007fc3a40cd800 nmethod 7603 0x00007fc38dbc0f10 code [0x00007fc38dbc10c0, 0x00007fc38dbc11d0]
Event: 1954,514 Thread 0x00007fc3a40cd800 7604       1       org.springframework.beans.PropertyValue::isOptional (5 bytes)
Event: 1954,514 Thread 0x00007fc3a40cd800 nmethod 7604 0x00007fc38dbc1290 code [0x00007fc38dbc1440, 0x00007fc38dbc1510]
Event: 1954,518 Thread 0x00007fc3a40cd800 7605       1       org.springframework.util.AntPathMatcher$AntPathStringMatcher::<init> (318 bytes)
Event: 1954,520 Thread 0x00007fc3a40cd800 nmethod 7605 0x00007fc38dbc1590 code [0x00007fc38dbc1940, 0x00007fc38dbc2860]
Event: 1954,615 Thread 0x00007fc3a40cd800 7606   !   1       java.io.FileInputStream::close (69 bytes)
Event: 1954,615 Thread 0x00007fc3a40cd800 nmethod 7606 0x00007fc38dbc3190 code [0x00007fc38dbc3360, 0x00007fc38dbc37b0]
Event: 1954,663 Thread 0x00007fc3a40cd800 7607   !   1       org.springframework.boot.autoconfigure.condition.AbstractNestedCondition$MemberConditions::getMetadata (26 bytes)
Event: 1954,663 Thread 0x00007fc3a40cd800 nmethod 7607 0x00007fc38dbc3910 code [0x00007fc38dbc3ae0, 0x00007fc38dbc3d30]
Event: 1954,749 Thread 0x00007fc3a40cd800 7608       1       org.springframework.context.annotation.ConfigurationClassParser$ImportStack::removeImportingClass (88 bytes)
Event: 1954,749 Thread 0x00007fc3a40cd800 nmethod 7608 0x00007fc38dbc3f10 code [0x00007fc38dbc4160, 0x00007fc38dbc44b0]

GC Heap History (20 events):
Event: 1782,404 GC heap before
{Heap before GC invocations=58 (full 11):
 garbage-first heap   total 71680K, used 53501K [0x00000000c3800000, 0x0000000100000000)
  region size 1024K, 35 young (35840K), 3 survivors (3072K)
 Metaspace       used 51517K, capacity 53608K, committed 54448K, reserved 1095680K
  class space    used 6976K, capacity 7653K, committed 7936K, reserved 1048576K
}
Event: 1782,406 GC heap after
{Heap after GC invocations=59 (full 11):
 garbage-first heap   total 71680K, used 21784K [0x00000000c3800000, 0x0000000100000000)
  region size 1024K, 3 young (3072K), 3 survivors (3072K)
 Metaspace       used 51517K, capacity 53608K, committed 54448K, reserved 1095680K
  class space    used 6976K, capacity 7653K, committed 7936K, reserved 1048576K
}
Event: 1783,650 GC heap before
{Heap before GC invocations=59 (full 11):
 garbage-first heap   total 71680K, used 54552K [0x00000000c3800000, 0x0000000100000000)
  region size 1024K, 36 young (36864K), 3 survivors (3072K)
 Metaspace       used 51554K, capacity 53680K, committed 54448K, reserved 1095680K
  class space    used 6980K, capacity 7657K, committed 7936K, reserved 1048576K
}
Event: 1783,696 GC heap after
{Heap after GC invocations=60 (full 11):
 garbage-first heap   total 71680K, used 23057K [0x00000000c3800000, 0x0000000100000000)
  region size 1024K, 4 young (4096K), 4 survivors (4096K)
 Metaspace       used 51554K, capacity 53680K, committed 54448K, reserved 1095680K
  class space    used 6980K, capacity 7657K, committed 7936K, reserved 1048576K
}
Event: 1886,436 GC heap before
{Heap before GC invocations=60 (full 11):
 garbage-first heap   total 71680K, used 26129K [0x00000000c3800000, 0x0000000100000000)
  region size 1024K, 8 young (8192K), 4 survivors (4096K)
 Metaspace       used 51557K, capacity 53686K, committed 54448K, reserved 1095680K
  class space    used 6980K, capacity 7659K, committed 7936K, reserved 1048576K
}
Event: 1886,781 GC heap after
{Heap after GC invocations=61 (full 12):
 garbage-first heap   total 71680K, used 19306K [0x00000000c3800000, 0x0000000100000000)
  region size 1024K, 0 young (0K), 0 survivors (0K)
 Metaspace       used 51554K, capacity 53680K, committed 54448K, reserved 1095680K
  class space    used 6980K, capacity 7657K, committed 7936K, reserved 1048576K
}
Event: 1887,089 GC heap before
{Heap before GC invocations=61 (full 12):
 garbage-first heap   total 71680K, used 55146K [0x00000000c3800000, 0x0000000100000000)
  region size 1024K, 36 young (36864K), 0 survivors (0K)
 Metaspace       used 51565K, capacity 53694K, committed 54448K, reserved 1095680K
  class space    used 6981K, capacity 7659K, committed 7936K, reserved 1048576K
}
Event: 1887,096 GC heap after
{Heap after GC invocations=62 (full 12):
 garbage-first heap   total 71680K, used 21922K [0x00000000c3800000, 0x0000000100000000)
  region size 1024K, 3 young (3072K), 3 survivors (3072K)
 Metaspace       used 51565K, capacity 53694K, committed 54448K, reserved 1095680K
  class space    used 6981K, capacity 7659K, committed 7936K, reserved 1048576K
}
Event: 1887,103 GC heap before
{Heap before GC invocations=62 (full 12):
 garbage-first heap   total 71680K, used 54690K [0x00000000c3800000, 0x0000000100000000)
  region size 1024K, 36 young (36864K), 3 survivors (3072K)
 Metaspace       used 51565K, capacity 53694K, committed 54448K, reserved 1095680K
  class space    used 6981K, capacity 7659K, committed 7936K, reserved 1048576K
}
Event: 1887,109 GC heap after
{Heap after GC invocations=63 (full 12):
 garbage-first heap   total 71680K, used 21781K [0x00000000c3800000, 0x0000000100000000)
  region size 1024K, 3 young (3072K), 3 survivors (3072K)
 Metaspace       used 51565K, capacity 53694K, committed 54448K, reserved 1095680K
  class space    used 6981K, capacity 7659K, committed 7936K, reserved 1048576K
}
Event: 1899,943 GC heap before
{Heap before GC invocations=63 (full 12):
 garbage-first heap   total 71680K, used 53525K [0x00000000c3800000, 0x0000000100000000)
  region size 1024K, 36 young (36864K), 3 survivors (3072K)
 Metaspace       used 51618K, capacity 53793K, committed 54448K, reserved 1095680K
  class space    used 6989K, capacity 7671K, committed 7936K, reserved 1048576K
}
Event: 1900,004 GC heap after
{Heap after GC invocations=64 (full 13):
 garbage-first heap   total 71680K, used 19370K [0x00000000c3800000, 0x0000000100000000)
  region size 1024K, 0 young (0K), 0 survivors (0K)
 Metaspace       used 51615K, capacity 53787K, committed 54448K, reserved 1095680K
  class space    used 6989K, capacity 7669K, committed 7936K, reserved 1048576K
}
Event: 1900,209 GC heap before
{Heap before GC invocations=64 (full 13):
 garbage-first heap   total 71680K, used 54186K [0x00000000c3800000, 0x0000000100000000)
  region size 1024K, 35 young (35840K), 0 survivors (0K)
 Metaspace       used 51630K, capacity 53807K, committed 54448K, reserved 1095680K
  class space    used 6991K, capacity 7673K, committed 7936K, reserved 1048576K
}
Event: 1900,214 GC heap after
{Heap after GC invocations=65 (full 13):
 garbage-first heap   total 71680K, used 21874K [0x00000000c3800000, 0x0000000100000000)
  region size 1024K, 3 young (3072K), 3 survivors (3072K)
 Metaspace       used 51630K, capacity 53807K, committed 54448K, reserved 1095680K
  class space    used 6991K, capacity 7673K, committed 7936K, reserved 1048576K
}
Event: 1900,225 GC heap before
{Heap before GC invocations=65 (full 13):
 garbage-first heap   total 71680K, used 54642K [0x00000000c3800000, 0x0000000100000000)
  region size 1024K, 36 young (36864K), 3 survivors (3072K)
 Metaspace       used 51630K, capacity 53807K, committed 54448K, reserved 1095680K
  class space    used 6991K, capacity 7673K, committed 7936K, reserved 1048576K
}
Event: 1900,229 GC heap after
{Heap after GC invocations=66 (full 13):
 garbage-first heap   total 71680K, used 21862K [0x00000000c3800000, 0x0000000100000000)
  region size 1024K, 3 young (3072K), 3 survivors (3072K)
 Metaspace       used 51630K, capacity 53807K, committed 54448K, reserved 1095680K
  class space    used 6991K, capacity 7673K, committed 7936K, reserved 1048576K
}
Event: 1953,439 GC heap before
{Heap before GC invocations=66 (full 13):
 garbage-first heap   total 71680K, used 54630K [0x00000000c3800000, 0x0000000100000000)
  region size 1024K, 36 young (36864K), 3 survivors (3072K)
 Metaspace       used 51670K, capacity 53882K, committed 54448K, reserved 1095680K
  class space    used 6996K, capacity 7678K, committed 7936K, reserved 1048576K
}
Event: 1953,505 GC heap after
{Heap after GC invocations=67 (full 13):
 garbage-first heap   total 71680K, used 23241K [0x00000000c3800000, 0x0000000100000000)
  region size 1024K, 4 young (4096K), 4 survivors (4096K)
 Metaspace       used 51670K, capacity 53882K, committed 54448K, reserved 1095680K
  class space    used 6996K, capacity 7678K, committed 7936K, reserved 1048576K
}
Event: 1954,224 GC heap before
{Heap before GC invocations=67 (full 13):
 garbage-first heap   total 71680K, used 24265K [0x00000000c3800000, 0x0000000100000000)
  region size 1024K, 6 young (6144K), 4 survivors (4096K)
 Metaspace       used 51673K, capacity 53888K, committed 54448K, reserved 1095680K
  class space    used 6996K, capacity 7680K, committed 7936K, reserved 1048576K
}
Event: 1954,441 GC heap after
{Heap after GC invocations=68 (full 14):
 garbage-first heap   total 71680K, used 19138K [0x00000000c3800000, 0x0000000100000000)
  region size 1024K, 0 young (0K), 0 survivors (0K)
 Metaspace       used 51583K, capacity 53707K, committed 54448K, reserved 1095680K
  class space    used 6984K, capacity 7665K, committed 7936K, reserved 1048576K
}

Deoptimization events (6 events):
Event: 3,132 Thread 0x00007fc318002800 DEOPT PACKING pc=0x00007fc38d067f3c sp=0x00007fc359cc3910
Event: 3,132 Thread 0x00007fc318002800 DEOPT UNPACKING pc=0x00007fc38c8b164a sp=0x00007fc359cc2e48 mode 0
Event: 4,313 Thread 0x00007fc318002800 DEOPT PACKING pc=0x00007fc38d2396a5 sp=0x00007fc359cc7aa0
Event: 4,313 Thread 0x00007fc318002800 DEOPT UNPACKING pc=0x00007fc38c8b164a sp=0x00007fc359cc6fc8 mode 3
Event: 4,313 Thread 0x00007fc318002800 DEOPT PACKING pc=0x00007fc38d22d76e sp=0x00007fc359cc7a60
Event: 4,313 Thread 0x00007fc318002800 DEOPT UNPACKING pc=0x00007fc38c8b164a sp=0x00007fc359cc6fc8 mode 3

Classes redefined (0 events):
No events

Internal exceptions (20 events):
Event: 1887,038 Thread 0x00007fc308032800 Exception <a 'java/lang/NoClassDefFoundError'{0x00000000c5dbac38}: org/flywaydb/core/Flyway> (0x00000000c5dbac38) thrown at [src/hotspot/share/oops/constantPool.cpp, line 775]
Event: 1887,038 Thread 0x00007fc308032800 Exception <a 'java/lang/NoClassDefFoundError'{0x00000000c5dbaf60}: liquibase/integration/spring/SpringLiquibase> (0x00000000c5dbaf60) thrown at [src/hotspot/share/oops/constantPool.cpp, line 775]
Event: 1887,042 Thread 0x00007fc308032800 Exception <a 'java/lang/NoClassDefFoundError'{0x00000000c5c076c0}: org/jooq/DSLContext> (0x00000000c5c076c0) thrown at [src/hotspot/share/oops/constantPool.cpp, line 775]
Event: 1887,043 Thread 0x00007fc308032800 Exception <a 'java/lang/NoClassDefFoundError'{0x00000000c5c10da0}: org/springframework/batch/core/repository/JobRepository> (0x00000000c5c10da0) thrown at [src/hotspot/share/oops/constantPool.cpp, line 775]
Event: 1887,043 Thread 0x00007fc308032800 Exception <a 'java/lang/NoClassDefFoundError'{0x00000000c5c110d8}: org/quartz/Scheduler> (0x00000000c5c110d8) thrown at [src/hotspot/share/oops/constantPool.cpp, line 775]
Event: 1887,043 Thread 0x00007fc308032800 Exception <a 'java/lang/NoClassDefFoundError'{0x00000000c5c11410}: org/springframework/session/jdbc/JdbcIndexedSessionRepository> (0x00000000c5c11410) thrown at [src/hotspot/share/oops/constantPool.cpp, line 775]
Event: 1887,131 Thread 0x00007fc308032800 Exception <a 'java/io/FileNotFoundException'{0x00000000c7692b18}> (0x00000000c7692b18) thrown at [src/hotspot/share/prims/jni.cpp, line 615]
Event: 1887,158 Thread 0x00007fc308032800 Exception <a 'java/io/FileNotFoundException'{0x00000000c70b10e8}> (0x00000000c70b10e8) thrown at [src/hotspot/share/prims/jni.cpp, line 615]
Event: 1899,728 Thread 0x00007fc318016800 Exception <a 'java/lang/InterruptedException'{0x00000000c5b2c0c8}: sleep interrupted> (0x00000000c5b2c0c8) thrown at [src/hotspot/share/prims/jvm.cpp, line 3125]
Event: 1900,013 Thread 0x00007fc2fc2ae000 Exception <a 'java/io/FileNotFoundException'{0x00000000c7a307f0}> (0x00000000c7a307f0) thrown at [src/hotspot/share/prims/jni.cpp, line 615]
Event: 1900,181 Thread 0x00007fc2fc2ae000 Exception <a 'java/lang/NoClassDefFoundError'{0x00000000c5db75b0}: org/flywaydb/core/Flyway> (0x00000000c5db75b0) thrown at [src/hotspot/share/oops/constantPool.cpp, line 775]
Event: 1900,181 Thread 0x00007fc2fc2ae000 Exception <a 'java/lang/NoClassDefFoundError'{0x00000000c5db78d8}: liquibase/integration/spring/SpringLiquibase> (0x00000000c5db78d8) thrown at [src/hotspot/share/oops/constantPool.cpp, line 775]
Event: 1900,183 Thread 0x00007fc2fc2ae000 Exception <a 'java/lang/NoClassDefFoundError'{0x00000000c5c03ff0}: org/jooq/DSLContext> (0x00000000c5c03ff0) thrown at [src/hotspot/share/oops/constantPool.cpp, line 775]
Event: 1900,184 Thread 0x00007fc2fc2ae000 Exception <a 'java/lang/NoClassDefFoundError'{0x00000000c5c0d6d0}: org/springframework/batch/core/repository/JobRepository> (0x00000000c5c0d6d0) thrown at [src/hotspot/share/oops/constantPool.cpp, line 775]
Event: 1900,184 Thread 0x00007fc2fc2ae000 Exception <a 'java/lang/NoClassDefFoundError'{0x00000000c5c0da08}: org/quartz/Scheduler> (0x00000000c5c0da08) thrown at [src/hotspot/share/oops/constantPool.cpp, line 775]
Event: 1900,184 Thread 0x00007fc2fc2ae000 Exception <a 'java/lang/NoClassDefFoundError'{0x00000000c5c0dd40}: org/springframework/session/jdbc/JdbcIndexedSessionRepository> (0x00000000c5c0dd40) thrown at [src/hotspot/share/oops/constantPool.cpp, line 775]
Event: 1900,246 Thread 0x00007fc2fc2ae000 Exception <a 'java/io/FileNotFoundException'{0x00000000c75980e8}> (0x00000000c75980e8) thrown at [src/hotspot/share/prims/jni.cpp, line 615]
Event: 1900,271 Thread 0x00007fc2fc2ae000 Exception <a 'java/io/FileNotFoundException'{0x00000000c6fbb6c0}> (0x00000000c6fbb6c0) thrown at [src/hotspot/share/prims/jni.cpp, line 615]
Event: 1953,991 Thread 0x00007fc310017000 Exception <a 'java/lang/InterruptedException'{0x00000000c7a00040}: sleep interrupted> (0x00000000c7a00040) thrown at [src/hotspot/share/prims/jvm.cpp, line 3125]
Event: 1954,476 Thread 0x00007fc2fc2ab000 Exception <a 'java/io/FileNotFoundException'{0x00000000c7a62cf0}> (0x00000000c7a62cf0) thrown at [src/hotspot/share/prims/jni.cpp, line 615]

Events (20 events):
Event: 1954,721 loading class org/eclipse/jetty/webapp/WebAppContext
Event: 1954,721 loading class org/eclipse/jetty/webapp/WebAppContext done
Event: 1954,732 loading class freemarker/template/Configuration
Event: 1954,732 loading class freemarker/template/Configuration done
Event: 1954,732 loading class freemarker/template$Configuration
Event: 1954,732 loading class freemarker/template$Configuration done
Event: 1954,732 loading class com/samskivert/mustache/Template
Event: 1954,732 loading class com/samskivert/mustache/Template done
Event: 1954,733 loading class com/samskivert/mustache$Template
Event: 1954,733 loading class com/samskivert/mustache$Template done
Event: 1954,733 loading class groovy/text/TemplateEngine
Event: 1954,733 loading class groovy/text/TemplateEngine done
Event: 1954,733 loading class groovy/text$TemplateEngine
Event: 1954,733 loading class groovy/text$TemplateEngine done
Event: 1954,733 loading class org/apache/jasper/compiler/JspConfig
Event: 1954,733 loading class org/apache/jasper/compiler/JspConfig done
Event: 1954,733 loading class org/apache/jasper/compiler$JspConfig
Event: 1954,733 loading class org/apache/jasper/compiler$JspConfig done
Event: 1954,743 loading class io/r2dbc/spi/ConnectionFactory
Event: 1954,743 loading class io/r2dbc/spi/ConnectionFactory done


Dynamic libraries:
c3800000-c7c00000 rw-p 00000000 00:00 0 
c7c00000-ffe00000 ---p 00000000 00:00 0 
ffe00000-ffe47000 rw-p 0110b000 08:03 396799                             /usr/lib/jvm/java-11-openjdk-11.0.12.0.7-4.fc34.x86_64/lib/server/classes.jsa
ffe47000-fff00000 rw-p 00000000 00:00 0 
fff00000-fff6b000 rw-p 010a0000 08:03 396799                             /usr/lib/jvm/java-11-openjdk-11.0.12.0.7-4.fc34.x86_64/lib/server/classes.jsa
fff6b000-100000000 rw-p 00000000 00:00 0 
800000000-800002000 rwxp 00001000 08:03 396799                           /usr/lib/jvm/java-11-openjdk-11.0.12.0.7-4.fc34.x86_64/lib/server/classes.jsa
800002000-8003b7000 rw-p 00003000 08:03 396799                           /usr/lib/jvm/java-11-openjdk-11.0.12.0.7-4.fc34.x86_64/lib/server/classes.jsa
8003b7000-800a92000 r--p 003b8000 08:03 396799                           /usr/lib/jvm/java-11-openjdk-11.0.12.0.7-4.fc34.x86_64/lib/server/classes.jsa
800a92000-800a93000 rw-p 00a93000 08:03 396799                           /usr/lib/jvm/java-11-openjdk-11.0.12.0.7-4.fc34.x86_64/lib/server/classes.jsa
800a93000-80109f000 r--p 00a94000 08:03 396799                           /usr/lib/jvm/java-11-openjdk-11.0.12.0.7-4.fc34.x86_64/lib/server/classes.jsa
840000000-8407c0000 rw-p 00000000 00:00 0 
8407c0000-880000000 ---p 00000000 00:00 0 
55a679403000-55a679404000 r--p 00000000 08:03 269357                     /usr/lib/jvm/java-11-openjdk-11.0.12.0.7-4.fc34.x86_64/bin/java
55a679404000-55a679405000 r-xp 00001000 08:03 269357                     /usr/lib/jvm/java-11-openjdk-11.0.12.0.7-4.fc34.x86_64/bin/java
55a679405000-55a679406000 r--p 00002000 08:03 269357                     /usr/lib/jvm/java-11-openjdk-11.0.12.0.7-4.fc34.x86_64/bin/java
55a679406000-55a679407000 r--p 00002000 08:03 269357                     /usr/lib/jvm/java-11-openjdk-11.0.12.0.7-4.fc34.x86_64/bin/java
55a679407000-55a679408000 rw-p 00003000 08:03 269357                     /usr/lib/jvm/java-11-openjdk-11.0.12.0.7-4.fc34.x86_64/bin/java
55a67b305000-55a67b347000 rw-p 00000000 00:00 0                          [heap]
7fc2fc000000-7fc2fc43f000 rw-p 00000000 00:00 0 
7fc2fc43f000-7fc300000000 ---p 00000000 00:00 0 
7fc30150e000-7fc301ff2000 rw-p 00000000 00:00 0 
7fc301ff2000-7fc301ff6000 ---p 00000000 00:00 0 
7fc301ff6000-7fc3020f3000 rw-p 00000000 00:00 0 
7fc3020f3000-7fc3020f7000 ---p 00000000 00:00 0 
7fc3020f7000-7fc3021f4000 rw-p 00000000 00:00 0 
7fc3021f4000-7fc3021f8000 ---p 00000000 00:00 0 
7fc3021f8000-7fc302475000 rw-p 00000000 00:00 0 
7fc302475000-7fc3024f5000 ---p 00000000 00:00 0 
7fc3024f5000-7fc3026f5000 rw-p 00000000 00:00 0 
7fc3026f5000-7fc3028f5000 rw-p 00000000 00:00 0 
7fc3028f5000-7fc3028f9000 ---p 00000000 00:00 0 
7fc3028f9000-7fc3029f6000 rw-p 00000000 00:00 0 
7fc3029f6000-7fc3029fa000 ---p 00000000 00:00 0 
7fc3029fa000-7fc302af7000 rw-p 00000000 00:00 0 
7fc302af7000-7fc302afb000 ---p 00000000 00:00 0 
7fc302afb000-7fc302bf8000 rw-p 00000000 00:00 0 
7fc302bf8000-7fc302bfc000 ---p 00000000 00:00 0 
7fc302bfc000-7fc302cf9000 rw-p 00000000 00:00 0 
7fc302cf9000-7fc302cfd000 ---p 00000000 00:00 0 
7fc302cfd000-7fc302dfa000 rw-p 00000000 00:00 0 
7fc302dfa000-7fc302dfe000 ---p 00000000 00:00 0 
7fc302dfe000-7fc302efb000 rw-p 00000000 00:00 0 
7fc302efb000-7fc302eff000 ---p 00000000 00:00 0 
7fc302eff000-7fc302ffc000 rw-p 00000000 00:00 0 
7fc302ffc000-7fc303000000 ---p 00000000 00:00 0 
7fc303000000-7fc3030fd000 rw-p 00000000 00:00 0 
7fc3030fd000-7fc303101000 ---p 00000000 00:00 0 
7fc303101000-7fc3031fe000 rw-p 00000000 00:00 0 
7fc3031fe000-7fc303202000 ---p 00000000 00:00 0 
7fc303202000-7fc3032ff000 rw-p 00000000 00:00 0 
7fc3032ff000-7fc303303000 ---p 00000000 00:00 0 
7fc303303000-7fc303600000 rw-p 00000000 00:00 0 
7fc303600000-7fc303800000 rw-p 00000000 00:00 0 
7fc303800000-7fc303a00000 rw-p 00000000 00:00 0 
7fc303a00000-7fc303c00000 rw-p 00000000 00:00 0 
7fc303c00000-7fc303e00000 rw-p 00000000 00:00 0 
7fc303e00000-7fc304000000 rw-p 00000000 00:00 0 
7fc304000000-7fc30406a000 rw-p 00000000 00:00 0 
7fc30406a000-7fc308000000 ---p 00000000 00:00 0 
7fc308000000-7fc308268000 rw-p 00000000 00:00 0 
7fc308268000-7fc30c000000 ---p 00000000 00:00 0 
7fc30c000000-7fc30ce2a000 rw-p 00000000 00:00 0 
7fc30ce2a000-7fc310000000 ---p 00000000 00:00 0 
7fc310000000-7fc310055000 rw-p 00000000 00:00 0 
7fc310055000-7fc314000000 ---p 00000000 00:00 0 
7fc314000000-7fc314021000 rw-p 00000000 00:00 0 
7fc314021000-7fc318000000 ---p 00000000 00:00 0 
7fc318000000-7fc318095000 rw-p 00000000 00:00 0 
7fc318095000-7fc31c000000 ---p 00000000 00:00 0 
7fc31c000000-7fc31c021000 rw-p 00000000 00:00 0 
7fc31c021000-7fc320000000 ---p 00000000 00:00 0 
7fc320000000-7fc32003b000 rw-p 00000000 00:00 0 
7fc32003b000-7fc324000000 ---p 00000000 00:00 0 
7fc324000000-7fc324021000 rw-p 00000000 00:00 0 
7fc324021000-7fc328000000 ---p 00000000 00:00 0 
7fc328000000-7fc328023000 rw-p 00000000 00:00 0 
7fc328023000-7fc32c000000 ---p 00000000 00:00 0 
7fc32c000000-7fc32c021000 rw-p 00000000 00:00 0 
7fc32c021000-7fc330000000 ---p 00000000 00:00 0 
7fc330000000-7fc33006a000 rw-p 00000000 00:00 0 
7fc33006a000-7fc334000000 ---p 00000000 00:00 0 
7fc334000000-7fc334026000 rw-p 00000000 00:00 0 
7fc334026000-7fc338000000 ---p 00000000 00:00 0 
7fc338000000-7fc338021000 rw-p 00000000 00:00 0 
7fc338021000-7fc33c000000 ---p 00000000 00:00 0 
7fc33c000000-7fc33c021000 rw-p 00000000 00:00 0 
7fc33c021000-7fc340000000 ---p 00000000 00:00 0 
7fc340000000-7fc340021000 rw-p 00000000 00:00 0 
7fc340021000-7fc344000000 ---p 00000000 00:00 0 
7fc344000000-7fc344021000 rw-p 00000000 00:00 0 
7fc344021000-7fc348000000 ---p 00000000 00:00 0 
7fc348000000-7fc348021000 rw-p 00000000 00:00 0 
7fc348021000-7fc34c000000 ---p 00000000 00:00 0 
7fc34c000000-7fc34c021000 rw-p 00000000 00:00 0 
7fc34c021000-7fc350000000 ---p 00000000 00:00 0 
7fc350000000-7fc3504d4000 rw-p 00000000 00:00 0 
7fc3504d4000-7fc354000000 ---p 00000000 00:00 0 
7fc354000000-7fc354021000 rw-p 00000000 00:00 0 
7fc354021000-7fc358000000 ---p 00000000 00:00 0 
7fc358099000-7fc3580c1000 rw-p 00000000 00:00 0 
7fc3580c1000-7fc3580c5000 ---p 00000000 00:00 0 
7fc3580c5000-7fc3581c2000 rw-p 00000000 00:00 0 
7fc3581c2000-7fc3581c6000 ---p 00000000 00:00 0 
7fc3581c6000-7fc3582c3000 rw-p 00000000 00:00 0 
7fc3582c3000-7fc3582c7000 ---p 00000000 00:00 0 
7fc3582c7000-7fc3583c4000 rw-p 00000000 00:00 0 
7fc3583c4000-7fc3583c8000 ---p 00000000 00:00 0 
7fc3583c8000-7fc3586c5000 rw-p 00000000 00:00 0 
7fc3586c5000-7fc3588c5000 rw-p 00000000 00:00 0 
7fc3588c5000-7fc358ac5000 rw-p 00000000 00:00 0 
7fc358ac5000-7fc358cc5000 rw-p 00000000 00:00 0 
7fc358cc5000-7fc358ec5000 rw-p 00000000 00:00 0 
7fc358ec5000-7fc3590b1000 rw-p 00000000 00:00 0 
7fc3590b1000-7fc3590c5000 ---p 00000000 00:00 0 
7fc3590c5000-7fc3592c5000 rw-p 00000000 00:00 0 
7fc3592c5000-7fc3594c5000 rw-p 00000000 00:00 0 
7fc3594c5000-7fc3594c9000 ---p 00000000 00:00 0 
7fc3594c9000-7fc3597c6000 rw-p 00000000 00:00 0 
7fc3597c6000-7fc3599c6000 rw-p 00000000 00:00 0 
7fc3599c6000-7fc3599c7000 ---p 00000000 00:00 0 
7fc3599c7000-7fc359ac8000 rw-p 00000000 00:00 0 
7fc359ac8000-7fc359ac9000 ---p 00000000 00:00 0 
7fc359ac9000-7fc359bca000 rw-p 00000000 00:00 0 
7fc359bca000-7fc359bce000 ---p 00000000 00:00 0 
7fc359bce000-7fc359ccb000 rw-p 00000000 00:00 0 
7fc359ccb000-7fc359ccf000 ---p 00000000 00:00 0 
7fc359ccf000-7fc359dcc000 rw-p 00000000 00:00 0 
7fc359dcc000-7fc359dd0000 ---p 00000000 00:00 0 
7fc359dd0000-7fc359ecd000 rw-p 00000000 00:00 0 
7fc359ecd000-7fc359ed1000 ---p 00000000 00:00 0 
7fc359ed1000-7fc359fce000 rw-p 00000000 00:00 0 
7fc359fce000-7fc359fd2000 ---p 00000000 00:00 0 
7fc359fd2000-7fc35a0cf000 rw-p 00000000 00:00 0 
7fc35a0cf000-7fc35a0f0000 r--p 00000000 08:03 2099396                    /usr/share/locale/es/LC_MESSAGES/libc.mo
7fc35a0f0000-7fc35a0f4000 ---p 00000000 00:00 0 
7fc35a0f4000-7fc35a1f1000 rw-p 00000000 00:00 0 
7fc35a1f1000-7fc35a1f2000 ---p 00000000 00:00 0 
7fc35a1f2000-7fc35a2f3000 rw-p 00000000 00:00 0 
7fc35a2f3000-7fc35a2f4000 ---p 00000000 00:00 0 
7fc35a2f4000-7fc35a3f5000 rw-p 00000000 00:00 0 
7fc35a3f5000-7fc35a3f9000 ---p 00000000 00:00 0 
7fc35a3f9000-7fc35a4f6000 rw-p 00000000 00:00 0 
7fc35a4f6000-7fc35a4f7000 ---p 00000000 00:00 0 
7fc35a4f7000-7fc35a5f8000 rw-p 00000000 00:00 0 
7fc35a5f8000-7fc35a5fc000 ---p 00000000 00:00 0 
7fc35a5fc000-7fc35a6f9000 rw-p 00000000 00:00 0 
7fc35a6f9000-7fc35a6fd000 ---p 00000000 00:00 0 
7fc35a6fd000-7fc35a7fa000 rw-p 00000000 00:00 0 
7fc35a7fa000-7fc35a7fe000 ---p 00000000 00:00 0 
7fc35a7fe000-7fc35a8fb000 rw-p 00000000 00:00 0 
7fc35a8fb000-7fc35a8fd000 r--p 00000000 08:03 144778                     /usr/lib64/libpcre2-8.so.0.10.1
7fc35a8fd000-7fc35a968000 r-xp 00002000 08:03 144778                     /usr/lib64/libpcre2-8.so.0.10.1
7fc35a968000-7fc35a98f000 r--p 0006d000 08:03 144778                     /usr/lib64/libpcre2-8.so.0.10.1
7fc35a98f000-7fc35a990000 ---p 00094000 08:03 144778                     /usr/lib64/libpcre2-8.so.0.10.1
7fc35a990000-7fc35a991000 r--p 00094000 08:03 144778                     /usr/lib64/libpcre2-8.so.0.10.1
7fc35a991000-7fc35a992000 rw-p 00095000 08:03 144778                     /usr/lib64/libpcre2-8.so.0.10.1
7fc35a992000-7fc35a9ab000 r--p 00000000 08:03 148491                     /usr/lib64/libnss3.so
7fc35a9ab000-7fc35aa8c000 r-xp 00019000 08:03 148491                     /usr/lib64/libnss3.so
7fc35aa8c000-7fc35aac6000 r--p 000fa000 08:03 148491                     /usr/lib64/libnss3.so
7fc35aac6000-7fc35aac7000 ---p 00134000 08:03 148491                     /usr/lib64/libnss3.so
7fc35aac7000-7fc35aacc000 r--p 00134000 08:03 148491                     /usr/lib64/libnss3.so
7fc35aacc000-7fc35aacf000 rw-p 00139000 08:03 148491                     /usr/lib64/libnss3.so
7fc35aacf000-7fc35aad0000 rw-p 00000000 00:00 0 
7fc35aad0000-7fc368000000 r--p 00000000 08:03 131327                     /usr/lib/locale/locale-archive
7fc368000000-7fc368021000 rw-p 00000000 00:00 0 
7fc368021000-7fc36c000000 ---p 00000000 00:00 0 
7fc36c000000-7fc36c021000 rw-p 00000000 00:00 0 
7fc36c021000-7fc370000000 ---p 00000000 00:00 0 
7fc370000000-7fc370021000 rw-p 00000000 00:00 0 
7fc370021000-7fc374000000 ---p 00000000 00:00 0 
7fc374000000-7fc374c2d000 rw-p 00000000 00:00 0 
7fc374c2d000-7fc378000000 ---p 00000000 00:00 0 
7fc378000000-7fc378021000 rw-p 00000000 00:00 0 
7fc378021000-7fc37c000000 ---p 00000000 00:00 0 
7fc37c000000-7fc37c021000 rw-p 00000000 00:00 0 
7fc37c021000-7fc380000000 ---p 00000000 00:00 0 
7fc380000000-7fc380021000 rw-p 00000000 00:00 0 
7fc380021000-7fc384000000 ---p 00000000 00:00 0 
7fc384017000-7fc38401d000 r--p 00000000 08:03 144893                     /usr/lib64/libselinux.so.1
7fc38401d000-7fc384037000 r-xp 00006000 08:03 144893                     /usr/lib64/libselinux.so.1
7fc384037000-7fc38403e000 r--p 00020000 08:03 144893                     /usr/lib64/libselinux.so.1
7fc38403e000-7fc38403f000 ---p 00027000 08:03 144893                     /usr/lib64/libselinux.so.1
7fc38403f000-7fc384040000 r--p 00027000 08:03 144893                     /usr/lib64/libselinux.so.1
7fc384040000-7fc384041000 rw-p 00028000 08:03 144893                     /usr/lib64/libselinux.so.1
7fc384041000-7fc384043000 rw-p 00000000 00:00 0 
7fc384043000-7fc384047000 r--p 00000000 08:03 135970                     /usr/lib64/libnss_myhostname.so.2
7fc384047000-7fc384056000 r-xp 00004000 08:03 135970                     /usr/lib64/libnss_myhostname.so.2
7fc384056000-7fc38405f000 r--p 00013000 08:03 135970                     /usr/lib64/libnss_myhostname.so.2
7fc38405f000-7fc384060000 ---p 0001c000 08:03 135970                     /usr/lib64/libnss_myhostname.so.2
7fc384060000-7fc384064000 r--p 0001c000 08:03 135970                     /usr/lib64/libnss_myhostname.so.2
7fc384064000-7fc384065000 rw-p 00020000 08:03 135970                     /usr/lib64/libnss_myhostname.so.2
7fc384065000-7fc384068000 r--p 00000000 08:03 144713                     /usr/lib64/libnss_files-2.33.so
7fc384068000-7fc38406f000 r-xp 00003000 08:03 144713                     /usr/lib64/libnss_files-2.33.so
7fc38406f000-7fc384071000 r--p 0000a000 08:03 144713                     /usr/lib64/libnss_files-2.33.so
7fc384071000-7fc384072000 r--p 0000b000 08:03 144713                     /usr/lib64/libnss_files-2.33.so
7fc384072000-7fc384079000 rw-p 00000000 00:00 0 
7fc384094000-7fc3840a0000 r--p 00000000 08:03 146487                     /usr/lib64/libnspr4.so
7fc3840a0000-7fc3840c5000 r-xp 0000c000 08:03 146487                     /usr/lib64/libnspr4.so
7fc3840c5000-7fc3840d2000 r--p 00031000 08:03 146487                     /usr/lib64/libnspr4.so
7fc3840d2000-7fc3840d3000 r--p 0003d000 08:03 146487                     /usr/lib64/libnspr4.so
7fc3840d3000-7fc3840d5000 rw-p 0003e000 08:03 146487                     /usr/lib64/libnspr4.so
7fc3840d5000-7fc3840d7000 rw-p 00000000 00:00 0 
7fc3840d7000-7fc3840db000 ---p 00000000 00:00 0 
7fc3840db000-7fc3841d8000 rw-p 00000000 00:00 0 
7fc3841d8000-7fc3841dc000 ---p 00000000 00:00 0 
7fc3841dc000-7fc3842d9000 rw-p 00000000 00:00 0 
7fc3842d9000-7fc3842dd000 ---p 00000000 00:00 0 
7fc3842dd000-7fc3843da000 rw-p 00000000 00:00 0 
7fc3843da000-7fc3843de000 ---p 00000000 00:00 0 
7fc3843de000-7fc3844db000 rw-p 00000000 00:00 0 
7fc3844db000-7fc3844df000 ---p 00000000 00:00 0 
7fc3844df000-7fc3845dc000 rw-p 00000000 00:00 0 
7fc3845dc000-7fc3845e0000 ---p 00000000 00:00 0 
7fc3845e0000-7fc3846dd000 rw-p 00000000 00:00 0 
7fc3846dd000-7fc3846e1000 ---p 00000000 00:00 0 
7fc3846e1000-7fc3847de000 rw-p 00000000 00:00 0 
7fc3847de000-7fc3847df000 ---p 00000000 00:00 0 
7fc3847df000-7fc3871f0000 rw-p 00000000 00:00 0 
7fc3871f0000-7fc387ff8000 ---p 00000000 00:00 0 
7fc387ff8000-7fc388000000 rw-p 00000000 00:00 0 
7fc388000000-7fc38805f000 rw-p 00000000 00:00 0 
7fc38805f000-7fc38c000000 ---p 00000000 00:00 0 
7fc38c002000-7fc38c00f000 r--p 00000000 08:03 146489                     /usr/lib64/libnssutil3.so
7fc38c00f000-7fc38c021000 r-xp 0000d000 08:03 146489                     /usr/lib64/libnssutil3.so
7fc38c021000-7fc38c02d000 r--p 0001f000 08:03 146489                     /usr/lib64/libnssutil3.so
7fc38c02d000-7fc38c034000 r--p 0002a000 08:03 146489                     /usr/lib64/libnssutil3.so
7fc38c034000-7fc38c035000 rw-p 00031000 08:03 146489                     /usr/lib64/libnssutil3.so
7fc38c040000-7fc38c047000 r--s 00000000 08:03 659224                     /usr/lib64/gconv/gconv-modules.cache
7fc38c047000-7fc38c049000 r--p 00000000 08:03 396777                     /usr/lib/jvm/java-11-openjdk-11.0.12.0.7-4.fc34.x86_64/lib/libmanagement_ext.so
7fc38c049000-7fc38c04c000 r-xp 00002000 08:03 396777                     /usr/lib/jvm/java-11-openjdk-11.0.12.0.7-4.fc34.x86_64/lib/libmanagement_ext.so
7fc38c04c000-7fc38c04d000 r--p 00005000 08:03 396777                     /usr/lib/jvm/java-11-openjdk-11.0.12.0.7-4.fc34.x86_64/lib/libmanagement_ext.so
7fc38c04d000-7fc38c04e000 ---p 00006000 08:03 396777                     /usr/lib/jvm/java-11-openjdk-11.0.12.0.7-4.fc34.x86_64/lib/libmanagement_ext.so
7fc38c04e000-7fc38c04f000 r--p 00006000 08:03 396777                     /usr/lib/jvm/java-11-openjdk-11.0.12.0.7-4.fc34.x86_64/lib/libmanagement_ext.so
7fc38c04f000-7fc38c15d000 rw-p 00000000 00:00 0 
7fc38c15d000-7fc38c15e000 ---p 00000000 00:00 0 
7fc38c15e000-7fc38c25f000 rw-p 00000000 00:00 0 
7fc38c25f000-7fc38c260000 ---p 00000000 00:00 0 
7fc38c260000-7fc38c765000 rw-p 00000000 00:00 0 
7fc38c765000-7fc38c766000 ---p 00000000 00:00 0 
7fc38c766000-7fc38c867000 rw-p 00000000 00:00 0 
7fc38c867000-7fc38cad7000 rwxp 00000000 00:00 0 
7fc38cad7000-7fc38cf0e000 ---p 00000000 00:00 0 
7fc38cf0e000-7fc38dbce000 rwxp 00000000 00:00 0 
7fc38dbce000-7fc39b867000 ---p 00000000 00:00 0 
7fc39b867000-7fc3a4000000 r--s 00000000 08:03 396790                     /usr/lib/jvm/java-11-openjdk-11.0.12.0.7-4.fc34.x86_64/lib/modules
7fc3a4000000-7fc3a46d7000 rw-p 00000000 00:00 0 
7fc3a46d7000-7fc3a8000000 ---p 00000000 00:00 0 
7fc3a8003000-7fc3a8004000 r--p 00000000 08:03 396761                     /usr/lib/jvm/java-11-openjdk-11.0.12.0.7-4.fc34.x86_64/lib/libextnet.so
7fc3a8004000-7fc3a8005000 r-xp 00001000 08:03 396761                     /usr/lib/jvm/java-11-openjdk-11.0.12.0.7-4.fc34.x86_64/lib/libextnet.so
7fc3a8005000-7fc3a8006000 r--p 00002000 08:03 396761                     /usr/lib/jvm/java-11-openjdk-11.0.12.0.7-4.fc34.x86_64/lib/libextnet.so
7fc3a8006000-7fc3a8007000 r--p 00002000 08:03 396761                     /usr/lib/jvm/java-11-openjdk-11.0.12.0.7-4.fc34.x86_64/lib/libextnet.so
7fc3a8007000-7fc3a8008000 rw-p 00000000 00:00 0 
7fc3a8008000-7fc3a8009000 r--p 00000000 08:03 138358                     /usr/lib64/libplds4.so
7fc3a8009000-7fc3a800a000 r-xp 00001000 08:03 138358                     /usr/lib64/libplds4.so
7fc3a800a000-7fc3a800b000 r--p 00002000 08:03 138358                     /usr/lib64/libplds4.so
7fc3a800b000-7fc3a800c000 r--p 00002000 08:03 138358                     /usr/lib64/libplds4.so
7fc3a800c000-7fc3a800d000 rw-p 00003000 08:03 138358                     /usr/lib64/libplds4.so
7fc3a800d000-7fc3a800f000 r--p 00000000 08:03 146488                     /usr/lib64/libplc4.so
7fc3a800f000-7fc3a8011000 r-xp 00002000 08:03 146488                     /usr/lib64/libplc4.so
7fc3a8011000-7fc3a8012000 r--p 00004000 08:03 146488                     /usr/lib64/libplc4.so
7fc3a8012000-7fc3a8013000 r--p 00004000 08:03 146488                     /usr/lib64/libplc4.so
7fc3a8013000-7fc3a8014000 rw-p 00005000 08:03 146488                     /usr/lib64/libplc4.so
7fc3a8014000-7fc3a8015000 r--p 00000000 08:03 396786                     /usr/lib/jvm/java-11-openjdk-11.0.12.0.7-4.fc34.x86_64/lib/libsystemconf.so
7fc3a8015000-7fc3a8016000 r-xp 00001000 08:03 396786                     /usr/lib/jvm/java-11-openjdk-11.0.12.0.7-4.fc34.x86_64/lib/libsystemconf.so
7fc3a8016000-7fc3a8017000 r--p 00002000 08:03 396786                     /usr/lib/jvm/java-11-openjdk-11.0.12.0.7-4.fc34.x86_64/lib/libsystemconf.so
7fc3a8017000-7fc3a8018000 r--p 00002000 08:03 396786                     /usr/lib/jvm/java-11-openjdk-11.0.12.0.7-4.fc34.x86_64/lib/libsystemconf.so
7fc3a8018000-7fc3a8019000 rw-p 00000000 00:00 0 
7fc3a8019000-7fc3a801d000 r--p 00000000 08:03 396779                     /usr/lib/jvm/java-11-openjdk-11.0.12.0.7-4.fc34.x86_64/lib/libnet.so
7fc3a801d000-7fc3a802e000 r-xp 00004000 08:03 396779                     /usr/lib/jvm/java-11-openjdk-11.0.12.0.7-4.fc34.x86_64/lib/libnet.so
7fc3a802e000-7fc3a8032000 r--p 00015000 08:03 396779                     /usr/lib/jvm/java-11-openjdk-11.0.12.0.7-4.fc34.x86_64/lib/libnet.so
7fc3a8032000-7fc3a8033000 r--p 00018000 08:03 396779                     /usr/lib/jvm/java-11-openjdk-11.0.12.0.7-4.fc34.x86_64/lib/libnet.so
7fc3a8033000-7fc3a8034000 rw-p 00019000 08:03 396779                     /usr/lib/jvm/java-11-openjdk-11.0.12.0.7-4.fc34.x86_64/lib/libnet.so
7fc3a8034000-7fc3a803b000 r--p 00000000 08:03 396780                     /usr/lib/jvm/java-11-openjdk-11.0.12.0.7-4.fc34.x86_64/lib/libnio.so
7fc3a803b000-7fc3a8043000 r-xp 00007000 08:03 396780                     /usr/lib/jvm/java-11-openjdk-11.0.12.0.7-4.fc34.x86_64/lib/libnio.so
7fc3a8043000-7fc3a8046000 r--p 0000f000 08:03 396780                     /usr/lib/jvm/java-11-openjdk-11.0.12.0.7-4.fc34.x86_64/lib/libnio.so
7fc3a8046000-7fc3a8047000 r--p 00011000 08:03 396780                     /usr/lib/jvm/java-11-openjdk-11.0.12.0.7-4.fc34.x86_64/lib/libnio.so
7fc3a8047000-7fc3a8048000 rw-p 00012000 08:03 396780                     /usr/lib/jvm/java-11-openjdk-11.0.12.0.7-4.fc34.x86_64/lib/libnio.so
7fc3a8048000-7fc3a80b2000 rw-p 00000000 00:00 0 
7fc3a80b2000-7fc3a80b3000 ---p 00000000 00:00 0 
7fc3a80b3000-7fc3a82e5000 rw-p 00000000 00:00 0 
7fc3a82e5000-7fc3a90ed000 ---p 00000000 00:00 0 
7fc3a90ed000-7fc3a9117000 rw-p 00000000 00:00 0 
7fc3a9117000-7fc3a92d8000 ---p 00000000 00:00 0 
7fc3a92d8000-7fc3a92fb000 rw-p 00000000 00:00 0 
7fc3a92fb000-7fc3a94bc000 ---p 00000000 00:00 0 
7fc3a94bc000-7fc3a94df000 rw-p 00000000 00:00 0 
7fc3a94df000-7fc3a96a0000 ---p 00000000 00:00 0 
7fc3a96a0000-7fc3a9aa5000 rw-p 00000000 00:00 0 
7fc3a9aa5000-7fc3a9aa6000 ---p 00000000 00:00 0 
7fc3a9aa6000-7fc3a9bc1000 rw-p 00000000 00:00 0 
7fc3a9bc1000-7fc3a9d7a000 ---p 00000000 00:00 0 
7fc3a9d7a000-7fc3a9d7f000 rw-p 00000000 00:00 0 
7fc3a9d7f000-7fc3a9d88000 ---p 00000000 00:00 0 
7fc3a9d88000-7fc3aa65c000 r--s 00000000 08:03 6947074                    /var/lib/sss/mc/passwd
7fc3aa65c000-7fc3aa65e000 r--p 00000000 08:03 142853                     /usr/lib64/libnss_sss.so.2
7fc3aa65e000-7fc3aa665000 r-xp 00002000 08:03 142853                     /usr/lib64/libnss_sss.so.2
7fc3aa665000-7fc3aa667000 r--p 00009000 08:03 142853                     /usr/lib64/libnss_sss.so.2
7fc3aa667000-7fc3aa668000 r--p 0000a000 08:03 142853                     /usr/lib64/libnss_sss.so.2
7fc3aa668000-7fc3aa669000 rw-p 0000b000 08:03 142853                     /usr/lib64/libnss_sss.so.2
7fc3aa66b000-7fc3aa66e000 r--p 00000000 08:03 396775                     /usr/lib/jvm/java-11-openjdk-11.0.12.0.7-4.fc34.x86_64/lib/libmanagement.so
7fc3aa66e000-7fc3aa66f000 r-xp 00003000 08:03 396775                     /usr/lib/jvm/java-11-openjdk-11.0.12.0.7-4.fc34.x86_64/lib/libmanagement.so
7fc3aa66f000-7fc3aa670000 r--p 00004000 08:03 396775                     /usr/lib/jvm/java-11-openjdk-11.0.12.0.7-4.fc34.x86_64/lib/libmanagement.so
7fc3aa670000-7fc3aa671000 r--p 00004000 08:03 396775                     /usr/lib/jvm/java-11-openjdk-11.0.12.0.7-4.fc34.x86_64/lib/libmanagement.so
7fc3aa671000-7fc3aa672000 rw-p 00000000 00:00 0 
7fc3aa672000-7fc3aa674000 r--p 00000000 08:03 396789                     /usr/lib/jvm/java-11-openjdk-11.0.12.0.7-4.fc34.x86_64/lib/libzip.so
7fc3aa674000-7fc3aa678000 r-xp 00002000 08:03 396789                     /usr/lib/jvm/java-11-openjdk-11.0.12.0.7-4.fc34.x86_64/lib/libzip.so
7fc3aa678000-7fc3aa67a000 r--p 00006000 08:03 396789                     /usr/lib/jvm/java-11-openjdk-11.0.12.0.7-4.fc34.x86_64/lib/libzip.so
7fc3aa67a000-7fc3aa67b000 r--p 00007000 08:03 396789                     /usr/lib/jvm/java-11-openjdk-11.0.12.0.7-4.fc34.x86_64/lib/libzip.so
7fc3aa67b000-7fc3aa67c000 rw-p 00000000 00:00 0 
7fc3aa67c000-7fc3aa684000 rw-s 00000000 00:23 569                        /tmp/hsperfdata_joel/51140
7fc3aa684000-7fc3aa685000 ---p 00000000 00:00 0 
7fc3aa685000-7fc3aa686000 r--p 00000000 00:00 0 
7fc3aa686000-7fc3aa694000 r--p 00000000 08:03 396768                     /usr/lib/jvm/java-11-openjdk-11.0.12.0.7-4.fc34.x86_64/lib/libjava.so
7fc3aa694000-7fc3aa6ab000 r-xp 0000e000 08:03 396768                     /usr/lib/jvm/java-11-openjdk-11.0.12.0.7-4.fc34.x86_64/lib/libjava.so
7fc3aa6ab000-7fc3aa6b1000 r--p 00025000 08:03 396768                     /usr/lib/jvm/java-11-openjdk-11.0.12.0.7-4.fc34.x86_64/lib/libjava.so
7fc3aa6b1000-7fc3aa6b2000 ---p 0002b000 08:03 396768                     /usr/lib/jvm/java-11-openjdk-11.0.12.0.7-4.fc34.x86_64/lib/libjava.so
7fc3aa6b2000-7fc3aa6b3000 r--p 0002b000 08:03 396768                     /usr/lib/jvm/java-11-openjdk-11.0.12.0.7-4.fc34.x86_64/lib/libjava.so
7fc3aa6b3000-7fc3aa6b4000 rw-p 0002c000 08:03 396768                     /usr/lib/jvm/java-11-openjdk-11.0.12.0.7-4.fc34.x86_64/lib/libjava.so
7fc3aa6b4000-7fc3aa6b5000 rw-p 00000000 00:00 0 
7fc3aa6b5000-7fc3aa6b8000 r--p 00000000 08:03 146073                     /usr/lib64/librt-2.33.so
7fc3aa6b8000-7fc3aa6bc000 r-xp 00003000 08:03 146073                     /usr/lib64/librt-2.33.so
7fc3aa6bc000-7fc3aa6be000 r--p 00007000 08:03 146073                     /usr/lib64/librt-2.33.so
7fc3aa6be000-7fc3aa6bf000 r--p 00008000 08:03 146073                     /usr/lib64/librt-2.33.so
7fc3aa6bf000-7fc3aa6c0000 rw-p 00009000 08:03 146073                     /usr/lib64/librt-2.33.so
7fc3aa6c0000-7fc3aa6c4000 ---p 00000000 00:00 0 
7fc3aa6c4000-7fc3aa7c1000 rw-p 00000000 00:00 0 
7fc3aa7c1000-7fc3aa7c4000 r--p 00000000 08:03 131227                     /usr/lib64/libgcc_s-11-20210728.so.1
7fc3aa7c4000-7fc3aa7d6000 r-xp 00003000 08:03 131227                     /usr/lib64/libgcc_s-11-20210728.so.1
7fc3aa7d6000-7fc3aa7d9000 r--p 00015000 08:03 131227                     /usr/lib64/libgcc_s-11-20210728.so.1
7fc3aa7d9000-7fc3aa7da000 ---p 00018000 08:03 131227                     /usr/lib64/libgcc_s-11-20210728.so.1
7fc3aa7da000-7fc3aa7db000 r--p 00018000 08:03 131227                     /usr/lib64/libgcc_s-11-20210728.so.1
7fc3aa7db000-7fc3aa7dc000 rw-p 00019000 08:03 131227                     /usr/lib64/libgcc_s-11-20210728.so.1
7fc3aa7dc000-7fc3aa7eb000 r--p 00000000 08:03 146069                     /usr/lib64/libm-2.33.so
7fc3aa7eb000-7fc3aa885000 r-xp 0000f000 08:03 146069                     /usr/lib64/libm-2.33.so
7fc3aa885000-7fc3aa91d000 r--p 000a9000 08:03 146069                     /usr/lib64/libm-2.33.so
7fc3aa91d000-7fc3aa91e000 ---p 00141000 08:03 146069                     /usr/lib64/libm-2.33.so
7fc3aa91e000-7fc3aa91f000 r--p 00141000 08:03 146069                     /usr/lib64/libm-2.33.so
7fc3aa91f000-7fc3aa920000 rw-p 00142000 08:03 146069                     /usr/lib64/libm-2.33.so
7fc3aa920000-7fc3aa9b9000 r--p 00000000 08:03 132004                     /usr/lib64/libstdc++.so.6.0.29
7fc3aa9b9000-7fc3aaabb000 r-xp 00099000 08:03 132004                     /usr/lib64/libstdc++.so.6.0.29
7fc3aaabb000-7fc3aab2e000 r--p 0019b000 08:03 132004                     /usr/lib64/libstdc++.so.6.0.29
7fc3aab2e000-7fc3aab39000 r--p 0020d000 08:03 132004                     /usr/lib64/libstdc++.so.6.0.29
7fc3aab39000-7fc3aab3c000 rw-p 00218000 08:03 132004                     /usr/lib64/libstdc++.so.6.0.29
7fc3aab3c000-7fc3aab3f000 rw-p 00000000 00:00 0 
7fc3aab3f000-7fc3aadc2000 r--p 00000000 08:03 396797                     /usr/lib/jvm/java-11-openjdk-11.0.12.0.7-4.fc34.x86_64/lib/server/libjvm.so
7fc3aadc2000-7fc3abac8000 r-xp 00283000 08:03 396797                     /usr/lib/jvm/java-11-openjdk-11.0.12.0.7-4.fc34.x86_64/lib/server/libjvm.so
7fc3abac8000-7fc3abd21000 r--p 00f89000 08:03 396797                     /usr/lib/jvm/java-11-openjdk-11.0.12.0.7-4.fc34.x86_64/lib/server/libjvm.so
7fc3abd21000-7fc3abd22000 ---p 011e2000 08:03 396797                     /usr/lib/jvm/java-11-openjdk-11.0.12.0.7-4.fc34.x86_64/lib/server/libjvm.so
7fc3abd22000-7fc3abde6000 r--p 011e2000 08:03 396797                     /usr/lib/jvm/java-11-openjdk-11.0.12.0.7-4.fc34.x86_64/lib/server/libjvm.so
7fc3abde6000-7fc3abe21000 rw-p 012a6000 08:03 396797                     /usr/lib/jvm/java-11-openjdk-11.0.12.0.7-4.fc34.x86_64/lib/server/libjvm.so
7fc3abe21000-7fc3abe7a000 rw-p 00000000 00:00 0 
7fc3abe7a000-7fc3abe81000 r--p 00000000 08:03 146071                     /usr/lib64/libpthread-2.33.so
7fc3abe81000-7fc3abe90000 r-xp 00007000 08:03 146071                     /usr/lib64/libpthread-2.33.so
7fc3abe90000-7fc3abe94000 r--p 00016000 08:03 146071                     /usr/lib64/libpthread-2.33.so
7fc3abe94000-7fc3abe95000 ---p 0001a000 08:03 146071                     /usr/lib64/libpthread-2.33.so
7fc3abe95000-7fc3abe96000 r--p 0001a000 08:03 146071                     /usr/lib64/libpthread-2.33.so
7fc3abe96000-7fc3abe97000 rw-p 0001b000 08:03 146071                     /usr/lib64/libpthread-2.33.so
7fc3abe97000-7fc3abe9b000 rw-p 00000000 00:00 0 
7fc3abe9b000-7fc3abe9d000 r--p 00000000 08:03 146068                     /usr/lib64/libdl-2.33.so
7fc3abe9d000-7fc3abe9f000 r-xp 00002000 08:03 146068                     /usr/lib64/libdl-2.33.so
7fc3abe9f000-7fc3abea0000 r--p 00004000 08:03 146068                     /usr/lib64/libdl-2.33.so
7fc3abea0000-7fc3abea1000 r--p 00004000 08:03 146068                     /usr/lib64/libdl-2.33.so
7fc3abea1000-7fc3abea2000 rw-p 00000000 00:00 0 
7fc3abea2000-7fc3abea5000 r--p 00000000 08:03 145166                     /usr/lib64/libz.so.1.2.11
7fc3abea5000-7fc3abeb3000 r-xp 00003000 08:03 145166                     /usr/lib64/libz.so.1.2.11
7fc3abeb3000-7fc3abeb9000 r--p 00011000 08:03 145166                     /usr/lib64/libz.so.1.2.11
7fc3abeb9000-7fc3abeba000 ---p 00017000 08:03 145166                     /usr/lib64/libz.so.1.2.11
7fc3abeba000-7fc3abebb000 r--p 00017000 08:03 145166                     /usr/lib64/libz.so.1.2.11
7fc3abebb000-7fc3abebc000 rw-p 00000000 00:00 0 
7fc3abebc000-7fc3abee2000 r--p 00000000 08:03 144102                     /usr/lib64/libc-2.33.so
7fc3abee2000-7fc3ac02f000 r-xp 00026000 08:03 144102                     /usr/lib64/libc-2.33.so
7fc3ac02f000-7fc3ac07b000 r--p 00173000 08:03 144102                     /usr/lib64/libc-2.33.so
7fc3ac07b000-7fc3ac07c000 ---p 001bf000 08:03 144102                     /usr/lib64/libc-2.33.so
7fc3ac07c000-7fc3ac07f000 r--p 001bf000 08:03 144102                     /usr/lib64/libc-2.33.so
7fc3ac07f000-7fc3ac082000 rw-p 001c2000 08:03 144102                     /usr/lib64/libc-2.33.so
7fc3ac082000-7fc3ac08b000 rw-p 00000000 00:00 0 
7fc3ac08c000-7fc3ac08e000 r--p 00000000 08:03 396771                     /usr/lib/jvm/java-11-openjdk-11.0.12.0.7-4.fc34.x86_64/lib/libjimage.so
7fc3ac08e000-7fc3ac091000 r-xp 00002000 08:03 396771                     /usr/lib/jvm/java-11-openjdk-11.0.12.0.7-4.fc34.x86_64/lib/libjimage.so
7fc3ac091000-7fc3ac092000 r--p 00005000 08:03 396771                     /usr/lib/jvm/java-11-openjdk-11.0.12.0.7-4.fc34.x86_64/lib/libjimage.so
7fc3ac092000-7fc3ac093000 ---p 00006000 08:03 396771                     /usr/lib/jvm/java-11-openjdk-11.0.12.0.7-4.fc34.x86_64/lib/libjimage.so
7fc3ac093000-7fc3ac094000 r--p 00006000 08:03 396771                     /usr/lib/jvm/java-11-openjdk-11.0.12.0.7-4.fc34.x86_64/lib/libjimage.so
7fc3ac094000-7fc3ac095000 rw-p 00007000 08:03 396771                     /usr/lib/jvm/java-11-openjdk-11.0.12.0.7-4.fc34.x86_64/lib/libjimage.so
7fc3ac095000-7fc3ac09a000 r--p 00000000 08:03 396788                     /usr/lib/jvm/java-11-openjdk-11.0.12.0.7-4.fc34.x86_64/lib/libverify.so
7fc3ac09a000-7fc3ac0a1000 r-xp 00005000 08:03 396788                     /usr/lib/jvm/java-11-openjdk-11.0.12.0.7-4.fc34.x86_64/lib/libverify.so
7fc3ac0a1000-7fc3ac0a3000 r--p 0000c000 08:03 396788                     /usr/lib/jvm/java-11-openjdk-11.0.12.0.7-4.fc34.x86_64/lib/libverify.so
7fc3ac0a3000-7fc3ac0a5000 r--p 0000d000 08:03 396788                     /usr/lib/jvm/java-11-openjdk-11.0.12.0.7-4.fc34.x86_64/lib/libverify.so
7fc3ac0a5000-7fc3ac0a6000 rw-p 00000000 00:00 0 
7fc3ac0a6000-7fc3ac0a9000 r--p 00000000 08:03 396753                     /usr/lib/jvm/java-11-openjdk-11.0.12.0.7-4.fc34.x86_64/lib/jli/libjli.so
7fc3ac0a9000-7fc3ac0b3000 r-xp 00003000 08:03 396753                     /usr/lib/jvm/java-11-openjdk-11.0.12.0.7-4.fc34.x86_64/lib/jli/libjli.so
7fc3ac0b3000-7fc3ac0b6000 r--p 0000d000 08:03 396753                     /usr/lib/jvm/java-11-openjdk-11.0.12.0.7-4.fc34.x86_64/lib/jli/libjli.so
7fc3ac0b6000-7fc3ac0b7000 ---p 00010000 08:03 396753                     /usr/lib/jvm/java-11-openjdk-11.0.12.0.7-4.fc34.x86_64/lib/jli/libjli.so
7fc3ac0b7000-7fc3ac0b8000 r--p 00010000 08:03 396753                     /usr/lib/jvm/java-11-openjdk-11.0.12.0.7-4.fc34.x86_64/lib/jli/libjli.so
7fc3ac0b8000-7fc3ac0b9000 rw-p 00011000 08:03 396753                     /usr/lib/jvm/java-11-openjdk-11.0.12.0.7-4.fc34.x86_64/lib/jli/libjli.so
7fc3ac0b9000-7fc3ac0bb000 rw-p 00000000 00:00 0 
7fc3ac0bb000-7fc3ac0bc000 r--p 00000000 08:03 146066                     /usr/lib64/ld-2.33.so
7fc3ac0bc000-7fc3ac0e1000 r-xp 00001000 08:03 146066                     /usr/lib64/ld-2.33.so
7fc3ac0e1000-7fc3ac0eb000 r--p 00026000 08:03 146066                     /usr/lib64/ld-2.33.so
7fc3ac0eb000-7fc3ac0ed000 r--p 0002f000 08:03 146066                     /usr/lib64/ld-2.33.so
7fc3ac0ed000-7fc3ac0ef000 rw-p 00031000 08:03 146066                     /usr/lib64/ld-2.33.so
7ffec1cc3000-7ffec1ce6000 rw-p 00000000 00:00 0                          [stack]
7ffec1db4000-7ffec1db8000 r--p 00000000 00:00 0                          [vvar]
7ffec1db8000-7ffec1dba000 r-xp 00000000 00:00 0                          [vdso]
ffffffffff600000-ffffffffff601000 r-xp 00000000 00:00 0                  [vsyscall]


VM Arguments:
jvm_args: -Dcom.sun.management.jmxremote -Dcom.sun.management.jmxremote.port=40795 -Dcom.sun.management.jmxremote.authenticate=false -Dcom.sun.management.jmxremote.ssl=false -Djava.rmi.server.hostname=localhost -Dspring.jmx.enabled=true -Dspring.application.admin.enabled=true -Djava.security.egd=file:/dev/./urandom -XX:TieredStopAtLevel=1 -Dspring.boot.project.name=Mot13_SimpleHttpService -Dfile.encoding=UTF-8 
java_command: com.ascii274.practica.Mot13SimpleHttpServiceApplication
java_class_path (initial): /home/joel/Programacion/Java_ItAcademy/It_Academy_Mod_8_en_Adelante/MOd_13_CRUD_Spring/Mot13_SimpleHttpService/target/classes:/home/joel/.m2/repository/org/springframework/boot/spring-boot-starter-data-jpa/2.5.5/spring-boot-starter-data-jpa-2.5.5.jar:/home/joel/.m2/repository/org/springframework/boot/spring-boot-starter-aop/2.5.5/spring-boot-starter-aop-2.5.5.jar:/home/joel/.m2/repository/org/springframework/spring-aop/5.3.10/spring-aop-5.3.10.jar:/home/joel/.m2/repository/org/aspectj/aspectjweaver/1.9.7/aspectjweaver-1.9.7.jar:/home/joel/.m2/repository/org/springframework/boot/spring-boot-starter-jdbc/2.5.5/spring-boot-starter-jdbc-2.5.5.jar:/home/joel/.m2/repository/com/zaxxer/HikariCP/4.0.3/HikariCP-4.0.3.jar:/home/joel/.m2/repository/org/springframework/spring-jdbc/5.3.10/spring-jdbc-5.3.10.jar:/home/joel/.m2/repository/jakarta/transaction/jakarta.transaction-api/1.3.3/jakarta.transaction-api-1.3.3.jar:/home/joel/.m2/repository/jakarta/persistence/jakarta.persistence-api/2.2.3/jakarta.persistence-api-2.2.3.jar:/home/joel/.m2/repository/org/hibernate/hibernate-core/5.4.32.Final/hibernate-core-5.4.32.Final.jar:/home/joel/.m2/repository/org/jboss/logging/jboss-logging/3.4.2.Final/jboss-logging-3.4.2.Final.jar:/home/joel/.m2/repository/org/javassist/javassist/3.27.0-GA/javassist-3.27.0-GA.jar:/home/joel/.m2/repository/net/bytebuddy/byte-buddy/1.10.22/byte-buddy-1.10.22.jar:/home/joel/.m2/repository/antlr/antlr/2.7.7/antlr-2.7.7.jar:/home/joel/.m2/repository/org/jboss/jandex/2.2.3.Final/jandex-2.2.3.Final.jar:/home/joel/.m2/repository/com/fasterxml/classmate/1.5.1/classmate-1.5.1.jar:/home/joel/.m2/repository/org/dom4j/dom4j/2.1.3/dom4j-2.1.3.jar:/home/joel/.m2/repository/org/hibernate/common/hibernate-commons-annotations/5.1.2.Final/hibernate-commons-annotations-5.1.2.Final.jar:/home/joel/.m2/repository/org/glassfish/jaxb/jaxb-runtime/2.3.5/jaxb-runtime-2.3.5.jar:/home/joel/.m2/repository/org/glassfish/jaxb/txw2/2.3.5/txw2-2.3.5.jar:/hom
Launcher Type: SUN_STANDARD

[Global flags]
     intx CICompilerCount                          = 3                                         {product} {ergonomic}
     uint ConcGCThreads                            = 1                                         {product} {ergonomic}
     uint G1ConcRefinementThreads                  = 4                                         {product} {ergonomic}
   size_t G1HeapRegionSize                         = 1048576                                   {product} {ergonomic}
    uintx GCDrainStackTargetSize                   = 64                                        {product} {ergonomic}
   size_t InitialHeapSize                          = 65011712                                  {product} {ergonomic}
     bool ManagementServer                         = true                                      {product} {command line}
   size_t MarkStackSize                            = 4194304                                   {product} {ergonomic}
   size_t MaxHeapSize                              = 1015021568                                {product} {ergonomic}
   size_t MaxNewSize                               = 608174080                                 {product} {ergonomic}
   size_t MinHeapDeltaBytes                        = 1048576                                   {product} {ergonomic}
    uintx NonNMethodCodeHeapSize                   = 6973028                                {pd product} {ergonomic}
    uintx NonProfiledCodeHeapSize                  = 244685212                              {pd product} {ergonomic}
    uintx ProfiledCodeHeapSize                     = 0                                      {pd product} {ergonomic}
    uintx ReservedCodeCacheSize                    = 251658240                              {pd product} {ergonomic}
     bool SegmentedCodeCache                       = true                                      {product} {ergonomic}
     intx TieredStopAtLevel                        = 1                                         {product} {command line}
     bool UseCompressedClassPointers               = true                                 {lp64_product} {ergonomic}
     bool UseCompressedOops                        = true                                 {lp64_product} {ergonomic}
     bool UseG1GC                                  = true                                      {product} {ergonomic}

Logging:
Log output configuration:
 #0: stdout all=warning uptime,level,tags
 #1: stderr all=off uptime,level,tags

Environment Variables:
PATH=/home/joel/.sdkman/candidates/gradle/current/bin:/home/joel/.local/bin:/home/joel/bin:/usr/local/bin:/usr/bin:/bin:/usr/local/sbin:/usr/sbin:/home/joel/.composer/vendor/bin:/var/lib/snapd/snap/bin
SHELL=/bin/bash
DISPLAY=:0
LANG=es_ES.UTF-8

Signal Handlers:
SIGSEGV: [libjvm.so+0xf127c0], sa_mask[0]=11111111011111111101111111111110, sa_flags=SA_RESTART|SA_SIGINFO
SIGBUS: [libjvm.so+0xf127c0], sa_mask[0]=11111111011111111101111111111110, sa_flags=SA_RESTART|SA_SIGINFO
SIGFPE: [libjvm.so+0xf127c0], sa_mask[0]=11111111011111111101111111111110, sa_flags=SA_RESTART|SA_SIGINFO
SIGPIPE: [libjvm.so+0xc6e1f0], sa_mask[0]=11111111011111111101111111111110, sa_flags=SA_RESTART|SA_SIGINFO
SIGXFSZ: [libjvm.so+0xc6e1f0], sa_mask[0]=11111111011111111101111111111110, sa_flags=SA_RESTART|SA_SIGINFO
SIGILL: [libjvm.so+0xf127c0], sa_mask[0]=11111111011111111101111111111110, sa_flags=SA_RESTART|SA_SIGINFO
SIGUSR2: [libjvm.so+0xc6e070], sa_mask[0]=00100000000000000000000000000000, sa_flags=SA_RESTART|SA_SIGINFO
SIGHUP: [libjvm.so+0xc6e640], sa_mask[0]=11111111011111111101111111111110, sa_flags=SA_RESTART|SA_SIGINFO
SIGINT: [libjvm.so+0xc6e640], sa_mask[0]=11111111011111111101111111111110, sa_flags=SA_RESTART|SA_SIGINFO
SIGTERM: [libjvm.so+0xc6e640], sa_mask[0]=11111111011111111101111111111110, sa_flags=SA_RESTART|SA_SIGINFO
SIGQUIT: [libjvm.so+0xc6e640], sa_mask[0]=11111111011111111101111111111110, sa_flags=SA_RESTART|SA_SIGINFO


---------------  S Y S T E M  ---------------

OS:Fedora release 34 (Thirty Four)
uname:Linux 5.14.10-200.fc34.x86_64 #1 SMP Thu Oct 7 20:49:53 UTC 2021 x86_64
OS uptime: 0 days 11:14 hours
libc:glibc 2.33 NPTL 2.33 
rlimit (soft/hard): STACK 8192k/infinity , CORE infinity/infinity , NPROC 15309/15309 , NOFILE 524288/524288 , AS infinity/infinity , CPU infinity/infinity , DATA infinity/infinity , FSIZE infinity/infinity , MEMLOCK 64k/64k
load average:1,00 0,61 0,62

/proc/meminfo:
MemTotal:        3958028 kB
MemFree:          135196 kB
MemAvailable:     162152 kB
Buffers:           16764 kB
Cached:           185788 kB
SwapCached:         5252 kB
Active:          1011776 kB
Inactive:        1062376 kB
Active(anon):     922456 kB
Inactive(anon):   956812 kB
Active(file):      89320 kB
Inactive(file):   105564 kB
Unevictable:        5656 kB
Mlocked:            5656 kB
SwapTotal:       9817080 kB
SwapFree:        4862228 kB
Dirty:                 0 kB
Writeback:            20 kB
AnonPages:       1872904 kB
Mapped:           138948 kB
Shmem:              2084 kB
KReclaimable:      80264 kB
Slab:             232332 kB
SReclaimable:      80264 kB
SUnreclaim:       152068 kB
KernelStack:       24160 kB
PageTables:        65916 kB
NFS_Unstable:          0 kB
Bounce:                0 kB
WritebackTmp:          0 kB
CommitLimit:    11796092 kB
Committed_AS:   14786684 kB
VmallocTotal:   34359738367 kB
VmallocUsed:       77712 kB
VmallocChunk:          0 kB
Percpu:             4112 kB
HardwareCorrupted:     0 kB
AnonHugePages:         0 kB
ShmemHugePages:        0 kB
ShmemPmdMapped:        0 kB
FileHugePages:         0 kB
FilePmdMapped:         0 kB
CmaTotal:              0 kB
CmaFree:               0 kB
HugePages_Total:       0
HugePages_Free:        0
HugePages_Rsvd:        0
HugePages_Surp:        0
Hugepagesize:       2048 kB
Hugetlb:               0 kB
DirectMap4k:      492732 kB
DirectMap2M:     3651584 kB
DirectMap1G:     1048576 kB

/sys/kernel/mm/transparent_hugepage/enabled:
always [madvise] never
/sys/kernel/mm/transparent_hugepage/defrag (defrag/compaction efforts parameter):
always defer defer+madvise [madvise] never

Process Memory:
Virtual Size: 4919368K (peak: 12393360K)
Resident Set Size: 169144K (peak: 219140K) (anon: 154336K, file: 14776K, shmem: 32K)
Swapped out: 41324K
C-Heap outstanding allocations: 29307K

/proc/sys/kernel/threads-max (system-wide limit on the number of threads):
30619
/proc/sys/vm/max_map_count (maximum number of memory map areas a process may have):
65530
/proc/sys/kernel/pid_max (system-wide limit on number of process identifiers):
4194304

Steal ticks since vm start: 0
Steal ticks percentage since vm start:  0,000

CPU:total 4 (initial active 4) (4 cores per cpu, 1 threads per core) family 6 model 94 stepping 3 microcode 0xea, cmov, cx8, fxsr, mmx, sse, sse2, sse3, ssse3, sse4.1, sse4.2, popcnt, avx, avx2, aes, clmul, erms, 3dnowpref, lzcnt, tsc, tscinvbit, bmi1, bmi2, adx, fma
CPU Model and flags from /proc/cpuinfo:
model name	: Intel(R) Core(TM) i5-6400 CPU @ 2.70GHz
flags		: fpu vme de pse tsc msr pae mce cx8 apic sep mtrr pge mca cmov pat pse36 clflush dts acpi mmx fxsr sse sse2 ss ht tm pbe syscall nx pdpe1gb rdtscp lm constant_tsc art arch_perfmon pebs bts rep_good nopl xtopology nonstop_tsc cpuid aperfmperf pni pclmulqdq dtes64 monitor ds_cpl vmx est tm2 ssse3 sdbg fma cx16 xtpr pdcm pcid sse4_1 sse4_2 x2apic movbe popcnt tsc_deadline_timer aes xsave avx f16c rdrand lahf_lm abm 3dnowprefetch cpuid_fault epb invpcid_single pti ssbd ibrs ibpb stibp tpr_shadow vnmi flexpriority ept vpid ept_ad fsgsbase tsc_adjust bmi1 avx2 smep bmi2 erms invpcid mpx rdseed adx smap clflushopt intel_pt xsaveopt xsavec xgetbv1 xsaves dtherm ida arat pln pts hwp hwp_notify hwp_act_window hwp_epp md_clear flush_l1d
Online cpus:
0-3
Offline cpus:

BIOS frequency limitation:
<Not Available>
Frequency switch latency (ns):
0
Available cpu frequencies:
<Not Available>
Current governor:
powersave
Core performance/turbo boost:
<Not Available>

Memory: 4k page, physical 3958028k(135196k free), swap 9817080k(4860512k free)

vm_info: OpenJDK 64-Bit Server VM (11.0.12+7) for linux-amd64 JRE (11.0.12+7), built on May  7 2021 00:00:00 by "mockbuild" with gcc 11.2.1 20210728 (Red Hat 11.2.1-1)

END.
